  **** HLS Build v2025.1 6135595
INFO: [HLS 200-2005] Using work_dir C:/Users/arisi/Documents/VitisWorkspace/VGGHLS-TX/TL_Base/ConvLayer 
INFO: [HLS 200-2176] Writing Vitis IDE component file C:/Users/arisi/Documents/VitisWorkspace/VGGHLS-TX/TL_Base/ConvLayer/vitis-comp.json
INFO: [HLS 200-10] Creating and opening component 'C:/Users/arisi/Documents/VitisWorkspace/VGGHLS-TX/TL_Base/ConvLayer'.
INFO: [HLS 200-1505] Using default flow_target 'vivado'
Resolution: For help on HLS 200-1505 see docs.xilinx.com/access/sources/dita/topic?Doc_Version=2025.1%20English&url=ug1448-hls-guidance&resourceid=200-1505.html
INFO: [HLS 200-2174] Applying component config ini file C:/Users/arisi/Documents/VitisWorkspace/VGGHLS-TX/TL_Base/hls_config.cfg
INFO: [HLS 200-1465] Applying config ini 'syn.file=../src_files/Main_Code.cpp' from C:/Users/arisi/Documents/VitisWorkspace/VGGHLS-TX/TL_Base/hls_config.cfg(8)
INFO: [HLS 200-10] Adding design file 'C:/Users/arisi/Documents/VitisWorkspace/VGGHLS-TX/src_files/Main_Code.cpp' to the project
INFO: [HLS 200-1465] Applying config ini 'tb.file=../src_files/Auxiliary_Calculations.cpp' from C:/Users/arisi/Documents/VitisWorkspace/VGGHLS-TX/TL_Base/hls_config.cfg(9)
INFO: [HLS 200-10] Adding test bench file 'C:/Users/arisi/Documents/VitisWorkspace/VGGHLS-TX/src_files/Auxiliary_Calculations.cpp' to the project
INFO: [HLS 200-1465] Applying config ini 'tb.file=../src_files/main_tb.cpp' from C:/Users/arisi/Documents/VitisWorkspace/VGGHLS-TX/TL_Base/hls_config.cfg(10)
INFO: [HLS 200-10] Adding test bench file 'C:/Users/arisi/Documents/VitisWorkspace/VGGHLS-TX/src_files/main_tb.cpp' to the project
INFO: [HLS 200-1465] Applying config ini 'tb.file=../src_files/tb_Buf2Pe.cpp' from C:/Users/arisi/Documents/VitisWorkspace/VGGHLS-TX/TL_Base/hls_config.cfg(11)
INFO: [HLS 200-10] Adding test bench file 'C:/Users/arisi/Documents/VitisWorkspace/VGGHLS-TX/src_files/tb_Buf2Pe.cpp' to the project
INFO: [HLS 200-1465] Applying config ini 'tb.file=../src_files/tb_Dfl_ControlLogic.cpp' from C:/Users/arisi/Documents/VitisWorkspace/VGGHLS-TX/TL_Base/hls_config.cfg(12)
INFO: [HLS 200-10] Adding test bench file 'C:/Users/arisi/Documents/VitisWorkspace/VGGHLS-TX/src_files/tb_Dfl_ControlLogic.cpp' to the project
INFO: [HLS 200-1465] Applying config ini 'tb.file=../src_files/tb_fcLayer.cpp' from C:/Users/arisi/Documents/VitisWorkspace/VGGHLS-TX/TL_Base/hls_config.cfg(13)
INFO: [HLS 200-10] Adding test bench file 'C:/Users/arisi/Documents/VitisWorkspace/VGGHLS-TX/src_files/tb_fcLayer.cpp' to the project
INFO: [HLS 200-1465] Applying config ini 'tb.file=../src_files/tb_gap.cpp' from C:/Users/arisi/Documents/VitisWorkspace/VGGHLS-TX/TL_Base/hls_config.cfg(14)
INFO: [HLS 200-10] Adding test bench file 'C:/Users/arisi/Documents/VitisWorkspace/VGGHLS-TX/src_files/tb_gap.cpp' to the project
INFO: [HLS 200-1465] Applying config ini 'tb.file=../src_files/tb_loadbin.cpp' from C:/Users/arisi/Documents/VitisWorkspace/VGGHLS-TX/TL_Base/hls_config.cfg(15)
INFO: [HLS 200-10] Adding test bench file 'C:/Users/arisi/Documents/VitisWorkspace/VGGHLS-TX/src_files/tb_loadbin.cpp' to the project
INFO: [HLS 200-1465] Applying config ini 'tb.file=../src_files/tb_maxPool.cpp' from C:/Users/arisi/Documents/VitisWorkspace/VGGHLS-TX/TL_Base/hls_config.cfg(16)
INFO: [HLS 200-10] Adding test bench file 'C:/Users/arisi/Documents/VitisWorkspace/VGGHLS-TX/src_files/tb_maxPool.cpp' to the project
INFO: [HLS 200-1465] Applying config ini 'tb.file=../src_files/tb_Mem2Buf.cpp' from C:/Users/arisi/Documents/VitisWorkspace/VGGHLS-TX/TL_Base/hls_config.cfg(17)
INFO: [HLS 200-10] Adding test bench file 'C:/Users/arisi/Documents/VitisWorkspace/VGGHLS-TX/src_files/tb_Mem2Buf.cpp' to the project
INFO: [HLS 200-1465] Applying config ini 'tb.file=../src_files/tb_parameters.cpp' from C:/Users/arisi/Documents/VitisWorkspace/VGGHLS-TX/TL_Base/hls_config.cfg(18)
INFO: [HLS 200-10] Adding test bench file 'C:/Users/arisi/Documents/VitisWorkspace/VGGHLS-TX/src_files/tb_parameters.cpp' to the project
INFO: [HLS 200-1465] Applying config ini 'tb.file=../src_files/tb_Top.cpp' from C:/Users/arisi/Documents/VitisWorkspace/VGGHLS-TX/TL_Base/hls_config.cfg(19)
INFO: [HLS 200-10] Adding test bench file 'C:/Users/arisi/Documents/VitisWorkspace/VGGHLS-TX/src_files/tb_Top.cpp' to the project
INFO: [HLS 200-1465] Applying config ini 'tb.file=../src_files/tb_port_widening.cpp' from C:/Users/arisi/Documents/VitisWorkspace/VGGHLS-TX/TL_Base/hls_config.cfg(20)
INFO: [HLS 200-10] Adding test bench file 'C:/Users/arisi/Documents/VitisWorkspace/VGGHLS-TX/src_files/tb_port_widening.cpp' to the project
INFO: [HLS 200-1465] Applying config ini 'syn.top=ConvLayer' from C:/Users/arisi/Documents/VitisWorkspace/VGGHLS-TX/TL_Base/hls_config.cfg(7)
INFO: [HLS 200-1465] Applying config ini 'flow_target=vivado' from C:/Users/arisi/Documents/VitisWorkspace/VGGHLS-TX/TL_Base/hls_config.cfg(4)
INFO: [HLS 200-1505] Using flow_target 'vivado'
Resolution: For help on HLS 200-1505 see docs.xilinx.com/access/sources/dita/topic?Doc_Version=2025.1%20English&url=ug1448-hls-guidance&resourceid=200-1505.html
INFO: [HLS 200-1465] Applying config ini 'part=xcvu9p-flga2104-3-e' from C:/Users/arisi/Documents/VitisWorkspace/VGGHLS-TX/TL_Base/hls_config.cfg(1)
INFO: [HLS 200-1611] Setting target device to 'xcvu9p-flga2104-3-e'
INFO: [HLS 200-1465] Applying config ini 'csim.clean=0' from C:/Users/arisi/Documents/VitisWorkspace/VGGHLS-TX/TL_Base/hls_config.cfg(21)
INFO: [HLS 200-1465] Applying config ini 'package.output.format=ip_catalog' from C:/Users/arisi/Documents/VitisWorkspace/VGGHLS-TX/TL_Base/hls_config.cfg(5)
INFO: [HLS 200-2176] Writing Vitis IDE component file C:/Users/arisi/Documents/VitisWorkspace/VGGHLS-TX/TL_Base/ConvLayer/vitis-comp.json
INFO: [SIM 211-2] *************** CSIM start ***************
INFO: [SIM 211-4] CSIM will launch CLANG as the compiler.
INFO: [HLS 200-2036] Building debug C Simulation binaries
   Compiling ../../../../../src_files/main_tb.cpp in debug mode
   Generating csim.exe
In file included from ../../../../../src_files/main_tb.cpp:1:
In file included from ../../../../../src_files/header.h:7:
In file included from C:/Xilinx/2025.1/Vitis/include/ap_int.h:10:
In file included from C:/Xilinx/2025.1/Vitis/include/etc/ap_common.h:677:
In file included from C:/Xilinx/2025.1/Vitis/include/etc/ap_private.h:68:
In file included from C:/Xilinx/2025.1/Vitis/include/hls_half.h:26:
In file included from C:/Xilinx/2025.1/Vitis/include/etc/hls_half_fpo.h:19:
In file included from C:/Xilinx/2025.1/Vitis/include/hls_fpo.h:140:
In file included from C:/Xilinx/2025.1/Vitis/include/floating_point_v7_1_bitacc_cmodel.h:150:
C:/Xilinx/2025.1/Vitis/include/gmp.h:58:9: warning: '__GMP_LIBGMP_DLL' macro redefined [-Wmacro-redefined]
#define __GMP_LIBGMP_DLL  0
        ^
C:/Xilinx/2025.1/Vitis/include/floating_point_v7_1_bitacc_cmodel.h:142:9: note: previous definition is here
#define __GMP_LIBGMP_DLL 1
        ^
1 warning generated.
*********************************************************************************  Starting Verification. ************************************************************************************
*****  Layer 1  *****
Loaded parameters in mem2Buf, layer:0
Loaded parameters in loadBiasTile, layer:0
Loaded parameters in tileClc, layer:0
Loaded parameters, layer:0
Finished mem2Buf tile:0
Finished loadBiasTile tile:0
For this tile, bit shift is 10
Finished tileClc tile:0
Finished tile:0
Finished mem2Buf tile:1
Finished loadBiasTile tile:1
For this tile, bit shift is 10
Finished tileClc tile:1
Finished tile:1
Finished mem2Buf tile:2
Finished loadBiasTile tile:2
For this tile, bit shift is 10
Finished tileClc tile:2
Finished tile:2
Finished mem2Buf tile:3
Finished loadBiasTile tile:3
For this tile, bit shift is 10
Finished tileClc tile:3
Finished tile:3
Finished mem2Buf tile:4
Finished loadBiasTile tile:4
For this tile, bit shift is 10
Finished tileClc tile:4
Finished tile:4
Finished mem2Buf tile:5
Finished loadBiasTile tile:5
For this tile, bit shift is 10
Finished tileClc tile:5
Finished tile:5
Finished mem2Buf tile:6
Finished loadBiasTile tile:6
For this tile, bit shift is 10
Finished tileClc tile:6
Finished tile:6
Finished mem2Buf tile:7
Finished loadBiasTile tile:7
For this tile, bit shift is 10
Finished tileClc tile:7
Finished tile:7

Number of errors is  1955426

Positions of errors (first 20) are:
12   16   37   38   44   52   54   61   62   76   79   84   110   115   122   125   127   132   134   135   
Values of errors (first 20) for synth module are:
0   0   6   10   3   0   0   7   0   0   7   4   0   6   0   4   2   0   0   5   
Values of errors (first 20) for tb module are:
1   13   0   3   0   2   5   0   2   2   0   2   1   0   3   0   9   12   1   0   
Printing IfMap of Layer1
***  Printing Input Feature Map for Layer 0  ***
1 Map
  41  35  62   4  97 108  86  46  82  16  73 113 113  59 105 107 
  24 112  18  90 100  84  78  49   5  62 105  21 120  70 106   4 
   7 120 115  77  80  62   2  62  91  66  70  65  43  12 122  48 
  48  21  87 117  95   0 108 109  13 116  89  11  67 101  17   8 
  75  29  54 105  73 116   2  85  82  44  26  11 119  41  38  35 
  14 106  10  66  68 113  62  15  99  67   1  91 127  48  50  26 
  51  83  73  23  10  78  22  50 118  15   6  16  19  82  45   4 
 114  47 109   0  82 101   3  87  69 105  32  68 108 103  15 122 
   1  88 108  23  85  13 124  21   8  42  72  15  65  72  80  20 
  26  37  63 114  74  30 123   5 117  40 118   9  74  75 103 105 
 116 110  93  41 105 112 118  63  70  61  34  73  64  74  77  18 
  72  11  64  85 106  91 102  90  51  63  68 103  90  27 122  38 
  77  84  94  14   6  56  67 110 114   8  83 124  80  24 102  62 
  59  33  48 107 116  93   5  21  61 111  73  32  91  23   9 114 
  74  74  46   5 109  35  36 100  75  75  28 106  50 114  90  89 
  51  40  80 115  39  99  23 118  85 118  69 115  13   0  83  11 
2 Map
  74  81   6  60  10   3  95  34  69  70 120 117  52   3  97  20 
  95  43  48  16  18  90  13   4  94  66  45  88   1  60  88  74 
 116  66 103   1   4  49 120 111  27  20  33  65 122  48  94  20 
  67 108  33  39  25  98  23 123  50  20  74  73  87  55 106  10 
   4   3  86  25   9  67 100  65  94  26  33   8  81  41 118  68 
 109  93   0 111  10  46  85  89  84 126  30  21  31  94 120  89 
  56  84  21  67  86 122  99  90  78  25  56   9 122  46 105  97 
  28  63  15  42  36 127   6  93   3  65 105 123  25 114  65 117 
  82 118 100  63  45  21  54 121  43  79  39   4  52   0 119  45 
  17  80  13  24  40  20 106  71 127  28 107  59   3  49   5  32 
  17  39   1  77  77  84  28  95  54 126  45  57  63  94  97 103 
  11  82  58 119  84  45  66  88   8  79 100  22  31  93   4  25 
  53  41  46  46 118 119  85  75  46 102  10 105  91   8 102  79 
  74   5  86   9 106  10  76  79  95  26  21  74  44  53 127  32 
 127  60  42  33 105  63  33 125  83  69 126  82  73  62  70  37 
  14  39  34  13  41 108  74 108  66  62  61  25 106 122  52 118 
3 Map
  43  62  14  52 114  91  40  86 120  60 102  57  54  11  25 124 
 102  38  14   6   0  31  12  22 120   6  50  90  73 114   6  81 
  33  75  27 117 121 101  45  95  26  38  59   2   9  20   2  57 
  22   3  43  25  20   3   3  73  24 116 122  72  44  73   4  77 
 125  40  54   9   9  83   5 110  41  72 103  68 108 105   5  36 
  12  17  54  93  16  44  44  99   5 122 122  15   0  76 126  87 
 125  21  33  47  98 102 112  66 101  98  43  65  32  74 101 126 
   7  14 113  20  55  88  73  35   0  89 113 113   5  60  50  48 
  99  83  28  39  69  92  47  30  15  53  69  56 102 120  95   5 
  72  60  27 126  70  73  25  74  72  80  31  46 124  87  99  23 
 110  33 101  49 113 119   1  63 101   0 119 105 125  50  53 123 
  13  90 116  89 127  63  93  22  29  31  69   4  35  95  78  76 
  94  63  62  14  38 119  38 103  41   4   0  21  38  56  38  32 
  24  40  60 103  32 120  84  73  64   6  34  53  60  19  52  15 
 116 109 102 124  37  26  94  85  26 127  33 123  31  74 114  50 
  41 102  52 103 107  54  62  34 112  70 118   0   7  52  86  32 
Printing WtMap of Layer1
***  Printing Weight Kernel Maps for Layer 0  ***

* Printing Weight Kernels for 0 OfMap *
  35    36    66  |   -53   -27  -106  |   -79    79   -61  |   
 111   -40    13  |    94   -83   -40  |   -11  -107   -53  |   
 -81   -92    42  |   -99    38   -58  |     9    10   117  |   
* Printing Weight Kernels for 1 OfMap *
  62   126   -23  |  -122   -18    64  |   -77   126   105  |   
   7    57    81  |    -4   120   -52  |    61   -63    80  |   
 -71   126   -34  |    40   -65    35  |    74    37    45  |   
* Printing Weight Kernels for 2 OfMap *
  65   -21    51  |   -36    48  -118  |   115   -96   115  |   
 -33  -120  -101  |    28   -34   -36  |   -46    48    87  |   
  90    35    38  |    69    26   -10  |   -35   -45   -74  |   
* Printing Weight Kernels for 3 OfMap *
 114    50   -57  |   -76   -72   -61  |   -17    -9   -30  |   
  47   -17   -50  |    60  -113   117  |   -15    22   -89  |   
  -9   122    71  |   -81   -27   -46  |   -66  -127    63  |   
* Printing Weight Kernels for 4 OfMap *
 -49   -29   -68  |    27   -72    23  |    18   -81   -13  |   
 -97   -36    29  |     3   -21    29  |    -2   -89    24  |   
  53    71   -10  |    75    61    77  |   -27   -73  -117  |   
* Printing Weight Kernels for 5 OfMap *
  40    85     2  |   -83   -29    12  |    86   -68    13  |   
 -35    -2   -70  |    84  -125   -73  |    61  -107    24  |   
 -63    -9    89  |  -111   -73    43  |   117    84   107  |   
* Printing Weight Kernels for 6 OfMap *
  -8    99   -87  |    10   -94  -126  |   -45   -21    -3  |   
  90    67    58  |    -2    81    90  |  -121  -126    -3  |   
 -13   -85   -23  |    77    60    -8  |   -36    58    46  |   
* Printing Weight Kernels for 7 OfMap *
 115    26    -4  |     9    29   -85  |    26    77   -54  |   
  97    39   119  |   -36    93   -31  |    34   -60   -41  |   
  93   -71  -118  |   -86    88    86  |  -124   -74    -6  |   
* Printing Weight Kernels for 8 OfMap *
  74   -76   -99  |    15   -88    23  |    65  -122   -20  |   
  19   -19   112  |  -126   -95    97  |   -98  -104  -116  |   
 -89    53    88  |   -25   -38    30  |    30    38   109  |   
* Printing Weight Kernels for 9 OfMap *
  74   115   114  |   -52   -75   -32  |    36    97   116  |   
   9   -54    -4  |    92    47   102  |    17    90   -12  |   
 -77   115   -35  |   100   -88    97  |   126   114   -51  |   
* Printing Weight Kernels for 10 OfMap *
 110    63    28  |   -13   -61  -103  |    13   -45   -40  |   
-102   -98   -92  |    38    96    18  |    41    43   -70  |   
   3   -52    88  |    15   124   108  |    53    96  -105  |   
* Printing Weight Kernels for 11 OfMap *
 -30    37    87  |    13   -20   -46  |   -23    -7   -14  |   
 -65  -120  -100  |   -54  -103    52  |   -58   -87   -48  |   
-107    74    58  |    -3   103    81  |    95  -123    56  |   
* Printing Weight Kernels for 12 OfMap *
 -89    46    27  |    15   113   -80  |    83  -110    64  |   
-112   -28   -24  |    94     6   100  |  -125   -27   -55  |   
 -34   -98    67  |   -62    32    71  |   -81   113  -100  |   
* Printing Weight Kernels for 13 OfMap *
-106     8    -6  |   -89  -125   117  |   -35   -93   -55  |   
  62   117    14  |    99   -23   -51  |    36    71    36  |   
 -18   104   -90  |   -38   119    67  |   -44   -45    52  |   
* Printing Weight Kernels for 14 OfMap *
 -91    83    83  |     9    16  -113  |  -115    77   -47  |   
  73   110   123  |  -125    16   -64  |    23  -104  -124  |   
  -6   118    46  |    47  -101   -63  |    27    42     6  |   
* Printing Weight Kernels for 15 OfMap *
 109    63     8  |   -58   -24   -99  |    -6   -59   -52  |   
  49    42    39  |  -119    80  -101  |   -49   -48    -4  |   
 -30     0    85  |    80    69   -26  |    62   103   125  |   
Printing OfMap under test of Layer1
***  Printing Output Feature Map  ***
1 Map
   0     0     0     0     0     0     0     0     0     0     0     0     0     0     0     0  |  
   0     0     0     0     0     0     0     0     0     0     0     0     0     0     0     0  |  
   0     0     0     0     0     0     0     0     0     0     0     0     0     0     0     0  |  
   0     0    11     0     0     0     0     0     3     0     0     0     0     0     0     0  |  
   3     0     0     0     0     0     2     0     0     0     0     0     0     0     0     0  |  
   0     0     0     0     0     0     0     0     0     0     0     0     0     0     0     0  |  
   0     0     0     0     0     0     0     0     0     0     0     0     0     0     0     0  |  
   0     0     0     0     0     0     0     0     0     0     0     0     0     0     0     0  |  
   0     0     0     0     0     0     0     0     0     0     0     4     0     0     0     0  |  
   1     0     0     0     0     0     4     0     0     0     0     0     0     5     7     0  |  
   0     0     0     0     0     0     0     0     0     0     0     0     0     0     0     0  |  
   0     0     0     0     0     0     0     0     0     0     0     0     0     0     0     0  |  
   3     0     0     0     0     0     0     0     0     0     0     0     0     0     0     0  |  
   0     0     0     0     0     0     0     0     0     0     0     0     0     0     0     0  |  
   0     0     0     0     0     0     0     0     0     0     0     0     0     0     0     0  |  
   0     0     0     0     0     0     0     0     0     0     0     0     0     0     0     0  |  
2 Map
  31    20    17    33    14    33    29    27    46    24    37    26    32    22    43    36  |  
  59    38    46    35    37    43    43    73    62    36    56    47    30    38    76    40  |  
  57    50    17    47    39    36    48    62    48    54    38    71    35    52     7    82  |  
  56    48    17    45    75    40    31    51    27    34    73    16    53    62    47    77  |  
  49    26    43    39    39    70    26    41    50    21    56    54    25    39    65    28  |  
  42    46    38    57    50    37    62    60    25    29    79    26    48    41    64    29  |  
  43    48    44    43    53    54    45    39    32    36    28    19    83    22    48    20  |  
  48    41    44    62    56    56    35    52    58     0    49    41    40    56    23    41  |  
  44    38    50    31    50    53    35    28    29    65    49    27    64    36    40    42  |  
  40    55    51    46    45    46    49    32    40    50    17    54    50    52    39    62  |  
  50    48    74    40    65    31    46    53    48    44    58    35    34    50    23    40  |  
  43    56    39    57    34    31    36    48    61    26    57    51    40    40    57    37  |  
  64    39    88    63    28    57    46    29    35    45    61    64    33    46    52    43  |  
  52    66    39    21    36    30    31    46    56    41    24    43    91    48    44    31  |  
  48    37    54    38    27    47    46    38    16    39    53    58    29    66    45    54  |  
  59    16    54    63    18    55    75    54     7    48    33    27    58    36    68    41  |  
3 Map
   0     1     0     0     0     0     0     0     0     0     0     1     0     0     0     0  |  
   0     0     6     9     5     0     0     0     9     0     6    19    26    14     8     0  |  
   1     0    20     0     0     8    30     7     3     0     7     0     3     0     6     0  |  
   0     0    10     0     8     8     1     0     9    12     0     2     1    14     0     1  |  
   0    14     0     0     0     0     5     0    14     4     9     8     0     0     0    11  |  
  17     0     5     0     0    12     0     0     0     0     0    18     7     4     0     0  |  
   0     0    13     0     7     0    23     7     7     5     2     5     0     4    11     0  |  
   0     6     0    11     5     7    11     4     0     4     0     0    10    22    14     0  |  
   0     0     4     7     0     2     0     0     0     0     2     0     0    10     0     5  |  
   0    17     0     0     0     8     0    16     0     0     0     0     0     0     0    24  |  
   0     7     0     7     0     1     0    14    15    14     0    15     0     0     0     0  |  
   0     0     6     0    24     0     9     0     5     0     1     5     0    14     7     0  |  
   0    16     0    12    21     0     0     0     7     0     0     0    13     5     2     0  |  
   0     0    15     5     0    15    14     0     0     8     0     7     0     2     5     0  |  
   0     7     3     3     0     0     6     2    16     0     3     0     0     0     0     0  |  
   0     0     3     0    28     4     0     0     0     5     0     8    13    47     0     6  |  
4 Map
   4     0     0     0     0     0     5     0     0     0     0     0     0     0     0     0  |  
   0     0     0     0     0     0     0     0     0     0     0     0     0     0     0     0  |  
   0     4     0     0     2     0     0     0     0     0     4     0     0     0     0     0  |  
   0     0     0     0     0     0     0     0     0     0     0     0     0     0     0     0  |  
   0     0     0     0     0     0     0     0     0     0     0     0     0     0     0     0  |  
   0     0     0     0     0     0     0     0     0     0     0     0     0     0     0     0  |  
   0     0     0     0     0     0     0     0     0     0     0     0     0     0     0     0  |  
   0     0     0     0     0     0     0     0     0     0     0     0     2     0     1     5  |  
   0     0     0     0     0     0     0     0     0     0     0     0     0     0     0     0  |  
   0     0     0     0     0     0     0     0     0     0     0     0     0     6     7     0  |  
   0     0     0     0     0     0     0     0     0     0     0     0     0     0     0     0  |  
   0     0     0     0     0     0     0     0     0     0     0     0     0     0     0     0  |  
   0     4     0     0     0     0     0     0     5     0     0     0     0     0     0     0  |  
   0     0     0     0     0     3     0     0     0     0     0     0     0     0     0     0  |  
   0     0     0     0     0     0     0     0     0     0     0     0     0     0     0     0  |  
   0     0     0     0     0     2     0     0     0     0     0     0     0     5     0     0  |  
5 Map
   3     8     0     0     0     0     0     0     0     0     1     0     0     2     0     0  |  
   0     0     0     0     0     0     0     0     0     0     2     0     1     0     0     0  |  
   0     0     0     0     0     0     0     0     0     0     0     0     0     0     0     0  |  
   0     0     0     0     0     0     0     0     0     0     0     0     0     0     0     0  |  
   0     0     0     0     0     0     0     0     0     5     0     0     0     0     0     3  |  
   0     0     0     0     0     0     0     0     0     0     0     0     0     0     0     0  |  
   0     0     0     0     0     0     0     0     0     0     0     0     0     0     0     0  |  
   0     0     0     0     0     0     0     0     0     0     2     0     0     0     0     0  |  
   0     0     0     0     0     0     0     0     0     0     0     0    12     0     1     0  |  
   0     0     0     0     0     0     0     0     0     0     0     0     0     0     0     0  |  
   0     0     0     0     0     0     0     0     0     0     0     0     0     0     0     0  |  
   0     0     0     0     0     0     0     0     0     0     0     0     0     0     0     0  |  
   0     0     0     0     0     0     0     0     0     0     0     0     0     0     0     0  |  
   0     0     0     0     0     0     0     0     0     0     0     0     0     0     0     0  |  
   0     0     0     0     0     0     0     0     0     0     0     0     0     0     0     0  |  
   0     0     0     0     0     0     0     0     0     0     0     0     0     0     0     0  |  
6 Map
   0     0     0     0    17     0    20     0     9    10     7     0    16     0     0     0  |  
   1     0     9    18     1     0    22     3     8     0     0     0     0     0    31     0  |  
   0     0     0     0     0     0     6     0     0    18     1     0     0     0     9     0  |  
   0     0    28    20     2     0     0     0     2     9     0    12     8    20     0    14  |  
  12    15     0     0     0     2    26     0     0     0     0     0     0    14     0     0  |  
   6     0    10    17     1    21     0     0     4     0     5    11     0     0    11     6  |  
   0    21     0     0     0     2     0     0     0     0    17     0     3     0    22     0  |  
   0     2     0     5     0     0     0     9     0     0     0     0    23     0     0     0  |  
   0     2     4     0     0     0     0    17     9     0    37     0     0     0     0     3  |  
   2     4     0     0     5     0     0     3    11     8     7     0    13     0    19    19  |  
   0     9    27    23    27    14    14     2     0     7     0     0    16     1     0     0  |  
   2     0     9     0     4     0     0     0     0     0     0     0     0    28     0     0  |  
   9    12    15    23     1     0     1     6     8     0    19    16     0     0    18     0  |  
   0     6    19     0     0    15     0     0    24    10     0     0     8    14     0     0  |  
   0     0    14     0    11    24     0     0     0     0     0     0     0    26    12     0  |  
   2     0     2     0     5     4     0    15     0     6     6    17     7    11     0     0  |  
7 Map
  10    11    14     8    12     1     0    22     0     0    10    18     2    22    22     7  |  
  13     8     0     0     0     0    28     0     0     0     6     0     0     0     0     3  |  
   2     0     0    11     2     0     0     0     7     0     0     2    11     0     0     0  |  
   0     0     0     0     4     0     0     7     2     4     0     0     0     0     7     0  |  
   0     0     0     5     0    13     0     7     6     0     0     6     0     3     0     0  |  
   0     0     0    13     0     0     5     0     8    11     2     0     1    10     0    13  |  
  15     0     0     2     0     0     0     0     0     0     3    22     0     0     0     0  |  
   0     0     0     9     0     9    20     0     0     0    11     0     0     0     0     2  |  
   2     0     0     0     0     4     0     0     4     0     0     6    20     6    12     2  |  
   7     0     1     0     0     6     0     0     0     0     3     0     0    18    17    11  |  
  12     0     0     0     0     4     0     8     0     0     0     0     0     0     0     0  |  
   0     0     0     0     1     0     0     0     0     7     6     2     0     1     0     1  |  
   6     2    10     0     0     0    11     7     8     7     0     0     5     5     0     0  |  
  11     0     0     5     0     0     1     1     0     0     5     3     0     0    17     0  |  
   0     0    12     0     0     0     0     0     0    15     0     0     0     0     0     0  |  
   3     6    19     0     0     1     0     0     0     0     0     0     0     0     0     0  |  
8 Map
   4     9     3     0     0     0     3     0     0     3     0    10     0     0     0    10  |  
   5     0    10     0     2    21     0     0     1    35    12     9     0     0     0     9  |  
   0     8    18     2    20     0     0    19    36    20     0    27    16    22     2     0  |  
   3    37     7     0     5    12    20    23    29     0    24     3     0     4    20     6  |  
   0     0    19    10    16    17     7     0    31     0     0    31    42     0     0    15  |  
   0    21    11     0    12     0    11    17    36     1     0    22     7    19     1     0  |  
   1     0    13    18     6     2    17     5     5     9     0    11     0     8     0    17  |  
   0    12     8     0    18    23     8     0    11    23     0    30     0    17     0    27  |  
  10     1     0     4    20    31    26     4     0    10     2    20    17    61    31    21  |  
  16     1     0    27    10    16    24    19     3     0     1     5     0    27    28     4  |  
   0     0     0    16     3     9     0     0    19     1    18    21     0     0    17    22  |  
   0    15    19    32    11     0    10     0    23    29     3     3    36     0     0    14  |  
   9     0     8    15     9    22    31     4     0     8     9    21     2    20     6     0  |  
   0     5     0     7     6     0     5    15     7     0     8     0     3     4    21    10  |  
   0    37    20     0     5     0     0     0     8    16     0    14    22     9     3    18  |  
  19    13     0    20     0     0    22    10     0     0     0     1     0     0    41    42  |  
9 Map
  10     0     0     0     0     1     0    14     0     0     0     0     0     0     0     0  |  
   0     0     0     0     6     0     6     0     0     0     0     0     0     0     0     0  |  
   0     0     0     0     0     0     0     0     0     0     4     0     0     0     0     0  |  
   0     0     0     0     0     0     0     0     0    14     0     0     0     0     0     0  |  
   0     0     0     0     0     0     7     0     0     0     0     0     0     0     0     0  |  
   0     0     0     0     0     0     0     0     0     0     0     0     0     0     0     0  |  
   1     0     0     0     0     0     0     0     2     0     0    11     0     0     0     0  |  
   0     0     0     0     0     0     0     0     0     0     0     0     0     0     0     0  |  
   0     0     0     0     0     0     0     0     0     0     0     0     6     0     0     0  |  
   0     3     0     0     0     0     0     0     0     0     0     0     0     0     0     0  |  
  14     0     0     0     0     5     0     0     0     0     0     0     0     0     0     0  |  
   0     0     0     0     0     0     0     0     0     0     0     0     0     0     0     0  |  
   0     0     1     0     0     0     0     0     0     0     0     0     0     0     0     0  |  
   0     0     0     0     0     0     0     0     0     0     0     0     0     0     0     0  |  
   0     0     0     0     4     0     0     0     0     0     0     0     0     0     0     0  |  
   0     0     0     0     0     0     0     0     0     0     0     0     0     0     0     0  |  
10 Map
  13    47    21    33    25    47    15    26    46    43    37    39    50    40    32    54  |  
  32    88    49    42    59    58    59    87    81    67    68    77    67    71    88    69  |  
  58    61    38    49    41    78    75    78    69    66    72    72    40    46    57    65  |  
  52    47    50    67    73    52    53    70    42    61    48    43    78    90    77    91  |  
  31    66    54    43    55    56    49    69    58    54    65    67    40    59    83    54  |  
  52    52    42    82    69    74    69    67    55    67    73    53    71    66    79    73  |  
  39    71    74    48    69    73    70    62    55    58    52    49    72    35    90    27  |  
  55    63    58   103    88    71    80    70    49    25    56    53    35    56    70    42  |  
  41    48    67    48    55    54    38    41    55    69    66    48    67    50    39    20  |  
  30    55    68    60    61    64    64    54    44    64    60    65    78    68    64    78  |  
  37    73    83    74    64    61    49    85    63    77    73    65    57    37    26    64  |  
  18    70    55    59    54    63    43    62    62    44    62    81    63    67    83    78  |  
  61    92   105    87    75    60    51    66    64    56    68    63    71    82    48    73  |  
  70    69    51    58    47    47    57    85    67    44    56    77    90    63    59    68  |  
  45    68    56    70    27    36    63    63    77    48    83    64    41    64    79    78  |  
  28    37    84    63    53    55    59    54    43    43    60    54    70    91    84    43  |  
11 Map
   0    21    18     0     9    20     4     0     5    20     7    27    21    21     8    10  |  
   0    18    19     2     0    20    14     7    10     6    20    37    26    22    14    17  |  
  19    13    10     0     0    24    34    13     0    13    20     3     0     0    12     9  |  
   0     5    18     8    11     3     0    10     9     3     0     5    16    11    26    19  |  
   0    29    15     4     0     5     6    28    39    16     4     0    18    23     5    24  |  
   9    11    13     0    19    22     6     0    32    26     0    16     0    20    13     6  |  
   0    14    25    13    25    10    18    12    18    36    15    38     0     0    21    30  |  
  11    17    23    20    35    14    28    14     0     9     0     8     0     0    10     0  |  
   0     0    15     8     0     0     5     0     3    12     4    13     0    10     0     0  |  
  19     9     0     5     0    15     6     8     8    19    29    30    15     7    35    26  |  
   0     9     0    35    11    23    26     2     3    20    13    35    27     0     0    26  |  
   0     0     9     0    16     9    19     9     0     0     9     0    24    35     0    45  |  
   7    33    11    31    24     0     0    32    10     0    10     3    12    21    21     4  |  
  12    26     0    14    38     0    13    46    38     4     6    26    21     0     4    27  |  
   0     4    21    11     0     0     0     5    41    31     9     0     0     0    19    27  |  
   0     0    16    29    13     0     0     0     5     0     3    20    13    28    17    21  |  
12 Map
   2     0     0     0     0     0     0     0     0     0     1     0     0     0     0     0  |  
   0     0     0     3     0     0     0     0     0     0     0     0     0     0     0     0  |  
   0     0     0     0     0     0     0     0     0     0     0     0     0     0     0     0  |  
   0     0     0    12     0     0     0     0     0     0     0     0     0     8     0     0  |  
   0     0     0     0     0     0     0     0     0     0     0     0     0     0     0     0  |  
   4     0     0     4     0     0     0     0     0     0     0     0    20     0     0     0  |  
   0     0     0     0     0     0     0     3     0     0    16     0     0     0     0     0  |  
   0     0     0     0     0     0     0     0     0     0     0     0     0     0     0     0  |  
   0     0     0     0     0     0     0     0     0     0     0     0     0     0     0     0  |  
  19     0     0     0     0     0     0     0     0     0     0     0     0     0     0     0  |  
   0     0     0     0     0     0     0     0     0     0     0     0     0     0     0     0  |  
   0     0     0     0     0     0     0     0     0     0     0     0     0     0     0     0  |  
   5     0     0     0     0     0     0     0     4     0     0     0     0     0     0     0  |  
   0     0     0     0     0     5     0     0     0     0     0     0     0     0     0     0  |  
   0     0     0     0     0     0     0     0     0     0     0     0     0     0     0     0  |  
   5     0     0     0     0     0     0     0     0     0     0     1     0     0     0     0  |  
13 Map
   0     0     0     0     4     0     0     0     0     0     0     0     0     0     0     0  |  
  11     0     0     0     0     0     0     0     0     0    10     0     0     0     0     0  |  
  31     0     0     0     0     0     0     0     0     0    19     0     4     0    18     0  |  
   0     0     0     0     0     0     0    18     0    14     0     5     0     0     0     0  |  
   0    25     0     0     0     0     0     7     0     0     0     0     0     2     0    14  |  
   8     0     0     0     0     2     0     0    16     0     0    13     0     5     0     8  |  
   1     0     7     0     0     0     0     0     0     5     4     0     0     0     5     0  |  
   1     0     0     5     9     0     0     0     0    24     0     0     1     0     0     0  |  
   0     0     9     0     0     0     0     0     8     0     8     2     0     0     0     0  |  
  12     0     0     0     0    13     0     0     0     0     0     0     3     0    16     1  |  
   6     0     0     0     0     4     0     0     0    11     0     0     0     0     0     8  |  
   0     0     0     0     0     0     0     0     0    10     0     0     0     0     0    13  |  
   3     0     0     5     2     0    17     5     0     0    15     0     0     0     0     0  |  
  14     0     0     6     0     0    16     0     0     0     0     0     0     0     5     0  |  
   0     0     3     0     0     0     0     0    28     0     0     0     0     0     0     0  |  
   0     0    14     0     0     0     0     0     0     0    13     0     0     7     0     0  |  
14 Map
  32    34    18    33    15    15    42    24    32    25    37    37    36    17    18    59  |  
  20     6     0     0    33     0     0    17     9    14    18     0    11    18     0     0  |  
   9    25     0    12    10    32     0    17     5     0    11     0     0    24    25    35  |  
   0     0     0    10     0     0     0     2    11     0    19    22     0     0     0     0  |  
   8     0     0    29    30     9    19    11     0    16     9     0    15    27    20     6  |  
  21     5     4     2     0     0     0    31     7     1    23     0     0     1     0     0  |  
  11     6    20    30    16    27    14     0     0     0    14     0    21     0    10     9  |  
  24     5     0     0     0    17     4     0    17     2    10    15    32     0     0     0  |  
  11     6    14    10     0    25     6    16     0     0     0     0    11    14    39    15  |  
  12     0     0     8    22     0     0     9    35    11    23    20     0     0     0     7  |  
   2     1    33     0    14     0     0     0     0     0    24    13    27     6     0    19  |  
  16    10     4    15     0    12    20    19     0    14     0     0    27    25     9     0  |  
  15     0     0     0     0     0     0     6     1     0    12    10     0     2    29     6  |  
  13    21    39     0     0    25     3     0    25    20     0     0    10     0     0    29  |  
   2     0     3    18     0    15     1     0     0     0    24     3     0    34     4     7  |  
  22     1     0    18     7    14     6    19     9     0     0     0     0     0    19    14  |  
15 Map
   0     0     0     8     0    12     0    13    17     5     0     0     0     1     6     0  |  
  11     1     0     2     0    14     0     6     7     0     0     0     0     0     5     0  |  
   1     0     6     5     0     0     0     9     5     0     0    11     0     0     0     5  |  
  17     0     0    16     6     0    12    18     0     0    14     0    24     0     0     0  |  
   9     0     4     0     3    38     0    14     0     0    15     0     0     0     0     0  |  
   0     0     0    15     1     0     3     0     0     0    10     0     0     0     4     0  |  
   9     0     0     0     0     0     0     0     0     0     0     0     0     0     0     0  |  
   0     0     4     0     0     0     3     0     0     0     3     9     0     9     0    29  |  
   0     0     0     0    33     0     0     0     8    28     0    34    11     0    14    13  |  
   0     0    25    25     4     3     0     0     0     4     0    16    19    30     6     9  |  
  13    15    16     4     4     0     8     0     0     0     0     0     0     5     3    14  |  
   0    26     0     8     0     0     0     0     9     0     0     0     3     0     0    11  |  
   9     0    18     0     0     0     0     0     2     2     0     0     4     0     0     5  |  
   0     0     0     2     4     0     0     0     0     0     4     0    15     0     6     0  |  
   0     7     0     0    14     0     0     0     0     0     0     0     5     0     0    13  |  
  17     0     2     0     0    17    16     0     0     0     0     0    17     0     0     0  |  
16 Map
  26     3    13    23     2    26    14    40    38    17    22    34    22    18    42    10  |  
  34    12    22    19    14    22    46    38    11    14     0    18     6    22    14    18  |  
  22     4    16     0    17     1     0     0     5    18     9     1     0     4     0    19  |  
   0     7    29    21    21     5     0     2    22    10    19    16    31    15    24    21  |  
   8    22    17    15    12    30    33    29    34     0    16     7    13     5    12     0  |  
   5     7    28    22    41    24    21     0     8     8    10     0    13    16    22     1  |  
  17    15    17    10    27    14     6     0    17    14    10    36     3    10     0     1  |  
   9    10    17     9    11    22    25     3     0     0     0     2     0    24     0    24  |  
   0     1     9     0     0     1    18    18    12    38    10    30    16     9     7    45  |  
  17    34    19    23    11    13    11    15    18    32    18    43    15    25    36    39  |  
  30    23    11    38    33    26    36     3    10     0     7    25    23    23    15    18  |  
  12     0     6    29    13     0    21     0     1     0    21    13    21    28    14    21  |  
  25    41    39    10     0     0    22    32    21    11     9     6    26    15    14     0  |  
  13    11     8     0    15     0     6    21    19    16    10    31    24    13    31     6  |  
   0     0    14    15    29    10     1     0     0    19     0     0    22    21    16    25  |  
  13    29    31    25    20    27    15     5     0    18     0    11    22     5     0     9  |  
Printing Golden OfMap of Layer1
***  Printing Output Feature Map  ***
1 Map
   0     0     0     0     0     0     0     0     0     0     0     0     1     0     0     0  |  
   0     0     0     0     8     0     8     0     0     0     0     0     0     0     0     0  |  
   0     0     0     0     0     0     0     0     6     0     0     0     0     0     0     8  |  
   0     0     0     0     0     0     0     0     0     0     0     0     0     0     0     0  |  
   0     0     0    14     0     0     0     0     0     0     0     0     0     0     0     0  |  
   0     0     0     0    12     0     0     0     0     0     7     0     5     0     0     0  |  
   0     0     0     0     0     0     0     0     0     0     0     0     0     0     0     0  |  
   5     0     0     0     0     0     0     0     0     0     0     0     8     0     0     0  |  
   0     0     6     0     0     0     0     0     0     0     0     0     0     0     0     0  |  
   0     0     0     0     0     0     0     0     0     5     0     3     0     0     0     0  |  
   0     6     0     0     0     0     0     0     0     0     0     0     0     0     0     0  |  
   4     0     0     0     0     0     0     0     0     0     0     0     0     0     0     0  |  
   0     0     0     0     0     0     0     0     0     0     0     0     0     0     0     0  |  
   4     0     0     0     0     0     0     0     0     0     0     0     0     0     0     0  |  
   0     0     0     0     0     0     0     0     0     0     0     0     0     0     0     0  |  
   0     0     0     0     0     0     0     0     0     0     0     0     0     0     0     0  |  
2 Map
  11    39     2    30    25    11    36    27    10    36    39    30    48    17    53     7  |  
  31    36    32    46    56    66    40    40    51    45    38    39    25    25    67    34  |  
  47    18    50    29    46    12    48    53    41    32    53    34    51    54    38    37  |  
  31    49    36    61    41    59    24    36    40    47    44    40    53    12    43    18  |  
  11    24    32    40    53    17    50    41    52    56    51    39    44    25    42    50  |  
  54    47    27    28    52    69    35    47    62    45    35    48    52    53    30    42  |  
  25    31    44    27    31    62    50    44    45    51    21     9    80    55    41    39  |  
  40    45    31    42    50    48    40    24    50    32    38    45    44    60    56    40  |  
  38    49    64    39    53    45    33    22    40    71    55    13    48    55    41    53  |  
  43    41    46    26    59    36    67    21    40    33    45    60    52    72    47    24  |  
  48    38    38    82    63    55    57    44    30    49    31    47    50    44    69    53  |  
  49    53    61    60    57    54    46    69    40    17    53    50    37    42    50    32  |  
  42    58    35    52    50    51    61    39    29    59    24    26    70    31    33    68  |  
  52    43    63    30    76    19    31    50    51    31    20    66    31    36    51    54  |  
  47    40    52    51    58    68    29    49    39    32    66    49    35    37    43    22  |  
  57    39    59    38    33    46    49    74    34    72    32    43    23    56    49    37  |  
3 Map
   0     0     8     8     2     0     0     0     0     0     0     0     0     0     0     0  |  
   0     0     0     6     0     0    10    16     4     3     0    14     8     0    12    22  |  
   0     0     8    12     4    11     6     5     0     1     0     4     2     0     7     0  |  
   0     0    18     0     6     0     5     0    12     4     0     0     0     0     9    16  |  
   0     9     0     0     0     4     0     0    12     4    19     8     9     0     9     0  |  
   0    12    15     0     0     0    25     0     7    16     0     0     0     0     8     5  |  
   0     0     0     9     9     0    15     0    17     3     8    19     7    11    14    25  |  
   0    14     6     7     0     0     0     8     0     0    11     0     0     0     0     0  |  
   0     1     0    17     0     7     0    13    12     7     9    14     1     0     0     0  |  
   0     0     6     0     0     5     0     8     0     0     0     8    13     0     0     7  |  
   0     0     4     0    17     0     0     5     5     0    25    28     0    11     0    11  |  
   0    37     0    12     0     0     0     3     0    30     0     6     9    12     0    11  |  
   0     0     0    20    11    18     0     0     0     2     0     0     0    10     0    13  |  
   0    12     0     0     0     0    14     0     0     4     0     0    10     0     1     0  |  
   0     0    21     0    15     0    21     0     9     4     1     8     0     0     0     0  |  
   0     1     0     0     7    11     0     0     9     0    15     0    22     8     0    12  |  
4 Map
   0     0     4     0     2    13     0     3     0     0     0     0     2     0     0     0  |  
   0     0     1     0     0     0     0     0     0     0     0     0     0     0     0     0  |  
   0     0     0     3     0     8     5     0     0     0     0     0     0     0     0     0  |  
   0     0     0     0    28     0     0     0     0     0     0     0     0     0     0     1  |  
   0     0     0     0     4     8     0     0     0     0     0     0     0     6     0     0  |  
   0     0     0     0     0     0     0     0     0     0     0     0     0     0     0     0  |  
   0     0     0     0     0     0     0     0     0     5     0     0     0     0     0     0  |  
   0     0     0     0     0     0     0     0     0     0     0     0     0     0     0     0  |  
   0     0     8     0     0     0     0     0     0     0     0     0     0     8     0     0  |  
   0     0     0     0     0     0     0     8     0     0     0     0     0     0     0     0  |  
   0     0     0     0     0     0     0     0     0     0     0     0     0     0     0     0  |  
   0     0     0     0     0     0     0     0     0     0     0     0     0     0     0     0  |  
   0     0     0     0     0     0     0     0     1     0     0     0     0     0     0    11  |  
   0     0     0     0     0     0     0     0     0     0     0     0     0     3     0     0  |  
   0     0     0     0     0     0     0     0     0     7     0     0     0     0     0     0  |  
   0     0     0     0     0     0     0     0     0     0     0     0     0     0     7     0  |  
5 Map
   0     5     7     5     7     0     0     0     0     1     2     0     0     2     6     0  |  
   0     0     0     0     0     0     0     0     0     0     0     0     0     0     0     0  |  
   0     0     0     0     0     0     1     2     0     0     0     0     0     0     0     0  |  
   0     0     0     0     0     0     0     0     0     0     0     0     0     0     0     0  |  
   0     0     0     0     0     0     0     0     0     0     0     0     0     0     0     0  |  
   0     0     0     0     0     0     0     0     0     0     0     0     0     0     0     0  |  
   0     0     0     0     0     0     0     0     0     0     0     0     5     0     0     1  |  
   0     0     0     0     0     0     0     0     0     0     0     0     0     0     0     0  |  
   0     0     0     0     0     0     0     0     0     0     0     0     0     0     0     0  |  
   0     0     0     0     0     0     1     0     5     0     0     0     0     0     0     0  |  
   0     0     0     0     0     0     0     0     0     0     0     0     0     0     0     0  |  
   0     0     0     0     0     0     0     0     0     0     0     0     0     0     0     0  |  
   0     0     0     0     0     0     0     0     0     0     0     0     0     0     0     0  |  
   0     0     0     0     0     0     0     0     0     0     0     0     0     0     0     0  |  
   0     0     0     0     0     0     0     0     0     0     0     0     0     0     0     0  |  
   0     0     0     0     0     0     0     0     0     0     0     0     0     0     0     0  |  
6 Map
   0     0     2     0     0     0     0     0     0     0     0     0    17     7     0     0  |  
   0     3     0     6    21    17    32     0     0    11     0     0     0     0     3     0  |  
   0     0     0     1     0     0     0     0     5    22     5     0     7     0     2     0  |  
   0     8    12     0    14     0     3     0    11     0     1    30     7     0     5     0  |  
   0     0     0    23     7     0     0     0     8     0    16    13     0     0     3     0  |  
   0    21     0     0    30     4     0     0    10     0     8    13    11     0     0     9  |  
   0     0     0     2     4     0     0     0     8     1    11    14     6     0     0     0  |  
   7    12     0     0     0     1     3     0     0     0     0     0    27     3     0     0  |  
   0     0    11    19    14     7     0     0    12     0     3     0    21    20     0    34  |  
   0     7    16     3    16     0    10     0     0     0     0    28    13     9     3     0  |  
   0    12    15    11     2     2    22     0     0     2     0     0     0    11    10    21  |  
  14    12     0     0     0     1    10     2     0     0     0     8     0     0    14     0  |  
   0     0     8    16     0     0    18     4     0     0     0     0     1     0     0     0  |  
   6    17     8    17     0     0     8     0     4     7     8     0     7     1     0    10  |  
   0    11    24     0    32     6     0     0     0     4     0     0     0     0     0     5  |  
   7     0    20     0     0     0     0    10     0     0     0     0     0     0     8     6  |  
7 Map
  20     1     4     2     0     3    11     9     5     7    16    23    11    17    22    19  |  
   0     0    12     5    20     6     7     9     0     0     0     0     4     0     0     9  |  
   0    18     6     0     0     0    10     0     0     0     4     7    20     0    13    20  |  
   0     0     4     9     4     0     0    13     7     6     0     0     0     0     9     4  |  
   0     0     9     7    16     0     8     9     0    10     0     0     0     0    12    11  |  
  28     0     0     6     9    23     5     0    11     9     0     0    24    11     0     0  |  
   0     9     0     0     0     0     0     0     0     0     0     0     0     0     0     0  |  
   7    13     0     0     0     0     0     0    25    10     3     0     0    10     0     0  |  
  10     0    20     0     0     0     0    19     4     0     0     0     0     0     0     0  |  
   0     0     0     0     3     0     0    10     0     2    27     0     0     0     0    20  |  
   0     4     6    11     9     0     5     0     0     0     0     0     0     4     7     0  |  
   7     0     0     0     0     5     7     0     0     5     0     0     5     0     0     0  |  
   2     0     0     0     0     0     0    13     5     0     4    31     9     0    26    11  |  
   7     6    10     0     0     0     0     0     2     2    12     6     1     0     0     0  |  
   6     0     0     0     0     9     0     0     5     8     6     0    12    11     0     0  |  
   0     0     0     0     0     0     0     0     7     0     0     3     7     7     0    11  |  
8 Map
   0     0     0     0     5    16     9    15     4     0    12    12     0     9    16    10  |  
   8     0    11     0     2    34    26     0     0    13     0    41    36    19    10    16  |  
  30    17    18     0    19    25    11    18     6     0     8    22     0    27    25    28  |  
   0    10    18    20    18    44     8    11    16     0     8     0     5     0    17     0  |  
   0     5    22    16     1    17    19    11    14     5     0     0    10    33    19     0  |  
  17     0     9    34    13    11     5     0     6     7    10    13    16    14    10     0  |  
   0    25     0     8     0     5     0    10     0    26    18     0     0    15     5    11  |  
  12    11     0    17     0     0    11    33    20    15     1     4     0     0    19     2  |  
   0    13     3    10     0    19    14    26     0     0     9    15     0     0     0     6  |  
   0     0    16    11     0     0     0    38     0    14    10     0     0    10    34     9  |  
   6    37     0    15     2     8     9    15    10    33     0     0    23    22     0     9  |  
   0     4    10    36    29    30     2    13    12    21    12    29    20    18     0    28  |  
   0    18     0     0    11     9    31    22     0     6    31    28     8    36    18     1  |  
   6     0    16     0     5     3     3     6    19    29     0     5     5     0     5     0  |  
   5     0     0     0    18    17     5     2     9     0    10     3    60     7    13    15  |  
   0     9    16     3    10    13     1    15    21     4    18    14    20     1     1    14  |  
9 Map
   8     0     0     0     0     0     0     0     0     0     0     0     2    15     0     0  |  
   0     0    10     0     3     0     0     0     0     0     0     0     0     0     0     0  |  
   0     0     0     0     0     0     0     0     0    12     0     0     0     0     0     6  |  
   0     0     0     0     0     0     0     0     0     0     0     1     0     0     0     0  |  
   0     0     0     0    19     0     0     0     0     0     0     0     0     0     0     0  |  
   0     0     0     0     0     1     0     0     0     0     0     0     0     0     0     0  |  
   0     0     0     0     0     0     0     0     0     0     0     0     0     0     0     0  |  
   0     0     0     0     0     0     0     0     0     0     0     0     0     0     0     0  |  
   0     0     0     3     0     0     0     0     0     0     0     0     0     0     0     0  |  
   0     0     0     0     0     0     0     0     0     0     0     0     0     0     0     1  |  
   0     0     0     0     0     0     0     0     0     0     0     0     0     0     0     0  |  
   0     0     0     0     0     0     8     0     0     0     0     0     0     0     0     0  |  
   0     0     0     0     0     0     0     0     0     0     0     1     0     0     0     0  |  
   0     0     0    14     0     0     0     0     0     0     0     0     0     5     0     0  |  
   0     0     0     0     0     0     0     0     0     0     0     0     0     0     0     0  |  
   0     0     0     0     0     0     0     0     0     0     0     0     0     0     0     0  |  
10 Map
  16    51    10    20    19    12    21    29    29    50    47    21    50    33    24    18  |  
  20    62    27    49    76    80    49    66    74    45    56    61    40    59    59    63  |  
  45    36    44    47    56    32    69    55    31    54    64    71    72    91    20    53  |  
  47    58    57    69    61    56    28    60    57    60    58    56    40    65    40    61  |  
   6    35    45    48    45    42    49    63    71    68    79    62    46    48    54    61  |  
  60    54    61    38    68    60    67    75    72    73    61    66    42    74    55    69  |  
  39     8    69    39    79    67    84    52    52    64    53    78    77    60    62    85  |  
  32    60    58    32    57    49    84    32    57    43    65    46    46    74    76    54  |  
  51    70    56    65    57    64    55    45    74    74    62    33    66    60    67    44  |  
  53    42    49    39    60    84    58    34    55    52    50    74    87    75    51    44  |  
  35    18    88    79    90    75    58    50    69    48    55    67    71    65   101    74  |  
  54    84    85    72    70    85    75    64    69    24    67    52    48    57    50    46  |  
  27    57    41    97    64   103    69    65    57    53    43    37    70    70    45    89  |  
  39    85    51    59    43    42    72    86    53    49    37    73    50    63    58    60  |  
  34    56    67    87    78    74    64    53    59    82    66    87    30    29    70    43  |  
  43    75    57    57    61    49    76    67    71    69    56    58    66    69    89    71  |  
11 Map
  28    15    12     0     0     0     0     0    34    16     8    15     0    14     0     0  |  
  11    27     0     0     0    17    21    10     8     0     0    12    15    23     3    26  |  
   6    13     5     0     2    33    28    22     0     0     9    31    23    23     0     0  |  
   0     5    22     0     0     5     0    11     7     0     6    16     5    25    22    20  |  
  11     0    10    25     0    12     0    39    15     0    30     3     0    15    38     0  |  
  27    18     0    26    23     7    23    18     7    15    10     1     0     0    22    34  |  
   0     0     0     8    28    23    29     7     0     4    38    49    25     4    17    24  |  
   5    19    15     0     0     3     2    11     0     2     0     0     0     0     9     0  |  
  12    32     0     8     0    18     8    36    26    21     0     0     4     2    18     0  |  
   0     0     0     5     7    25     1     6    25     0    16     3    19     7     0     6  |  
   0     0    14    17    23     7     4     0     5    15    17     6     0    26     8    15  |  
   4    25    17     7     5    27    20    17     0     9     4     0     0     6     1     2  |  
   0     0     0    16    14    24    18    26    25     0     0    13     5     9    30     3  |  
  13    13     3    17     0     0    21    43    19    22     7    18    30     8    23     0  |  
   0    10     3     1    45    12    20     1    10    23    31    15     5     0     2    20  |  
   0    11     4     0    15    19     2     0    19     2     0     2    21    20    21    41  |  
12 Map
   0     0     0     0     0     0     0     0     0     0     0     0     0     0     0     0  |  
   0     0     0     0     0     0     0     1     0     0     0     0     0     0     0     0  |  
   0     0     0     0     0     0     0     0     0     0     0     0     6     0     0     0  |  
   0     0     0     0     0     0     0     0     0     0     0     0     0     0     3     2  |  
   0     0     0     0     0     0     0     0     2     0     0     0     0     0     0     0  |  
   0     0     0     0     0     0     0     0     0     0     0     0     0     0     0     0  |  
   0     0     0     0     0     0     0     0     0     0     0    17     0     0     0     0  |  
   0     0     0     0     0     0     0     0     0     0     0     0     0     0     0     0  |  
   0     0     0     0     0     0     0     0    14     0     0     0     0     0     0     0  |  
   0     0     0     0     0     0     0     0     0     0     0     0     0     0     0     0  |  
   0     0     0     0     0     0     0     0     0     0     0     0     0     0     0     0  |  
   9     0     0     0     0     0     0     0     0     0     0     0     0     0     0     0  |  
   0     0     0     0     4     0     0     0     0     0     0     0     0     0     0     0  |  
   3     0     0     0     0     0     0     3     0     0    18     0     0     3     0     0  |  
   0     0     0     0     0     0     0     0     0     0     0     0     0     0     0     0  |  
   0     0     0     0     0     0     0     0     0     0     0     0     0     0     0     0  |  
13 Map
  20     0     0     0     0     0     0     0     5     0     0     0     0     0     0     0  |  
  12     1     0     0     0     0     0     0     0     0     8     0     0     0     0     0  |  
  10    15     0     0     0     0     0     0     0     3     0     0     3     0     0     0  |  
  25     0    30     0     0     0    10     8     0     0     0     0     0     0     0     0  |  
   6     0     0     2     0     0     0    21     0     0     0     0     0     0     3     0  |  
  18     0     0     0     0     0     0     0     0     0     0     0     3     0     4     0  |  
   5     0     0     0    10     0     0     0     0     0     0    24     0     0     0     3  |  
  12     3     0     0     0     0     0     0     0     0     0     0     5     0     0     0  |  
  15     4     0     0     0     3     0    12     0     0     0     0     0     0     0     0  |  
   6     0     0     0     0     0     0     0     0     0     0     0     4     0     0     0  |  
   0     0     0     0     0     0     1     0    17     0    17     0     0     0     0     0  |  
   4     0     0     0     0     0     0     0     0    17     0     0     0     0     0     0  |  
   0     0     0    13     0     3     0     5     0     0    11     5     0     0    12     0  |  
   5     0     0     3     0     0     3     2     0     3     0     0     0     0     6     0  |  
   0     0     0     0    15     0     5     0     0     0     0     0     0     0     0     0  |  
   5     0     0     0     0     0     0     0    10     0     0     0     2    10     0     1  |  
14 Map
   8    27    13    12    41    37    22    42    27    20    38    30    41    19    41    41  |  
  11     7    18     0     0    14     7     0     0     0     3     0    16     7    19     0  |  
   0    17    11    38    37     0     2    40     2    10    11     0     0     3     7     0  |  
   0     0     0     0     0    11     0     0    13    14    17     6    14    10    12     0  |  
  32     7     0    16     2    10    33     0    10    29     0     0    22    26     0    12  |  
   0    21     9    11    23    26     0     2     2     0     6     8     7     6    23     8  |  
  20     1    13     0     6    34     0     6    20     0     0     0     3    22     0     6  |  
  10     3    27     0     5     0     6     0     0     0     8    24    13     2     1     0  |  
  12     0    10     5    23     0    21     0    17     0    14     0     5     0     0    21  |  
   0     0     0     4    15     0    23     2    17    29     0    15     3    19    23     0  |  
  35    17    12     8     3    26    19     0     0     9    11     0    25     0     6    15  |  
   7     0    14    13    30     4    12     0    14     0     0    24     3     0    25     0  |  
  30     2     9     0     0     0    11     5    13     4     0     1    24     0     0     1  |  
  14     0     0    10    29    12     0     0    13    11    27     9     0     8     0     7  |  
  12    25     1    10     0    14     0    21     6    16     0    21    30    25    19    22  |  
   0     0     0    28    13     5    10    17     4    19     4     2     0     0     2     0  |  
15 Map
   0    14     0    12     3    15    23     0     0     0     1    10    31    19    16     0  |  
   0    18    14    37    48    10     0     0     8     0     0     0     0     2    13     4  |  
   8     0    19    14     0     0     0     0    13    20    11     9     3     0     0     7  |  
  17    17     1    42     7     0     0    30     0     0     0     0     5     0     0     0  |  
   0     9    31    20    14     8     0     0     0     0     0     0     3     0     0     0  |  
  26     0     0     6     0    10     0    12     0     0     0    10     8     0     0     0  |  
   6    24     0     0     0     0     0     0     0     0     0     0     7     0     0     0  |  
  16     8     0     0     0     0     0     2     2     0     0     0     9    14     0     0  |  
   0     0    21     0     0     7     0     8     0     0     0     3     0     0    15     0  |  
   5    23     0     0    18    17     5     0     0     0    15     0     0     0     4     0  |  
  11    14     6    19     0    21    10     0     5     0     0     0     4     2     8     0  |  
  22     0     0     0     0     9     0    24     0     0    23     4     0     0     0     2  |  
   0     5     3     2     0     0     0     0     4    25    18    16     0     0     6     0  |  
  18     0     6     0    10     0     0     0     0     7     5    17     0     0    16     2  |  
   4     0     1    12     4     0     0     5    12     0     0     0     0     0    20     1  |  
   7     0     0     0     2     0     5     5     0     0     0    24     0     0     0     2  |  
16 Map
  28    19     0    19     2     7    22     2    13    17    12    32    34    17    38    21  |  
  19    16    33    36    27    34    36    21    14     0     0     9     6    23    17    19  |  
   0     5    41    12     0    12    21     2    20    30    20    24    26     4    25    22  |  
   2     6    21    22    10    10     2    27    24    24    20    18    27     0    24    12  |  
   4     9    25    34    35    18     7    19    30    13    28     0     0     2    39     9  |  
  22    21     0    32    30    43    32    17    22    15     0     0    21    24    13    17  |  
   0    22     0    12     9    14     4     0     0     0    26    21    36     0     1     0  |  
  18    49    14    18     0    13     0     4     7    21     5     1     9    21     0     0  |  
   9    18    24    25     3    17     0    36    18    21     0    17    29    20    17     0  |  
   0    14     9    29    36    20    13    16     7     3    37    32    14    20    27    25  |  
   0    35    27    47    40    28    10    16     0    12     9     8     0    28    22    17  |  
  17    41     0     0     6    32    41    38     0    11     3     0    10    21     0    20  |  
   7     4     8     5    20     9    11    37    17    22     0    37    20     0    25    21  |  
  37    29    47     9    15     0    11    10    37    28    32    40    30    15    32     5  |  
  22     0    20     2    32    16     6    15    22    26    27     0     0    23    15    11  |  
  10    11    15     7    16    29     5    22    19    10    18     0    17    16    11    31  |  
Printing Compared OfMap of Layer 1
***  Printing Output Feature Map  ***
1 Map
   0     0     0     0     0     0     0     0     0     0     0     0    -1     0     0     0  |  
   0     0     0     0    -8     0    -8     0     0     0     0     0     0     0     0     0  |  
   0     0     0     0     0     0     0     0    -6     0     0     0     0     0     0    -8  |  
   0     0    11     0     0     0     0     0     3     0     0     0     0     0     0     0  |  
   3     0     0   -14     0     0     2     0     0     0     0     0     0     0     0     0  |  
   0     0     0     0   -12     0     0     0     0     0    -7     0    -5     0     0     0  |  
   0     0     0     0     0     0     0     0     0     0     0     0     0     0     0     0  |  
  -5     0     0     0     0     0     0     0     0     0     0     0    -8     0     0     0  |  
   0     0    -6     0     0     0     0     0     0     0     0     4     0     0     0     0  |  
   1     0     0     0     0     0     4     0     0    -5     0    -3     0     5     7     0  |  
   0    -6     0     0     0     0     0     0     0     0     0     0     0     0     0     0  |  
  -4     0     0     0     0     0     0     0     0     0     0     0     0     0     0     0  |  
   3     0     0     0     0     0     0     0     0     0     0     0     0     0     0     0  |  
  -4     0     0     0     0     0     0     0     0     0     0     0     0     0     0     0  |  
   0     0     0     0     0     0     0     0     0     0     0     0     0     0     0     0  |  
   0     0     0     0     0     0     0     0     0     0     0     0     0     0     0     0  |  
2 Map
  20   -19    15     3   -11    22    -7     0    36   -12    -2    -4   -16     5   -10    29  |  
  28     2    14   -11   -19   -23     3    33    11    -9    18     8     5    13     9     6  |  
  10    32   -33    18    -7    24     0     9     7    22   -15    37   -16    -2   -31    45  |  
  25    -1   -19   -16    34   -19     7    15   -13   -13    29   -24     0    50     4    59  |  
  38     2    11    -1   -14    53   -24     0    -2   -35     5    15   -19    14    23   -22  |  
 -12    -1    11    29    -2   -32    27    13   -37   -16    44   -22    -4   -12    34   -13  |  
  18    17     0    16    22    -8    -5    -5   -13   -15     7    10     3   -33     7   -19  |  
   8    -4    13    20     6     8    -5    28     8   -32    11    -4    -4    -4   -33     1  |  
   6   -11   -14    -8    -3     8     2     6   -11    -6    -6    14    16   -19    -1   -11  |  
  -3    14     5    20   -14    10   -18    11     0    17   -28    -6    -2   -20    -8    38  |  
   2    10    36   -42     2   -24   -11     9    18    -5    27   -12   -16     6   -46   -13  |  
  -6     3   -22    -3   -23   -23   -10   -21    21     9     4     1     3    -2     7     5  |  
  22   -19    53    11   -22     6   -15   -10     6   -14    37    38   -37    15    19   -25  |  
   0    23   -24    -9   -40    11     0    -4     5    10     4   -23    60    12    -7   -23  |  
   1    -3     2   -13   -31   -21    17   -11   -23     7   -13     9    -6    29     2    32  |  
   2   -23    -5    25   -15     9    26   -20   -27   -24     1   -16    35   -20    19     4  |  
3 Map
   0     1    -8    -8    -2     0     0     0     0     0     0     1     0     0     0     0  |  
   0     0     6     3     5     0   -10   -16     5    -3     6     5    18    14    -4   -22  |  
   1     0    12   -12    -4    -3    24     2     3    -1     7    -4     1     0    -1     0  |  
   0     0    -8     0     2     8    -4     0    -3     8     0     2     1    14    -9   -15  |  
   0     5     0     0     0    -4     5     0     2     0   -10     0    -9     0    -9    11  |  
  17   -12   -10     0     0    12   -25     0    -7   -16     0    18     7     4    -8    -5  |  
   0     0    13    -9    -2     0     8     7   -10     2    -6   -14    -7    -7    -3   -25  |  
   0    -8    -6     4     5     7    11    -4     0     4   -11     0    10    22    14     0  |  
   0    -1     4   -10     0    -5     0   -13   -12    -7    -7   -14    -1    10     0     5  |  
   0    17    -6     0     0     3     0     8     0     0     0    -8   -13     0     0    17  |  
   0     7    -4     7   -17     1     0     9    10    14   -25   -13     0   -11     0   -11  |  
   0   -37     6   -12    24     0     9    -3     5   -30     1    -1    -9     2     7   -11  |  
   0    16     0    -8    10   -18     0     0     7    -2     0     0    13    -5     2   -13  |  
   0   -12    15     5     0    15     0     0     0     4     0     7   -10     2     4     0  |  
   0     7   -18     3   -15     0   -15     2     7    -4     2    -8     0     0     0     0  |  
   0    -1     3     0    21    -7     0     0    -9     5   -15     8    -9    39     0    -6  |  
4 Map
   4     0    -4     0    -2   -13     5    -3     0     0     0     0    -2     0     0     0  |  
   0     0    -1     0     0     0     0     0     0     0     0     0     0     0     0     0  |  
   0     4     0    -3     2    -8    -5     0     0     0     4     0     0     0     0     0  |  
   0     0     0     0   -28     0     0     0     0     0     0     0     0     0     0    -1  |  
   0     0     0     0    -4    -8     0     0     0     0     0     0     0    -6     0     0  |  
   0     0     0     0     0     0     0     0     0     0     0     0     0     0     0     0  |  
   0     0     0     0     0     0     0     0     0    -5     0     0     0     0     0     0  |  
   0     0     0     0     0     0     0     0     0     0     0     0     2     0     1     5  |  
   0     0    -8     0     0     0     0     0     0     0     0     0     0    -8     0     0  |  
   0     0     0     0     0     0     0    -8     0     0     0     0     0     6     7     0  |  
   0     0     0     0     0     0     0     0     0     0     0     0     0     0     0     0  |  
   0     0     0     0     0     0     0     0     0     0     0     0     0     0     0     0  |  
   0     4     0     0     0     0     0     0     4     0     0     0     0     0     0   -11  |  
   0     0     0     0     0     3     0     0     0     0     0     0     0    -3     0     0  |  
   0     0     0     0     0     0     0     0     0    -7     0     0     0     0     0     0  |  
   0     0     0     0     0     2     0     0     0     0     0     0     0     5    -7     0  |  
5 Map
   3     3    -7    -5    -7     0     0     0     0    -1    -1     0     0     0    -6     0  |  
   0     0     0     0     0     0     0     0     0     0     2     0     1     0     0     0  |  
   0     0     0     0     0     0    -1    -2     0     0     0     0     0     0     0     0  |  
   0     0     0     0     0     0     0     0     0     0     0     0     0     0     0     0  |  
   0     0     0     0     0     0     0     0     0     5     0     0     0     0     0     3  |  
   0     0     0     0     0     0     0     0     0     0     0     0     0     0     0     0  |  
   0     0     0     0     0     0     0     0     0     0     0     0    -5     0     0    -1  |  
   0     0     0     0     0     0     0     0     0     0     2     0     0     0     0     0  |  
   0     0     0     0     0     0     0     0     0     0     0     0    12     0     1     0  |  
   0     0     0     0     0     0    -1     0    -5     0     0     0     0     0     0     0  |  
   0     0     0     0     0     0     0     0     0     0     0     0     0     0     0     0  |  
   0     0     0     0     0     0     0     0     0     0     0     0     0     0     0     0  |  
   0     0     0     0     0     0     0     0     0     0     0     0     0     0     0     0  |  
   0     0     0     0     0     0     0     0     0     0     0     0     0     0     0     0  |  
   0     0     0     0     0     0     0     0     0     0     0     0     0     0     0     0  |  
   0     0     0     0     0     0     0     0     0     0     0     0     0     0     0     0  |  
6 Map
   0     0    -2     0    17     0    20     0     9    10     7     0    -1    -7     0     0  |  
   1    -3     9    12   -20   -17   -10     3     8   -11     0     0     0     0    28     0  |  
   0     0     0    -1     0     0     6     0    -5    -4    -4     0    -7     0     7     0  |  
   0    -8    16    20   -12     0    -3     0    -9     9    -1   -18     1    20    -5    14  |  
  12    15     0   -23    -7     2    26     0    -8     0   -16   -13     0    14    -3     0  |  
   6   -21    10    17   -29    17     0     0    -6     0    -3    -2   -11     0    11    -3  |  
   0    21     0    -2    -4     2     0     0    -8    -1     6   -14    -3     0    22     0  |  
  -7   -10     0     5     0    -1    -3     9     0     0     0     0    -4    -3     0     0  |  
   0     2    -7   -19   -14    -7     0    17    -3     0    34     0   -21   -20     0   -31  |  
   2    -3   -16    -3   -11     0   -10     3    11     8     7   -28     0    -9    16    19  |  
   0    -3    12    12    25    12    -8     2     0     5     0     0    16   -10   -10   -21  |  
 -12   -12     9     0     4    -1   -10    -2     0     0     0    -8     0    28   -14     0  |  
   9    12     7     7     1     0   -17     2     8     0    19    16    -1     0    18     0  |  
  -6   -11    11   -17     0    15    -8     0    20     3    -8     0     1    13     0   -10  |  
   0   -11   -10     0   -21    18     0     0     0    -4     0     0     0    26    12    -5  |  
  -5     0   -18     0     5     4     0     5     0     6     6    17     7    11    -8    -6  |  
7 Map
 -10    10    10     6    12    -2   -11    13    -5    -7    -6    -5    -9     5     0   -12  |  
  13     8   -12    -5   -20    -6    21    -9     0     0     6     0    -4     0     0    -6  |  
   2   -18    -6    11     2     0   -10     0     7     0    -4    -5    -9     0   -13   -20  |  
   0     0    -4    -9     0     0     0    -6    -5    -2     0     0     0     0    -2    -4  |  
   0     0    -9    -2   -16    13    -8    -2     6   -10     0     6     0     3   -12   -11  |  
 -28     0     0     7    -9   -23     0     0    -3     2     2     0   -23    -1     0    13  |  
  15    -9     0     2     0     0     0     0     0     0     3    22     0     0     0     0  |  
  -7   -13     0     9     0     9    20     0   -25   -10     8     0     0   -10     0     2  |  
  -8     0   -20     0     0     4     0   -19     0     0     0     6    20     6    12     2  |  
   7     0     1     0    -3     6     0   -10     0    -2   -24     0     0    18    17    -9  |  
  12    -4    -6   -11    -9     4    -5     8     0     0     0     0     0    -4    -7     0  |  
  -7     0     0     0     1    -5    -7     0     0     2     6     2    -5     1     0     1  |  
   4     2    10     0     0     0    11    -6     3     7    -4   -31    -4     5   -26   -11  |  
   4    -6   -10     5     0     0     1     1    -2    -2    -7    -3    -1     0    17     0  |  
  -6     0    12     0     0    -9     0     0    -5     7    -6     0   -12   -11     0     0  |  
   3     6    19     0     0     1     0     0    -7     0     0    -3    -7    -7     0   -11  |  
8 Map
   4     9     3     0    -5   -16    -6   -15    -4     3   -12    -2     0    -9   -16     0  |  
  -3     0    -1     0     0   -13   -26     0     1    22    12   -32   -36   -19   -10    -7  |  
 -30    -9     0     2     1   -25   -11     1    30    20    -8     5    16    -5   -23   -28  |  
   3    27   -11   -20   -13   -32    12    12    13     0    16     3    -5     4     3     6  |  
   0    -5    -3    -6    15     0   -12   -11    17    -5     0    31    32   -33   -19    15  |  
 -17    21     2   -34    -1   -11     6    17    30    -6   -10     9    -9     5    -9     0  |  
   1   -25    13    10     6    -3    17    -5     5   -17   -18    11     0    -7    -5     6  |  
 -12     1     8   -17    18    23    -3   -33    -9     8    -1    26     0    17   -19    25  |  
  10   -12    -3    -6    20    12    12   -22     0    10    -7     5    17    61    31    15  |  
  16     1   -16    16    10    16    24   -19     3   -14    -9     5     0    17    -6    -5  |  
  -6   -37     0     1     1     1    -9   -15     9   -32    18    21   -23   -22    17    13  |  
   0    11     9    -4   -18   -30     8   -13    11     8    -9   -26    16   -18     0   -14  |  
   9   -18     8    15    -2    13     0   -18     0     2   -22    -7    -6   -16   -12    -1  |  
  -6     5   -16     7     1    -3     2     9   -12   -29     8    -5    -2     4    16    10  |  
  -5    37    20     0   -13   -17    -5    -2    -1    16   -10    11   -38     2   -10     3  |  
  19     4   -16    17   -10   -13    21    -5   -21    -4   -18   -13   -20    -1    40    28  |  
9 Map
   2     0     0     0     0     1     0    14     0     0     0     0    -2   -15     0     0  |  
   0     0   -10     0     3     0     6     0     0     0     0     0     0     0     0     0  |  
   0     0     0     0     0     0     0     0     0   -12     4     0     0     0     0    -6  |  
   0     0     0     0     0     0     0     0     0    14     0    -1     0     0     0     0  |  
   0     0     0     0   -19     0     7     0     0     0     0     0     0     0     0     0  |  
   0     0     0     0     0    -1     0     0     0     0     0     0     0     0     0     0  |  
   1     0     0     0     0     0     0     0     2     0     0    11     0     0     0     0  |  
   0     0     0     0     0     0     0     0     0     0     0     0     0     0     0     0  |  
   0     0     0    -3     0     0     0     0     0     0     0     0     6     0     0     0  |  
   0     3     0     0     0     0     0     0     0     0     0     0     0     0     0    -1  |  
  14     0     0     0     0     5     0     0     0     0     0     0     0     0     0     0  |  
   0     0     0     0     0     0    -8     0     0     0     0     0     0     0     0     0  |  
   0     0     1     0     0     0     0     0     0     0     0    -1     0     0     0     0  |  
   0     0     0   -14     0     0     0     0     0     0     0     0     0    -5     0     0  |  
   0     0     0     0     4     0     0     0     0     0     0     0     0     0     0     0  |  
   0     0     0     0     0     0     0     0     0     0     0     0     0     0     0     0  |  
10 Map
  -3    -4    11    13     6    35    -6    -3    17    -7   -10    18     0     7     8    36  |  
  12    26    22    -7   -17   -22    10    21     7    22    12    16    27    12    29     6  |  
  13    25    -6     2   -15    46     6    23    38    12     8     1   -32   -45    37    12  |  
   5   -11    -7    -2    12    -4    25    10   -15     1   -10   -13    38    25    37    30  |  
  25    31     9    -5    10    14     0     6   -13   -14   -14     5    -6    11    29    -7  |  
  -8    -2   -19    44     1    14     2    -8   -17    -6    12   -13    29    -8    24     4  |  
   0    63     5     9   -10     6   -14    10     3    -6    -1   -29    -5   -25    28   -58  |  
  23     3     0    71    31    22    -4    38    -8   -18    -9     7   -11   -18    -6   -12  |  
 -10   -22    11   -17    -2   -10   -17    -4   -19    -5     4    15     1   -10   -28   -24  |  
 -23    13    19    21     1   -20     6    20   -11    12    10    -9    -9    -7    13    34  |  
   2    55    -5    -5   -26   -14    -9    35    -6    29    18    -2   -14   -28   -75   -10  |  
 -36   -14   -30   -13   -16   -22   -32    -2    -7    20    -5    29    15    10    33    32  |  
  34    35    64   -10    11   -43   -18     1     7     3    25    26     1    12     3   -16  |  
  31   -16     0    -1     4     5   -15    -1    14    -5    19     4    40     0     1     8  |  
  11    12   -11   -17   -51   -38    -1    10    18   -34    17   -23    11    35     9    35  |  
 -15   -38    27     6    -8     6   -17   -13   -28   -26     4    -4     4    22    -5   -28  |  
11 Map
 -28     6     6     0     9    20     4     0   -29     4    -1    12    21     7     8    10  |  
 -11    -9    19     2     0     3    -7    -3     2     6    20    25    11    -1    11    -9  |  
  13     0     5     0    -2    -9     6    -9     0    13    11   -28   -23   -23    12     9  |  
   0     0    -4     8    11    -2     0    -1     2     3    -6   -11    11   -14     4    -1  |  
 -11    29     5   -21     0    -7     6   -11    24    16   -26    -3    18     8   -33    24  |  
 -18    -7    13   -26    -4    15   -17   -18    25    11   -10    15     0    20    -9   -28  |  
   0    14    25     5    -3   -13   -11     5    18    32   -23   -11   -25    -4     4     6  |  
   6    -2     8    20    35    11    26     3     0     7     0     8     0     0     1     0  |  
 -12   -32    15     0     0   -18    -3   -36   -23    -9     4    13    -4     8   -18     0  |  
  19     9     0     0    -7   -10     5     2   -17    19    13    27    -4     0    35    20  |  
   0     9   -14    18   -12    16    22     2    -2     5    -4    29    27   -26    -8    11  |  
  -4   -25    -8    -7    11   -18    -1    -8     0    -9     5     0    24    29    -1    43  |  
   7    33    11    15    10   -24   -18     6   -15     0    10   -10     7    12    -9     1  |  
  -1    13    -3    -3    38     0    -8     3    19   -18    -1     8    -9    -8   -19    27  |  
   0    -6    18    10   -45   -12   -20     4    31     8   -22   -15    -5     0    17     7  |  
   0   -11    12    29    -2   -19    -2     0   -14    -2     3    18    -8     8    -4   -20  |  
12 Map
   2     0     0     0     0     0     0     0     0     0     1     0     0     0     0     0  |  
   0     0     0     3     0     0     0    -1     0     0     0     0     0     0     0     0  |  
   0     0     0     0     0     0     0     0     0     0     0     0    -6     0     0     0  |  
   0     0     0    12     0     0     0     0     0     0     0     0     0     8    -3    -2  |  
   0     0     0     0     0     0     0     0    -2     0     0     0     0     0     0     0  |  
   4     0     0     4     0     0     0     0     0     0     0     0    20     0     0     0  |  
   0     0     0     0     0     0     0     3     0     0    16   -17     0     0     0     0  |  
   0     0     0     0     0     0     0     0     0     0     0     0     0     0     0     0  |  
   0     0     0     0     0     0     0     0   -14     0     0     0     0     0     0     0  |  
  19     0     0     0     0     0     0     0     0     0     0     0     0     0     0     0  |  
   0     0     0     0     0     0     0     0     0     0     0     0     0     0     0     0  |  
  -9     0     0     0     0     0     0     0     0     0     0     0     0     0     0     0  |  
   5     0     0     0    -4     0     0     0     4     0     0     0     0     0     0     0  |  
  -3     0     0     0     0     5     0    -3     0     0   -18     0     0    -3     0     0  |  
   0     0     0     0     0     0     0     0     0     0     0     0     0     0     0     0  |  
   5     0     0     0     0     0     0     0     0     0     0     1     0     0     0     0  |  
13 Map
 -20     0     0     0     4     0     0     0    -5     0     0     0     0     0     0     0  |  
  -1    -1     0     0     0     0     0     0     0     0     2     0     0     0     0     0  |  
  21   -15     0     0     0     0     0     0     0    -3    19     0     1     0    18     0  |  
 -25     0   -30     0     0     0   -10    10     0    14     0     5     0     0     0     0  |  
  -6    25     0    -2     0     0     0   -14     0     0     0     0     0     2    -3    14  |  
 -10     0     0     0     0     2     0     0    16     0     0    13    -3     5    -4     8  |  
  -4     0     7     0   -10     0     0     0     0     5     4   -24     0     0     5    -3  |  
 -11    -3     0     5     9     0     0     0     0    24     0     0    -4     0     0     0  |  
 -15    -4     9     0     0    -3     0   -12     8     0     8     2     0     0     0     0  |  
   6     0     0     0     0    13     0     0     0     0     0     0    -1     0    16     1  |  
   6     0     0     0     0     4    -1     0   -17    11   -17     0     0     0     0     8  |  
  -4     0     0     0     0     0     0     0     0    -7     0     0     0     0     0    13  |  
   3     0     0    -8     2    -3    17     0     0     0     4    -5     0     0   -12     0  |  
   9     0     0     3     0     0    13    -2     0    -3     0     0     0     0    -1     0  |  
   0     0     3     0   -15     0    -5     0    28     0     0     0     0     0     0     0  |  
  -5     0    14     0     0     0     0     0   -10     0    13     0    -2    -3     0    -1  |  
14 Map
  24     7     5    21   -26   -22    20   -18     5     5    -1     7    -5    -2   -23    18  |  
   9    -1   -18     0    33   -14    -7    17     9    14    15     0    -5    11   -19     0  |  
   9     8   -11   -26   -27    32    -2   -23     3   -10     0     0     0    21    18    35  |  
   0     0     0    10     0   -11     0     2    -2   -14     2    16   -14   -10   -12     0  |  
 -24    -7     0    13    28    -1   -14    11   -10   -13     9     0    -7     1    20    -6  |  
  21   -16    -5    -9   -23   -26     0    29     5     1    17    -8    -7    -5   -23    -8  |  
  -9     5     7    30    10    -7    14    -6   -20     0    14     0    18   -22    10     3  |  
  14     2   -27     0    -5    17    -2     0    17     2     2    -9    19    -2    -1     0  |  
  -1     6     4     5   -23    25   -15    16   -17     0   -14     0     6    14    39    -6  |  
  12     0     0     4     7     0   -23     7    18   -18    23     5    -3   -19   -23     7  |  
 -33   -16    21    -8    11   -26   -19     0     0    -9    13    13     2     6    -6     4  |  
   9    10   -10     2   -30     8     8    19   -14    14     0   -24    24    25   -16     0  |  
 -15    -2    -9     0     0     0   -11     1   -12    -4    12     9   -24     2    29     5  |  
  -1    21    39   -10   -29    13     3     0    12     9   -27    -9    10    -8     0    22  |  
 -10   -25     2     8     0     1     1   -21    -6   -16    24   -18   -30     9   -15   -15  |  
  22     1     0   -10    -6     9    -4     2     5   -19    -4    -2     0     0    17    14  |  
15 Map
   0   -14     0    -4    -3    -3   -23    13    17     5    -1   -10   -31   -18   -10     0  |  
  11   -17   -14   -35   -48     4     0     6    -1     0     0     0     0    -2    -8    -4  |  
  -7     0   -13    -9     0     0     0     9    -8   -20   -11     2    -3     0     0    -2  |  
   0   -17    -1   -26    -1     0    12   -12     0     0    14     0    19     0     0     0  |  
   9    -9   -27   -20   -11    30     0    14     0     0    15     0    -3     0     0     0  |  
 -26     0     0     9     1   -10     3   -12     0     0    10   -10    -8     0     4     0  |  
   3   -24     0     0     0     0     0     0     0     0     0     0    -7     0     0     0  |  
 -16    -8     4     0     0     0     3    -2    -2     0     3     9    -9    -5     0    29  |  
   0     0   -21     0    33    -7     0    -8     8    28     0    31    11     0    -1    13  |  
  -5   -23    25    25   -14   -14    -5     0     0     4   -15    16    19    30     2     9  |  
   2     1    10   -15     4   -21    -2     0    -5     0     0     0    -4     3    -5    14  |  
 -22    26     0     8     0    -9     0   -24     9     0   -23    -4     3     0     0     9  |  
   9    -5    15    -2     0     0     0     0    -2   -23   -18   -16     4     0    -6     5  |  
 -18     0    -6     2    -6     0     0     0     0    -7    -1   -17    15     0   -10    -2  |  
  -4     7    -1   -12    10     0     0    -5   -12     0     0     0     5     0   -20    12  |  
  10     0     2     0    -2    17    11    -5     0     0     0   -24    17     0     0    -2  |  
16 Map
  -2   -16    13     4     0    19    -8    38    25     0    10     2   -12     1     4   -11  |  
  15    -4   -11   -17   -13   -12    10    17    -3    14     0     9     0    -1    -3    -1  |  
  22    -1   -25   -12    17   -11   -21    -2   -15   -12   -11   -23   -26     0   -25    -3  |  
  -2     1     8    -1    11    -5    -2   -25    -2   -14    -1    -2     4    15     0     9  |  
   4    13    -8   -19   -23    12    26    10     4   -13   -12     7    13     3   -27    -9  |  
 -17   -14    28   -10    11   -19   -11   -17   -14    -7    10     0    -8    -8     9   -16  |  
  17    -7    17    -2    18     0     2     0    17    14   -16    15   -33    10    -1     1  |  
  -9   -39     3    -9    11     9    25    -1    -7   -21    -5     1    -9     3     0    24  |  
  -9   -17   -15   -25    -3   -16    18   -18    -6    17    10    13   -13   -11   -10    45  |  
  17    20    10    -6   -25    -7    -2    -1    11    29   -19    11     1     5     9    14  |  
  30   -12   -16    -9    -7    -2    26   -13    10   -12    -2    17    23    -5    -7     1  |  
  -5   -41     6    29     7   -32   -20   -38     1   -11    18    13    11     7    14     1  |  
  18    37    31     5   -20    -9    11    -5     4   -11     9   -31     6    15   -11   -21  |  
 -24   -18   -39    -9     0     0    -5    11   -18   -12   -22    -9    -6    -2    -1     1  |  
 -22     0    -6    13    -3    -6    -5   -15   -22    -7   -27     0    22    -2     1    14  |  
   3    18    16    18     4    -2    10   -17   -19     8   -18    11     5   -11   -11   -22  |  
*****  Convolutional Layer with  bias + ReLu test failed!  ******

*********************************************************************************  Verification Complete. ************************************************************************************
INFO [HLS SIM]: The maximum depth reached by any hls::stream() instance in the design is 3
@E Simulation failed: Function 'main' returns nonzero value '1'.
ERROR: [SIM 211-100] 'csim_design' failed: nonzero return value.
INFO: [SIM 211-3] *************** CSIM finish ***************
ERROR: 4
INFO: [HLS 200-112] Total CPU user time: 2 seconds. Total CPU system time: 5 seconds. Total elapsed time: 60.398 seconds; peak allocated memory: 141.039 MB.
