  **** HLS Build v2025.1 6135595
INFO: [HLS 200-2005] Using work_dir C:/Programming_Files/VGGHLS-TX/TL_Base/ConvLayer 
INFO: [HLS 200-2176] Writing Vitis IDE component file C:/Programming_Files/VGGHLS-TX/TL_Base/ConvLayer/vitis-comp.json
INFO: [HLS 200-10] Creating and opening component 'C:/Programming_Files/VGGHLS-TX/TL_Base/ConvLayer'.
INFO: [HLS 200-1505] Using default flow_target 'vivado'
Resolution: For help on HLS 200-1505 see docs.xilinx.com/access/sources/dita/topic?Doc_Version=2025.1%20English&url=ug1448-hls-guidance&resourceid=200-1505.html
INFO: [HLS 200-2174] Applying component config ini file C:/Programming_Files/VGGHLS-TX/TL_Base/hls_config.cfg
INFO: [HLS 200-1465] Applying config ini 'syn.file=../src_files/Main_Code.cpp' from C:/Programming_Files/VGGHLS-TX/TL_Base/hls_config.cfg(8)
INFO: [HLS 200-10] Adding design file 'C:/Programming_Files/VGGHLS-TX/src_files/Main_Code.cpp' to the project
INFO: [HLS 200-1465] Applying config ini 'tb.file=../src_files/Auxiliary_Calculations.cpp' from C:/Programming_Files/VGGHLS-TX/TL_Base/hls_config.cfg(9)
INFO: [HLS 200-10] Adding test bench file 'C:/Programming_Files/VGGHLS-TX/src_files/Auxiliary_Calculations.cpp' to the project
INFO: [HLS 200-1465] Applying config ini 'tb.file=../src_files/main_tb.cpp' from C:/Programming_Files/VGGHLS-TX/TL_Base/hls_config.cfg(10)
INFO: [HLS 200-10] Adding test bench file 'C:/Programming_Files/VGGHLS-TX/src_files/main_tb.cpp' to the project
INFO: [HLS 200-1465] Applying config ini 'tb.file=../src_files/tb_Buf2Pe.cpp' from C:/Programming_Files/VGGHLS-TX/TL_Base/hls_config.cfg(11)
INFO: [HLS 200-10] Adding test bench file 'C:/Programming_Files/VGGHLS-TX/src_files/tb_Buf2Pe.cpp' to the project
INFO: [HLS 200-1465] Applying config ini 'tb.file=../src_files/tb_Dfl_ControlLogic.cpp' from C:/Programming_Files/VGGHLS-TX/TL_Base/hls_config.cfg(12)
INFO: [HLS 200-10] Adding test bench file 'C:/Programming_Files/VGGHLS-TX/src_files/tb_Dfl_ControlLogic.cpp' to the project
INFO: [HLS 200-1465] Applying config ini 'tb.file=../src_files/tb_fcLayer.cpp' from C:/Programming_Files/VGGHLS-TX/TL_Base/hls_config.cfg(13)
INFO: [HLS 200-10] Adding test bench file 'C:/Programming_Files/VGGHLS-TX/src_files/tb_fcLayer.cpp' to the project
INFO: [HLS 200-1465] Applying config ini 'tb.file=../src_files/tb_gap.cpp' from C:/Programming_Files/VGGHLS-TX/TL_Base/hls_config.cfg(14)
INFO: [HLS 200-10] Adding test bench file 'C:/Programming_Files/VGGHLS-TX/src_files/tb_gap.cpp' to the project
INFO: [HLS 200-1465] Applying config ini 'tb.file=../src_files/tb_loadbin.cpp' from C:/Programming_Files/VGGHLS-TX/TL_Base/hls_config.cfg(15)
INFO: [HLS 200-10] Adding test bench file 'C:/Programming_Files/VGGHLS-TX/src_files/tb_loadbin.cpp' to the project
INFO: [HLS 200-1465] Applying config ini 'tb.file=../src_files/tb_maxPool.cpp' from C:/Programming_Files/VGGHLS-TX/TL_Base/hls_config.cfg(16)
INFO: [HLS 200-10] Adding test bench file 'C:/Programming_Files/VGGHLS-TX/src_files/tb_maxPool.cpp' to the project
INFO: [HLS 200-1465] Applying config ini 'tb.file=../src_files/tb_Mem2Buf.cpp' from C:/Programming_Files/VGGHLS-TX/TL_Base/hls_config.cfg(17)
INFO: [HLS 200-10] Adding test bench file 'C:/Programming_Files/VGGHLS-TX/src_files/tb_Mem2Buf.cpp' to the project
INFO: [HLS 200-1465] Applying config ini 'tb.file=../src_files/tb_parameters.cpp' from C:/Programming_Files/VGGHLS-TX/TL_Base/hls_config.cfg(18)
INFO: [HLS 200-10] Adding test bench file 'C:/Programming_Files/VGGHLS-TX/src_files/tb_parameters.cpp' to the project
INFO: [HLS 200-1465] Applying config ini 'tb.file=../src_files/tb_Top.cpp' from C:/Programming_Files/VGGHLS-TX/TL_Base/hls_config.cfg(19)
INFO: [HLS 200-10] Adding test bench file 'C:/Programming_Files/VGGHLS-TX/src_files/tb_Top.cpp' to the project
INFO: [HLS 200-1465] Applying config ini 'syn.top=ConvLayer' from C:/Programming_Files/VGGHLS-TX/TL_Base/hls_config.cfg(7)
INFO: [HLS 200-1465] Applying config ini 'flow_target=vivado' from C:/Programming_Files/VGGHLS-TX/TL_Base/hls_config.cfg(4)
INFO: [HLS 200-1505] Using flow_target 'vivado'
Resolution: For help on HLS 200-1505 see docs.xilinx.com/access/sources/dita/topic?Doc_Version=2025.1%20English&url=ug1448-hls-guidance&resourceid=200-1505.html
INFO: [HLS 200-1465] Applying config ini 'part=xcvu9p-flga2104-3-e' from C:/Programming_Files/VGGHLS-TX/TL_Base/hls_config.cfg(1)
INFO: [HLS 200-1611] Setting target device to 'xcvu9p-flga2104-3-e'
INFO: [HLS 200-1465] Applying config ini 'package.output.format=ip_catalog' from C:/Programming_Files/VGGHLS-TX/TL_Base/hls_config.cfg(5)
INFO: [HLS 200-2176] Writing Vitis IDE component file C:/Programming_Files/VGGHLS-TX/TL_Base/ConvLayer/vitis-comp.json
INFO: [SIM 211-2] *************** CSIM start ***************
INFO: [SIM 211-4] CSIM will launch CLANG as the compiler.
INFO: [HLS 200-2036] Building debug C Simulation binaries
   Compiling ../../../../../src_files/tb_loadbin.cpp in debug mode
   Compiling ../../../../../src_files/tb_gap.cpp in debug mode
   Compiling ../../../../../src_files/tb_fcLayer.cpp in debug mode
   Compiling ../../../../../src_files/tb_Dfl_ControlLogic.cpp in debug mode
   Compiling ../../../../../src_files/tb_Buf2Pe.cpp in debug mode
   Compiling ../../../../../src_files/main_tb.cpp in debug mode
   Compiling ../../../../../src_files/Auxiliary_Calculations.cpp in debug mode
   Compiling ../../../../../src_files/Main_Code.cpp in debug mode
   Generating csim.exe
In file included from ../../../../../src_files/tb_loadbin.cpp:1:
In file included from ../../../../../src_files/header.h:8:
In file included from C:/Xilinx/2025.1/Vitis/include/ap_int.h:10:
In file included from C:/Xilinx/2025.1/Vitis/include/etc/ap_common.h:677:
In file included from C:/Xilinx/2025.1/Vitis/include/etc/ap_private.h:68:
In file included from C:/Xilinx/2025.1/Vitis/include/hls_half.h:26:
In file included from C:/Xilinx/2025.1/Vitis/include/etc/hls_half_fpo.h:19:
In file included from C:/Xilinx/2025.1/Vitis/include/hls_fpo.h:140:
In file included from C:/Xilinx/2025.1/Vitis/include/floating_point_v7_1_bitacc_cmodel.h:150:
C:/Xilinx/2025.1/Vitis/include/gmp.h:58:9: warning: '__GMP_LIBGMP_DLL' macro redefined [-Wmacro-redefined]
#define __GMP_LIBGMP_DLL  0
        ^
C:/Xilinx/2025.1/Vitis/include/floating_point_v7_1_bitacc_cmodel.h:142:9: note: previous definition is here
#define __GMP_LIBGMP_DLL 1
        ^
1 warning generated.
In file included from ../../../../../src_files/tb_gap.cpp:1:
In file included from ../../../../../src_files/header.h:8:
In file included from C:/Xilinx/2025.1/Vitis/include/ap_int.h:10:
In file included from C:/Xilinx/2025.1/Vitis/include/etc/ap_common.h:677:
In file included from C:/Xilinx/2025.1/Vitis/include/etc/ap_private.h:68:
In file included from C:/Xilinx/2025.1/Vitis/include/hls_half.h:26:
In file included from C:/Xilinx/2025.1/Vitis/include/etc/hls_half_fpo.h:19:
In file included from C:/Xilinx/2025.1/Vitis/include/hls_fpo.h:140:
In file included from C:/Xilinx/2025.1/Vitis/include/floating_point_v7_1_bitacc_cmodel.h:150:
C:/Xilinx/2025.1/Vitis/include/gmp.h:58:9: warning: '__GMP_LIBGMP_DLL' macro redefined [-Wmacro-redefined]
#define __GMP_LIBGMP_DLL  0
        ^
C:/Xilinx/2025.1/Vitis/include/floating_point_v7_1_bitacc_cmodel.h:142:9: note: previous definition is here
#define __GMP_LIBGMP_DLL 1
        ^
1 warning generated.
In file included from ../../../../../src_files/tb_fcLayer.cpp:1:
In file included from ../../../../../src_files/header.h:8:
In file included from C:/Xilinx/2025.1/Vitis/include/ap_int.h:10:
In file included from C:/Xilinx/2025.1/Vitis/include/etc/ap_common.h:677:
In file included from C:/Xilinx/2025.1/Vitis/include/etc/ap_private.h:68:
In file included from C:/Xilinx/2025.1/Vitis/include/hls_half.h:26:
In file included from C:/Xilinx/2025.1/Vitis/include/etc/hls_half_fpo.h:19:
In file included from C:/Xilinx/2025.1/Vitis/include/hls_fpo.h:140:
In file included from C:/Xilinx/2025.1/Vitis/include/floating_point_v7_1_bitacc_cmodel.h:150:
C:/Xilinx/2025.1/Vitis/include/gmp.h:58:9: warning: '__GMP_LIBGMP_DLL' macro redefined [-Wmacro-redefined]
#define __GMP_LIBGMP_DLL  0
        ^
C:/Xilinx/2025.1/Vitis/include/floating_point_v7_1_bitacc_cmodel.h:142:9: note: previous definition is here
#define __GMP_LIBGMP_DLL 1
        ^
1 warning generated.
In file included from ../../../../../src_files/tb_Dfl_ControlLogic.cpp:1:
In file included from ../../../../../src_files/header.h:8:
In file included from C:/Xilinx/2025.1/Vitis/include/ap_int.h:10:
In file included from C:/Xilinx/2025.1/Vitis/include/etc/ap_common.h:677:
In file included from C:/Xilinx/2025.1/Vitis/include/etc/ap_private.h:68:
In file included from C:/Xilinx/2025.1/Vitis/include/hls_half.h:26:
In file included from C:/Xilinx/2025.1/Vitis/include/etc/hls_half_fpo.h:19:
In file included from C:/Xilinx/2025.1/Vitis/include/hls_fpo.h:140:
In file included from C:/Xilinx/2025.1/Vitis/include/floating_point_v7_1_bitacc_cmodel.h:150:
C:/Xilinx/2025.1/Vitis/include/gmp.h:58:9: warning: '__GMP_LIBGMP_DLL' macro redefined [-Wmacro-redefined]
#define __GMP_LIBGMP_DLL  0
        ^
C:/Xilinx/2025.1/Vitis/include/floating_point_v7_1_bitacc_cmodel.h:142:9: note: previous definition is here
#define __GMP_LIBGMP_DLL 1
        ^
1 warning generated.
In file included from ../../../../../src_files/tb_Buf2Pe.cpp:1:
In file included from ../../../../../src_files/header.h:8:
In file included from C:/Xilinx/2025.1/Vitis/include/ap_int.h:10:
In file included from C:/Xilinx/2025.1/Vitis/include/etc/ap_common.h:677:
In file included from C:/Xilinx/2025.1/Vitis/include/etc/ap_private.h:68:
In file included from C:/Xilinx/2025.1/Vitis/include/hls_half.h:26:
In file included from C:/Xilinx/2025.1/Vitis/include/etc/hls_half_fpo.h:19:
In file included from C:/Xilinx/2025.1/Vitis/include/hls_fpo.h:140:
In file included from C:/Xilinx/2025.1/Vitis/include/floating_point_v7_1_bitacc_cmodel.h:150:
C:/Xilinx/2025.1/Vitis/include/gmp.h:58:9: warning: '__GMP_LIBGMP_DLL' macro redefined [-Wmacro-redefined]
#define __GMP_LIBGMP_DLL  0
        ^
C:/Xilinx/2025.1/Vitis/include/floating_point_v7_1_bitacc_cmodel.h:142:9: note: previous definition is here
#define __GMP_LIBGMP_DLL 1
        ^
1 warning generated.
In file included from ../../../../../src_files/main_tb.cpp:1:
In file included from ../../../../../src_files/header.h:8:
In file included from C:/Xilinx/2025.1/Vitis/include/ap_int.h:10:
In file included from C:/Xilinx/2025.1/Vitis/include/etc/ap_common.h:677:
In file included from C:/Xilinx/2025.1/Vitis/include/etc/ap_private.h:68:
In file included from C:/Xilinx/2025.1/Vitis/include/hls_half.h:26:
In file included from C:/Xilinx/2025.1/Vitis/include/etc/hls_half_fpo.h:19:
In file included from C:/Xilinx/2025.1/Vitis/include/hls_fpo.h:140:
In file included from C:/Xilinx/2025.1/Vitis/include/floating_point_v7_1_bitacc_cmodel.h:150:
C:/Xilinx/2025.1/Vitis/include/gmp.h:58:9: warning: '__GMP_LIBGMP_DLL' macro redefined [-Wmacro-redefined]
#define __GMP_LIBGMP_DLL  0
        ^
C:/Xilinx/2025.1/Vitis/include/floating_point_v7_1_bitacc_cmodel.h:142:9: note: previous definition is here
#define __GMP_LIBGMP_DLL 1
        ^
1 warning generated.
In file included from ../../../../../src_files/Auxiliary_Calculations.cpp:2:
In file included from ../../../../../src_files/header.h:8:
In file included from C:/Xilinx/2025.1/Vitis/include/ap_int.h:10:
In file included from C:/Xilinx/2025.1/Vitis/include/etc/ap_common.h:677:
In file included from C:/Xilinx/2025.1/Vitis/include/etc/ap_private.h:68:
In file included from C:/Xilinx/2025.1/Vitis/include/hls_half.h:26:
In file included from C:/Xilinx/2025.1/Vitis/include/etc/hls_half_fpo.h:19:
In file included from C:/Xilinx/2025.1/Vitis/include/hls_fpo.h:140:
In file included from C:/Xilinx/2025.1/Vitis/include/floating_point_v7_1_bitacc_cmodel.h:150:
C:/Xilinx/2025.1/Vitis/include/gmp.h:58:9: warning: '__GMP_LIBGMP_DLL' macro redefined [-Wmacro-redefined]
#define __GMP_LIBGMP_DLL  0
        ^
C:/Xilinx/2025.1/Vitis/include/floating_point_v7_1_bitacc_cmodel.h:142:9: note: previous definition is here
#define __GMP_LIBGMP_DLL 1
        ^
1 warning generated.
In file included from ../../../../../src_files/Main_Code.cpp:1:
In file included from ../../../../../src_files/header.h:8:
In file included from C:/Xilinx/2025.1/Vitis/include/ap_int.h:10:
In file included from C:/Xilinx/2025.1/Vitis/include/etc/ap_common.h:677:
In file included from C:/Xilinx/2025.1/Vitis/include/etc/ap_private.h:68:
In file included from C:/Xilinx/2025.1/Vitis/include/hls_half.h:26:
In file included from C:/Xilinx/2025.1/Vitis/include/etc/hls_half_fpo.h:19:
In file included from C:/Xilinx/2025.1/Vitis/include/hls_fpo.h:140:
In file included from C:/Xilinx/2025.1/Vitis/include/floating_point_v7_1_bitacc_cmodel.h:150:
C:/Xilinx/2025.1/Vitis/include/gmp.h:58:9: warning: '__GMP_LIBGMP_DLL' macro redefined [-Wmacro-redefined]
#define __GMP_LIBGMP_DLL  0
        ^
C:/Xilinx/2025.1/Vitis/include/floating_point_v7_1_bitacc_cmodel.h:142:9: note: previous definition is here
#define __GMP_LIBGMP_DLL 1
        ^
1 warning generated.
*********************************************************************************  Starting Verification. ************************************************************************************
*****  Layer 1  *****
Loaded parameters in mem2Buf, layer:0
Loaded parameters in loadBiasTile, layer:0
Loaded parameters in tileClc, layer:0
Loaded parameters, layer:0
Finished mem2Buf tile:0
Finished loadBiasTile tile:0
For this tile, bit shift is 0
Finished tileClc tile:0
Finished tile:0
Finished mem2Buf tile:1
Finished loadBiasTile tile:1
For this tile, bit shift is 0
Finished tileClc tile:1
Finished tile:1

Number of out of range synth values are:854

Positions of out of range values (first 20) for synth module are:
12   14   16   18   20   22   23   25   26   27   28   29   30   31   34   35   37   39   43   44   
Values out of range (first 20) for synth module are:
17627   2259   2607   8391   19116   3964   17409   16664   1196   33548   27274   735   8542   12786   5759   30996   17028   2402   35290   18074   Number of out of range tb values are:854

Positions of out of range values (first 20) for TB are:
12   14   16   18   20   22   23   25   26   27   28   29   30   31   34   35   37   39   43   44   
Values out of range (first 20) for TB are:
17627   2259   2607   8391   19116   3964   17409   16664   1196   33548   27274   735   8542   12786   5759   30996   17028   2402   35290   18074   
*****  Layer 2  *****
Loaded parameters in mem2Buf, layer:1
Loaded parameters in loadBiasTile, layer:1
Loaded parameters in tileClc, layer:1
Loaded parameters, layer:1
Finished mem2Buf tile:0
Finished loadBiasTile tile:0
For this tile, bit shift is 0
Finished tileClc tile:0
Finished tile:0
Finished mem2Buf tile:1
Finished loadBiasTile tile:1
For this tile, bit shift is 0
Finished tileClc tile:1
Finished tile:1

Number of out of range synth values are:858

Positions of out of range values (first 20) for synth module are:
0   9   11   12   13   14   15   18   19   20   21   22   23   24   25   27   28   29   30   31   
Values out of range (first 20) for synth module are:
21707   6321   17883   28666   36670   36232   40200   56876   6222   55463   18145   24016   25188   54021   26746   61800   45285   64236   10800   9753   Number of out of range tb values are:858

Positions of out of range values (first 20) for TB are:
0   9   11   12   13   14   15   18   19   20   21   22   23   24   25   27   28   29   30   31   
Values out of range (first 20) for TB are:
21707   6321   17883   28666   36670   36232   40200   56876   6222   55463   18145   24016   25188   54021   26746   61800   45285   64236   10800   9753   
Printing first 20 elements of last output layer
   21707       0       0       0       0       0       0       0       0    6321       0   17883   28666   36670   36232   40200       0       0   56876    6222
*****  ConvLayer Test with bias + ReLu Passed!  ******

*********************************************************************************  Verification Complete. ************************************************************************************
INFO [HLS SIM]: The maximum depth reached by any hls::stream() instance in the design is 3
INFO: [SIM 211-1] CSim done with 0 errors.
INFO: [SIM 211-3] *************** CSIM finish ***************
INFO: [HLS 200-112] Total CPU user time: 1 seconds. Total CPU system time: 1 seconds. Total elapsed time: 23.233 seconds; peak allocated memory: 138.895 MB.
INFO: [vitis-run 60-791] Total elapsed time: 0h 0m 28s
