  **** HLS Build v2025.1 6135595
INFO: [HLS 200-2005] Using work_dir C:/Programming_Files/VGGHLS-TX/TL_Base/ConvLayer 
INFO: [HLS 200-2176] Writing Vitis IDE component file C:/Programming_Files/VGGHLS-TX/TL_Base/ConvLayer/vitis-comp.json
INFO: [HLS 200-10] Creating and opening component 'C:/Programming_Files/VGGHLS-TX/TL_Base/ConvLayer'.
INFO: [HLS 200-1505] Using default flow_target 'vivado'
Resolution: For help on HLS 200-1505 see docs.xilinx.com/access/sources/dita/topic?Doc_Version=2025.1%20English&url=ug1448-hls-guidance&resourceid=200-1505.html
INFO: [HLS 200-2174] Applying component config ini file C:/Programming_Files/VGGHLS-TX/TL_Base/hls_config.cfg
INFO: [HLS 200-1465] Applying config ini 'syn.file=../src_files/Main_Code.cpp' from C:/Programming_Files/VGGHLS-TX/TL_Base/hls_config.cfg(8)
INFO: [HLS 200-10] Adding design file 'C:/Programming_Files/VGGHLS-TX/src_files/Main_Code.cpp' to the project
INFO: [HLS 200-1465] Applying config ini 'tb.file=../src_files/Auxiliary_Calculations.cpp' from C:/Programming_Files/VGGHLS-TX/TL_Base/hls_config.cfg(9)
INFO: [HLS 200-10] Adding test bench file 'C:/Programming_Files/VGGHLS-TX/src_files/Auxiliary_Calculations.cpp' to the project
INFO: [HLS 200-1465] Applying config ini 'tb.file=../src_files/main_tb.cpp' from C:/Programming_Files/VGGHLS-TX/TL_Base/hls_config.cfg(10)
INFO: [HLS 200-10] Adding test bench file 'C:/Programming_Files/VGGHLS-TX/src_files/main_tb.cpp' to the project
INFO: [HLS 200-1465] Applying config ini 'tb.file=../src_files/tb_Buf2Pe.cpp' from C:/Programming_Files/VGGHLS-TX/TL_Base/hls_config.cfg(11)
INFO: [HLS 200-10] Adding test bench file 'C:/Programming_Files/VGGHLS-TX/src_files/tb_Buf2Pe.cpp' to the project
INFO: [HLS 200-1465] Applying config ini 'tb.file=../src_files/tb_Dfl_ControlLogic.cpp' from C:/Programming_Files/VGGHLS-TX/TL_Base/hls_config.cfg(12)
INFO: [HLS 200-10] Adding test bench file 'C:/Programming_Files/VGGHLS-TX/src_files/tb_Dfl_ControlLogic.cpp' to the project
INFO: [HLS 200-1465] Applying config ini 'tb.file=../src_files/tb_fcLayer.cpp' from C:/Programming_Files/VGGHLS-TX/TL_Base/hls_config.cfg(13)
INFO: [HLS 200-10] Adding test bench file 'C:/Programming_Files/VGGHLS-TX/src_files/tb_fcLayer.cpp' to the project
INFO: [HLS 200-1465] Applying config ini 'tb.file=../src_files/tb_gap.cpp' from C:/Programming_Files/VGGHLS-TX/TL_Base/hls_config.cfg(14)
INFO: [HLS 200-10] Adding test bench file 'C:/Programming_Files/VGGHLS-TX/src_files/tb_gap.cpp' to the project
INFO: [HLS 200-1465] Applying config ini 'tb.file=../src_files/tb_loadbin.cpp' from C:/Programming_Files/VGGHLS-TX/TL_Base/hls_config.cfg(15)
INFO: [HLS 200-10] Adding test bench file 'C:/Programming_Files/VGGHLS-TX/src_files/tb_loadbin.cpp' to the project
INFO: [HLS 200-1465] Applying config ini 'tb.file=../src_files/tb_maxPool.cpp' from C:/Programming_Files/VGGHLS-TX/TL_Base/hls_config.cfg(16)
INFO: [HLS 200-10] Adding test bench file 'C:/Programming_Files/VGGHLS-TX/src_files/tb_maxPool.cpp' to the project
INFO: [HLS 200-1465] Applying config ini 'tb.file=../src_files/tb_Mem2Buf.cpp' from C:/Programming_Files/VGGHLS-TX/TL_Base/hls_config.cfg(17)
INFO: [HLS 200-10] Adding test bench file 'C:/Programming_Files/VGGHLS-TX/src_files/tb_Mem2Buf.cpp' to the project
INFO: [HLS 200-1465] Applying config ini 'tb.file=../src_files/tb_parameters.cpp' from C:/Programming_Files/VGGHLS-TX/TL_Base/hls_config.cfg(18)
INFO: [HLS 200-10] Adding test bench file 'C:/Programming_Files/VGGHLS-TX/src_files/tb_parameters.cpp' to the project
INFO: [HLS 200-1465] Applying config ini 'tb.file=../src_files/tb_Top.cpp' from C:/Programming_Files/VGGHLS-TX/TL_Base/hls_config.cfg(19)
INFO: [HLS 200-10] Adding test bench file 'C:/Programming_Files/VGGHLS-TX/src_files/tb_Top.cpp' to the project
INFO: [HLS 200-1465] Applying config ini 'tb.file=../src_files/tb_port_widening.cpp' from C:/Programming_Files/VGGHLS-TX/TL_Base/hls_config.cfg(20)
INFO: [HLS 200-10] Adding test bench file 'C:/Programming_Files/VGGHLS-TX/src_files/tb_port_widening.cpp' to the project
INFO: [HLS 200-1465] Applying config ini 'syn.top=ConvLayer' from C:/Programming_Files/VGGHLS-TX/TL_Base/hls_config.cfg(7)
INFO: [HLS 200-1465] Applying config ini 'flow_target=vivado' from C:/Programming_Files/VGGHLS-TX/TL_Base/hls_config.cfg(4)
INFO: [HLS 200-1505] Using flow_target 'vivado'
Resolution: For help on HLS 200-1505 see docs.xilinx.com/access/sources/dita/topic?Doc_Version=2025.1%20English&url=ug1448-hls-guidance&resourceid=200-1505.html
INFO: [HLS 200-1465] Applying config ini 'part=xcvu9p-flga2104-3-e' from C:/Programming_Files/VGGHLS-TX/TL_Base/hls_config.cfg(1)
INFO: [HLS 200-1611] Setting target device to 'xcvu9p-flga2104-3-e'
INFO: [HLS 200-1465] Applying config ini 'csim.clean=1' from C:/Programming_Files/VGGHLS-TX/TL_Base/hls_config.cfg(21)
INFO: [HLS 200-1465] Applying config ini 'package.output.format=ip_catalog' from C:/Programming_Files/VGGHLS-TX/TL_Base/hls_config.cfg(5)
INFO: [HLS 200-2176] Writing Vitis IDE component file C:/Programming_Files/VGGHLS-TX/TL_Base/ConvLayer/vitis-comp.json
INFO: [SIM 211-2] *************** CSIM start ***************
INFO: [SIM 211-4] CSIM will launch CLANG as the compiler.
INFO: [HLS 200-2036] Building debug C Simulation binaries
   Compiling ../../../../../src_files/tb_port_widening.cpp in debug mode
   Compiling ../../../../../src_files/tb_Top.cpp in debug mode
   Compiling ../../../../../src_files/tb_parameters.cpp in debug mode
   Compiling ../../../../../src_files/tb_Mem2Buf.cpp in debug mode
   Compiling ../../../../../src_files/tb_maxPool.cpp in debug mode
   Compiling ../../../../../src_files/tb_loadbin.cpp in debug mode
   Compiling ../../../../../src_files/tb_gap.cpp in debug mode
   Compiling ../../../../../src_files/tb_fcLayer.cpp in debug mode
   Compiling ../../../../../src_files/tb_Dfl_ControlLogic.cpp in debug mode
   Compiling ../../../../../src_files/tb_Buf2Pe.cpp in debug mode
   Compiling ../../../../../src_files/main_tb.cpp in debug mode
   Compiling ../../../../../src_files/Auxiliary_Calculations.cpp in debug mode
   Compiling ../../../../../src_files/Main_Code.cpp in debug mode
csim.mk:160: recipe for target 'obj/Main_Code.o' failed
In file included from ../../../../../src_files/tb_port_widening.cpp:1:
In file included from ../../../../../src_files/header.h:7:
In file included from C:/Xilinx/2025.1/Vitis/include/ap_int.h:10:
In file included from C:/Xilinx/2025.1/Vitis/include/etc/ap_common.h:677:
In file included from C:/Xilinx/2025.1/Vitis/include/etc/ap_private.h:68:
In file included from C:/Xilinx/2025.1/Vitis/include/hls_half.h:26:
In file included from C:/Xilinx/2025.1/Vitis/include/etc/hls_half_fpo.h:19:
In file included from C:/Xilinx/2025.1/Vitis/include/hls_fpo.h:140:
In file included from C:/Xilinx/2025.1/Vitis/include/floating_point_v7_1_bitacc_cmodel.h:150:
C:/Xilinx/2025.1/Vitis/include/gmp.h:58:9: warning: '__GMP_LIBGMP_DLL' macro redefined [-Wmacro-redefined]
#define __GMP_LIBGMP_DLL  0
        ^
C:/Xilinx/2025.1/Vitis/include/floating_point_v7_1_bitacc_cmodel.h:142:9: note: previous definition is here
#define __GMP_LIBGMP_DLL 1
        ^
1 warning generated.
In file included from ../../../../../src_files/tb_Top.cpp:1:
In file included from ../../../../../src_files/header.h:7:
In file included from C:/Xilinx/2025.1/Vitis/include/ap_int.h:10:
In file included from C:/Xilinx/2025.1/Vitis/include/etc/ap_common.h:677:
In file included from C:/Xilinx/2025.1/Vitis/include/etc/ap_private.h:68:
In file included from C:/Xilinx/2025.1/Vitis/include/hls_half.h:26:
In file included from C:/Xilinx/2025.1/Vitis/include/etc/hls_half_fpo.h:19:
In file included from C:/Xilinx/2025.1/Vitis/include/hls_fpo.h:140:
In file included from C:/Xilinx/2025.1/Vitis/include/floating_point_v7_1_bitacc_cmodel.h:150:
C:/Xilinx/2025.1/Vitis/include/gmp.h:58:9: warning: '__GMP_LIBGMP_DLL' macro redefined [-Wmacro-redefined]
#define __GMP_LIBGMP_DLL  0
        ^
C:/Xilinx/2025.1/Vitis/include/floating_point_v7_1_bitacc_cmodel.h:142:9: note: previous definition is here
#define __GMP_LIBGMP_DLL 1
        ^
1 warning generated.
In file included from ../../../../../src_files/tb_parameters.cpp:1:
In file included from ../../../../../src_files/header.h:7:
In file included from C:/Xilinx/2025.1/Vitis/include/ap_int.h:10:
In file included from C:/Xilinx/2025.1/Vitis/include/etc/ap_common.h:677:
In file included from C:/Xilinx/2025.1/Vitis/include/etc/ap_private.h:68:
In file included from C:/Xilinx/2025.1/Vitis/include/hls_half.h:26:
In file included from C:/Xilinx/2025.1/Vitis/include/etc/hls_half_fpo.h:19:
In file included from C:/Xilinx/2025.1/Vitis/include/hls_fpo.h:140:
In file included from C:/Xilinx/2025.1/Vitis/include/floating_point_v7_1_bitacc_cmodel.h:150:
C:/Xilinx/2025.1/Vitis/include/gmp.h:58:9: warning: '__GMP_LIBGMP_DLL' macro redefined [-Wmacro-redefined]
#define __GMP_LIBGMP_DLL  0
        ^
C:/Xilinx/2025.1/Vitis/include/floating_point_v7_1_bitacc_cmodel.h:142:9: note: previous definition is here
#define __GMP_LIBGMP_DLL 1
        ^
1 warning generated.
In file included from ../../../../../src_files/tb_Mem2Buf.cpp:1:
In file included from ../../../../../src_files/header.h:7:
In file included from C:/Xilinx/2025.1/Vitis/include/ap_int.h:10:
In file included from C:/Xilinx/2025.1/Vitis/include/etc/ap_common.h:677:
In file included from C:/Xilinx/2025.1/Vitis/include/etc/ap_private.h:68:
In file included from C:/Xilinx/2025.1/Vitis/include/hls_half.h:26:
In file included from C:/Xilinx/2025.1/Vitis/include/etc/hls_half_fpo.h:19:
In file included from C:/Xilinx/2025.1/Vitis/include/hls_fpo.h:140:
In file included from C:/Xilinx/2025.1/Vitis/include/floating_point_v7_1_bitacc_cmodel.h:150:
C:/Xilinx/2025.1/Vitis/include/gmp.h:58:9: warning: '__GMP_LIBGMP_DLL' macro redefined [-Wmacro-redefined]
#define __GMP_LIBGMP_DLL  0
        ^
C:/Xilinx/2025.1/Vitis/include/floating_point_v7_1_bitacc_cmodel.h:142:9: note: previous definition is here
#define __GMP_LIBGMP_DLL 1
        ^
1 warning generated.
In file included from ../../../../../src_files/tb_maxPool.cpp:1:
In file included from ../../../../../src_files/header.h:7:
In file included from C:/Xilinx/2025.1/Vitis/include/ap_int.h:10:
In file included from C:/Xilinx/2025.1/Vitis/include/etc/ap_common.h:677:
In file included from C:/Xilinx/2025.1/Vitis/include/etc/ap_private.h:68:
In file included from C:/Xilinx/2025.1/Vitis/include/hls_half.h:26:
In file included from C:/Xilinx/2025.1/Vitis/include/etc/hls_half_fpo.h:19:
In file included from C:/Xilinx/2025.1/Vitis/include/hls_fpo.h:140:
In file included from C:/Xilinx/2025.1/Vitis/include/floating_point_v7_1_bitacc_cmodel.h:150:
C:/Xilinx/2025.1/Vitis/include/gmp.h:58:9: warning: '__GMP_LIBGMP_DLL' macro redefined [-Wmacro-redefined]
#define __GMP_LIBGMP_DLL  0
        ^
C:/Xilinx/2025.1/Vitis/include/floating_point_v7_1_bitacc_cmodel.h:142:9: note: previous definition is here
#define __GMP_LIBGMP_DLL 1
        ^
1 warning generated.
In file included from ../../../../../src_files/tb_loadbin.cpp:1:
In file included from ../../../../../src_files/header.h:7:
In file included from C:/Xilinx/2025.1/Vitis/include/ap_int.h:10:
In file included from C:/Xilinx/2025.1/Vitis/include/etc/ap_common.h:677:
In file included from C:/Xilinx/2025.1/Vitis/include/etc/ap_private.h:68:
In file included from C:/Xilinx/2025.1/Vitis/include/hls_half.h:26:
In file included from C:/Xilinx/2025.1/Vitis/include/etc/hls_half_fpo.h:19:
In file included from C:/Xilinx/2025.1/Vitis/include/hls_fpo.h:140:
In file included from C:/Xilinx/2025.1/Vitis/include/floating_point_v7_1_bitacc_cmodel.h:150:
C:/Xilinx/2025.1/Vitis/include/gmp.h:58:9: warning: '__GMP_LIBGMP_DLL' macro redefined [-Wmacro-redefined]
#define __GMP_LIBGMP_DLL  0
        ^
C:/Xilinx/2025.1/Vitis/include/floating_point_v7_1_bitacc_cmodel.h:142:9: note: previous definition is here
#define __GMP_LIBGMP_DLL 1
        ^
1 warning generated.
In file included from ../../../../../src_files/tb_gap.cpp:1:
In file included from ../../../../../src_files/header.h:7:
In file included from C:/Xilinx/2025.1/Vitis/include/ap_int.h:10:
In file included from C:/Xilinx/2025.1/Vitis/include/etc/ap_common.h:677:
In file included from C:/Xilinx/2025.1/Vitis/include/etc/ap_private.h:68:
In file included from C:/Xilinx/2025.1/Vitis/include/hls_half.h:26:
In file included from C:/Xilinx/2025.1/Vitis/include/etc/hls_half_fpo.h:19:
In file included from C:/Xilinx/2025.1/Vitis/include/hls_fpo.h:140:
In file included from C:/Xilinx/2025.1/Vitis/include/floating_point_v7_1_bitacc_cmodel.h:150:
C:/Xilinx/2025.1/Vitis/include/gmp.h:58:9: warning: '__GMP_LIBGMP_DLL' macro redefined [-Wmacro-redefined]
#define __GMP_LIBGMP_DLL  0
        ^
C:/Xilinx/2025.1/Vitis/include/floating_point_v7_1_bitacc_cmodel.h:142:9: note: previous definition is here
#define __GMP_LIBGMP_DLL 1
        ^
1 warning generated.
In file included from ../../../../../src_files/tb_fcLayer.cpp:1:
In file included from ../../../../../src_files/header.h:7:
In file included from C:/Xilinx/2025.1/Vitis/include/ap_int.h:10:
In file included from C:/Xilinx/2025.1/Vitis/include/etc/ap_common.h:677:
In file included from C:/Xilinx/2025.1/Vitis/include/etc/ap_private.h:68:
In file included from C:/Xilinx/2025.1/Vitis/include/hls_half.h:26:
In file included from C:/Xilinx/2025.1/Vitis/include/etc/hls_half_fpo.h:19:
In file included from C:/Xilinx/2025.1/Vitis/include/hls_fpo.h:140:
In file included from C:/Xilinx/2025.1/Vitis/include/floating_point_v7_1_bitacc_cmodel.h:150:
C:/Xilinx/2025.1/Vitis/include/gmp.h:58:9: warning: '__GMP_LIBGMP_DLL' macro redefined [-Wmacro-redefined]
#define __GMP_LIBGMP_DLL  0
        ^
C:/Xilinx/2025.1/Vitis/include/floating_point_v7_1_bitacc_cmodel.h:142:9: note: previous definition is here
#define __GMP_LIBGMP_DLL 1
        ^
1 warning generated.
In file included from ../../../../../src_files/tb_Dfl_ControlLogic.cpp:1:
In file included from ../../../../../src_files/header.h:7:
In file included from C:/Xilinx/2025.1/Vitis/include/ap_int.h:10:
In file included from C:/Xilinx/2025.1/Vitis/include/etc/ap_common.h:677:
In file included from C:/Xilinx/2025.1/Vitis/include/etc/ap_private.h:68:
In file included from C:/Xilinx/2025.1/Vitis/include/hls_half.h:26:
In file included from C:/Xilinx/2025.1/Vitis/include/etc/hls_half_fpo.h:19:
In file included from C:/Xilinx/2025.1/Vitis/include/hls_fpo.h:140:
In file included from C:/Xilinx/2025.1/Vitis/include/floating_point_v7_1_bitacc_cmodel.h:150:
C:/Xilinx/2025.1/Vitis/include/gmp.h:58:9: warning: '__GMP_LIBGMP_DLL' macro redefined [-Wmacro-redefined]
#define __GMP_LIBGMP_DLL  0
        ^
C:/Xilinx/2025.1/Vitis/include/floating_point_v7_1_bitacc_cmodel.h:142:9: note: previous definition is here
#define __GMP_LIBGMP_DLL 1
        ^
1 warning generated.
In file included from ../../../../../src_files/tb_Buf2Pe.cpp:1:
In file included from ../../../../../src_files/header.h:7:
In file included from C:/Xilinx/2025.1/Vitis/include/ap_int.h:10:
In file included from C:/Xilinx/2025.1/Vitis/include/etc/ap_common.h:677:
In file included from C:/Xilinx/2025.1/Vitis/include/etc/ap_private.h:68:
In file included from C:/Xilinx/2025.1/Vitis/include/hls_half.h:26:
In file included from C:/Xilinx/2025.1/Vitis/include/etc/hls_half_fpo.h:19:
In file included from C:/Xilinx/2025.1/Vitis/include/hls_fpo.h:140:
In file included from C:/Xilinx/2025.1/Vitis/include/floating_point_v7_1_bitacc_cmodel.h:150:
C:/Xilinx/2025.1/Vitis/include/gmp.h:58:9: warning: '__GMP_LIBGMP_DLL' macro redefined [-Wmacro-redefined]
#define __GMP_LIBGMP_DLL  0
        ^
C:/Xilinx/2025.1/Vitis/include/floating_point_v7_1_bitacc_cmodel.h:142:9: note: previous definition is here
#define __GMP_LIBGMP_DLL 1
        ^
1 warning generated.
In file included from ../../../../../src_files/main_tb.cpp:1:
In file included from ../../../../../src_files/header.h:7:
In file included from C:/Xilinx/2025.1/Vitis/include/ap_int.h:10:
In file included from C:/Xilinx/2025.1/Vitis/include/etc/ap_common.h:677:
In file included from C:/Xilinx/2025.1/Vitis/include/etc/ap_private.h:68:
In file included from C:/Xilinx/2025.1/Vitis/include/hls_half.h:26:
In file included from C:/Xilinx/2025.1/Vitis/include/etc/hls_half_fpo.h:19:
In file included from C:/Xilinx/2025.1/Vitis/include/hls_fpo.h:140:
In file included from C:/Xilinx/2025.1/Vitis/include/floating_point_v7_1_bitacc_cmodel.h:150:
C:/Xilinx/2025.1/Vitis/include/gmp.h:58:9: warning: '__GMP_LIBGMP_DLL' macro redefined [-Wmacro-redefined]
#define __GMP_LIBGMP_DLL  0
        ^
C:/Xilinx/2025.1/Vitis/include/floating_point_v7_1_bitacc_cmodel.h:142:9: note: previous definition is here
#define __GMP_LIBGMP_DLL 1
        ^
1 warning generated.
In file included from ../../../../../src_files/Auxiliary_Calculations.cpp:2:
In file included from ../../../../../src_files/header.h:7:
In file included from C:/Xilinx/2025.1/Vitis/include/ap_int.h:10:
In file included from C:/Xilinx/2025.1/Vitis/include/etc/ap_common.h:677:
In file included from C:/Xilinx/2025.1/Vitis/include/etc/ap_private.h:68:
In file included from C:/Xilinx/2025.1/Vitis/include/hls_half.h:26:
In file included from C:/Xilinx/2025.1/Vitis/include/etc/hls_half_fpo.h:19:
In file included from C:/Xilinx/2025.1/Vitis/include/hls_fpo.h:140:
In file included from C:/Xilinx/2025.1/Vitis/include/floating_point_v7_1_bitacc_cmodel.h:150:
C:/Xilinx/2025.1/Vitis/include/gmp.h:58:9: warning: '__GMP_LIBGMP_DLL' macro redefined [-Wmacro-redefined]
#define __GMP_LIBGMP_DLL  0
        ^
C:/Xilinx/2025.1/Vitis/include/floating_point_v7_1_bitacc_cmodel.h:142:9: note: previous definition is here
#define __GMP_LIBGMP_DLL 1
        ^
1 warning generated.
In file included from ../../../../../src_files/Main_Code.cpp:1:
In file included from ../../../../../src_files/header.h:7:
In file included from C:/Xilinx/2025.1/Vitis/include/ap_int.h:10:
In file included from C:/Xilinx/2025.1/Vitis/include/etc/ap_common.h:677:
In file included from C:/Xilinx/2025.1/Vitis/include/etc/ap_private.h:68:
In file included from C:/Xilinx/2025.1/Vitis/include/hls_half.h:26:
In file included from C:/Xilinx/2025.1/Vitis/include/etc/hls_half_fpo.h:19:
In file included from C:/Xilinx/2025.1/Vitis/include/hls_fpo.h:140:
In file included from C:/Xilinx/2025.1/Vitis/include/floating_point_v7_1_bitacc_cmodel.h:150:
C:/Xilinx/2025.1/Vitis/include/gmp.h:58:9: warning: '__GMP_LIBGMP_DLL' macro redefined [-Wmacro-redefined]
#define __GMP_LIBGMP_DLL  0
        ^
C:/Xilinx/2025.1/Vitis/include/floating_point_v7_1_bitacc_cmodel.h:142:9: note: previous definition is here
#define __GMP_LIBGMP_DLL 1
        ^
../../../../../src_files/Main_Code.cpp:2056:3: error: function definition is not allowed here
        ){
         ^
../../../../../src_files/Main_Code.cpp:2197:3: error: function definition is not allowed here
        ){
         ^
../../../../../src_files/Main_Code.cpp:2245:3: error: function definition is not allowed here
        ){
         ^
../../../../../src_files/Main_Code.cpp:2311:3: error: function definition is not allowed here
        ){
         ^
../../../../../src_files/Main_Code.cpp:2383:3: error: function definition is not allowed here
        ){
         ^
../../../../../src_files/Main_Code.cpp:2747:3: error: function definition is not allowed here
        ){
         ^
../../../../../src_files/Main_Code.cpp:2902:3: error: function definition is not allowed here
        ){
         ^
../../../../../src_files/Main_Code.cpp:3240:40: error: function definition is not allowed here
void gap(px_data_t *in, px_data_t *out){
                                       ^
../../../../../src_files/Main_Code.cpp:3258:37: error: function definition is not allowed here
                /*Output*/ px_data_t finalOut[17]){
                                                  ^
../../../../../src_files/Main_Code.cpp:3288:3: error: function definition is not allowed here
        ){
         ^
../../../../../src_files/Main_Code.cpp:3308:3: error: function definition is not allowed here
        ){
         ^
../../../../../src_files/Main_Code.cpp:3328:3: error: function definition is not allowed here
        ){
         ^
../../../../../src_files/Main_Code.cpp:3353:3: error: function definition is not allowed here
        ){
         ^
../../../../../src_files/Main_Code.cpp:3461:33: error: function definition is not allowed here
                px_data_t *OfMap, int layerNo){
                                              ^
../../../../../src_files/Main_Code.cpp:3507:48: error: function definition is not allowed here
void swapPointers(px_data_t *&a, px_data_t *&b){
                                               ^
../../../../../src_files/Main_Code.cpp:3511:2: error: expected '}'
}
 ^
../../../../../src_files/Main_Code.cpp:1878:3: note: to match this '{'
        ){
         ^
1 warning and 16 errors generated.
make: *** [obj/Main_Code.o] Error 1
ERROR: [SIM 211-100] 'csim_design' failed: compilation error(s).
INFO: [SIM 211-3] *************** CSIM finish ***************
ERROR: 4
INFO: [HLS 200-112] Total CPU user time: 1 seconds. Total CPU system time: 2 seconds. Total elapsed time: 50.161 seconds; peak allocated memory: 138.648 MB.
