  **** HLS Build v2025.1 6135595
INFO: [HLS 200-2005] Using work_dir C:/Programming_Files/VGGHLS-TX/TL_Base/ConvLayer 
INFO: [HLS 200-2176] Writing Vitis IDE component file C:/Programming_Files/VGGHLS-TX/TL_Base/ConvLayer/vitis-comp.json
INFO: [HLS 200-10] Creating and opening component 'C:/Programming_Files/VGGHLS-TX/TL_Base/ConvLayer'.
INFO: [HLS 200-1611] Setting target device to 'xcvu9p-flga2104-3-e'
INFO: [HLS 200-1505] Using default flow_target 'vivado'
Resolution: For help on HLS 200-1505 see docs.xilinx.com/access/sources/dita/topic?Doc_Version=2025.1%20English&url=ug1448-hls-guidance&resourceid=200-1505.html
INFO: [HLS 200-2174] Applying component config ini file C:/Programming_Files/VGGHLS-TX/TL_Base/hls_config.cfg
INFO: [HLS 200-1465] Applying config ini 'syn.file=../src_files/Main_Code.cpp' from C:/Programming_Files/VGGHLS-TX/TL_Base/hls_config.cfg(8)
INFO: [HLS 200-10] Adding design file 'C:/Programming_Files/VGGHLS-TX/src_files/Main_Code.cpp' to the project
INFO: [HLS 200-1465] Applying config ini 'tb.file=../src_files/Auxiliary_Calculations.cpp' from C:/Programming_Files/VGGHLS-TX/TL_Base/hls_config.cfg(9)
INFO: [HLS 200-10] Adding test bench file 'C:/Programming_Files/VGGHLS-TX/src_files/Auxiliary_Calculations.cpp' to the project
INFO: [HLS 200-1465] Applying config ini 'tb.file=../src_files/main_tb.cpp' from C:/Programming_Files/VGGHLS-TX/TL_Base/hls_config.cfg(10)
INFO: [HLS 200-10] Adding test bench file 'C:/Programming_Files/VGGHLS-TX/src_files/main_tb.cpp' to the project
INFO: [HLS 200-1465] Applying config ini 'tb.file=../src_files/tb_Buf2Pe.cpp' from C:/Programming_Files/VGGHLS-TX/TL_Base/hls_config.cfg(11)
INFO: [HLS 200-10] Adding test bench file 'C:/Programming_Files/VGGHLS-TX/src_files/tb_Buf2Pe.cpp' to the project
INFO: [HLS 200-1465] Applying config ini 'tb.file=../src_files/tb_Dfl_ControlLogic.cpp' from C:/Programming_Files/VGGHLS-TX/TL_Base/hls_config.cfg(12)
INFO: [HLS 200-10] Adding test bench file 'C:/Programming_Files/VGGHLS-TX/src_files/tb_Dfl_ControlLogic.cpp' to the project
INFO: [HLS 200-1465] Applying config ini 'tb.file=../src_files/tb_fcLayer.cpp' from C:/Programming_Files/VGGHLS-TX/TL_Base/hls_config.cfg(13)
INFO: [HLS 200-10] Adding test bench file 'C:/Programming_Files/VGGHLS-TX/src_files/tb_fcLayer.cpp' to the project
INFO: [HLS 200-1465] Applying config ini 'tb.file=../src_files/tb_gap.cpp' from C:/Programming_Files/VGGHLS-TX/TL_Base/hls_config.cfg(14)
INFO: [HLS 200-10] Adding test bench file 'C:/Programming_Files/VGGHLS-TX/src_files/tb_gap.cpp' to the project
INFO: [HLS 200-1465] Applying config ini 'tb.file=../src_files/tb_loadbin.cpp' from C:/Programming_Files/VGGHLS-TX/TL_Base/hls_config.cfg(15)
INFO: [HLS 200-10] Adding test bench file 'C:/Programming_Files/VGGHLS-TX/src_files/tb_loadbin.cpp' to the project
INFO: [HLS 200-1465] Applying config ini 'tb.file=../src_files/tb_maxPool.cpp' from C:/Programming_Files/VGGHLS-TX/TL_Base/hls_config.cfg(16)
INFO: [HLS 200-10] Adding test bench file 'C:/Programming_Files/VGGHLS-TX/src_files/tb_maxPool.cpp' to the project
INFO: [HLS 200-1465] Applying config ini 'tb.file=../src_files/tb_Mem2Buf.cpp' from C:/Programming_Files/VGGHLS-TX/TL_Base/hls_config.cfg(17)
INFO: [HLS 200-10] Adding test bench file 'C:/Programming_Files/VGGHLS-TX/src_files/tb_Mem2Buf.cpp' to the project
INFO: [HLS 200-1465] Applying config ini 'tb.file=../src_files/tb_parameters.cpp' from C:/Programming_Files/VGGHLS-TX/TL_Base/hls_config.cfg(18)
INFO: [HLS 200-10] Adding test bench file 'C:/Programming_Files/VGGHLS-TX/src_files/tb_parameters.cpp' to the project
INFO: [HLS 200-1465] Applying config ini 'tb.file=../src_files/tb_Top.cpp' from C:/Programming_Files/VGGHLS-TX/TL_Base/hls_config.cfg(19)
INFO: [HLS 200-10] Adding test bench file 'C:/Programming_Files/VGGHLS-TX/src_files/tb_Top.cpp' to the project
INFO: [HLS 200-1465] Applying config ini 'tb.file=../src_files/tb_port_widening.cpp' from C:/Programming_Files/VGGHLS-TX/TL_Base/hls_config.cfg(20)
INFO: [HLS 200-10] Adding test bench file 'C:/Programming_Files/VGGHLS-TX/src_files/tb_port_widening.cpp' to the project
INFO: [HLS 200-1465] Applying config ini 'syn.top=ConvLayer' from C:/Programming_Files/VGGHLS-TX/TL_Base/hls_config.cfg(7)
INFO: [HLS 200-1465] Applying config ini 'flow_target=vivado' from C:/Programming_Files/VGGHLS-TX/TL_Base/hls_config.cfg(4)
INFO: [HLS 200-1505] Using flow_target 'vivado'
Resolution: For help on HLS 200-1505 see docs.xilinx.com/access/sources/dita/topic?Doc_Version=2025.1%20English&url=ug1448-hls-guidance&resourceid=200-1505.html
INFO: [HLS 200-1465] Applying config ini 'part=xcvu9p-flga2104-3-e' from C:/Programming_Files/VGGHLS-TX/TL_Base/hls_config.cfg(1)
INFO: [HLS 200-1465] Applying config ini 'csim.clean=1' from C:/Programming_Files/VGGHLS-TX/TL_Base/hls_config.cfg(21)
INFO: [HLS 200-1465] Applying config ini 'package.output.format=ip_catalog' from C:/Programming_Files/VGGHLS-TX/TL_Base/hls_config.cfg(5)
INFO: [HLS 200-2176] Writing Vitis IDE component file C:/Programming_Files/VGGHLS-TX/TL_Base/ConvLayer/vitis-comp.json
INFO: [COSIM 212-47] Using XSIM for RTL simulation.
INFO: [COSIM 212-14] Instrumenting C test bench ...
   Build using "C:/Xilinx/2025.1/Vitis/win64/tools/vcxx/libexec/clang++"
   Compiling tb_loadbin.cpp_pre.cpp.tb.cpp
   Compiling apatb_ConvLayer.cpp
   Compiling tb_Mem2Buf.cpp_pre.cpp.tb.cpp
   Compiling tb_gap.cpp_pre.cpp.tb.cpp
   Compiling Main_Code.cpp_pre.cpp.tb.cpp
   Compiling tb_parameters.cpp_pre.cpp.tb.cpp
   Compiling Auxiliary_Calculations.cpp_pre.cpp.tb.cpp
   Compiling tb_fcLayer.cpp_pre.cpp.tb.cpp
   Compiling tb_Buf2Pe.cpp_pre.cpp.tb.cpp
   Compiling main_tb.cpp_pre.cpp.tb.cpp
   Compiling tb_port_widening.cpp_pre.cpp.tb.cpp
   Compiling tb_maxPool.cpp_pre.cpp.tb.cpp
   Compiling tb_Top.cpp_pre.cpp.tb.cpp
   Compiling tb_Dfl_ControlLogic.cpp_pre.cpp.tb.cpp
   Compiling apatb_ConvLayer_ir.ll
   Generating cosim.tv.exe
INFO: [COSIM 212-302] Starting C TB testing ... 
*********************************************************************************  Starting Verification. ************************************************************************************
No integration of max pooling or network head in the convolutional layer.
No port widening applied.
Sequential scheduling for middle region (2) was applied.
layerCnfg signal is passed as input.
Reached HERE!1
*****  Layer 1  *****
Reached HERE2!
Reached HERE3!
Reached HERE3333!
Reached HERE4!
Reached HERE44!
For this tile, bit shift is 1
For this tile, bit shift is 1
Reached HERE!

Number of out of range synth values are:847

Positions of out of range values (first 20) for synth module are:
12   14   16   18   20   22   23   25   26   27   28   29   30   31   34   35   37   39   43   44   
Values out of range (first 20) for synth module are:
8784   1100   1274   4166   9529   1953   8675   8303   569   16745   13608   338   4242   6364   2850   15469   8485   1172   17616   9008   Number of out of range tb values are:847

Positions of out of range values (first 20) for TB are:
12   14   16   18   20   22   23   25   26   27   28   29   30   31   34   35   37   39   43   44   
Values out of range (first 20) for TB are:
8784   1100   1274   4166   9529   1953   8675   8303   569   16745   13608   338   4242   6364   2850   15469   8485   1172   17616   9008   
Printing IfMap of Layer1
***  Printing Input Feature Map for Layer 0  ***
1 Map
  41  35  62   4  97 108  86  46  82  16  73 113 
 113  59 105 107  51  38  91  60   7  12  62  25 
  36  94  13  28   6  55  71  94  51  18  77  72 
  67  59  11  38  31   3  90 125   9  56  37  31 
  93  84  75 124  22 117  69  59  19  13   9  10 
  28  91  46  50  32  26  80 110  64 120  54 125 
  18  73  50 118  30 125  73  92  45  79  20 114 
  68  64 102  80 107  68  48  55  50  59  33  34 
 118  34  17  29  97  11  31  90  48  74  25   2 
  57 114  29  73  44   0 126  69  25  85 105   0 
  50 106  73  76  83  63 103  86  63  20  86 126 
  45  92  14 102   3 111  87  73  97 127 105  15 
2 Map
  97  77  81  30  29  28  22 114 114 102  29 112 
   4  79  74 119   2  87 104  57  44  83  75  73 
  18  30  51 116  30  12 116  85  84  31  84  36 
  89 126  53  79  50  34 116  76  79  83  16  45 
  72  83  15 117 102  89  29  42 101  64 119  43 
 120   1   7  68  14  95  80   0  84  97  13  62 
 123   5  21   7  59  51   2  31  24 112  18  90 
 100  84  78  49   5  62 105  21 120  70 106   4 
  22 115  14  89  22  47 103 104  84 119  74  74 
  80  87 104 118 122  22  59  17  45  46  36   8 
 121 126  82  91  37  67 101  60 116  69  83  88 
  40  78  11 117  69  96  89  61  23  39  10  89 
3 Map
 118  45  80  66  73  77 104  84  73 106 121  37 
   8  97  64  20  49  59 106  37  17  40  65  12 
  86  41  11   7  23  12  47 113  21  29  26  21 
  65  27  97  64 126 105  40  26  39   6  66  53 
  84  63  26 103  89  35  81  85  16  56  40  81 
  89 108  33 102  94  78  97  48  28 126  89 113 
  31  98  37  98  12  27  52  71 101  56  42  70 
   9  41   2 121 122 118 120  66  99  49  38  95 
  90  41 109  62  98  96  22  18  52  63  57  38 
  63   9  94 113 109  14  99 108  40  33  30  32 
  29  75  66   3  63  65   7   4  15  20   5 101 
  27  40  97  73  69 103  44  14  70  54   8  92 
Printing WtMap of Layer1
***  Printing Weight Kernel Maps for Layer 0  ***

* Printing Weight Kernels for 0 OfMap *
  70    63   -76  |    38    27   -72  |     3    93   -64  |   
 -13   116   -71  |    79   -53    53  |  -117   -71     0  |   
  46   -15   -59  |   -72    39  -124  |   100    57   109  |   
* Printing Weight Kernels for 1 OfMap *
 100  -102   105  |   123   -45    74  |    28   -95    70  |   
-103    39  -115  |  -118    55    24  |    76    96    88  |   
  54   -59   -24  |    -9    80   -94  |   -98  -100    -6  |   
* Printing Weight Kernels for 2 OfMap *
 -39  -118  -105  |   -17   -84    47  |  -100    74   -41  |   
 -76   -34   -70  |   -88    98  -117  |   -99    26   -77  |   
 -61    15    -5  |     4    12   -21  |  -112   -49   119  |   
* Printing Weight Kernels for 3 OfMap *
  71   -69    64  |   -63  -119  -108  |   -67    53   -76  |   
  59   -33    81  |     6    14   -72  |   -32   -12   119  |   
  83    39    56  |    13    17   -57  |   -54   -83   104  |   
* Printing Weight Kernels for 4 OfMap *
 120   110  -127  |   -76   -40   -35  |   -37     4   -53  |   
 113   108    15  |   -74     8   113  |   -89   100    83  |   
  63   -95    43  |   -36     6     1  |     3   -20    68  |   
* Printing Weight Kernels for 5 OfMap *
  70  -122  -116  |    33   117   -45  |   -55   -95   -59  |   
 -66     1   114  |   -96   108    20  |  -119   -44  -125  |   
 -44  -117  -111  |   -74   105  -106  |  -103   -72   -97  |   
* Printing Weight Kernels for 6 OfMap *
-107  -118   -18  |   -71   -81  -116  |   116    66    73  |   
  93    76    73  |   -45   -44   -64  |  -123   -49  -123  |   
 -78   102   -92  |    27    50    30  |    81   -38   125  |   
* Printing Weight Kernels for 7 OfMap *
 122    52    -2  |    31    38   -98  |    38   -89     2  |   
  88    10   -63  |  -107    76   103  |   113     6   -83  |   
 -60   -26    89  |    74   -32    24  |    34  -125   118  |   
* Printing Weight Kernels for 8 OfMap *
-100    39    91  |   -32   -91   108  |   121   103   -45  |   
 -79    58    17  |   -50   -40    -8  |    66    41   -73  |   
  56  -127   100  |   -53   -96    55  |   105    21    -9  |   
* Printing Weight Kernels for 9 OfMap *
  67   114    61  |     9    91   104  |   113    39   105  |   
 103    82   109  |    51   -56   123  |    65   -46   -62  |   
-125   105   105  |   -46   113   123  |    23   -49   -59  |   
* Printing Weight Kernels for 10 OfMap *
 107   120   -49  |   -22   102    77  |   -92    26    46  |   
  32   125   -60  |    -3   -94   -87  |    67   -67   104  |   
-107   -64    17  |    61   -78   -21  |    15    -7    63  |   
* Printing Weight Kernels for 11 OfMap *
  74    13   -38  |  -108    -4    90  |    -1    74   -61  |   
 -74   -94   -42  |   122   -82   -40  |  -103    63   -50  |   
  35   -48    83  |   -34   -97   -23  |   -33   -16   -40  |   
Printing OfMap under test of Layer1
***  Printing Output Feature Map  ***
1 Map
   0     0     0     0     0     0     0     0     0     0     0     0  |  
8784     0  1100     0  1274     0  4166     0  9529     0  1953  8675  |  
   0  8303   569  16745  13608   338  4242  6364     0     0  2850  15469  |  
   0  8485     0  1172     0     0     0  17616  9008     0  8945  4252  |  
6162  2153  12510  10275  1198  5688  3051  3129  3249  10602  5925  13271  |  
   0  5605     0   968  3486     0  2426  14967     0  9121     0  8598  |  
   0  3518     0  12885  1721  13065  15693  3030     0  2165  7871  13481  |  
   0  21646   135  14285     0     0     0     0     0  8087     0  12623  |  
   0     0   638     0  14128     0  6977  11689  10186  1316  7028  8629  |  
   0  7737     0     0     0     0     0     0     0     0  5409  5663  |  
   0  10475     0  9263  17291     0  4492  17766  1575  4350  12518  16459  |  
   0  6075  3073     0     0     0    90  1794  4634     0     0  8880  |  
2 Map
1783     0     0     0     0     0     0     0  3438     0     0  5967  |  
   0  3472     0  13674     0  3350  7311     0  3488  9773  8309     0  |  
   0  9736     0     0     0     0     0  2908  7492     0     0     0  |  
   0     0     0  3416  10116  4483  4017     0     0  6942     0  3113  |  
5068     0     0  11455     0  3848     0     0  11893     0   709     0  |  
8462     0  16362     0  19036  10986  6065     0     0  8074     0  7588  |  
2386     0  7144     0     0     0     0   503  8201     0  10633     0  |  
   0     0     0     0  9242  2764  10400  1423  10986     0  16494     0  |  
3143  8997  7370  2578  7309  2411     0  2873     0  8784  3479  2744  |  
   0  3637   733  12650   591     0  13146  4946  15532     0  4447     0  |  
 309  6512     0     0     0  6549     0     0     0     0     0  7734  |  
6927  13569  9066  26246  4675  15081  3183  7196   458  11661  12655     0  |  
3 Map
3695     0     0     0     0     0     0     0     0     0     0     0  |  
   0     0     0     0     0     0     0     0     0     0     0     0  |  
   0     0     0     0     0     0     0     0     0     0     0     0  |  
   0     0     0     0     0     0     0     0     0     0     0     0  |  
   0     0     0     0     0     0     0     0     0     0     0     0  |  
   0     0     0     0     0     0     0     0     0     0     0     0  |  
   0     0     0     0     0     0     0     0     0     0     0     0  |  
   0     0     0     0     0     0     0     0     0     0     0     0  |  
   0     0     0     0     0     0     0     0     0     0     0     0  |  
   0     0     0     0     0     0     0     0     0     0     0     0  |  
   0     0     0     0     0     0     0     0     0     0     0     0  |  
   0     0     0     0     0     0     0     0     0     0     0     0  |  
4 Map
6900  10047  3557  16998  10501  13479  3627  5503  4295  12827     0   850  |  
   0     0     0  3969     0  2506  1059     0     0     0     0     0  |  
   0   361     0     0     0     0     0     0     0     0     0     0  |  
 518  1137  4252     0  4161     0     0     0     0     0     0     0  |  
   0     0  3298     0     0     0     0     0  7785     0  6262     0  |  
7505     0  3067     0     0     0  9771     0     0     0   688     0  |  
5257    12  14295  2971     0     0  1998     0     0     0  7179     0  |  
   0  5684  4252  11942  4342     0  3326  1046  2101     0  1652     0  |  
   0  7036     0  5120     0     0     0     0     0     0     0   425  |  
   0     0  2241   922     0  3676     0     0     0     0     0     0  |  
  81     0     0     0     0     0     0  7088  4065  2259  9866  3968  |  
   0     0     0     0  1576     0     0     0     0     0     0     0  |  
5 Map
14215  10782  7540  5949  12051  22341  19131  15559  15729  13321  7850  5741  |  
12214  8343  14247     0  7043  17465  17493     0  1788    48     0  2658  |  
7615  8437  6038  7023    55  5588  13190  11268  4921     0  3964  3945  |  
9127  12224  13753  3730  7886   215  4100  10241  12984     0  8300  4402  |  
16643  1010  13752  17902  8387   256  4449  13962  11664   836  7913     0  |  
11220   644  10466  12303  7638  2670  9971  14518  19971  9191  10283   973  |  
   0  3321  10227  17929  5358  4851  8693  17254  14143  5208  5046  12269  |  
   0  12175  7607  28517  11549  23713  11444  10991  13016  6012     0  6552  |  
14316  4916  10449  3031  8813  16942     0  2641  15027  4405   115   141  |  
16316  12373  13295  6249  3064  2137  3581  8140   374  5705  8839     0  |  
9473  12433  9518     0  19366     0  5772  20545  7561   164  21789  19888  |  
 223  5461  12842  7361  10768  9813  7100  8867  16507  4783  7531  18320  |  
6 Map
   0     0     0     0     0     0     0     0     0     0     0     0  |  
   0     0     0     0     0     0     0     0     0     0     0     0  |  
   0     0     0     0     0     0     0     0     0     0     0     0  |  
   0     0     0     0     0     0     0     0     0     0     0     0  |  
   0     0     0     0     0     0     0     0     0     0     0     0  |  
   0     0     0     0     0     0     0     0     0     0     0     0  |  
   0     0     0     0     0     0     0     0     0     0     0     0  |  
   0     0     0     0     0     0     0     0     0     0     0     0  |  
   0     0     0     0     0     0     0     0     0     0     0     0  |  
   0     0     0     0     0     0     0     0     0     0     0     0  |  
   0     0     0     0     0     0     0     0     0     0     0     0  |  
   0     0     0     0     0     0     0     0   635     0     0     0  |  
7 Map
2916     0     0   526     0  4115   567     0     0     0     0   416  |  
   0  3535     0  4834     0     0     0     0     0     0     0     0  |  
   0     0     0     0     0     0     0     0     0   637     0     0  |  
 710     0     0     0     0     0     0     0     0     0     0     0  |  
   0     0     0  1132  1984     0     0     0     0     0     0     0  |  
   0     0     0     0     0     0     0     0     0     0     0  3309  |  
   0     0  6746  2205  9673  10886  5983     0     0     0     0     0  |  
2574  5421   718     0     0     0     0     0     0     0     0     0  |  
   0     0     0     0     0     0   157     0     0     0     0     0  |  
   0     0     0     0     0     0     0     0     0     0   340  3517  |  
   0     0     0  3205     0  6731  1217   861     0     0     0     0  |  
   0     0     0     0     0     0     0     0     0     0     0     0  |  
8 Map
12459  3508  5848   951  2897  8094  9220  14268  8907  5252  3713  13161  |  
   0  7889  11994  9672  5999  20219  10655  7726  9751  11196  2208  14314  |  
   0  15853  16389  23147     0  5148  11074  14898  10260  5554  4107  5960  |  
4145  8129  13782  2077  6678  13240  11756  4263  20978  2045  5354  13527  |  
   0  14194  6264  9249  11147   568  5837  23132  22357  6154  13086     0  |  
   0  8757  18707     0  15600  17553  7607  7200  12038     0  14125  4093  |  
 947     0  16844  9331  11766     0  3412  16826  11488  18878  9829  8165  |  
3737  3960  7828  1389  15330  15713  20437  14678  13536  14251  4633  1718  |  
4619  19731  10693  13231     0  31647  15422     0  7939  13101  10225   927  |  
4093  19601  1479  15662  12633     0     0  15948  9586  8647  19807     0  |  
5235  9270  13876   306  14578  15187  8683  18524  15166  3013  10177   106  |  
   0  4228  8483  19950  5205  6630  17112  4904  4076  8821  9652  15306  |  
9 Map
   0  1420  1071     0  5029  3696     0     0     0     0    16   310  |  
10235  4514  8502     0  5520  6375  9869  5065  1207  2290  17544     0  |  
7215  3017  11692     0     0  20255  4705     0  2443     0  6447     0  |  
7448  2581  4649     0  5655  7346  7541  7583     0  1013     0     0  |  
7970     0  9068  2571  7228  23780  7646  5240  1519     0  9335     0  |  
3374  4717  17138  1541  18251     0  7593  12490  4175     0  4589     0  |  
   0  10569  3566  6014  16225  17347  7221  17253  4286  4596  3574  9691  |  
   0  5313  4901  10371  4272  10032  6860     0  12361     0  1394  1526  |  
8113     0     0   673  11745  21159  1502  14564  9078  5431     0  6175  |  
14090     0  1222  4956  4184  12050  9808     0     0  5209     0     0  |  
9688     0  8553  2071  7239  6602  8267  2158  4883  4529     0     0  |  
6906   290  2197  2537     0  13136  2607     0     0  4873   624     0  |  
10 Map
12567  18853  19773  16160  7834  23649  26144  15535  12723  15922  27327  9379  |  
32271  45059  45094  36979  37149  47724  50263  51560  40755  35911  46531  26459  |  
39484  39252  43044  30223  21923  47078  53696  40524  28394  35589  23524  20442  |  
34574  29406  33332  25727  15042  41380  38175  45531  40802  25112  29196  11970  |  
34233  37939  40276  33589  40166  44034  47054  42867  34225  27571  13857  16687  |  
26209  33891  43483  36075  46507  41556  29837  42827  40067  29769  40697  22183  |  
31445  36643  42569  27796  41809  38700  40184  36603  55661  38979  48918  18074  |  
34914  28715  33877  34684  38071  33039  43627  49858  39498  46012  25011  20573  |  
43930  35139  38367  39822  38841  49664  47492  35427  45351  43497  29134  2498  |  
48447  50404  36398  41916  31994  47997  40005  44627  44104  43076  42645  16850  |  
38206  43756  49470  57774  37056  56150  45637  46469  35608  39949  30123  10322  |  
31329  30377  41306  28497  35570  35687  41522  34436  32936  32181  41189  18633  |  
11 Map
   0     0     0     0  1533  4646     0     0     0     0     0  1568  |  
18209     0  1143  2882  8529  8000  6184  10391  7255  2566     0  6698  |  
1693  16072  6211  11841  8736  10601  5378     0  3080  2381  6389  5095  |  
   0  2824  4202  1893     0     0  9152  12213     0  7403  7680  10484  |  
8530  16736  8820  3667  1223  5358  9805  11445  4149     0  4522     0  |  
7137  16632  15992  18421  3876  3115  7771  11301  5079  5577  13436     0  |  
1152     0  10939  10310  2983  7219  5921  17221  6571  16252  2139  13271  |  
   0     0  12052  13869  15248  7380  7257  10833   101  3361  4155  10002  |  
6578  11064  4740  12020  10907  15167     0     0  3818  4222   726     0  |  
 447  12694     0     0  3950  2329  2485  10586  5673  11647  15587     0  |  
   0  9586  13322  10649  8823     0  3813  4461     0     0  5105     0  |  
9544  23173  7477  12493  9591  7803  12170  19367  17820  12638  21604  12486  |  
12 Map
   0     0     0     0     0     0     0     0     0     0     0     0  |  
   0     0     0     0     0     0     0     0     0     0     0     0  |  
   0     0     0     0     0     0     0     0     0     0     0     0  |  
   0     0  5156     0     0     0     0     0     0     0     0     0  |  
   0     0     0     0     0     0     0     0     0     0     0     3  |  
   0     0     0     0     0     0     0     0     0     0     0     0  |  
   0     0     0     0     0     0     0     0     0     0     0     0  |  
   0     0     0     0     0     0     0     0     0     0     0  1644  |  
   0     0     0     0     0     0     0     0     0     0     0     0  |  
   0     0     0     0     0   100     0     0     0     0     0     0  |  
   0     0     0     0     0     0     0     0     0     0     0     0  |  
   0     0     0     0     0     0     0     0     0     0     0     0  |  
Printing Golden OfMap of Layer1
***  Printing Output Feature Map  ***
1 Map
   0     0     0     0     0     0     0     0     0     0     0     0  |  
8784     0  1100     0  1274     0  4166     0  9529     0  1953  8675  |  
   0  8303   569  16745  13608   338  4242  6364     0     0  2850  15469  |  
   0  8485     0  1172     0     0     0  17616  9008     0  8945  4252  |  
6162  2153  12510  10275  1198  5688  3051  3129  3249  10602  5925  13271  |  
   0  5605     0   968  3486     0  2426  14967     0  9121     0  8598  |  
   0  3518     0  12885  1721  13065  15693  3030     0  2165  7871  13481  |  
   0  21646   135  14285     0     0     0     0     0  8087     0  12623  |  
   0     0   638     0  14128     0  6977  11689  10186  1316  7028  8629  |  
   0  7737     0     0     0     0     0     0     0     0  5409  5663  |  
   0  10475     0  9263  17291     0  4492  17766  1575  4350  12518  16459  |  
   0  6075  3073     0     0     0    90  1794  4634     0     0  8880  |  
2 Map
1783     0     0     0     0     0     0     0  3438     0     0  5967  |  
   0  3472     0  13674     0  3350  7311     0  3488  9773  8309     0  |  
   0  9736     0     0     0     0     0  2908  7492     0     0     0  |  
   0     0     0  3416  10116  4483  4017     0     0  6942     0  3113  |  
5068     0     0  11455     0  3848     0     0  11893     0   709     0  |  
8462     0  16362     0  19036  10986  6065     0     0  8074     0  7588  |  
2386     0  7144     0     0     0     0   503  8201     0  10633     0  |  
   0     0     0     0  9242  2764  10400  1423  10986     0  16494     0  |  
3143  8997  7370  2578  7309  2411     0  2873     0  8784  3479  2744  |  
   0  3637   733  12650   591     0  13146  4946  15532     0  4447     0  |  
 309  6512     0     0     0  6549     0     0     0     0     0  7734  |  
6927  13569  9066  26246  4675  15081  3183  7196   458  11661  12655     0  |  
3 Map
3695     0     0     0     0     0     0     0     0     0     0     0  |  
   0     0     0     0     0     0     0     0     0     0     0     0  |  
   0     0     0     0     0     0     0     0     0     0     0     0  |  
   0     0     0     0     0     0     0     0     0     0     0     0  |  
   0     0     0     0     0     0     0     0     0     0     0     0  |  
   0     0     0     0     0     0     0     0     0     0     0     0  |  
   0     0     0     0     0     0     0     0     0     0     0     0  |  
   0     0     0     0     0     0     0     0     0     0     0     0  |  
   0     0     0     0     0     0     0     0     0     0     0     0  |  
   0     0     0     0     0     0     0     0     0     0     0     0  |  
   0     0     0     0     0     0     0     0     0     0     0     0  |  
   0     0     0     0     0     0     0     0     0     0     0     0  |  
4 Map
6900  10047  3557  16998  10501  13479  3627  5503  4295  12827     0   850  |  
   0     0     0  3969     0  2506  1059     0     0     0     0     0  |  
   0   361     0     0     0     0     0     0     0     0     0     0  |  
 518  1137  4252     0  4161     0     0     0     0     0     0     0  |  
   0     0  3298     0     0     0     0     0  7785     0  6262     0  |  
7505     0  3067     0     0     0  9771     0     0     0   688     0  |  
5257    12  14295  2971     0     0  1998     0     0     0  7179     0  |  
   0  5684  4252  11942  4342     0  3326  1046  2101     0  1652     0  |  
   0  7036     0  5120     0     0     0     0     0     0     0   425  |  
   0     0  2241   922     0  3676     0     0     0     0     0     0  |  
  81     0     0     0     0     0     0  7088  4065  2259  9866  3968  |  
   0     0     0     0  1576     0     0     0     0     0     0     0  |  
5 Map
14215  10782  7540  5949  12051  22341  19131  15559  15729  13321  7850  5741  |  
12214  8343  14247     0  7043  17465  17493     0  1788    48     0  2658  |  
7615  8437  6038  7023    55  5588  13190  11268  4921     0  3964  3945  |  
9127  12224  13753  3730  7886   215  4100  10241  12984     0  8300  4402  |  
16643  1010  13752  17902  8387   256  4449  13962  11664   836  7913     0  |  
11220   644  10466  12303  7638  2670  9971  14518  19971  9191  10283   973  |  
   0  3321  10227  17929  5358  4851  8693  17254  14143  5208  5046  12269  |  
   0  12175  7607  28517  11549  23713  11444  10991  13016  6012     0  6552  |  
14316  4916  10449  3031  8813  16942     0  2641  15027  4405   115   141  |  
16316  12373  13295  6249  3064  2137  3581  8140   374  5705  8839     0  |  
9473  12433  9518     0  19366     0  5772  20545  7561   164  21789  19888  |  
 223  5461  12842  7361  10768  9813  7100  8867  16507  4783  7531  18320  |  
6 Map
   0     0     0     0     0     0     0     0     0     0     0     0  |  
   0     0     0     0     0     0     0     0     0     0     0     0  |  
   0     0     0     0     0     0     0     0     0     0     0     0  |  
   0     0     0     0     0     0     0     0     0     0     0     0  |  
   0     0     0     0     0     0     0     0     0     0     0     0  |  
   0     0     0     0     0     0     0     0     0     0     0     0  |  
   0     0     0     0     0     0     0     0     0     0     0     0  |  
   0     0     0     0     0     0     0     0     0     0     0     0  |  
   0     0     0     0     0     0     0     0     0     0     0     0  |  
   0     0     0     0     0     0     0     0     0     0     0     0  |  
   0     0     0     0     0     0     0     0     0     0     0     0  |  
   0     0     0     0     0     0     0     0   635     0     0     0  |  
7 Map
2916     0     0   526     0  4115   567     0     0     0     0   416  |  
   0  3535     0  4834     0     0     0     0     0     0     0     0  |  
   0     0     0     0     0     0     0     0     0   637     0     0  |  
 710     0     0     0     0     0     0     0     0     0     0     0  |  
   0     0     0  1132  1984     0     0     0     0     0     0     0  |  
   0     0     0     0     0     0     0     0     0     0     0  3309  |  
   0     0  6746  2205  9673  10886  5983     0     0     0     0     0  |  
2574  5421   718     0     0     0     0     0     0     0     0     0  |  
   0     0     0     0     0     0   157     0     0     0     0     0  |  
   0     0     0     0     0     0     0     0     0     0   340  3517  |  
   0     0     0  3205     0  6731  1217   861     0     0     0     0  |  
   0     0     0     0     0     0     0     0     0     0     0     0  |  
8 Map
12459  3508  5848   951  2897  8094  9220  14268  8907  5252  3713  13161  |  
   0  7889  11994  9672  5999  20219  10655  7726  9751  11196  2208  14314  |  
   0  15853  16389  23147     0  5148  11074  14898  10260  5554  4107  5960  |  
4145  8129  13782  2077  6678  13240  11756  4263  20978  2045  5354  13527  |  
   0  14194  6264  9249  11147   568  5837  23132  22357  6154  13086     0  |  
   0  8757  18707     0  15600  17553  7607  7200  12038     0  14125  4093  |  
 947     0  16844  9331  11766     0  3412  16826  11488  18878  9829  8165  |  
3737  3960  7828  1389  15330  15713  20437  14678  13536  14251  4633  1718  |  
4619  19731  10693  13231     0  31647  15422     0  7939  13101  10225   927  |  
4093  19601  1479  15662  12633     0     0  15948  9586  8647  19807     0  |  
5235  9270  13876   306  14578  15187  8683  18524  15166  3013  10177   106  |  
   0  4228  8483  19950  5205  6630  17112  4904  4076  8821  9652  15306  |  
9 Map
   0  1420  1071     0  5029  3696     0     0     0     0    16   310  |  
10235  4514  8502     0  5520  6375  9869  5065  1207  2290  17544     0  |  
7215  3017  11692     0     0  20255  4705     0  2443     0  6447     0  |  
7448  2581  4649     0  5655  7346  7541  7583     0  1013     0     0  |  
7970     0  9068  2571  7228  23780  7646  5240  1519     0  9335     0  |  
3374  4717  17138  1541  18251     0  7593  12490  4175     0  4589     0  |  
   0  10569  3566  6014  16225  17347  7221  17253  4286  4596  3574  9691  |  
   0  5313  4901  10371  4272  10032  6860     0  12361     0  1394  1526  |  
8113     0     0   673  11745  21159  1502  14564  9078  5431     0  6175  |  
14090     0  1222  4956  4184  12050  9808     0     0  5209     0     0  |  
9688     0  8553  2071  7239  6602  8267  2158  4883  4529     0     0  |  
6906   290  2197  2537     0  13136  2607     0     0  4873   624     0  |  
10 Map
12567  18853  19773  16160  7834  23649  26144  15535  12723  15922  27327  9379  |  
32271  45059  45094  36979  37149  47724  50263  51560  40755  35911  46531  26459  |  
39484  39252  43044  30223  21923  47078  53696  40524  28394  35589  23524  20442  |  
34574  29406  33332  25727  15042  41380  38175  45531  40802  25112  29196  11970  |  
34233  37939  40276  33589  40166  44034  47054  42867  34225  27571  13857  16687  |  
26209  33891  43483  36075  46507  41556  29837  42827  40067  29769  40697  22183  |  
31445  36643  42569  27796  41809  38700  40184  36603  55661  38979  48918  18074  |  
34914  28715  33877  34684  38071  33039  43627  49858  39498  46012  25011  20573  |  
43930  35139  38367  39822  38841  49664  47492  35427  45351  43497  29134  2498  |  
48447  50404  36398  41916  31994  47997  40005  44627  44104  43076  42645  16850  |  
38206  43756  49470  57774  37056  56150  45637  46469  35608  39949  30123  10322  |  
31329  30377  41306  28497  35570  35687  41522  34436  32936  32181  41189  18633  |  
11 Map
   0     0     0     0  1533  4646     0     0     0     0     0  1568  |  
18209     0  1143  2882  8529  8000  6184  10391  7255  2566     0  6698  |  
1693  16072  6211  11841  8736  10601  5378     0  3080  2381  6389  5095  |  
   0  2824  4202  1893     0     0  9152  12213     0  7403  7680  10484  |  
8530  16736  8820  3667  1223  5358  9805  11445  4149     0  4522     0  |  
7137  16632  15992  18421  3876  3115  7771  11301  5079  5577  13436     0  |  
1152     0  10939  10310  2983  7219  5921  17221  6571  16252  2139  13271  |  
   0     0  12052  13869  15248  7380  7257  10833   101  3361  4155  10002  |  
6578  11064  4740  12020  10907  15167     0     0  3818  4222   726     0  |  
 447  12694     0     0  3950  2329  2485  10586  5673  11647  15587     0  |  
   0  9586  13322  10649  8823     0  3813  4461     0     0  5105     0  |  
9544  23173  7477  12493  9591  7803  12170  19367  17820  12638  21604  12486  |  
12 Map
   0     0     0     0     0     0     0     0     0     0     0     0  |  
   0     0     0     0     0     0     0     0     0     0     0     0  |  
   0     0     0     0     0     0     0     0     0     0     0     0  |  
   0     0  5156     0     0     0     0     0     0     0     0     0  |  
   0     0     0     0     0     0     0     0     0     0     0     3  |  
   0     0     0     0     0     0     0     0     0     0     0     0  |  
   0     0     0     0     0     0     0     0     0     0     0     0  |  
   0     0     0     0     0     0     0     0     0     0     0  1644  |  
   0     0     0     0     0     0     0     0     0     0     0     0  |  
   0     0     0     0     0   100     0     0     0     0     0     0  |  
   0     0     0     0     0     0     0     0     0     0     0     0  |  
   0     0     0     0     0     0     0     0     0     0     0     0  |  
Printing Compared OfMap of Layer 1
***  Printing Output Feature Map  ***
1 Map
   0     0     0     0     0     0     0     0     0     0     0     0  |  
   0     0     0     0     0     0     0     0     0     0     0     0  |  
   0     0     0     0     0     0     0     0     0     0     0     0  |  
   0     0     0     0     0     0     0     0     0     0     0     0  |  
   0     0     0     0     0     0     0     0     0     0     0     0  |  
   0     0     0     0     0     0     0     0     0     0     0     0  |  
   0     0     0     0     0     0     0     0     0     0     0     0  |  
   0     0     0     0     0     0     0     0     0     0     0     0  |  
   0     0     0     0     0     0     0     0     0     0     0     0  |  
   0     0     0     0     0     0     0     0     0     0     0     0  |  
   0     0     0     0     0     0     0     0     0     0     0     0  |  
   0     0     0     0     0     0     0     0     0     0     0     0  |  
2 Map
   0     0     0     0     0     0     0     0     0     0     0     0  |  
   0     0     0     0     0     0     0     0     0     0     0     0  |  
   0     0     0     0     0     0     0     0     0     0     0     0  |  
   0     0     0     0     0     0     0     0     0     0     0     0  |  
   0     0     0     0     0     0     0     0     0     0     0     0  |  
   0     0     0     0     0     0     0     0     0     0     0     0  |  
   0     0     0     0     0     0     0     0     0     0     0     0  |  
   0     0     0     0     0     0     0     0     0     0     0     0  |  
   0     0     0     0     0     0     0     0     0     0     0     0  |  
   0     0     0     0     0     0     0     0     0     0     0     0  |  
   0     0     0     0     0     0     0     0     0     0     0     0  |  
   0     0     0     0     0     0     0     0     0     0     0     0  |  
3 Map
   0     0     0     0     0     0     0     0     0     0     0     0  |  
   0     0     0     0     0     0     0     0     0     0     0     0  |  
   0     0     0     0     0     0     0     0     0     0     0     0  |  
   0     0     0     0     0     0     0     0     0     0     0     0  |  
   0     0     0     0     0     0     0     0     0     0     0     0  |  
   0     0     0     0     0     0     0     0     0     0     0     0  |  
   0     0     0     0     0     0     0     0     0     0     0     0  |  
   0     0     0     0     0     0     0     0     0     0     0     0  |  
   0     0     0     0     0     0     0     0     0     0     0     0  |  
   0     0     0     0     0     0     0     0     0     0     0     0  |  
   0     0     0     0     0     0     0     0     0     0     0     0  |  
   0     0     0     0     0     0     0     0     0     0     0     0  |  
4 Map
   0     0     0     0     0     0     0     0     0     0     0     0  |  
   0     0     0     0     0     0     0     0     0     0     0     0  |  
   0     0     0     0     0     0     0     0     0     0     0     0  |  
   0     0     0     0     0     0     0     0     0     0     0     0  |  
   0     0     0     0     0     0     0     0     0     0     0     0  |  
   0     0     0     0     0     0     0     0     0     0     0     0  |  
   0     0     0     0     0     0     0     0     0     0     0     0  |  
   0     0     0     0     0     0     0     0     0     0     0     0  |  
   0     0     0     0     0     0     0     0     0     0     0     0  |  
   0     0     0     0     0     0     0     0     0     0     0     0  |  
   0     0     0     0     0     0     0     0     0     0     0     0  |  
   0     0     0     0     0     0     0     0     0     0     0     0  |  
5 Map
   0     0     0     0     0     0     0     0     0     0     0     0  |  
   0     0     0     0     0     0     0     0     0     0     0     0  |  
   0     0     0     0     0     0     0     0     0     0     0     0  |  
   0     0     0     0     0     0     0     0     0     0     0     0  |  
   0     0     0     0     0     0     0     0     0     0     0     0  |  
   0     0     0     0     0     0     0     0     0     0     0     0  |  
   0     0     0     0     0     0     0     0     0     0     0     0  |  
   0     0     0     0     0     0     0     0     0     0     0     0  |  
   0     0     0     0     0     0     0     0     0     0     0     0  |  
   0     0     0     0     0     0     0     0     0     0     0     0  |  
   0     0     0     0     0     0     0     0     0     0     0     0  |  
   0     0     0     0     0     0     0     0     0     0     0     0  |  
6 Map
   0     0     0     0     0     0     0     0     0     0     0     0  |  
   0     0     0     0     0     0     0     0     0     0     0     0  |  
   0     0     0     0     0     0     0     0     0     0     0     0  |  
   0     0     0     0     0     0     0     0     0     0     0     0  |  
   0     0     0     0     0     0     0     0     0     0     0     0  |  
   0     0     0     0     0     0     0     0     0     0     0     0  |  
   0     0     0     0     0     0     0     0     0     0     0     0  |  
   0     0     0     0     0     0     0     0     0     0     0     0  |  
   0     0     0     0     0     0     0     0     0     0     0     0  |  
   0     0     0     0     0     0     0     0     0     0     0     0  |  
   0     0     0     0     0     0     0     0     0     0     0     0  |  
   0     0     0     0     0     0     0     0     0     0     0     0  |  
7 Map
   0     0     0     0     0     0     0     0     0     0     0     0  |  
   0     0     0     0     0     0     0     0     0     0     0     0  |  
   0     0     0     0     0     0     0     0     0     0     0     0  |  
   0     0     0     0     0     0     0     0     0     0     0     0  |  
   0     0     0     0     0     0     0     0     0     0     0     0  |  
   0     0     0     0     0     0     0     0     0     0     0     0  |  
   0     0     0     0     0     0     0     0     0     0     0     0  |  
   0     0     0     0     0     0     0     0     0     0     0     0  |  
   0     0     0     0     0     0     0     0     0     0     0     0  |  
   0     0     0     0     0     0     0     0     0     0     0     0  |  
   0     0     0     0     0     0     0     0     0     0     0     0  |  
   0     0     0     0     0     0     0     0     0     0     0     0  |  
8 Map
   0     0     0     0     0     0     0     0     0     0     0     0  |  
   0     0     0     0     0     0     0     0     0     0     0     0  |  
   0     0     0     0     0     0     0     0     0     0     0     0  |  
   0     0     0     0     0     0     0     0     0     0     0     0  |  
   0     0     0     0     0     0     0     0     0     0     0     0  |  
   0     0     0     0     0     0     0     0     0     0     0     0  |  
   0     0     0     0     0     0     0     0     0     0     0     0  |  
   0     0     0     0     0     0     0     0     0     0     0     0  |  
   0     0     0     0     0     0     0     0     0     0     0     0  |  
   0     0     0     0     0     0     0     0     0     0     0     0  |  
   0     0     0     0     0     0     0     0     0     0     0     0  |  
   0     0     0     0     0     0     0     0     0     0     0     0  |  
9 Map
   0     0     0     0     0     0     0     0     0     0     0     0  |  
   0     0     0     0     0     0     0     0     0     0     0     0  |  
   0     0     0     0     0     0     0     0     0     0     0     0  |  
   0     0     0     0     0     0     0     0     0     0     0     0  |  
   0     0     0     0     0     0     0     0     0     0     0     0  |  
   0     0     0     0     0     0     0     0     0     0     0     0  |  
   0     0     0     0     0     0     0     0     0     0     0     0  |  
   0     0     0     0     0     0     0     0     0     0     0     0  |  
   0     0     0     0     0     0     0     0     0     0     0     0  |  
   0     0     0     0     0     0     0     0     0     0     0     0  |  
   0     0     0     0     0     0     0     0     0     0     0     0  |  
   0     0     0     0     0     0     0     0     0     0     0     0  |  
10 Map
   0     0     0     0     0     0     0     0     0     0     0     0  |  
   0     0     0     0     0     0     0     0     0     0     0     0  |  
   0     0     0     0     0     0     0     0     0     0     0     0  |  
   0     0     0     0     0     0     0     0     0     0     0     0  |  
   0     0     0     0     0     0     0     0     0     0     0     0  |  
   0     0     0     0     0     0     0     0     0     0     0     0  |  
   0     0     0     0     0     0     0     0     0     0     0     0  |  
   0     0     0     0     0     0     0     0     0     0     0     0  |  
   0     0     0     0     0     0     0     0     0     0     0     0  |  
   0     0     0     0     0     0     0     0     0     0     0     0  |  
   0     0     0     0     0     0     0     0     0     0     0     0  |  
   0     0     0     0     0     0     0     0     0     0     0     0  |  
11 Map
   0     0     0     0     0     0     0     0     0     0     0     0  |  
   0     0     0     0     0     0     0     0     0     0     0     0  |  
   0     0     0     0     0     0     0     0     0     0     0     0  |  
   0     0     0     0     0     0     0     0     0     0     0     0  |  
   0     0     0     0     0     0     0     0     0     0     0     0  |  
   0     0     0     0     0     0     0     0     0     0     0     0  |  
   0     0     0     0     0     0     0     0     0     0     0     0  |  
   0     0     0     0     0     0     0     0     0     0     0     0  |  
   0     0     0     0     0     0     0     0     0     0     0     0  |  
   0     0     0     0     0     0     0     0     0     0     0     0  |  
   0     0     0     0     0     0     0     0     0     0     0     0  |  
   0     0     0     0     0     0     0     0     0     0     0     0  |  
12 Map
   0     0     0     0     0     0     0     0     0     0     0     0  |  
   0     0     0     0     0     0     0     0     0     0     0     0  |  
   0     0     0     0     0     0     0     0     0     0     0     0  |  
   0     0     0     0     0     0     0     0     0     0     0     0  |  
   0     0     0     0     0     0     0     0     0     0     0     0  |  
   0     0     0     0     0     0     0     0     0     0     0     0  |  
   0     0     0     0     0     0     0     0     0     0     0     0  |  
   0     0     0     0     0     0     0     0     0     0     0     0  |  
   0     0     0     0     0     0     0     0     0     0     0     0  |  
   0     0     0     0     0     0     0     0     0     0     0     0  |  
   0     0     0     0     0     0     0     0     0     0     0     0  |  
   0     0     0     0     0     0     0     0     0     0     0     0  |  
*****  Layer 2  *****
Reached HERE2!
Reached HERE3!
Reached HERE3333!
Reached HERE4!
Reached HERE44!
For this tile, bit shift is 1
For this tile, bit shift is 1
For this tile, bit shift is 1
For this tile, bit shift is 1
ERROR: System received a signal named SIGSEGV and the program has to stop immediately!
This signal was generated when a program tries to read or write outside the memory that is allocated for it, or to write memory that can only be read.
Possible cause of this problem may be:
  1) Missing depth information for one or more pointers to arrays in the interface;
  2) Insufficient depth setting for array argument(s);
  3) Excessive depth setting for array argument(s), that exceeds the maximum virtual memory size for the process;
  4) Null pointer etc.
Current execution stopped during CodeState = CALL_C_DUT.
You can search CodeState variable name in apatb*.cpp file under ./sim/wrapc dir to locate the position.

ERROR: [COSIM 212-360] Aborting co-simulation: C TB simulation failed.
ERROR: [COSIM 212-320] C TB testing failed, stop generating test vectors. Please check C TB or re-run cosim.
ERROR: [COSIM 212-5] *** C/RTL co-simulation file generation failed. ***
ERROR: [COSIM 212-4] *** C/RTL co-simulation finished: FAIL ***
ERROR: 
INFO: [HLS 200-112] Total CPU user time: 7 seconds. Total CPU system time: 2 seconds. Total elapsed time: 59.901 seconds; peak allocated memory: 224.566 MB.
