  **** HLS Build v2025.1 6135595
INFO: [HLS 200-2005] Using work_dir C:/Users/arisi/Documents/VitisWorkspace/VGGHLS-TX/TL_Base/ConvLayer 
INFO: [HLS 200-2176] Writing Vitis IDE component file C:/Users/arisi/Documents/VitisWorkspace/VGGHLS-TX/TL_Base/ConvLayer/vitis-comp.json
INFO: [HLS 200-10] Creating and opening component 'C:/Users/arisi/Documents/VitisWorkspace/VGGHLS-TX/TL_Base/ConvLayer'.
INFO: [HLS 200-1611] Setting target device to 'xcvu9p-flga2104-3-e'
INFO: [HLS 200-1505] Using default flow_target 'vivado'
Resolution: For help on HLS 200-1505 see docs.xilinx.com/access/sources/dita/topic?Doc_Version=2025.1%20English&url=ug1448-hls-guidance&resourceid=200-1505.html
INFO: [HLS 200-2174] Applying component config ini file C:/Users/arisi/Documents/VitisWorkspace/VGGHLS-TX/TL_Base/hls_config.cfg
INFO: [HLS 200-1465] Applying config ini 'syn.file=../src_files/Main_Code.cpp' from C:/Users/arisi/Documents/VitisWorkspace/VGGHLS-TX/TL_Base/hls_config.cfg(8)
INFO: [HLS 200-10] Adding design file 'C:/Users/arisi/Documents/VitisWorkspace/VGGHLS-TX/src_files/Main_Code.cpp' to the project
INFO: [HLS 200-1465] Applying config ini 'tb.file=../src_files/Auxiliary_Calculations.cpp' from C:/Users/arisi/Documents/VitisWorkspace/VGGHLS-TX/TL_Base/hls_config.cfg(9)
INFO: [HLS 200-10] Adding test bench file 'C:/Users/arisi/Documents/VitisWorkspace/VGGHLS-TX/src_files/Auxiliary_Calculations.cpp' to the project
INFO: [HLS 200-1465] Applying config ini 'tb.file=../src_files/main_tb.cpp' from C:/Users/arisi/Documents/VitisWorkspace/VGGHLS-TX/TL_Base/hls_config.cfg(10)
INFO: [HLS 200-10] Adding test bench file 'C:/Users/arisi/Documents/VitisWorkspace/VGGHLS-TX/src_files/main_tb.cpp' to the project
INFO: [HLS 200-1465] Applying config ini 'tb.file=../src_files/tb_Buf2Pe.cpp' from C:/Users/arisi/Documents/VitisWorkspace/VGGHLS-TX/TL_Base/hls_config.cfg(11)
INFO: [HLS 200-10] Adding test bench file 'C:/Users/arisi/Documents/VitisWorkspace/VGGHLS-TX/src_files/tb_Buf2Pe.cpp' to the project
INFO: [HLS 200-1465] Applying config ini 'tb.file=../src_files/tb_Dfl_ControlLogic.cpp' from C:/Users/arisi/Documents/VitisWorkspace/VGGHLS-TX/TL_Base/hls_config.cfg(12)
INFO: [HLS 200-10] Adding test bench file 'C:/Users/arisi/Documents/VitisWorkspace/VGGHLS-TX/src_files/tb_Dfl_ControlLogic.cpp' to the project
INFO: [HLS 200-1465] Applying config ini 'tb.file=../src_files/tb_fcLayer.cpp' from C:/Users/arisi/Documents/VitisWorkspace/VGGHLS-TX/TL_Base/hls_config.cfg(13)
INFO: [HLS 200-10] Adding test bench file 'C:/Users/arisi/Documents/VitisWorkspace/VGGHLS-TX/src_files/tb_fcLayer.cpp' to the project
INFO: [HLS 200-1465] Applying config ini 'tb.file=../src_files/tb_gap.cpp' from C:/Users/arisi/Documents/VitisWorkspace/VGGHLS-TX/TL_Base/hls_config.cfg(14)
INFO: [HLS 200-10] Adding test bench file 'C:/Users/arisi/Documents/VitisWorkspace/VGGHLS-TX/src_files/tb_gap.cpp' to the project
INFO: [HLS 200-1465] Applying config ini 'tb.file=../src_files/tb_loadbin.cpp' from C:/Users/arisi/Documents/VitisWorkspace/VGGHLS-TX/TL_Base/hls_config.cfg(15)
INFO: [HLS 200-10] Adding test bench file 'C:/Users/arisi/Documents/VitisWorkspace/VGGHLS-TX/src_files/tb_loadbin.cpp' to the project
INFO: [HLS 200-1465] Applying config ini 'tb.file=../src_files/tb_maxPool.cpp' from C:/Users/arisi/Documents/VitisWorkspace/VGGHLS-TX/TL_Base/hls_config.cfg(16)
INFO: [HLS 200-10] Adding test bench file 'C:/Users/arisi/Documents/VitisWorkspace/VGGHLS-TX/src_files/tb_maxPool.cpp' to the project
INFO: [HLS 200-1465] Applying config ini 'tb.file=../src_files/tb_Mem2Buf.cpp' from C:/Users/arisi/Documents/VitisWorkspace/VGGHLS-TX/TL_Base/hls_config.cfg(17)
INFO: [HLS 200-10] Adding test bench file 'C:/Users/arisi/Documents/VitisWorkspace/VGGHLS-TX/src_files/tb_Mem2Buf.cpp' to the project
INFO: [HLS 200-1465] Applying config ini 'tb.file=../src_files/tb_parameters.cpp' from C:/Users/arisi/Documents/VitisWorkspace/VGGHLS-TX/TL_Base/hls_config.cfg(18)
INFO: [HLS 200-10] Adding test bench file 'C:/Users/arisi/Documents/VitisWorkspace/VGGHLS-TX/src_files/tb_parameters.cpp' to the project
INFO: [HLS 200-1465] Applying config ini 'tb.file=../src_files/tb_Top.cpp' from C:/Users/arisi/Documents/VitisWorkspace/VGGHLS-TX/TL_Base/hls_config.cfg(19)
INFO: [HLS 200-10] Adding test bench file 'C:/Users/arisi/Documents/VitisWorkspace/VGGHLS-TX/src_files/tb_Top.cpp' to the project
INFO: [HLS 200-1465] Applying config ini 'tb.file=../src_files/tb_port_widening.cpp' from C:/Users/arisi/Documents/VitisWorkspace/VGGHLS-TX/TL_Base/hls_config.cfg(20)
INFO: [HLS 200-10] Adding test bench file 'C:/Users/arisi/Documents/VitisWorkspace/VGGHLS-TX/src_files/tb_port_widening.cpp' to the project
INFO: [HLS 200-1465] Applying config ini 'syn.top=ConvX' from C:/Users/arisi/Documents/VitisWorkspace/VGGHLS-TX/TL_Base/hls_config.cfg(7)
INFO: [HLS 200-1465] Applying config ini 'flow_target=vivado' from C:/Users/arisi/Documents/VitisWorkspace/VGGHLS-TX/TL_Base/hls_config.cfg(4)
INFO: [HLS 200-1505] Using flow_target 'vivado'
Resolution: For help on HLS 200-1505 see docs.xilinx.com/access/sources/dita/topic?Doc_Version=2025.1%20English&url=ug1448-hls-guidance&resourceid=200-1505.html
INFO: [HLS 200-1465] Applying config ini 'part=xcvu9p-flga2104-3-e' from C:/Users/arisi/Documents/VitisWorkspace/VGGHLS-TX/TL_Base/hls_config.cfg(1)
INFO: [HLS 200-1465] Applying config ini 'cosim.tool=xsim' from C:/Users/arisi/Documents/VitisWorkspace/VGGHLS-TX/TL_Base/hls_config.cfg(22)
INFO: [HLS 200-1465] Applying config ini 'cosim.wave_debug=1' from C:/Users/arisi/Documents/VitisWorkspace/VGGHLS-TX/TL_Base/hls_config.cfg(23)
INFO: [HLS 200-1465] Applying config ini 'csim.clean=1' from C:/Users/arisi/Documents/VitisWorkspace/VGGHLS-TX/TL_Base/hls_config.cfg(21)
INFO: [HLS 200-1465] Applying config ini 'package.output.format=ip_catalog' from C:/Users/arisi/Documents/VitisWorkspace/VGGHLS-TX/TL_Base/hls_config.cfg(5)
INFO: [HLS 200-2176] Writing Vitis IDE component file C:/Users/arisi/Documents/VitisWorkspace/VGGHLS-TX/TL_Base/ConvLayer/vitis-comp.json
INFO: [COSIM 212-47] Using XSIM for RTL simulation.
INFO: [COSIM 212-14] Instrumenting C test bench ...
   Build using "C:/Xilinx/2025.1/Vitis/win64/tools/vcxx/libexec/clang++"
   Compiling tb_loadbin.cpp_pre.cpp.tb.cpp
   Compiling tb_Mem2Buf.cpp_pre.cpp.tb.cpp
   Compiling tb_gap.cpp_pre.cpp.tb.cpp
   Compiling Main_Code.cpp_pre.cpp.tb.cpp
   Compiling apatb_ConvX.cpp
   Compiling tb_parameters.cpp_pre.cpp.tb.cpp
   Compiling Auxiliary_Calculations.cpp_pre.cpp.tb.cpp
   Compiling tb_fcLayer.cpp_pre.cpp.tb.cpp
   Compiling tb_Buf2Pe.cpp_pre.cpp.tb.cpp
   Compiling main_tb.cpp_pre.cpp.tb.cpp
   Compiling tb_port_widening.cpp_pre.cpp.tb.cpp
   Compiling tb_maxPool.cpp_pre.cpp.tb.cpp
   Compiling tb_Top.cpp_pre.cpp.tb.cpp
   Compiling tb_Dfl_ControlLogic.cpp_pre.cpp.tb.cpp
   Compiling apatb_ConvX_ir.ll
   Generating cosim.tv.exe
INFO: [COSIM 212-302] Starting C TB testing ... 
*********************************************************************************  Starting Verification. ************************************************************************************
For this tile, bit shift is 10
For this tile, bit shift is 10
For this tile, bit shift is 10
For this tile, bit shift is 10
For this tile, bit shift is 10
For this tile, bit shift is 10
For this tile, bit shift is 10
For this tile, bit shift is 10
*********************************************************************************  Verification Complete. ************************************************************************************
INFO [HLS SIM]: The maximum depth reached by any hls::stream() instance in the design is 3
INFO: [COSIM 212-333] Generating C post check test bench ...
INFO: [COSIM 212-12] Generating RTL test bench ...
INFO: [COSIM 212-1] *** C/RTL co-simulation file generation completed. ***
INFO: [COSIM 212-323] Starting verilog simulation. 
INFO: [COSIM 212-15] Starting XSIM ...

C:\Users\arisi\Documents\VitisWorkspace\VGGHLS-TX\TL_Base\ConvLayer\hls\sim\verilog>set PATH= 

C:\Users\arisi\Documents\VitisWorkspace\VGGHLS-TX\TL_Base\ConvLayer\hls\sim\verilog>call C:/Xilinx/2025.1/Vivado/bin/xelab xil_defaultlib.apatb_ConvX_top xil_defaultlib.glbl -Oenable_linking_all_libraries -prj ConvX.prj -L smartconnect_v1_0 -L axi_protocol_checker_v1_1_12 -L axi_protocol_checker_v1_1_13 -L axis_protocol_checker_v1_1_11 -L axis_protocol_checker_v1_1_12 -L xil_defaultlib -L unisims_ver -L xpm  -L floating_point_v7_1_20 -L floating_point_v7_0_25 --lib "ieee_proposed=./ieee_proposed" -L uvm -relax -i ./svr -i ./axivip -i ./svtb -i ./file_agent -i ./ConvX_subsystem  -s ConvX -debug all 
Vivado Simulator v2025.1.0
Copyright 1986-2022 Xilinx, Inc. All Rights Reserved.
Copyright 2022-2025 Advanced Micro Devices, Inc. All Rights Reserved.
Running: C:/Xilinx/2025.1/Vivado/bin/unwrapped/win64.o/xelab.exe xil_defaultlib.apatb_ConvX_top xil_defaultlib.glbl -Oenable_linking_all_libraries -prj ConvX.prj -L smartconnect_v1_0 -L axi_protocol_checker_v1_1_12 -L axi_protocol_checker_v1_1_13 -L axis_protocol_checker_v1_1_11 -L axis_protocol_checker_v1_1_12 -L xil_defaultlib -L unisims_ver -L xpm -L floating_point_v7_1_20 -L floating_point_v7_0_25 --lib ieee_proposed=./ieee_proposed -L uvm -relax -i ./svr -i ./axivip -i ./svtb -i ./file_agent -i ./ConvX_subsystem -s ConvX -debug all 
Multi-threading is on. Using 6 slave threads.
INFO: [VRFC 10-2263] Analyzing SystemVerilog file "C:/Users/arisi/Documents/VitisWorkspace/VGGHLS-TX/TL_Base/ConvLayer/hls/sim/verilog/glbl.v" into library xil_defaultlib
INFO: [VRFC 10-311] analyzing module glbl
INFO: [VRFC 10-2263] Analyzing SystemVerilog file "C:/Users/arisi/Documents/VitisWorkspace/VGGHLS-TX/TL_Base/ConvLayer/hls/sim/verilog/ConvX.autotb.v" into library xil_defaultlib
INFO: [VRFC 10-311] analyzing module apatb_ConvX_top
INFO: [VRFC 10-2263] Analyzing SystemVerilog file "C:/Users/arisi/Documents/VitisWorkspace/VGGHLS-TX/TL_Base/ConvLayer/hls/sim/verilog/ConvX.v" into library xil_defaultlib
INFO: [VRFC 10-311] analyzing module ConvX
INFO: [VRFC 10-2263] Analyzing SystemVerilog file "C:/Users/arisi/Documents/VitisWorkspace/VGGHLS-TX/TL_Base/ConvLayer/hls/sim/verilog/ConvX_bias_ReLu.v" into library xil_defaultlib
INFO: [VRFC 10-311] analyzing module ConvX_bias_ReLu
INFO: [VRFC 10-2263] Analyzing SystemVerilog file "C:/Users/arisi/Documents/VitisWorkspace/VGGHLS-TX/TL_Base/ConvLayer/hls/sim/verilog/ConvX_control_s_axi.v" into library xil_defaultlib
INFO: [VRFC 10-311] analyzing module ConvX_control_s_axi
INFO: [VRFC 10-2263] Analyzing SystemVerilog file "C:/Users/arisi/Documents/VitisWorkspace/VGGHLS-TX/TL_Base/ConvLayer/hls/sim/verilog/ConvX_ConvLayer_ap_int_8_const_ap_int_8_const_ap_int_8_WtBuf_RAM_AUTO_1R1W.v" into library xil_defaultlib
INFO: [VRFC 10-311] analyzing module ConvX_ConvLayer_ap_int_8_const_ap_int_8_const_ap_int_8_WtBuf_RAM_AUTO_1R1W
INFO: [VRFC 10-2263] Analyzing SystemVerilog file "C:/Users/arisi/Documents/VitisWorkspace/VGGHLS-TX/TL_Base/ConvLayer/hls/sim/verilog/ConvX_ConvX_Pipeline_fclayer_loop_1_fclayer_loop_2.v" into library xil_defaultlib
INFO: [VRFC 10-311] analyzing module ConvX_ConvX_Pipeline_fclayer_loop_1_fclayer_loop_2
INFO: [VRFC 10-2263] Analyzing SystemVerilog file "C:/Users/arisi/Documents/VitisWorkspace/VGGHLS-TX/TL_Base/ConvLayer/hls/sim/verilog/ConvX_ConvX_Pipeline_fclayer_loop_1_fclayer_loop_21.v" into library xil_defaultlib
INFO: [VRFC 10-311] analyzing module ConvX_ConvX_Pipeline_fclayer_loop_1_fclayer_loop_21
INFO: [VRFC 10-2263] Analyzing SystemVerilog file "C:/Users/arisi/Documents/VitisWorkspace/VGGHLS-TX/TL_Base/ConvLayer/hls/sim/verilog/ConvX_ConvX_Pipeline_fclayer_loop_1_fclayer_loop_21_p_ZL6biasFC_1_ROM_AUTO_1R.v" into library xil_defaultlib
INFO: [VRFC 10-311] analyzing module ConvX_ConvX_Pipeline_fclayer_loop_1_fclayer_loop_21_p_ZL6biasFC_1_ROM_AUTO_1R
INFO: [VRFC 10-2263] Analyzing SystemVerilog file "C:/Users/arisi/Documents/VitisWorkspace/VGGHLS-TX/TL_Base/ConvLayer/hls/sim/verilog/ConvX_ConvX_Pipeline_VITIS_LOOP_3274_1.v" into library xil_defaultlib
INFO: [VRFC 10-311] analyzing module ConvX_ConvX_Pipeline_VITIS_LOOP_3274_1
INFO: [VRFC 10-2263] Analyzing SystemVerilog file "C:/Users/arisi/Documents/VitisWorkspace/VGGHLS-TX/TL_Base/ConvLayer/hls/sim/verilog/ConvX_ConvX_Pipeline_VITIS_LOOP_3302_2.v" into library xil_defaultlib
INFO: [VRFC 10-311] analyzing module ConvX_ConvX_Pipeline_VITIS_LOOP_3302_2
INFO: [VRFC 10-2263] Analyzing SystemVerilog file "C:/Users/arisi/Documents/VitisWorkspace/VGGHLS-TX/TL_Base/ConvLayer/hls/sim/verilog/ConvX_fifo_w8_d4_S.v" into library xil_defaultlib
INFO: [VRFC 10-311] analyzing module ConvX_fifo_w8_d4_S
INFO: [VRFC 10-311] analyzing module ConvX_fifo_w8_d4_S_ShiftReg
INFO: [VRFC 10-2263] Analyzing SystemVerilog file "C:/Users/arisi/Documents/VitisWorkspace/VGGHLS-TX/TL_Base/ConvLayer/hls/sim/verilog/ConvX_finalOut_RAM_AUTO_1R1W.v" into library xil_defaultlib
INFO: [VRFC 10-311] analyzing module ConvX_finalOut_RAM_AUTO_1R1W
INFO: [VRFC 10-2263] Analyzing SystemVerilog file "C:/Users/arisi/Documents/VitisWorkspace/VGGHLS-TX/TL_Base/ConvLayer/hls/sim/verilog/ConvX_flow_control_loop_pipe_sequential_init.v" into library xil_defaultlib
INFO: [VRFC 10-311] analyzing module ConvX_flow_control_loop_pipe_sequential_init
INFO: [VRFC 10-2263] Analyzing SystemVerilog file "C:/Users/arisi/Documents/VitisWorkspace/VGGHLS-TX/TL_Base/ConvLayer/hls/sim/verilog/ConvX_IFMAP_m_axi.v" into library xil_defaultlib
INFO: [VRFC 10-311] analyzing module ConvX_IFMAP_m_axi
INFO: [VRFC 10-311] analyzing module ConvX_IFMAP_m_axi_load
INFO: [VRFC 10-311] analyzing module ConvX_IFMAP_m_axi_read
INFO: [VRFC 10-311] analyzing module ConvX_IFMAP_m_axi_burst_converter
INFO: [VRFC 10-311] analyzing module ConvX_IFMAP_m_axi_burst_interleave
INFO: [VRFC 10-311] analyzing module ConvX_IFMAP_m_axi_burst_sequential
INFO: [VRFC 10-311] analyzing module ConvX_IFMAP_m_axi_reg_slice
INFO: [VRFC 10-311] analyzing module ConvX_IFMAP_m_axi_fifo
INFO: [VRFC 10-311] analyzing module ConvX_IFMAP_m_axi_srl
INFO: [VRFC 10-311] analyzing module ConvX_IFMAP_m_axi_mem
INFO: [VRFC 10-2263] Analyzing SystemVerilog file "C:/Users/arisi/Documents/VitisWorkspace/VGGHLS-TX/TL_Base/ConvLayer/hls/sim/verilog/ConvX_InBuf_RAM_AUTO_1R1W.v" into library xil_defaultlib
INFO: [VRFC 10-311] analyzing module ConvX_InBuf_RAM_AUTO_1R1W
INFO: [VRFC 10-2263] Analyzing SystemVerilog file "C:/Users/arisi/Documents/VitisWorkspace/VGGHLS-TX/TL_Base/ConvLayer/hls/sim/verilog/ConvX_inPx_RAM_AUTO_1R1W.v" into library xil_defaultlib
INFO: [VRFC 10-311] analyzing module ConvX_inPx_RAM_AUTO_1R1W
INFO: [VRFC 10-2263] Analyzing SystemVerilog file "C:/Users/arisi/Documents/VitisWorkspace/VGGHLS-TX/TL_Base/ConvLayer/hls/sim/verilog/ConvX_loadBiasTile.v" into library xil_defaultlib
INFO: [VRFC 10-311] analyzing module ConvX_loadBiasTile
INFO: [VRFC 10-2263] Analyzing SystemVerilog file "C:/Users/arisi/Documents/VitisWorkspace/VGGHLS-TX/TL_Base/ConvLayer/hls/sim/verilog/ConvX_loadBiasTile_Pipeline_BiasLoop_Tof.v" into library xil_defaultlib
INFO: [VRFC 10-311] analyzing module ConvX_loadBiasTile_Pipeline_BiasLoop_Tof
INFO: [VRFC 10-2263] Analyzing SystemVerilog file "C:/Users/arisi/Documents/VitisWorkspace/VGGHLS-TX/TL_Base/ConvLayer/hls/sim/verilog/ConvX_loadBiasTile_Pipeline_BiasLoop_Tof_bias_ROM_AUTO_1R.v" into library xil_defaultlib
INFO: [VRFC 10-311] analyzing module ConvX_loadBiasTile_Pipeline_BiasLoop_Tof_bias_ROM_AUTO_1R
INFO: [VRFC 10-2263] Analyzing SystemVerilog file "C:/Users/arisi/Documents/VitisWorkspace/VGGHLS-TX/TL_Base/ConvLayer/hls/sim/verilog/ConvX_loadIfMap.v" into library xil_defaultlib
INFO: [VRFC 10-311] analyzing module ConvX_loadIfMap
INFO: [VRFC 10-2263] Analyzing SystemVerilog file "C:/Users/arisi/Documents/VitisWorkspace/VGGHLS-TX/TL_Base/ConvLayer/hls/sim/verilog/ConvX_loadIfMap_Nif_rom_ROM_AUTO_1R.v" into library xil_defaultlib
INFO: [VRFC 10-311] analyzing module ConvX_loadIfMap_Nif_rom_ROM_AUTO_1R
INFO: [VRFC 10-2263] Analyzing SystemVerilog file "C:/Users/arisi/Documents/VitisWorkspace/VGGHLS-TX/TL_Base/ConvLayer/hls/sim/verilog/ConvX_loadIfMap_niy_rom_ROM_AUTO_1R.v" into library xil_defaultlib
INFO: [VRFC 10-311] analyzing module ConvX_loadIfMap_niy_rom_ROM_AUTO_1R
INFO: [VRFC 10-2263] Analyzing SystemVerilog file "C:/Users/arisi/Documents/VitisWorkspace/VGGHLS-TX/TL_Base/ConvLayer/hls/sim/verilog/ConvX_loadIfMap_noy_step_rom_ROM_AUTO_1R.v" into library xil_defaultlib
INFO: [VRFC 10-311] analyzing module ConvX_loadIfMap_noy_step_rom_ROM_AUTO_1R
INFO: [VRFC 10-2263] Analyzing SystemVerilog file "C:/Users/arisi/Documents/VitisWorkspace/VGGHLS-TX/TL_Base/ConvLayer/hls/sim/verilog/ConvX_loadIfMap_Pipeline_EastPad_Line.v" into library xil_defaultlib
INFO: [VRFC 10-311] analyzing module ConvX_loadIfMap_Pipeline_EastPad_Line
INFO: [VRFC 10-2263] Analyzing SystemVerilog file "C:/Users/arisi/Documents/VitisWorkspace/VGGHLS-TX/TL_Base/ConvLayer/hls/sim/verilog/ConvX_loadIfMap_Pipeline_If_Nif_If_Tiy_If_Nix.v" into library xil_defaultlib
INFO: [VRFC 10-311] analyzing module ConvX_loadIfMap_Pipeline_If_Nif_If_Tiy_If_Nix
INFO: [VRFC 10-2263] Analyzing SystemVerilog file "C:/Users/arisi/Documents/VitisWorkspace/VGGHLS-TX/TL_Base/ConvLayer/hls/sim/verilog/ConvX_loadIfMap_Pipeline_NorthPad_Nif_NorthPad_wrd.v" into library xil_defaultlib
INFO: [VRFC 10-311] analyzing module ConvX_loadIfMap_Pipeline_NorthPad_Nif_NorthPad_wrd
INFO: [VRFC 10-2263] Analyzing SystemVerilog file "C:/Users/arisi/Documents/VitisWorkspace/VGGHLS-TX/TL_Base/ConvLayer/hls/sim/verilog/ConvX_loadIfMap_Pipeline_SouthPad_Nif_SouthPad_wrd.v" into library xil_defaultlib
INFO: [VRFC 10-311] analyzing module ConvX_loadIfMap_Pipeline_SouthPad_Nif_SouthPad_wrd
INFO: [VRFC 10-2263] Analyzing SystemVerilog file "C:/Users/arisi/Documents/VitisWorkspace/VGGHLS-TX/TL_Base/ConvLayer/hls/sim/verilog/ConvX_loadIfMap_Pipeline_WestPad_Line.v" into library xil_defaultlib
INFO: [VRFC 10-311] analyzing module ConvX_loadIfMap_Pipeline_WestPad_Line
INFO: [VRFC 10-2263] Analyzing SystemVerilog file "C:/Users/arisi/Documents/VitisWorkspace/VGGHLS-TX/TL_Base/ConvLayer/hls/sim/verilog/ConvX_loadIfMap_row_1map_rom_ROM_AUTO_1R.v" into library xil_defaultlib
INFO: [VRFC 10-311] analyzing module ConvX_loadIfMap_row_1map_rom_ROM_AUTO_1R
INFO: [VRFC 10-2263] Analyzing SystemVerilog file "C:/Users/arisi/Documents/VitisWorkspace/VGGHLS-TX/TL_Base/ConvLayer/hls/sim/verilog/ConvX_loadIfMap_tix_rom_ROM_AUTO_1R.v" into library xil_defaultlib
INFO: [VRFC 10-311] analyzing module ConvX_loadIfMap_tix_rom_ROM_AUTO_1R
INFO: [VRFC 10-2263] Analyzing SystemVerilog file "C:/Users/arisi/Documents/VitisWorkspace/VGGHLS-TX/TL_Base/ConvLayer/hls/sim/verilog/ConvX_loadIfMap_tiy_rom_ROM_AUTO_1R.v" into library xil_defaultlib
INFO: [VRFC 10-311] analyzing module ConvX_loadIfMap_tiy_rom_ROM_AUTO_1R
INFO: [VRFC 10-2263] Analyzing SystemVerilog file "C:/Users/arisi/Documents/VitisWorkspace/VGGHLS-TX/TL_Base/ConvLayer/hls/sim/verilog/ConvX_loadIfMap_wrd_1row_rom_ROM_AUTO_1R.v" into library xil_defaultlib
INFO: [VRFC 10-311] analyzing module ConvX_loadIfMap_wrd_1row_rom_ROM_AUTO_1R
INFO: [VRFC 10-2263] Analyzing SystemVerilog file "C:/Users/arisi/Documents/VitisWorkspace/VGGHLS-TX/TL_Base/ConvLayer/hls/sim/verilog/ConvX_loadWtMap.v" into library xil_defaultlib
INFO: [VRFC 10-311] analyzing module ConvX_loadWtMap
INFO: [VRFC 10-2263] Analyzing SystemVerilog file "C:/Users/arisi/Documents/VitisWorkspace/VGGHLS-TX/TL_Base/ConvLayer/hls/sim/verilog/ConvX_loadWtMap_Nof_step_rom_ROM_AUTO_1R.v" into library xil_defaultlib
INFO: [VRFC 10-311] analyzing module ConvX_loadWtMap_Nof_step_rom_ROM_AUTO_1R
INFO: [VRFC 10-2263] Analyzing SystemVerilog file "C:/Users/arisi/Documents/VitisWorkspace/VGGHLS-TX/TL_Base/ConvLayer/hls/sim/verilog/ConvX_loadWtMap_Pipeline_WtLoop_Tof_WtLoop_Nif_WtLoop_Nky_WtLoop_Nkx.v" into library xil_defaultlib
INFO: [VRFC 10-311] analyzing module ConvX_loadWtMap_Pipeline_WtLoop_Tof_WtLoop_Nif_WtLoop_Nky_WtLoop_Nkx
INFO: [VRFC 10-2263] Analyzing SystemVerilog file "C:/Users/arisi/Documents/VitisWorkspace/VGGHLS-TX/TL_Base/ConvLayer/hls/sim/verilog/ConvX_loadWtMap_Tof_rom_ROM_AUTO_1R.v" into library xil_defaultlib
INFO: [VRFC 10-311] analyzing module ConvX_loadWtMap_Tof_rom_ROM_AUTO_1R
INFO: [VRFC 10-2263] Analyzing SystemVerilog file "C:/Users/arisi/Documents/VitisWorkspace/VGGHLS-TX/TL_Base/ConvLayer/hls/sim/verilog/ConvX_mac_muladd_10ns_8ns_32s_33_4_1.v" into library xil_defaultlib
INFO: [VRFC 10-311] analyzing module ConvX_mac_muladd_10ns_8ns_32s_33_4_1_DSP48_0
INFO: [VRFC 10-311] analyzing module ConvX_mac_muladd_10ns_8ns_32s_33_4_1
INFO: [VRFC 10-2263] Analyzing SystemVerilog file "C:/Users/arisi/Documents/VitisWorkspace/VGGHLS-TX/TL_Base/ConvLayer/hls/sim/verilog/ConvX_mac_muladd_10ns_8ns_6ns_14_4_1.v" into library xil_defaultlib
INFO: [VRFC 10-311] analyzing module ConvX_mac_muladd_10ns_8ns_6ns_14_4_1_DSP48_0
INFO: [VRFC 10-311] analyzing module ConvX_mac_muladd_10ns_8ns_6ns_14_4_1
INFO: [VRFC 10-2263] Analyzing SystemVerilog file "C:/Users/arisi/Documents/VitisWorkspace/VGGHLS-TX/TL_Base/ConvLayer/hls/sim/verilog/ConvX_mac_muladd_10ns_8ns_9s_14_4_1.v" into library xil_defaultlib
INFO: [VRFC 10-311] analyzing module ConvX_mac_muladd_10ns_8ns_9s_14_4_1_DSP48_0
INFO: [VRFC 10-311] analyzing module ConvX_mac_muladd_10ns_8ns_9s_14_4_1
INFO: [VRFC 10-2263] Analyzing SystemVerilog file "C:/Users/arisi/Documents/VitisWorkspace/VGGHLS-TX/TL_Base/ConvLayer/hls/sim/verilog/ConvX_mac_muladd_13s_9ns_13ns_13_4_1.v" into library xil_defaultlib
INFO: [VRFC 10-311] analyzing module ConvX_mac_muladd_13s_9ns_13ns_13_4_1_DSP48_0
INFO: [VRFC 10-311] analyzing module ConvX_mac_muladd_13s_9ns_13ns_13_4_1
INFO: [VRFC 10-2263] Analyzing SystemVerilog file "C:/Users/arisi/Documents/VitisWorkspace/VGGHLS-TX/TL_Base/ConvLayer/hls/sim/verilog/ConvX_mac_muladd_6ns_3ns_15ns_15_4_1.v" into library xil_defaultlib
INFO: [VRFC 10-311] analyzing module ConvX_mac_muladd_6ns_3ns_15ns_15_4_1_DSP48_0
INFO: [VRFC 10-311] analyzing module ConvX_mac_muladd_6ns_3ns_15ns_15_4_1
INFO: [VRFC 10-2263] Analyzing SystemVerilog file "C:/Users/arisi/Documents/VitisWorkspace/VGGHLS-TX/TL_Base/ConvLayer/hls/sim/verilog/ConvX_mac_muladd_8s_8s_18s_18_4_1.v" into library xil_defaultlib
INFO: [VRFC 10-311] analyzing module ConvX_mac_muladd_8s_8s_18s_18_4_1_DSP48_0
INFO: [VRFC 10-311] analyzing module ConvX_mac_muladd_8s_8s_18s_18_4_1
INFO: [VRFC 10-2263] Analyzing SystemVerilog file "C:/Users/arisi/Documents/VitisWorkspace/VGGHLS-TX/TL_Base/ConvLayer/hls/sim/verilog/ConvX_mem2Buf.v" into library xil_defaultlib
INFO: [VRFC 10-311] analyzing module ConvX_mem2Buf
INFO: [VRFC 10-2263] Analyzing SystemVerilog file "C:/Users/arisi/Documents/VitisWorkspace/VGGHLS-TX/TL_Base/ConvLayer/hls/sim/verilog/ConvX_mem2Buf_nofy_step_rom_ROM_AUTO_1R.v" into library xil_defaultlib
INFO: [VRFC 10-311] analyzing module ConvX_mem2Buf_nofy_step_rom_ROM_AUTO_1R
INFO: [VRFC 10-2263] Analyzing SystemVerilog file "C:/Users/arisi/Documents/VitisWorkspace/VGGHLS-TX/TL_Base/ConvLayer/hls/sim/verilog/ConvX_mul_10ns_13ns_22_1_1.v" into library xil_defaultlib
INFO: [VRFC 10-311] analyzing module ConvX_mul_10ns_13ns_22_1_1
INFO: [VRFC 10-2263] Analyzing SystemVerilog file "C:/Users/arisi/Documents/VitisWorkspace/VGGHLS-TX/TL_Base/ConvLayer/hls/sim/verilog/ConvX_mul_10ns_6ns_15_1_1.v" into library xil_defaultlib
INFO: [VRFC 10-311] analyzing module ConvX_mul_10ns_6ns_15_1_1
INFO: [VRFC 10-2263] Analyzing SystemVerilog file "C:/Users/arisi/Documents/VitisWorkspace/VGGHLS-TX/TL_Base/ConvLayer/hls/sim/verilog/ConvX_mul_14ns_32s_45_1_1.v" into library xil_defaultlib
INFO: [VRFC 10-311] analyzing module ConvX_mul_14ns_32s_45_1_1
INFO: [VRFC 10-2263] Analyzing SystemVerilog file "C:/Users/arisi/Documents/VitisWorkspace/VGGHLS-TX/TL_Base/ConvLayer/hls/sim/verilog/ConvX_mul_14ns_9ns_21_1_1.v" into library xil_defaultlib
INFO: [VRFC 10-311] analyzing module ConvX_mul_14ns_9ns_21_1_1
INFO: [VRFC 10-2263] Analyzing SystemVerilog file "C:/Users/arisi/Documents/VitisWorkspace/VGGHLS-TX/TL_Base/ConvLayer/hls/sim/verilog/ConvX_mul_32ns_32ns_37_1_1.v" into library xil_defaultlib
INFO: [VRFC 10-311] analyzing module ConvX_mul_32ns_32ns_37_1_1
INFO: [VRFC 10-2263] Analyzing SystemVerilog file "C:/Users/arisi/Documents/VitisWorkspace/VGGHLS-TX/TL_Base/ConvLayer/hls/sim/verilog/ConvX_mul_32s_6ns_32_1_1.v" into library xil_defaultlib
INFO: [VRFC 10-311] analyzing module ConvX_mul_32s_6ns_32_1_1
INFO: [VRFC 10-2263] Analyzing SystemVerilog file "C:/Users/arisi/Documents/VitisWorkspace/VGGHLS-TX/TL_Base/ConvLayer/hls/sim/verilog/ConvX_mul_32s_6s_32_1_1.v" into library xil_defaultlib
INFO: [VRFC 10-311] analyzing module ConvX_mul_32s_6s_32_1_1
INFO: [VRFC 10-2263] Analyzing SystemVerilog file "C:/Users/arisi/Documents/VitisWorkspace/VGGHLS-TX/TL_Base/ConvLayer/hls/sim/verilog/ConvX_mul_33s_32ns_64_1_1.v" into library xil_defaultlib
INFO: [VRFC 10-311] analyzing module ConvX_mul_33s_32ns_64_1_1
INFO: [VRFC 10-2263] Analyzing SystemVerilog file "C:/Users/arisi/Documents/VitisWorkspace/VGGHLS-TX/TL_Base/ConvLayer/hls/sim/verilog/ConvX_mul_33s_8ns_41_1_1.v" into library xil_defaultlib
INFO: [VRFC 10-311] analyzing module ConvX_mul_33s_8ns_41_1_1
INFO: [VRFC 10-2263] Analyzing SystemVerilog file "C:/Users/arisi/Documents/VitisWorkspace/VGGHLS-TX/TL_Base/ConvLayer/hls/sim/verilog/ConvX_mul_3ns_10ns_12_1_1.v" into library xil_defaultlib
INFO: [VRFC 10-311] analyzing module ConvX_mul_3ns_10ns_12_1_1
INFO: [VRFC 10-2263] Analyzing SystemVerilog file "C:/Users/arisi/Documents/VitisWorkspace/VGGHLS-TX/TL_Base/ConvLayer/hls/sim/verilog/ConvX_mul_3ns_6ns_8_1_1.v" into library xil_defaultlib
INFO: [VRFC 10-311] analyzing module ConvX_mul_3ns_6ns_8_1_1
INFO: [VRFC 10-2263] Analyzing SystemVerilog file "C:/Users/arisi/Documents/VitisWorkspace/VGGHLS-TX/TL_Base/ConvLayer/hls/sim/verilog/ConvX_mul_3ns_6ns_9_1_1.v" into library xil_defaultlib
INFO: [VRFC 10-311] analyzing module ConvX_mul_3ns_6ns_9_1_1
INFO: [VRFC 10-2263] Analyzing SystemVerilog file "C:/Users/arisi/Documents/VitisWorkspace/VGGHLS-TX/TL_Base/ConvLayer/hls/sim/verilog/ConvX_mul_41s_8ns_49_1_1.v" into library xil_defaultlib
INFO: [VRFC 10-311] analyzing module ConvX_mul_41s_8ns_49_1_1
INFO: [VRFC 10-2263] Analyzing SystemVerilog file "C:/Users/arisi/Documents/VitisWorkspace/VGGHLS-TX/TL_Base/ConvLayer/hls/sim/verilog/ConvX_mul_5ns_32s_32_1_1.v" into library xil_defaultlib
INFO: [VRFC 10-311] analyzing module ConvX_mul_5ns_32s_32_1_1
INFO: [VRFC 10-2263] Analyzing SystemVerilog file "C:/Users/arisi/Documents/VitisWorkspace/VGGHLS-TX/TL_Base/ConvLayer/hls/sim/verilog/ConvX_mul_5ns_8ns_13_1_1.v" into library xil_defaultlib
INFO: [VRFC 10-311] analyzing module ConvX_mul_5ns_8ns_13_1_1
INFO: [VRFC 10-2263] Analyzing SystemVerilog file "C:/Users/arisi/Documents/VitisWorkspace/VGGHLS-TX/TL_Base/ConvLayer/hls/sim/verilog/ConvX_mul_6ns_5ns_10_1_1.v" into library xil_defaultlib
INFO: [VRFC 10-311] analyzing module ConvX_mul_6ns_5ns_10_1_1
INFO: [VRFC 10-2263] Analyzing SystemVerilog file "C:/Users/arisi/Documents/VitisWorkspace/VGGHLS-TX/TL_Base/ConvLayer/hls/sim/verilog/ConvX_mul_8ns_5ns_13_1_1.v" into library xil_defaultlib
INFO: [VRFC 10-311] analyzing module ConvX_mul_8ns_5ns_13_1_1
INFO: [VRFC 10-2263] Analyzing SystemVerilog file "C:/Users/arisi/Documents/VitisWorkspace/VGGHLS-TX/TL_Base/ConvLayer/hls/sim/verilog/ConvX_mul_9ns_13ns_21_1_1.v" into library xil_defaultlib
INFO: [VRFC 10-311] analyzing module ConvX_mul_9ns_13ns_21_1_1
INFO: [VRFC 10-2263] Analyzing SystemVerilog file "C:/Users/arisi/Documents/VitisWorkspace/VGGHLS-TX/TL_Base/ConvLayer/hls/sim/verilog/ConvX_mul_9ns_32s_32_1_1.v" into library xil_defaultlib
INFO: [VRFC 10-311] analyzing module ConvX_mul_9ns_32s_32_1_1
INFO: [VRFC 10-2263] Analyzing SystemVerilog file "C:/Users/arisi/Documents/VitisWorkspace/VGGHLS-TX/TL_Base/ConvLayer/hls/sim/verilog/ConvX_nofFirst_ROM_AUTO_1R.v" into library xil_defaultlib
INFO: [VRFC 10-311] analyzing module ConvX_nofFirst_ROM_AUTO_1R
INFO: [VRFC 10-2263] Analyzing SystemVerilog file "C:/Users/arisi/Documents/VitisWorkspace/VGGHLS-TX/TL_Base/ConvLayer/hls/sim/verilog/ConvX_OFMAP_m_axi.v" into library xil_defaultlib
INFO: [VRFC 10-311] analyzing module ConvX_OFMAP_m_axi
INFO: [VRFC 10-311] analyzing module ConvX_OFMAP_m_axi_store
INFO: [VRFC 10-311] analyzing module ConvX_OFMAP_m_axi_write
INFO: [VRFC 10-311] analyzing module ConvX_OFMAP_m_axi_burst_converter
INFO: [VRFC 10-311] analyzing module ConvX_OFMAP_m_axi_burst_interleave
INFO: [VRFC 10-311] analyzing module ConvX_OFMAP_m_axi_burst_sequential
INFO: [VRFC 10-311] analyzing module ConvX_OFMAP_m_axi_throttle
INFO: [VRFC 10-311] analyzing module ConvX_OFMAP_m_axi_reg_slice
INFO: [VRFC 10-311] analyzing module ConvX_OFMAP_m_axi_fifo
INFO: [VRFC 10-311] analyzing module ConvX_OFMAP_m_axi_srl
INFO: [VRFC 10-311] analyzing module ConvX_OFMAP_m_axi_mem
INFO: [VRFC 10-2263] Analyzing SystemVerilog file "C:/Users/arisi/Documents/VitisWorkspace/VGGHLS-TX/TL_Base/ConvLayer/hls/sim/verilog/ConvX_outPx1_RAM_AUTO_1R1W.v" into library xil_defaultlib
INFO: [VRFC 10-311] analyzing module ConvX_outPx1_RAM_AUTO_1R1W
INFO: [VRFC 10-2263] Analyzing SystemVerilog file "C:/Users/arisi/Documents/VitisWorkspace/VGGHLS-TX/TL_Base/ConvLayer/hls/sim/verilog/ConvX_Pe2Buf.v" into library xil_defaultlib
INFO: [VRFC 10-311] analyzing module ConvX_Pe2Buf
INFO: [VRFC 10-2263] Analyzing SystemVerilog file "C:/Users/arisi/Documents/VitisWorkspace/VGGHLS-TX/TL_Base/ConvLayer/hls/sim/verilog/ConvX_Pe2Buf_Pipeline_loop_Pe2Buf_PofBankStep_loop_Pe2Buf_Poy.v" into library xil_defaultlib
INFO: [VRFC 10-311] analyzing module ConvX_Pe2Buf_Pipeline_loop_Pe2Buf_PofBankStep_loop_Pe2Buf_Poy
INFO: [VRFC 10-2263] Analyzing SystemVerilog file "C:/Users/arisi/Documents/VitisWorkspace/VGGHLS-TX/TL_Base/ConvLayer/hls/sim/verilog/ConvX_p_ZZ9ConvLayerPK6ap_intILi8EES2_PS0_E6OutBuf_0_0_RAM_AUTO_1R1W.v" into library xil_defaultlib
INFO: [VRFC 10-311] analyzing module ConvX_p_ZZ9ConvLayerPK6ap_intILi8EES2_PS0_E6OutBuf_0_0_RAM_AUTO_1R1W
INFO: [VRFC 10-2263] Analyzing SystemVerilog file "C:/Users/arisi/Documents/VitisWorkspace/VGGHLS-TX/TL_Base/ConvLayer/hls/sim/verilog/ConvX_sparsemux_15_3_18_1_1.v" into library xil_defaultlib
INFO: [VRFC 10-311] analyzing module ConvX_sparsemux_15_3_18_1_1
INFO: [VRFC 10-2263] Analyzing SystemVerilog file "C:/Users/arisi/Documents/VitisWorkspace/VGGHLS-TX/TL_Base/ConvLayer/hls/sim/verilog/ConvX_sparsemux_15_3_8_1_1.v" into library xil_defaultlib
INFO: [VRFC 10-311] analyzing module ConvX_sparsemux_15_3_8_1_1
INFO: [VRFC 10-2263] Analyzing SystemVerilog file "C:/Users/arisi/Documents/VitisWorkspace/VGGHLS-TX/TL_Base/ConvLayer/hls/sim/verilog/ConvX_sparsemux_257_8_2_1_1.v" into library xil_defaultlib
INFO: [VRFC 10-311] analyzing module ConvX_sparsemux_257_8_2_1_1
INFO: [VRFC 10-2263] Analyzing SystemVerilog file "C:/Users/arisi/Documents/VitisWorkspace/VGGHLS-TX/TL_Base/ConvLayer/hls/sim/verilog/ConvX_sparsemux_9_2_18_1_1.v" into library xil_defaultlib
INFO: [VRFC 10-311] analyzing module ConvX_sparsemux_9_2_18_1_1
INFO: [VRFC 10-2263] Analyzing SystemVerilog file "C:/Users/arisi/Documents/VitisWorkspace/VGGHLS-TX/TL_Base/ConvLayer/hls/sim/verilog/ConvX_sparsemux_9_3_32_1_1.v" into library xil_defaultlib
INFO: [VRFC 10-311] analyzing module ConvX_sparsemux_9_3_32_1_1
INFO: [VRFC 10-2263] Analyzing SystemVerilog file "C:/Users/arisi/Documents/VitisWorkspace/VGGHLS-TX/TL_Base/ConvLayer/hls/sim/verilog/ConvX_storeMap.v" into library xil_defaultlib
INFO: [VRFC 10-311] analyzing module ConvX_storeMap
INFO: [VRFC 10-2263] Analyzing SystemVerilog file "C:/Users/arisi/Documents/VitisWorkspace/VGGHLS-TX/TL_Base/ConvLayer/hls/sim/verilog/ConvX_storeMap_Pipeline_Loop_Tof_Loop_Toy_Loop_Tox.v" into library xil_defaultlib
INFO: [VRFC 10-311] analyzing module ConvX_storeMap_Pipeline_Loop_Tof_Loop_Toy_Loop_Tox
INFO: [VRFC 10-2263] Analyzing SystemVerilog file "C:/Users/arisi/Documents/VitisWorkspace/VGGHLS-TX/TL_Base/ConvLayer/hls/sim/verilog/ConvX_tileClc.v" into library xil_defaultlib
INFO: [VRFC 10-311] analyzing module ConvX_tileClc
INFO: [VRFC 10-2263] Analyzing SystemVerilog file "C:/Users/arisi/Documents/VitisWorkspace/VGGHLS-TX/TL_Base/ConvLayer/hls/sim/verilog/ConvX_tileClc_bit_shift_rom_ROM_AUTO_1R.v" into library xil_defaultlib
INFO: [VRFC 10-311] analyzing module ConvX_tileClc_bit_shift_rom_ROM_AUTO_1R
INFO: [VRFC 10-2263] Analyzing SystemVerilog file "C:/Users/arisi/Documents/VitisWorkspace/VGGHLS-TX/TL_Base/ConvLayer/hls/sim/verilog/ConvX_tileClc_pe2buf_addr_offset1_rom_ROM_AUTO_1R.v" into library xil_defaultlib
INFO: [VRFC 10-311] analyzing module ConvX_tileClc_pe2buf_addr_offset1_rom_ROM_AUTO_1R
INFO: [VRFC 10-2263] Analyzing SystemVerilog file "C:/Users/arisi/Documents/VitisWorkspace/VGGHLS-TX/TL_Base/ConvLayer/hls/sim/verilog/ConvX_tileClc_pe2buf_addr_offset2_rom_ROM_AUTO_1R.v" into library xil_defaultlib
INFO: [VRFC 10-311] analyzing module ConvX_tileClc_pe2buf_addr_offset2_rom_ROM_AUTO_1R
INFO: [VRFC 10-2263] Analyzing SystemVerilog file "C:/Users/arisi/Documents/VitisWorkspace/VGGHLS-TX/TL_Base/ConvLayer/hls/sim/verilog/ConvX_tileClc_pe2buf_addr_offset3_rom_ROM_AUTO_1R.v" into library xil_defaultlib
INFO: [VRFC 10-311] analyzing module ConvX_tileClc_pe2buf_addr_offset3_rom_ROM_AUTO_1R
INFO: [VRFC 10-2263] Analyzing SystemVerilog file "C:/Users/arisi/Documents/VitisWorkspace/VGGHLS-TX/TL_Base/ConvLayer/hls/sim/verilog/ConvX_tileClc_tileclc_loop_limit_rom_ROM_AUTO_1R.v" into library xil_defaultlib
INFO: [VRFC 10-311] analyzing module ConvX_tileClc_tileclc_loop_limit_rom_ROM_AUTO_1R
INFO: [VRFC 10-2263] Analyzing SystemVerilog file "C:/Users/arisi/Documents/VitisWorkspace/VGGHLS-TX/TL_Base/ConvLayer/hls/sim/verilog/ConvX_tileClc_toy_step_rom_ROM_AUTO_1R.v" into library xil_defaultlib
INFO: [VRFC 10-311] analyzing module ConvX_tileClc_toy_step_rom_ROM_AUTO_1R
INFO: [VRFC 10-2263] Analyzing SystemVerilog file "C:/Users/arisi/Documents/VitisWorkspace/VGGHLS-TX/TL_Base/ConvLayer/hls/sim/verilog/ConvX_tileClc_wndclc_loop_limit_rom_ROM_AUTO_1R.v" into library xil_defaultlib
INFO: [VRFC 10-311] analyzing module ConvX_tileClc_wndclc_loop_limit_rom_ROM_AUTO_1R
INFO: [VRFC 10-2263] Analyzing SystemVerilog file "C:/Users/arisi/Documents/VitisWorkspace/VGGHLS-TX/TL_Base/ConvLayer/hls/sim/verilog/ConvX_tileClc_wtbuf2pe_loop_limit_rom_ROM_AUTO_1R.v" into library xil_defaultlib
INFO: [VRFC 10-311] analyzing module ConvX_tileClc_wtbuf2pe_loop_limit_rom_ROM_AUTO_1R
INFO: [VRFC 10-2263] Analyzing SystemVerilog file "C:/Users/arisi/Documents/VitisWorkspace/VGGHLS-TX/TL_Base/ConvLayer/hls/sim/verilog/ConvX_tof_step_rom_ROM_AUTO_1R.v" into library xil_defaultlib
INFO: [VRFC 10-311] analyzing module ConvX_tof_step_rom_ROM_AUTO_1R
INFO: [VRFC 10-2263] Analyzing SystemVerilog file "C:/Users/arisi/Documents/VitisWorkspace/VGGHLS-TX/TL_Base/ConvLayer/hls/sim/verilog/ConvX_tox_step_rom_ROM_AUTO_1R.v" into library xil_defaultlib
INFO: [VRFC 10-311] analyzing module ConvX_tox_step_rom_ROM_AUTO_1R
INFO: [VRFC 10-2263] Analyzing SystemVerilog file "C:/Users/arisi/Documents/VitisWorkspace/VGGHLS-TX/TL_Base/ConvLayer/hls/sim/verilog/ConvX_Toy_rom_ROM_AUTO_1R.v" into library xil_defaultlib
INFO: [VRFC 10-311] analyzing module ConvX_Toy_rom_ROM_AUTO_1R
INFO: [VRFC 10-2263] Analyzing SystemVerilog file "C:/Users/arisi/Documents/VitisWorkspace/VGGHLS-TX/TL_Base/ConvLayer/hls/sim/verilog/ConvX_urem_5ns_4ns_3_9_seq_1.v" into library xil_defaultlib
INFO: [VRFC 10-311] analyzing module ConvX_urem_5ns_4ns_3_9_seq_1_divseq
INFO: [VRFC 10-311] analyzing module ConvX_urem_5ns_4ns_3_9_seq_1
INFO: [VRFC 10-2263] Analyzing SystemVerilog file "C:/Users/arisi/Documents/VitisWorkspace/VGGHLS-TX/TL_Base/ConvLayer/hls/sim/verilog/ConvX_urem_8ns_4ns_3_12_seq_1.v" into library xil_defaultlib
INFO: [VRFC 10-311] analyzing module ConvX_urem_8ns_4ns_3_12_seq_1_divseq
INFO: [VRFC 10-311] analyzing module ConvX_urem_8ns_4ns_3_12_seq_1
INFO: [VRFC 10-2263] Analyzing SystemVerilog file "C:/Users/arisi/Documents/VitisWorkspace/VGGHLS-TX/TL_Base/ConvLayer/hls/sim/verilog/ConvX_wndClc_ctrl.v" into library xil_defaultlib
INFO: [VRFC 10-311] analyzing module ConvX_wndClc_ctrl
INFO: [VRFC 10-2263] Analyzing SystemVerilog file "C:/Users/arisi/Documents/VitisWorkspace/VGGHLS-TX/TL_Base/ConvLayer/hls/sim/verilog/ConvX_wndClc_Dfl.v" into library xil_defaultlib
INFO: [VRFC 10-311] analyzing module ConvX_wndClc_Dfl
INFO: [VRFC 10-2263] Analyzing SystemVerilog file "C:/Users/arisi/Documents/VitisWorkspace/VGGHLS-TX/TL_Base/ConvLayer/hls/sim/verilog/ConvX_wndClc_Dfl_Pipeline_Region1.v" into library xil_defaultlib
INFO: [VRFC 10-311] analyzing module ConvX_wndClc_Dfl_Pipeline_Region1
INFO: [VRFC 10-2263] Analyzing SystemVerilog file "C:/Users/arisi/Documents/VitisWorkspace/VGGHLS-TX/TL_Base/ConvLayer/hls/sim/verilog/ConvX_WTMAP_m_axi.v" into library xil_defaultlib
INFO: [VRFC 10-311] analyzing module ConvX_WTMAP_m_axi
INFO: [VRFC 10-311] analyzing module ConvX_WTMAP_m_axi_load
INFO: [VRFC 10-311] analyzing module ConvX_WTMAP_m_axi_read
INFO: [VRFC 10-311] analyzing module ConvX_WTMAP_m_axi_burst_converter
INFO: [VRFC 10-311] analyzing module ConvX_WTMAP_m_axi_burst_interleave
INFO: [VRFC 10-311] analyzing module ConvX_WTMAP_m_axi_burst_sequential
INFO: [VRFC 10-311] analyzing module ConvX_WTMAP_m_axi_reg_slice
INFO: [VRFC 10-311] analyzing module ConvX_WTMAP_m_axi_fifo
INFO: [VRFC 10-311] analyzing module ConvX_WTMAP_m_axi_srl
INFO: [VRFC 10-311] analyzing module ConvX_WTMAP_m_axi_mem
INFO: [VRFC 10-2263] Analyzing SystemVerilog file "C:/Users/arisi/Documents/VitisWorkspace/VGGHLS-TX/TL_Base/ConvLayer/hls/sim/verilog/dataflow_monitor.sv" into library xil_defaultlib
INFO: [VRFC 10-311] analyzing module dataflow_monitor
INFO: [VRFC 10-2263] Analyzing SystemVerilog file "C:/Users/arisi/Documents/VitisWorkspace/VGGHLS-TX/TL_Base/ConvLayer/hls/sim/verilog/file_agent/file_agent_pkg.sv" into library xil_defaultlib
INFO: [VRFC 10-2263] Analyzing SystemVerilog file "C:/Users/arisi/Documents/VitisWorkspace/VGGHLS-TX/TL_Base/ConvLayer/hls/sim/verilog/axivip/axi_pkg.sv" into library xil_defaultlib
INFO: [VRFC 10-2263] Analyzing SystemVerilog file "C:/Users/arisi/Documents/VitisWorkspace/VGGHLS-TX/TL_Base/ConvLayer/hls/sim/verilog/axivip/axi_if.sv" into library xil_defaultlib
INFO: [VRFC 10-2263] Analyzing SystemVerilog file "C:/Users/arisi/Documents/VitisWorkspace/VGGHLS-TX/TL_Base/ConvLayer/hls/sim/verilog/ConvX_subsystem/ConvX_subsystem_pkg.sv" into library xil_defaultlib
INFO: [VRFC 10-2263] Analyzing SystemVerilog file "C:/Users/arisi/Documents/VitisWorkspace/VGGHLS-TX/TL_Base/ConvLayer/hls/sim/verilog/svtb/misc_interface.sv" into library xil_defaultlib
INFO: [VRFC 10-2263] Analyzing SystemVerilog file "C:/Users/arisi/Documents/VitisWorkspace/VGGHLS-TX/TL_Base/ConvLayer/hls/sim/verilog/svtb/sv_module_top.sv" into library xil_defaultlib
INFO: [VRFC 10-311] analyzing module sv_module_top
Starting static elaboration
Pass Through NonSizing Optimizer
Completed static elaboration
Starting simulation data flow analysis
WARNING: [XSIM 43-4099] "/proj/primebuilds/9999.0_PRIME_0428_0031/installs/data/system_verilog/uvm_1.2/xlnx_uvm_package.sv" Line 4356. Module uvm_pkg doesn't have a timescale but at least one module in design has a timescale.
WARNING: [XSIM 43-4099] "/proj/primebuilds/9999.0_PRIME_0428_0031/installs/data/system_verilog/uvm_1.2/xlnx_uvm_package.sv" Line 4356. Module uvm_pkg doesn't have a timescale but at least one module in design has a timescale.
WARNING: [XSIM 43-4468] File : /proj/primebuilds/9999.0_PRIME_0428_0031/installs/data/system_verilog/uvm_1.2/xlnx_uvm_package.sv, Line : 25994, RANDC variable size more than 8 bits. This will be treated as a RAND variable instead.
Completed simulation data flow analysis
Time Resolution for simulation is 1ps
Compiling package xil_defaultlib.$unit_sv_module_top_sv
Compiling package uvm.uvm_pkg
Compiling package std.std
Compiling package xil_defaultlib.axi_pkg
Compiling package xil_defaultlib.ConvX_subsystem_pkg
Compiling package xil_defaultlib.file_agent_pkg
Compiling package xil_defaultlib.$unit_dataflow_monitor_sv
Compiling module xil_defaultlib.ConvX_mem2Buf_nofy_step_rom_ROM_...
Compiling module xil_defaultlib.ConvX_nofFirst_ROM_AUTO_1R
Compiling module xil_defaultlib.ConvX_loadIfMap_Nif_rom_ROM_AUTO...
Compiling module xil_defaultlib.ConvX_loadIfMap_row_1map_rom_ROM...
Compiling module xil_defaultlib.ConvX_loadIfMap_wrd_1row_rom_ROM...
Compiling module xil_defaultlib.ConvX_ConvLayer_ap_int_8_const_a...
Compiling module xil_defaultlib.ConvX_tof_step_rom_ROM_AUTO_1R
Compiling module xil_defaultlib.ConvX_Toy_rom_ROM_AUTO_1R
Compiling module xil_defaultlib.ConvX_tox_step_rom_ROM_AUTO_1R
Compiling module xil_defaultlib.ConvX_p_ZZ9ConvLayerPK6ap_intILi...
Compiling module xil_defaultlib.ConvX_InBuf_RAM_AUTO_1R1W
Compiling module xil_defaultlib.ConvX_inPx_RAM_AUTO_1R1W
Compiling module xil_defaultlib.ConvX_outPx1_RAM_AUTO_1R1W
Compiling module xil_defaultlib.ConvX_finalOut_RAM_AUTO_1R1W
Compiling module xil_defaultlib.ConvX_loadIfMap_niy_rom_ROM_AUTO...
Compiling module xil_defaultlib.ConvX_loadIfMap_noy_step_rom_ROM...
Compiling module xil_defaultlib.ConvX_loadIfMap_tiy_rom_ROM_AUTO...
Compiling module xil_defaultlib.ConvX_loadIfMap_tix_rom_ROM_AUTO...
Compiling module xil_defaultlib.ConvX_mul_33s_32ns_64_1_1(NUM_ST...
Compiling module xil_defaultlib.ConvX_mac_muladd_10ns_8ns_32s_33...
Compiling module xil_defaultlib.ConvX_mac_muladd_10ns_8ns_32s_33...
Compiling module xil_defaultlib.ConvX_flow_control_loop_pipe_seq...
Compiling module xil_defaultlib.ConvX_loadIfMap_Pipeline_If_Nif_...
Compiling module xil_defaultlib.ConvX_mac_muladd_10ns_8ns_6ns_14...
Compiling module xil_defaultlib.ConvX_mac_muladd_10ns_8ns_6ns_14...
Compiling module xil_defaultlib.ConvX_loadIfMap_Pipeline_NorthPa...
Compiling module xil_defaultlib.ConvX_mac_muladd_10ns_8ns_9s_14_...
Compiling module xil_defaultlib.ConvX_mac_muladd_10ns_8ns_9s_14_...
Compiling module xil_defaultlib.ConvX_loadIfMap_Pipeline_SouthPa...
Compiling module xil_defaultlib.ConvX_loadIfMap_Pipeline_WestPad...
Compiling module xil_defaultlib.ConvX_loadIfMap_Pipeline_EastPad...
Compiling module xil_defaultlib.ConvX_mul_32ns_32ns_37_1_1(NUM_S...
Compiling module xil_defaultlib.ConvX_mul_32s_6s_32_1_1(NUM_STAG...
Compiling module xil_defaultlib.ConvX_mul_5ns_8ns_13_1_1(NUM_STA...
Compiling module xil_defaultlib.ConvX_mul_10ns_13ns_22_1_1(NUM_S...
Compiling module xil_defaultlib.ConvX_urem_5ns_4ns_3_9_seq_1_div...
Compiling module xil_defaultlib.ConvX_urem_5ns_4ns_3_9_seq_1(NUM...
Compiling module xil_defaultlib.ConvX_urem_8ns_4ns_3_12_seq_1_di...
Compiling module xil_defaultlib.ConvX_urem_8ns_4ns_3_12_seq_1(NU...
Compiling module xil_defaultlib.ConvX_mul_3ns_6ns_9_1_1(NUM_STAG...
Compiling module xil_defaultlib.ConvX_mul_10ns_6ns_15_1_1(NUM_ST...
Compiling module xil_defaultlib.ConvX_mul_3ns_10ns_12_1_1(NUM_ST...
Compiling module xil_defaultlib.ConvX_loadIfMap
Compiling module xil_defaultlib.ConvX_loadWtMap_Nof_step_rom_ROM...
Compiling module xil_defaultlib.ConvX_loadWtMap_Tof_rom_ROM_AUTO...
Compiling module xil_defaultlib.ConvX_loadWtMap_Pipeline_WtLoop_...
Compiling module xil_defaultlib.ConvX_mul_9ns_32s_32_1_1(NUM_STA...
Compiling module xil_defaultlib.ConvX_mul_14ns_32s_45_1_1(NUM_ST...
Compiling module xil_defaultlib.ConvX_mul_14ns_9ns_21_1_1(NUM_ST...
Compiling module xil_defaultlib.ConvX_loadWtMap
Compiling module xil_defaultlib.ConvX_mem2Buf
Compiling module xil_defaultlib.ConvX_loadBiasTile_Pipeline_Bias...
Compiling module xil_defaultlib.ConvX_loadBiasTile_Pipeline_Bias...
Compiling module xil_defaultlib.ConvX_mul_3ns_6ns_8_1_1(NUM_STAG...
Compiling module xil_defaultlib.ConvX_mac_muladd_13s_9ns_13ns_13...
Compiling module xil_defaultlib.ConvX_mac_muladd_13s_9ns_13ns_13...
Compiling module xil_defaultlib.ConvX_loadBiasTile
Compiling module xil_defaultlib.ConvX_tileClc_tileclc_loop_limit...
Compiling module xil_defaultlib.ConvX_tileClc_wndclc_loop_limit_...
Compiling module xil_defaultlib.ConvX_tileClc_wtbuf2pe_loop_limi...
Compiling module xil_defaultlib.ConvX_tileClc_toy_step_rom_ROM_A...
Compiling module xil_defaultlib.ConvX_tileClc_pe2buf_addr_offset...
Compiling module xil_defaultlib.ConvX_tileClc_pe2buf_addr_offset...
Compiling module xil_defaultlib.ConvX_tileClc_pe2buf_addr_offset...
Compiling module xil_defaultlib.ConvX_tileClc_bit_shift_rom_ROM_...
Compiling module xil_defaultlib.ConvX_mul_32s_6ns_32_1_1(NUM_STA...
Compiling module xil_defaultlib.ConvX_wndClc_ctrl
Compiling module xil_defaultlib.ConvX_sparsemux_9_3_32_1_1(din0_...
Compiling module xil_defaultlib.ConvX_sparsemux_15_3_8_1_1(din0_...
Compiling module xil_defaultlib.ConvX_mac_muladd_8s_8s_18s_18_4_...
Compiling module xil_defaultlib.ConvX_mac_muladd_8s_8s_18s_18_4_...
Compiling module xil_defaultlib.ConvX_wndClc_Dfl_Pipeline_Region...
Compiling module xil_defaultlib.ConvX_fifo_w8_d4_S_ShiftReg
Compiling module xil_defaultlib.ConvX_fifo_w8_d4_S_default
Compiling module xil_defaultlib.ConvX_wndClc_Dfl
Compiling module xil_defaultlib.ConvX_sparsemux_257_8_2_1_1(din0...
Compiling module xil_defaultlib.ConvX_bias_ReLu
Compiling module xil_defaultlib.ConvX_sparsemux_15_3_18_1_1(din0...
Compiling module xil_defaultlib.ConvX_sparsemux_9_2_18_1_1(din0_...
Compiling module xil_defaultlib.ConvX_mac_muladd_6ns_3ns_15ns_15...
Compiling module xil_defaultlib.ConvX_mac_muladd_6ns_3ns_15ns_15...
Compiling module xil_defaultlib.ConvX_Pe2Buf_Pipeline_loop_Pe2Bu...
Compiling module xil_defaultlib.ConvX_mul_6ns_5ns_10_1_1(NUM_STA...
Compiling module xil_defaultlib.ConvX_Pe2Buf
Compiling module xil_defaultlib.ConvX_tileClc
Compiling module xil_defaultlib.ConvX_mul_33s_8ns_41_1_1(NUM_STA...
Compiling module xil_defaultlib.ConvX_mul_41s_8ns_49_1_1(NUM_STA...
Compiling module xil_defaultlib.ConvX_storeMap_Pipeline_Loop_Tof...
Compiling module xil_defaultlib.ConvX_mul_5ns_32s_32_1_1(NUM_STA...
Compiling module xil_defaultlib.ConvX_mul_8ns_5ns_13_1_1(NUM_STA...
Compiling module xil_defaultlib.ConvX_mul_9ns_13ns_21_1_1(NUM_ST...
Compiling module xil_defaultlib.ConvX_storeMap
Compiling module xil_defaultlib.ConvX_ConvX_Pipeline_VITIS_LOOP_...
Compiling module xil_defaultlib.ConvX_ConvX_Pipeline_fclayer_loo...
Compiling module xil_defaultlib.ConvX_ConvX_Pipeline_fclayer_loo...
Compiling module xil_defaultlib.ConvX_ConvX_Pipeline_fclayer_loo...
Compiling module xil_defaultlib.ConvX_ConvX_Pipeline_VITIS_LOOP_...
Compiling module xil_defaultlib.ConvX_control_s_axi
Compiling module xil_defaultlib.ConvX_IFMAP_m_axi_srl(DATA_WIDTH...
Compiling module xil_defaultlib.ConvX_IFMAP_m_axi_fifo(DATA_WIDT...
Compiling module xil_defaultlib.ConvX_IFMAP_m_axi_mem(MEM_STYLE=...
Compiling module xil_defaultlib.ConvX_IFMAP_m_axi_fifo(MEM_STYLE...
Compiling module xil_defaultlib.ConvX_IFMAP_m_axi_srl(DATA_WIDTH...
Compiling module xil_defaultlib.ConvX_IFMAP_m_axi_fifo(DATA_WIDT...
Compiling module xil_defaultlib.ConvX_IFMAP_m_axi_reg_slice(DATA...
Compiling module xil_defaultlib.ConvX_IFMAP_m_axi_load(NUM_READ_...
Compiling module xil_defaultlib.ConvX_IFMAP_m_axi_reg_slice(DATA...
Compiling module xil_defaultlib.ConvX_IFMAP_m_axi_burst_sequenti...
Compiling module xil_defaultlib.ConvX_IFMAP_m_axi_burst_converte...
Compiling module xil_defaultlib.ConvX_IFMAP_m_axi_reg_slice(DATA...
Compiling module xil_defaultlib.ConvX_IFMAP_m_axi_srl(DATA_WIDTH...
Compiling module xil_defaultlib.ConvX_IFMAP_m_axi_fifo(DATA_WIDT...
Compiling module xil_defaultlib.ConvX_IFMAP_m_axi_read(C_USER_VA...
Compiling module xil_defaultlib.ConvX_IFMAP_m_axi(C_M_AXI_ADDR_W...
Compiling module xil_defaultlib.ConvX_OFMAP_m_axi_srl(DATA_WIDTH...
Compiling module xil_defaultlib.ConvX_OFMAP_m_axi_fifo(DATA_WIDT...
Compiling module xil_defaultlib.ConvX_OFMAP_m_axi_srl(DATA_WIDTH...
Compiling module xil_defaultlib.ConvX_OFMAP_m_axi_fifo(DATA_WIDT...
Compiling module xil_defaultlib.ConvX_OFMAP_m_axi_srl(DATA_WIDTH...
Compiling module xil_defaultlib.ConvX_OFMAP_m_axi_fifo(DATA_WIDT...
Compiling module xil_defaultlib.ConvX_OFMAP_m_axi_srl(DATA_WIDTH...
Compiling module xil_defaultlib.ConvX_OFMAP_m_axi_fifo(DATA_WIDT...
Compiling module xil_defaultlib.ConvX_OFMAP_m_axi_srl(DATA_WIDTH...
Compiling module xil_defaultlib.ConvX_OFMAP_m_axi_fifo(DATA_WIDT...
Compiling module xil_defaultlib.ConvX_OFMAP_m_axi_srl(DATA_WIDTH...
Compiling module xil_defaultlib.ConvX_OFMAP_m_axi_fifo(DATA_WIDT...
Compiling module xil_defaultlib.ConvX_OFMAP_m_axi_srl(DATA_WIDTH...
Compiling module xil_defaultlib.ConvX_OFMAP_m_axi_fifo(DATA_WIDT...
Compiling module xil_defaultlib.ConvX_OFMAP_m_axi_store(CONSERVA...
Compiling module xil_defaultlib.ConvX_OFMAP_m_axi_reg_slice(DATA...
Compiling module xil_defaultlib.ConvX_OFMAP_m_axi_burst_sequenti...
Compiling module xil_defaultlib.ConvX_OFMAP_m_axi_burst_converte...
Compiling module xil_defaultlib.ConvX_OFMAP_m_axi_reg_slice(DATA...
Compiling module xil_defaultlib.ConvX_OFMAP_m_axi_srl(DATA_WIDTH...
Compiling module xil_defaultlib.ConvX_OFMAP_m_axi_fifo(DATA_WIDT...
Compiling module xil_defaultlib.ConvX_OFMAP_m_axi_reg_slice(DATA...
Compiling module xil_defaultlib.ConvX_OFMAP_m_axi_throttle(CONSE...
Compiling module xil_defaultlib.ConvX_OFMAP_m_axi_reg_slice(DATA...
Compiling module xil_defaultlib.ConvX_OFMAP_m_axi_write(CONSERVA...
Compiling module xil_defaultlib.ConvX_OFMAP_m_axi(C_M_AXI_ADDR_W...
Compiling module xil_defaultlib.ConvX_WTMAP_m_axi_srl(DATA_WIDTH...
Compiling module xil_defaultlib.ConvX_WTMAP_m_axi_fifo(DATA_WIDT...
Compiling module xil_defaultlib.ConvX_WTMAP_m_axi_mem(MEM_STYLE=...
Compiling module xil_defaultlib.ConvX_WTMAP_m_axi_fifo(MEM_STYLE...
Compiling module xil_defaultlib.ConvX_WTMAP_m_axi_srl(DATA_WIDTH...
Compiling module xil_defaultlib.ConvX_WTMAP_m_axi_fifo(DATA_WIDT...
Compiling module xil_defaultlib.ConvX_WTMAP_m_axi_reg_slice(DATA...
Compiling module xil_defaultlib.ConvX_WTMAP_m_axi_load(NUM_READ_...
Compiling module xil_defaultlib.ConvX_WTMAP_m_axi_reg_slice(DATA...
Compiling module xil_defaultlib.ConvX_WTMAP_m_axi_burst_sequenti...
Compiling module xil_defaultlib.ConvX_WTMAP_m_axi_burst_converte...
Compiling module xil_defaultlib.ConvX_WTMAP_m_axi_reg_slice(DATA...
Compiling module xil_defaultlib.ConvX_WTMAP_m_axi_srl(DATA_WIDTH...
Compiling module xil_defaultlib.ConvX_WTMAP_m_axi_fifo(DATA_WIDT...
Compiling module xil_defaultlib.ConvX_WTMAP_m_axi_read(C_USER_VA...
Compiling module xil_defaultlib.ConvX_WTMAP_m_axi(C_M_AXI_ADDR_W...
Compiling module xil_defaultlib.ConvX
Compiling module xil_defaultlib.misc_interface_default
Compiling module xil_defaultlib.axi_if(ADDR_WIDTH=64,STRB_WIDTH=...
Compiling module xil_defaultlib.axi_if(ADDR_WIDTH=6,STRB_WIDTH=4...
Compiling module xil_defaultlib.sv_module_top
Compiling module xil_defaultlib.nodf_module_intf_default
Compiling module xil_defaultlib.seq_loop_intf(FSM_WIDTH=38)
Compiling module xil_defaultlib.seq_loop_intf(FSM_WIDTH=7)
Compiling module xil_defaultlib.upc_loop_intf(FSM_WIDTH=1)
Compiling module xil_defaultlib.dataflow_monitor_1
Compiling module xil_defaultlib.apatb_ConvX_top
Compiling module xil_defaultlib.glbl
Built simulation snapshot ConvX

****** xsim v2025.1 (64-bit)
  **** SW Build 6140274 on Thu May 22 00:12:29 MDT 2025
  **** IP Build 6138677 on Thu May 22 03:10:11 MDT 2025
  **** SharedData Build 6139179 on Tue May 20 17:58:58 MDT 2025
  **** Start of session at: Thu Sep  4 11:38:01 2025
    ** Copyright 1986-2022 Xilinx, Inc. All Rights Reserved.
    ** Copyright 2022-2025 Advanced Micro Devices, Inc. All Rights Reserved.

start_gui
