  **** HLS Build v2025.1 6135595
INFO: [HLS 200-2005] Using work_dir C:/Programming_Files/VGGHLS-TX/TL_Base/ConvLayer 
INFO: [HLS 200-2176] Writing Vitis IDE component file C:/Programming_Files/VGGHLS-TX/TL_Base/ConvLayer/vitis-comp.json
INFO: [HLS 200-10] Creating and opening component 'C:/Programming_Files/VGGHLS-TX/TL_Base/ConvLayer'.
INFO: [HLS 200-1505] Using default flow_target 'vivado'
Resolution: For help on HLS 200-1505 see docs.xilinx.com/access/sources/dita/topic?Doc_Version=2025.1%20English&url=ug1448-hls-guidance&resourceid=200-1505.html
INFO: [HLS 200-2174] Applying component config ini file C:/Programming_Files/VGGHLS-TX/TL_Base/hls_config.cfg
INFO: [HLS 200-1465] Applying config ini 'syn.file=../src_files/Main_Code.cpp' from C:/Programming_Files/VGGHLS-TX/TL_Base/hls_config.cfg(8)
INFO: [HLS 200-10] Adding design file 'C:/Programming_Files/VGGHLS-TX/src_files/Main_Code.cpp' to the project
INFO: [HLS 200-1465] Applying config ini 'tb.file=../src_files/Auxiliary_Calculations.cpp' from C:/Programming_Files/VGGHLS-TX/TL_Base/hls_config.cfg(9)
INFO: [HLS 200-10] Adding test bench file 'C:/Programming_Files/VGGHLS-TX/src_files/Auxiliary_Calculations.cpp' to the project
INFO: [HLS 200-1465] Applying config ini 'tb.file=../src_files/main_tb.cpp' from C:/Programming_Files/VGGHLS-TX/TL_Base/hls_config.cfg(10)
INFO: [HLS 200-10] Adding test bench file 'C:/Programming_Files/VGGHLS-TX/src_files/main_tb.cpp' to the project
INFO: [HLS 200-1465] Applying config ini 'tb.file=../src_files/tb_Buf2Pe.cpp' from C:/Programming_Files/VGGHLS-TX/TL_Base/hls_config.cfg(11)
INFO: [HLS 200-10] Adding test bench file 'C:/Programming_Files/VGGHLS-TX/src_files/tb_Buf2Pe.cpp' to the project
INFO: [HLS 200-1465] Applying config ini 'tb.file=../src_files/tb_Dfl_ControlLogic.cpp' from C:/Programming_Files/VGGHLS-TX/TL_Base/hls_config.cfg(12)
INFO: [HLS 200-10] Adding test bench file 'C:/Programming_Files/VGGHLS-TX/src_files/tb_Dfl_ControlLogic.cpp' to the project
INFO: [HLS 200-1465] Applying config ini 'tb.file=../src_files/tb_fcLayer.cpp' from C:/Programming_Files/VGGHLS-TX/TL_Base/hls_config.cfg(13)
INFO: [HLS 200-10] Adding test bench file 'C:/Programming_Files/VGGHLS-TX/src_files/tb_fcLayer.cpp' to the project
INFO: [HLS 200-1465] Applying config ini 'tb.file=../src_files/tb_gap.cpp' from C:/Programming_Files/VGGHLS-TX/TL_Base/hls_config.cfg(14)
INFO: [HLS 200-10] Adding test bench file 'C:/Programming_Files/VGGHLS-TX/src_files/tb_gap.cpp' to the project
INFO: [HLS 200-1465] Applying config ini 'tb.file=../src_files/tb_loadbin.cpp' from C:/Programming_Files/VGGHLS-TX/TL_Base/hls_config.cfg(15)
INFO: [HLS 200-10] Adding test bench file 'C:/Programming_Files/VGGHLS-TX/src_files/tb_loadbin.cpp' to the project
INFO: [HLS 200-1465] Applying config ini 'tb.file=../src_files/tb_maxPool.cpp' from C:/Programming_Files/VGGHLS-TX/TL_Base/hls_config.cfg(16)
INFO: [HLS 200-10] Adding test bench file 'C:/Programming_Files/VGGHLS-TX/src_files/tb_maxPool.cpp' to the project
INFO: [HLS 200-1465] Applying config ini 'tb.file=../src_files/tb_Mem2Buf.cpp' from C:/Programming_Files/VGGHLS-TX/TL_Base/hls_config.cfg(17)
INFO: [HLS 200-10] Adding test bench file 'C:/Programming_Files/VGGHLS-TX/src_files/tb_Mem2Buf.cpp' to the project
INFO: [HLS 200-1465] Applying config ini 'tb.file=../src_files/tb_parameters.cpp' from C:/Programming_Files/VGGHLS-TX/TL_Base/hls_config.cfg(18)
INFO: [HLS 200-10] Adding test bench file 'C:/Programming_Files/VGGHLS-TX/src_files/tb_parameters.cpp' to the project
INFO: [HLS 200-1465] Applying config ini 'tb.file=../src_files/tb_Top.cpp' from C:/Programming_Files/VGGHLS-TX/TL_Base/hls_config.cfg(19)
INFO: [HLS 200-10] Adding test bench file 'C:/Programming_Files/VGGHLS-TX/src_files/tb_Top.cpp' to the project
INFO: [HLS 200-1465] Applying config ini 'tb.file=../src_files/tb_port_widening.cpp' from C:/Programming_Files/VGGHLS-TX/TL_Base/hls_config.cfg(20)
INFO: [HLS 200-10] Adding test bench file 'C:/Programming_Files/VGGHLS-TX/src_files/tb_port_widening.cpp' to the project
INFO: [HLS 200-1465] Applying config ini 'syn.top=ConvLayer' from C:/Programming_Files/VGGHLS-TX/TL_Base/hls_config.cfg(7)
INFO: [HLS 200-1465] Applying config ini 'flow_target=vivado' from C:/Programming_Files/VGGHLS-TX/TL_Base/hls_config.cfg(4)
INFO: [HLS 200-1505] Using flow_target 'vivado'
Resolution: For help on HLS 200-1505 see docs.xilinx.com/access/sources/dita/topic?Doc_Version=2025.1%20English&url=ug1448-hls-guidance&resourceid=200-1505.html
INFO: [HLS 200-1465] Applying config ini 'part=xcvu9p-flga2104-3-e' from C:/Programming_Files/VGGHLS-TX/TL_Base/hls_config.cfg(1)
INFO: [HLS 200-1611] Setting target device to 'xcvu9p-flga2104-3-e'
INFO: [HLS 200-1465] Applying config ini 'csim.clean=1' from C:/Programming_Files/VGGHLS-TX/TL_Base/hls_config.cfg(21)
INFO: [HLS 200-1465] Applying config ini 'package.output.format=ip_catalog' from C:/Programming_Files/VGGHLS-TX/TL_Base/hls_config.cfg(5)
INFO: [HLS 200-2176] Writing Vitis IDE component file C:/Programming_Files/VGGHLS-TX/TL_Base/ConvLayer/vitis-comp.json
INFO: [SIM 211-2] *************** CSIM start ***************
INFO: [SIM 211-4] CSIM will launch CLANG as the compiler.
INFO: [HLS 200-2036] Building debug C Simulation binaries
   Compiling ../../../../../src_files/tb_port_widening.cpp in debug mode
   Compiling ../../../../../src_files/tb_Top.cpp in debug mode
   Compiling ../../../../../src_files/tb_parameters.cpp in debug mode
   Compiling ../../../../../src_files/tb_Mem2Buf.cpp in debug mode
   Compiling ../../../../../src_files/tb_maxPool.cpp in debug mode
   Compiling ../../../../../src_files/tb_loadbin.cpp in debug mode
   Compiling ../../../../../src_files/tb_gap.cpp in debug mode
   Compiling ../../../../../src_files/tb_fcLayer.cpp in debug mode
   Compiling ../../../../../src_files/tb_Dfl_ControlLogic.cpp in debug mode
   Compiling ../../../../../src_files/tb_Buf2Pe.cpp in debug mode
   Compiling ../../../../../src_files/main_tb.cpp in debug mode
   Compiling ../../../../../src_files/Auxiliary_Calculations.cpp in debug mode
   Compiling ../../../../../src_files/Main_Code.cpp in debug mode
   Generating csim.exe
In file included from ../../../../../src_files/tb_port_widening.cpp:1:
In file included from ../../../../../src_files/header.h:7:
In file included from C:/Xilinx/2025.1/Vitis/include/ap_int.h:10:
In file included from C:/Xilinx/2025.1/Vitis/include/etc/ap_common.h:677:
In file included from C:/Xilinx/2025.1/Vitis/include/etc/ap_private.h:68:
In file included from C:/Xilinx/2025.1/Vitis/include/hls_half.h:26:
In file included from C:/Xilinx/2025.1/Vitis/include/etc/hls_half_fpo.h:19:
In file included from C:/Xilinx/2025.1/Vitis/include/hls_fpo.h:140:
In file included from C:/Xilinx/2025.1/Vitis/include/floating_point_v7_1_bitacc_cmodel.h:150:
C:/Xilinx/2025.1/Vitis/include/gmp.h:58:9: warning: '__GMP_LIBGMP_DLL' macro redefined [-Wmacro-redefined]
#define __GMP_LIBGMP_DLL  0
        ^
C:/Xilinx/2025.1/Vitis/include/floating_point_v7_1_bitacc_cmodel.h:142:9: note: previous definition is here
#define __GMP_LIBGMP_DLL 1
        ^
1 warning generated.
In file included from ../../../../../src_files/tb_Top.cpp:1:
In file included from ../../../../../src_files/header.h:7:
In file included from C:/Xilinx/2025.1/Vitis/include/ap_int.h:10:
In file included from C:/Xilinx/2025.1/Vitis/include/etc/ap_common.h:677:
In file included from C:/Xilinx/2025.1/Vitis/include/etc/ap_private.h:68:
In file included from C:/Xilinx/2025.1/Vitis/include/hls_half.h:26:
In file included from C:/Xilinx/2025.1/Vitis/include/etc/hls_half_fpo.h:19:
In file included from C:/Xilinx/2025.1/Vitis/include/hls_fpo.h:140:
In file included from C:/Xilinx/2025.1/Vitis/include/floating_point_v7_1_bitacc_cmodel.h:150:
C:/Xilinx/2025.1/Vitis/include/gmp.h:58:9: warning: '__GMP_LIBGMP_DLL' macro redefined [-Wmacro-redefined]
#define __GMP_LIBGMP_DLL  0
        ^
C:/Xilinx/2025.1/Vitis/include/floating_point_v7_1_bitacc_cmodel.h:142:9: note: previous definition is here
#define __GMP_LIBGMP_DLL 1
        ^
1 warning generated.
In file included from ../../../../../src_files/tb_parameters.cpp:1:
In file included from ../../../../../src_files/header.h:7:
In file included from C:/Xilinx/2025.1/Vitis/include/ap_int.h:10:
In file included from C:/Xilinx/2025.1/Vitis/include/etc/ap_common.h:677:
In file included from C:/Xilinx/2025.1/Vitis/include/etc/ap_private.h:68:
In file included from C:/Xilinx/2025.1/Vitis/include/hls_half.h:26:
In file included from C:/Xilinx/2025.1/Vitis/include/etc/hls_half_fpo.h:19:
In file included from C:/Xilinx/2025.1/Vitis/include/hls_fpo.h:140:
In file included from C:/Xilinx/2025.1/Vitis/include/floating_point_v7_1_bitacc_cmodel.h:150:
C:/Xilinx/2025.1/Vitis/include/gmp.h:58:9: warning: '__GMP_LIBGMP_DLL' macro redefined [-Wmacro-redefined]
#define __GMP_LIBGMP_DLL  0
        ^
C:/Xilinx/2025.1/Vitis/include/floating_point_v7_1_bitacc_cmodel.h:142:9: note: previous definition is here
#define __GMP_LIBGMP_DLL 1
        ^
1 warning generated.
In file included from ../../../../../src_files/tb_Mem2Buf.cpp:1:
In file included from ../../../../../src_files/header.h:7:
In file included from C:/Xilinx/2025.1/Vitis/include/ap_int.h:10:
In file included from C:/Xilinx/2025.1/Vitis/include/etc/ap_common.h:677:
In file included from C:/Xilinx/2025.1/Vitis/include/etc/ap_private.h:68:
In file included from C:/Xilinx/2025.1/Vitis/include/hls_half.h:26:
In file included from C:/Xilinx/2025.1/Vitis/include/etc/hls_half_fpo.h:19:
In file included from C:/Xilinx/2025.1/Vitis/include/hls_fpo.h:140:
In file included from C:/Xilinx/2025.1/Vitis/include/floating_point_v7_1_bitacc_cmodel.h:150:
C:/Xilinx/2025.1/Vitis/include/gmp.h:58:9: warning: '__GMP_LIBGMP_DLL' macro redefined [-Wmacro-redefined]
#define __GMP_LIBGMP_DLL  0
        ^
C:/Xilinx/2025.1/Vitis/include/floating_point_v7_1_bitacc_cmodel.h:142:9: note: previous definition is here
#define __GMP_LIBGMP_DLL 1
        ^
1 warning generated.
In file included from ../../../../../src_files/tb_maxPool.cpp:1:
In file included from ../../../../../src_files/header.h:7:
In file included from C:/Xilinx/2025.1/Vitis/include/ap_int.h:10:
In file included from C:/Xilinx/2025.1/Vitis/include/etc/ap_common.h:677:
In file included from C:/Xilinx/2025.1/Vitis/include/etc/ap_private.h:68:
In file included from C:/Xilinx/2025.1/Vitis/include/hls_half.h:26:
In file included from C:/Xilinx/2025.1/Vitis/include/etc/hls_half_fpo.h:19:
In file included from C:/Xilinx/2025.1/Vitis/include/hls_fpo.h:140:
In file included from C:/Xilinx/2025.1/Vitis/include/floating_point_v7_1_bitacc_cmodel.h:150:
C:/Xilinx/2025.1/Vitis/include/gmp.h:58:9: warning: '__GMP_LIBGMP_DLL' macro redefined [-Wmacro-redefined]
#define __GMP_LIBGMP_DLL  0
        ^
C:/Xilinx/2025.1/Vitis/include/floating_point_v7_1_bitacc_cmodel.h:142:9: note: previous definition is here
#define __GMP_LIBGMP_DLL 1
        ^
1 warning generated.
In file included from ../../../../../src_files/tb_loadbin.cpp:1:
In file included from ../../../../../src_files/header.h:7:
In file included from C:/Xilinx/2025.1/Vitis/include/ap_int.h:10:
In file included from C:/Xilinx/2025.1/Vitis/include/etc/ap_common.h:677:
In file included from C:/Xilinx/2025.1/Vitis/include/etc/ap_private.h:68:
In file included from C:/Xilinx/2025.1/Vitis/include/hls_half.h:26:
In file included from C:/Xilinx/2025.1/Vitis/include/etc/hls_half_fpo.h:19:
In file included from C:/Xilinx/2025.1/Vitis/include/hls_fpo.h:140:
In file included from C:/Xilinx/2025.1/Vitis/include/floating_point_v7_1_bitacc_cmodel.h:150:
C:/Xilinx/2025.1/Vitis/include/gmp.h:58:9: warning: '__GMP_LIBGMP_DLL' macro redefined [-Wmacro-redefined]
#define __GMP_LIBGMP_DLL  0
        ^
C:/Xilinx/2025.1/Vitis/include/floating_point_v7_1_bitacc_cmodel.h:142:9: note: previous definition is here
#define __GMP_LIBGMP_DLL 1
        ^
1 warning generated.
In file included from ../../../../../src_files/tb_gap.cpp:1:
In file included from ../../../../../src_files/header.h:7:
In file included from C:/Xilinx/2025.1/Vitis/include/ap_int.h:10:
In file included from C:/Xilinx/2025.1/Vitis/include/etc/ap_common.h:677:
In file included from C:/Xilinx/2025.1/Vitis/include/etc/ap_private.h:68:
In file included from C:/Xilinx/2025.1/Vitis/include/hls_half.h:26:
In file included from C:/Xilinx/2025.1/Vitis/include/etc/hls_half_fpo.h:19:
In file included from C:/Xilinx/2025.1/Vitis/include/hls_fpo.h:140:
In file included from C:/Xilinx/2025.1/Vitis/include/floating_point_v7_1_bitacc_cmodel.h:150:
C:/Xilinx/2025.1/Vitis/include/gmp.h:58:9: warning: '__GMP_LIBGMP_DLL' macro redefined [-Wmacro-redefined]
#define __GMP_LIBGMP_DLL  0
        ^
C:/Xilinx/2025.1/Vitis/include/floating_point_v7_1_bitacc_cmodel.h:142:9: note: previous definition is here
#define __GMP_LIBGMP_DLL 1
        ^
1 warning generated.
In file included from ../../../../../src_files/tb_fcLayer.cpp:1:
In file included from ../../../../../src_files/header.h:7:
In file included from C:/Xilinx/2025.1/Vitis/include/ap_int.h:10:
In file included from C:/Xilinx/2025.1/Vitis/include/etc/ap_common.h:677:
In file included from C:/Xilinx/2025.1/Vitis/include/etc/ap_private.h:68:
In file included from C:/Xilinx/2025.1/Vitis/include/hls_half.h:26:
In file included from C:/Xilinx/2025.1/Vitis/include/etc/hls_half_fpo.h:19:
In file included from C:/Xilinx/2025.1/Vitis/include/hls_fpo.h:140:
In file included from C:/Xilinx/2025.1/Vitis/include/floating_point_v7_1_bitacc_cmodel.h:150:
C:/Xilinx/2025.1/Vitis/include/gmp.h:58:9: warning: '__GMP_LIBGMP_DLL' macro redefined [-Wmacro-redefined]
#define __GMP_LIBGMP_DLL  0
        ^
C:/Xilinx/2025.1/Vitis/include/floating_point_v7_1_bitacc_cmodel.h:142:9: note: previous definition is here
#define __GMP_LIBGMP_DLL 1
        ^
1 warning generated.
In file included from ../../../../../src_files/tb_Dfl_ControlLogic.cpp:1:
In file included from ../../../../../src_files/header.h:7:
In file included from C:/Xilinx/2025.1/Vitis/include/ap_int.h:10:
In file included from C:/Xilinx/2025.1/Vitis/include/etc/ap_common.h:677:
In file included from C:/Xilinx/2025.1/Vitis/include/etc/ap_private.h:68:
In file included from C:/Xilinx/2025.1/Vitis/include/hls_half.h:26:
In file included from C:/Xilinx/2025.1/Vitis/include/etc/hls_half_fpo.h:19:
In file included from C:/Xilinx/2025.1/Vitis/include/hls_fpo.h:140:
In file included from C:/Xilinx/2025.1/Vitis/include/floating_point_v7_1_bitacc_cmodel.h:150:
C:/Xilinx/2025.1/Vitis/include/gmp.h:58:9: warning: '__GMP_LIBGMP_DLL' macro redefined [-Wmacro-redefined]
#define __GMP_LIBGMP_DLL  0
        ^
C:/Xilinx/2025.1/Vitis/include/floating_point_v7_1_bitacc_cmodel.h:142:9: note: previous definition is here
#define __GMP_LIBGMP_DLL 1
        ^
1 warning generated.
In file included from ../../../../../src_files/tb_Buf2Pe.cpp:1:
In file included from ../../../../../src_files/header.h:7:
In file included from C:/Xilinx/2025.1/Vitis/include/ap_int.h:10:
In file included from C:/Xilinx/2025.1/Vitis/include/etc/ap_common.h:677:
In file included from C:/Xilinx/2025.1/Vitis/include/etc/ap_private.h:68:
In file included from C:/Xilinx/2025.1/Vitis/include/hls_half.h:26:
In file included from C:/Xilinx/2025.1/Vitis/include/etc/hls_half_fpo.h:19:
In file included from C:/Xilinx/2025.1/Vitis/include/hls_fpo.h:140:
In file included from C:/Xilinx/2025.1/Vitis/include/floating_point_v7_1_bitacc_cmodel.h:150:
C:/Xilinx/2025.1/Vitis/include/gmp.h:58:9: warning: '__GMP_LIBGMP_DLL' macro redefined [-Wmacro-redefined]
#define __GMP_LIBGMP_DLL  0
        ^
C:/Xilinx/2025.1/Vitis/include/floating_point_v7_1_bitacc_cmodel.h:142:9: note: previous definition is here
#define __GMP_LIBGMP_DLL 1
        ^
1 warning generated.
In file included from ../../../../../src_files/main_tb.cpp:1:
In file included from ../../../../../src_files/header.h:7:
In file included from C:/Xilinx/2025.1/Vitis/include/ap_int.h:10:
In file included from C:/Xilinx/2025.1/Vitis/include/etc/ap_common.h:677:
In file included from C:/Xilinx/2025.1/Vitis/include/etc/ap_private.h:68:
In file included from C:/Xilinx/2025.1/Vitis/include/hls_half.h:26:
In file included from C:/Xilinx/2025.1/Vitis/include/etc/hls_half_fpo.h:19:
In file included from C:/Xilinx/2025.1/Vitis/include/hls_fpo.h:140:
In file included from C:/Xilinx/2025.1/Vitis/include/floating_point_v7_1_bitacc_cmodel.h:150:
C:/Xilinx/2025.1/Vitis/include/gmp.h:58:9: warning: '__GMP_LIBGMP_DLL' macro redefined [-Wmacro-redefined]
#define __GMP_LIBGMP_DLL  0
        ^
C:/Xilinx/2025.1/Vitis/include/floating_point_v7_1_bitacc_cmodel.h:142:9: note: previous definition is here
#define __GMP_LIBGMP_DLL 1
        ^
1 warning generated.
In file included from ../../../../../src_files/Auxiliary_Calculations.cpp:2:
In file included from ../../../../../src_files/header.h:7:
In file included from C:/Xilinx/2025.1/Vitis/include/ap_int.h:10:
In file included from C:/Xilinx/2025.1/Vitis/include/etc/ap_common.h:677:
In file included from C:/Xilinx/2025.1/Vitis/include/etc/ap_private.h:68:
In file included from C:/Xilinx/2025.1/Vitis/include/hls_half.h:26:
In file included from C:/Xilinx/2025.1/Vitis/include/etc/hls_half_fpo.h:19:
In file included from C:/Xilinx/2025.1/Vitis/include/hls_fpo.h:140:
In file included from C:/Xilinx/2025.1/Vitis/include/floating_point_v7_1_bitacc_cmodel.h:150:
C:/Xilinx/2025.1/Vitis/include/gmp.h:58:9: warning: '__GMP_LIBGMP_DLL' macro redefined [-Wmacro-redefined]
#define __GMP_LIBGMP_DLL  0
        ^
C:/Xilinx/2025.1/Vitis/include/floating_point_v7_1_bitacc_cmodel.h:142:9: note: previous definition is here
#define __GMP_LIBGMP_DLL 1
        ^
1 warning generated.
In file included from ../../../../../src_files/Main_Code.cpp:1:
In file included from ../../../../../src_files/header.h:7:
In file included from C:/Xilinx/2025.1/Vitis/include/ap_int.h:10:
In file included from C:/Xilinx/2025.1/Vitis/include/etc/ap_common.h:677:
In file included from C:/Xilinx/2025.1/Vitis/include/etc/ap_private.h:68:
In file included from C:/Xilinx/2025.1/Vitis/include/hls_half.h:26:
In file included from C:/Xilinx/2025.1/Vitis/include/etc/hls_half_fpo.h:19:
In file included from C:/Xilinx/2025.1/Vitis/include/hls_fpo.h:140:
In file included from C:/Xilinx/2025.1/Vitis/include/floating_point_v7_1_bitacc_cmodel.h:150:
C:/Xilinx/2025.1/Vitis/include/gmp.h:58:9: warning: '__GMP_LIBGMP_DLL' macro redefined [-Wmacro-redefined]
#define __GMP_LIBGMP_DLL  0
        ^
C:/Xilinx/2025.1/Vitis/include/floating_point_v7_1_bitacc_cmodel.h:142:9: note: previous definition is here
#define __GMP_LIBGMP_DLL 1
        ^
1 warning generated.
*********************************************************************************  Starting Verification. ************************************************************************************
Reached HERE!1
*****  Layer 1  *****
Reached HERE2!
Reached HERE3!
Reached HERE4!
Reached HERE4aqwe!
For this tile, bit shift is 0
For this tile, bit shift is 0
Reached HERE!

Number of out of range synth values are:854

Positions of out of range values (first 20) for synth module are:
12   14   16   18   20   22   23   25   26   27   28   29   30   31   34   35   37   39   43   44   
Values out of range (first 20) for synth module are:
17627   2259   2607   8391   19116   3964   17409   16664   1196   33548   27274   735   8542   12786   5759   30996   17028   2402   35290   18074   Number of out of range tb values are:854

Positions of out of range values (first 20) for TB are:
12   14   16   18   20   22   23   25   26   27   28   29   30   31   34   35   37   39   43   44   
Values out of range (first 20) for TB are:
17627   2259   2607   8391   19116   3964   17409   16664   1196   33548   27274   735   8542   12786   5759   30996   17028   2402   35290   18074   
Printing IfMap of Layer1
***  Printing Input Feature Map for Layer 0  ***
1 Map
  41  35  62   4  97 108  86  46  82  16  73 113 
 113  59 105 107  51  38  91  60   7  12  62  25 
  36  94  13  28   6  55  71  94  51  18  77  72 
  67  59  11  38  31   3  90 125   9  56  37  31 
  93  84  75 124  22 117  69  59  19  13   9  10 
  28  91  46  50  32  26  80 110  64 120  54 125 
  18  73  50 118  30 125  73  92  45  79  20 114 
  68  64 102  80 107  68  48  55  50  59  33  34 
 118  34  17  29  97  11  31  90  48  74  25   2 
  57 114  29  73  44   0 126  69  25  85 105   0 
  50 106  73  76  83  63 103  86  63  20  86 126 
  45  92  14 102   3 111  87  73  97 127 105  15 
2 Map
  97  77  81  30  29  28  22 114 114 102  29 112 
   4  79  74 119   2  87 104  57  44  83  75  73 
  18  30  51 116  30  12 116  85  84  31  84  36 
  89 126  53  79  50  34 116  76  79  83  16  45 
  72  83  15 117 102  89  29  42 101  64 119  43 
 120   1   7  68  14  95  80   0  84  97  13  62 
 123   5  21   7  59  51   2  31  24 112  18  90 
 100  84  78  49   5  62 105  21 120  70 106   4 
  22 115  14  89  22  47 103 104  84 119  74  74 
  80  87 104 118 122  22  59  17  45  46  36   8 
 121 126  82  91  37  67 101  60 116  69  83  88 
  40  78  11 117  69  96  89  61  23  39  10  89 
3 Map
 118  45  80  66  73  77 104  84  73 106 121  37 
   8  97  64  20  49  59 106  37  17  40  65  12 
  86  41  11   7  23  12  47 113  21  29  26  21 
  65  27  97  64 126 105  40  26  39   6  66  53 
  84  63  26 103  89  35  81  85  16  56  40  81 
  89 108  33 102  94  78  97  48  28 126  89 113 
  31  98  37  98  12  27  52  71 101  56  42  70 
   9  41   2 121 122 118 120  66  99  49  38  95 
  90  41 109  62  98  96  22  18  52  63  57  38 
  63   9  94 113 109  14  99 108  40  33  30  32 
  29  75  66   3  63  65   7   4  15  20   5 101 
  27  40  97  73  69 103  44  14  70  54   8  92 
Printing WtMap of Layer1
***  Printing Weight Kernel Maps for Layer 0  ***

* Printing Weight Kernels for 0 OfMap *
  70    63   -76  |    38    27   -72  |     3    93   -64  |   
 -13   116   -71  |    79   -53    53  |  -117   -71     0  |   
  46   -15   -59  |   -72    39  -124  |   100    57   109  |   
* Printing Weight Kernels for 1 OfMap *
 100  -102   105  |   123   -45    74  |    28   -95    70  |   
-103    39  -115  |  -118    55    24  |    76    96    88  |   
  54   -59   -24  |    -9    80   -94  |   -98  -100    -6  |   
* Printing Weight Kernels for 2 OfMap *
 -39  -118  -105  |   -17   -84    47  |  -100    74   -41  |   
 -76   -34   -70  |   -88    98  -117  |   -99    26   -77  |   
 -61    15    -5  |     4    12   -21  |  -112   -49   119  |   
* Printing Weight Kernels for 3 OfMap *
  71   -69    64  |   -63  -119  -108  |   -67    53   -76  |   
  59   -33    81  |     6    14   -72  |   -32   -12   119  |   
  83    39    56  |    13    17   -57  |   -54   -83   104  |   
* Printing Weight Kernels for 4 OfMap *
 120   110  -127  |   -76   -40   -35  |   -37     4   -53  |   
 113   108    15  |   -74     8   113  |   -89   100    83  |   
  63   -95    43  |   -36     6     1  |     3   -20    68  |   
* Printing Weight Kernels for 5 OfMap *
  70  -122  -116  |    33   117   -45  |   -55   -95   -59  |   
 -66     1   114  |   -96   108    20  |  -119   -44  -125  |   
 -44  -117  -111  |   -74   105  -106  |  -103   -72   -97  |   
* Printing Weight Kernels for 6 OfMap *
-107  -118   -18  |   -71   -81  -116  |   116    66    73  |   
  93    76    73  |   -45   -44   -64  |  -123   -49  -123  |   
 -78   102   -92  |    27    50    30  |    81   -38   125  |   
* Printing Weight Kernels for 7 OfMap *
 122    52    -2  |    31    38   -98  |    38   -89     2  |   
  88    10   -63  |  -107    76   103  |   113     6   -83  |   
 -60   -26    89  |    74   -32    24  |    34  -125   118  |   
* Printing Weight Kernels for 8 OfMap *
-100    39    91  |   -32   -91   108  |   121   103   -45  |   
 -79    58    17  |   -50   -40    -8  |    66    41   -73  |   
  56  -127   100  |   -53   -96    55  |   105    21    -9  |   
* Printing Weight Kernels for 9 OfMap *
  67   114    61  |     9    91   104  |   113    39   105  |   
 103    82   109  |    51   -56   123  |    65   -46   -62  |   
-125   105   105  |   -46   113   123  |    23   -49   -59  |   
* Printing Weight Kernels for 10 OfMap *
 107   120   -49  |   -22   102    77  |   -92    26    46  |   
  32   125   -60  |    -3   -94   -87  |    67   -67   104  |   
-107   -64    17  |    61   -78   -21  |    15    -7    63  |   
* Printing Weight Kernels for 11 OfMap *
  74    13   -38  |  -108    -4    90  |    -1    74   -61  |   
 -74   -94   -42  |   122   -82   -40  |  -103    63   -50  |   
  35   -48    83  |   -34   -97   -23  |   -33   -16   -40  |   
Printing OfMap under test of Layer1
***  Printing Output Feature Map  ***
1 Map
   0     0     0     0     0     0     0     0     0     0     0     0  |  
17627     0  2259     0  2607     0  8391     0  19116     0  3964  17409  |  
   0  16664  1196  33548  27274   735  8542  12786     0     0  5759  30996  |  
   0  17028     0  2402     0     0     0  35290  18074     0  17948  8562  |  
12382  4365  25078  20608  2454  11435  6160  6317  6557  21262  11908  26601  |  
   0  11268     0  1995  7030     0  4910  29992     0  18300     0  17255  |  
   0  7094     0  25828  3500  26189  31445  6118     0  4388  15801  27020  |  
   0  43351   329  28629     0     0     0     0     0  16233     0  25304  |  
   0     0  1335     0  28314     0  14013  23437  20430  2691  14114  17317  |  
   0  15533     0     0     0     0     0     0     0     0  10876  11385  |  
   0  21008     0  18585  34641     0  9042  35590  3209  8759  25095  32977  |  
   0  12209  6205     0     0     0   239  3646  9327     0     0  17818  |  
2 Map
3428     0     0     0     0     0     0     0  6738     0     0  11796  |  
   0  6807     0  27211     0  6562  14484     0  6838  19409  16481     0  |  
   0  19334     0     0     0     0     0  5679  14846     0     0     0  |  
   0     0     0  6694  20095  8828  7897     0     0  13746     0  6089  |  
9998     0     0  22772     0  7558     0     0  23648     0  1280     0  |  
16787     0  32587     0  37934  21834  11992     0     0  16010     0  15038  |  
4634     0  14151     0     0     0     0   869  16265     0  21128     0  |  
   0     0     0     0  18347  5390  20663  2708  21835     0  32850     0  |  
6148  17857  14602  5018  14481  4685     0  5609     0  17430  6820  5350  |  
   0  7137  1328  25162  1045     0  26154  9755  30927     0  8757     0  |  
 481  12886     0     0     0  12960     0     0     0     0     0  15331  |  
13717  27000  17995  52355  9213  30025  6229  14254   779  23185  25172     0  |  
3 Map
7293     0     0     0     0     0     0     0     0     0     0     0  |  
   0     0     0     0     0     0     0     0     0     0     0     0  |  
   0     0     0     0     0     0     0     0     0     0     0     0  |  
   0     0     0     0     0     0     0     0     0     0     0     0  |  
   0     0     0     0     0     0     0     0     0     0     0     0  |  
   0     0     0     0     0     0     0     0     0     0     0     0  |  
   0     0     0     0     0     0     0     0     0     0     0     0  |  
   0     0     0     0     0     0     0     0     0     0     0     0  |  
   0     0     0     0     0     0     0     0     0     0     0     0  |  
   0     0     0     0     0     0     0     0     0     0     0     0  |  
   0     0     0     0     0     0     0     0     0     0     0     0  |  
   0     0     0     0     0     0     0     0     0     0     0     0  |  
4 Map
14002  20295  7316  34198  21204  27159  7456  11207  8791  25856     0  1902  |  
   0     0     0  8139     0  5214  2320     0     0     0     0     0  |  
   0   924     0     0     0     0     0     0     0     0     0     0  |  
1238  2476  8705     0  8523     0     0     0     0     0     0     0  |  
   0     0  6798     0     0     0     0     0  15771     0  12725     0  |  
15212     0  6335     0     0     0  19743     0     0     0  1577     0  |  
10716   225  28791  6144     0     0  4198     0     0     0  14559     0  |  
   0  11569  8706  24086  8886     0  6854  2294  4403     0  3506     0  |  
   0  14274     0  10441     0     0     0     0     0     0     0  1051  |  
   0     0  4684  2046     0  7553     0     0     0     0     0     0  |  
 364     0     0     0     0     0     0  14377  8331  4719  19933  8137  |  
   0     0     0     0  3353     0     0     0     0     0     0     0  |  
5 Map
28368  21503  15019  11836  24040  44621  38200  31057  31397  26581  15638  11420  |  
24366  16625  28433     0  14024  34869  34925     0  3515    35     0  5255  |  
15168  16813  12015  13984    48  11115  26319  22475  9780     0  7867  7828  |  
18193  24387  27444  7398  15711   368  8139  20421  25907     0  16538  8742  |  
33224  1958  27442  35743  16713   450  8836  27862  23267  1610  15765     0  |  
22378  1226  20870  24544  15215  5279  19881  28974  39880  18321  20505  1885  |  
   0  6581  20392  35797  10654  9640  17324  34447  28225  10355  10030  24476  |  
   0  24289  15152  56972  23036  47365  22827  21920  25970  11962     0  13043  |  
28571  9770  20837  6001  17564  33822     0  5220  29993  8749   168   221  |  
32570  24685  26529  12437  6066  4212  7101  16218   687  11349  17617     0  |  
18884  24805  18975     0  38670     0  11483  41029  15061   266  43516  39715  |  
 385  10860  25623  14661  21475  19564  14139  17672  32952  9505  15000  36578  |  
6 Map
   0     0     0     0     0     0     0     0     0     0     0     0  |  
   0     0     0     0     0     0     0     0     0     0     0     0  |  
   0     0     0     0     0     0     0     0     0     0     0     0  |  
   0     0     0     0     0     0     0     0     0     0     0     0  |  
   0     0     0     0     0     0     0     0     0     0     0     0  |  
   0     0     0     0     0     0     0     0     0     0     0     0  |  
   0     0     0     0     0     0     0     0     0     0     0     0  |  
   0     0     0     0     0     0     0     0     0     0     0     0  |  
   0     0     0     0     0     0     0     0     0     0     0     0  |  
   0     0     0     0     0     0     0     0     0     0     0     0  |  
   0     0     0     0     0     0     0     0     0     0     0     0  |  
   0     0     0     0     0     0     0     0  1288     0     0     0  |  
7 Map
5740     0     0   959     0  8138  1041     0     0     0     0   739  |  
   0  6978     0  9575     0     0     0     0     0     0     0     0  |  
   0     0     0     0     0     0     0     0     0  1182     0     0  |  
1328     0     0     0     0     0     0     0     0     0     0     0  |  
   0     0     0  2172  3876     0     0     0     0     0     0     0  |  
   0     0     0     0     0     0     0     0     0     0     0  6525  |  
   0     0  13399  4318  19254  21679  11874     0     0     0     0     0  |  
5055  10749  1344     0     0     0     0     0     0     0     0     0  |  
   0     0     0     0     0     0   222     0     0     0     0     0  |  
   0     0     0     0     0     0     0     0     0     0   588  6941  |  
   0     0     0  6318     0  13370  2341  1629     0     0     0     0  |  
   0     0     0     0     0     0     0     0     0     0     0     0  |  
8 Map
24963  7061  11742  1948  5839  16233  18486  28582  17860  10549  7471  26367  |  
   0  15824  24033  19389  12043  40484  21356  15497  19548  22438  4461  28674  |  
   0  31751  32823  46339     0  10342  22193  29842  20566  11154  8259  11965  |  
8335  16303  27610  4199  13401  26525  23558  8571  42001  4136  10754  27099  |  
   0  28433  12573  18544  22339  1182  11720  46309  44760  12353  26218     0  |  
   0  17559  37460     0  31245  35151  15260  14446  24122     0  28296  8231  |  
1939     0  33733  18707  23577     0  6870  33697  23022  37802  19703  16376  |  
7519  7965  15702  2823  30705  31472  40920  29402  27118  28547  9312  3481  |  
9283  39508  21432  26507     0  63340  30890     0  15924  26248  20495  1899  |  
8232  39248  3003  31370  25311     0     0  31941  19217  17340  39659     0  |  
10516  18585  27798   657  29201  30420  17411  37093  30378  6071  20400   257  |  
   0  8502  17011  39945  10455  13305  34270  9853  8197  17687  19350  30657  |  
9 Map
   0  2905  2208     0  10124  7457     0     0     0     0    97   686  |  
20536  9094  17069     0  11106  12815  19803  10195  2479  4646  35154     0  |  
14496  6100  23450     0     0  40575  9476     0  4951     0  12959     0  |  
14962  5228  9363     0  11375  14758  15147  15231     0  2092     0     0  |  
16005     0  18202  5207  14522  47625  15357  10546  3103     0  18735     0  |  
6813  9500  34342  3147  36568     0  15251  25045  8415     0  9243     0  |  
   0  21204  7198  12094  32516  34759  14507  34571  8638  9257  7213  19447  |  
   0  10692  9867  20807  8609  20130  13785     0  24787     0  2853  3118  |  
16292     0     0  1411  23556  42384  3070  29193  18222  10927     0  12415  |  
28246     0  2509  9977  8433  24165  19681     0     0  10483     0     0  |  
19442     0  17171  4207  14543  13270  16599  4381  9831  9124     0     0  |  
13877   646  4460  5140     0  26338  5279     0     0  9812  1314     0  |  
10 Map
25123  37695  39535  32309  15658  47287  52278  31060  25435  31833  54644  18747  |  
64531  90107  90177  73948  74288  95438  100516  103110  81500  71812  93051  52907  |  
78958  78494  86078  60436  43836  94145  107381  81037  56778  71168  47037  40873  |  
69138  58802  66653  51444  30073  82750  76340  91051  81594  50214  58382  23929  |  
68455  75867  80541  67167  80321  88058  94097  85723  68440  55131  27704  33363  |  
52408  67772  86955  72139  93003  83102  59664  85644  80124  59528  81383  44355  |  
62879  73275  85127  55582  83607  77389  80358  73195  111312  77947  97825  36138  |  
69818  57420  67744  69357  76131  66067  87244  99706  78986  92013  50011  41136  |  
87850  70267  76723  79633  77671  99317  94973  70843  90692  86983  58257  4986  |  
96884  100797  72786  83822  63977  95984  79999  89243  88198  86141  85279  33690  |  
76401  87501  98929  115537  74102  112290  91263  92928  71206  79888  60236  20633  |  
62648  60744  82602  56984  71130  71363  83034  68862  65862  64352  82367  37255  |  
11 Map
   0     0     0     0  3005  9231     0     0     0     0     0  3074  |  
36357     0  2224  5702  16997  15938  12306  20720  14448  5070     0  13334  |  
3325  32083  12360  23621  17411  21140  10695     0  6099  4700  12717  10129  |  
   0  5587  8342  3725     0     0  18243  24364     0  14744  15298  20906  |  
16998  33410  17579  7272  2384  10654  19548  22828  8237     0  8982     0  |  
14212  33202  31923  36780  7691  6169  15481  22540  10097  11092  26811     0  |  
2242     0  21817  20558  5905  14376  11780  34381  13080  32442  4216  26480  |  
   0     0  24043  27676  30435  14698  14453  21604   141  6661  8248  19943  |  
13094  22067  9418  23979  21752  30273     0     0  7575  8382  1391     0  |  
 832  25327     0     0  7839  4596  4909  21110  11285  23232  31113     0  |  
   0  19111  26583  21237  17585     0  7564  8860     0     0  10149     0  |  
19026  46285  14893  24925  19120  15544  24278  38673  35578  25214  43147  24911  |  
12 Map
   0     0     0     0     0     0     0     0     0     0     0     0  |  
   0     0     0     0     0     0     0     0     0     0     0     0  |  
   0     0     0     0     0     0     0     0     0     0     0     0  |  
   0     0  10382     0     0     0     0     0     0     0     0     0  |  
   0     0     0     0     0     0     0     0     0     0     0    77  |  
   0     0     0     0     0     0     0     0     0     0     0     0  |  
   0     0     0     0     0     0     0     0     0     0     0     0  |  
   0     0     0     0     0     0     0     0     0     0     0  3359  |  
   0     0     0     0     0     0     0     0     0     0     0     0  |  
   0     0     0     0     0   271     0     0     0     0     0     0  |  
   0     0     0     0     0     0     0     0     0     0     0     0  |  
   0     0     0     0     0     0     0     0     0     0     0     0  |  
Printing Golden OfMap of Layer1
***  Printing Output Feature Map  ***
1 Map
   0     0     0     0     0     0     0     0     0     0     0     0  |  
17627     0  2259     0  2607     0  8391     0  19116     0  3964  17409  |  
   0  16664  1196  33548  27274   735  8542  12786     0     0  5759  30996  |  
   0  17028     0  2402     0     0     0  35290  18074     0  17948  8562  |  
12382  4365  25078  20608  2454  11435  6160  6317  6557  21262  11908  26601  |  
   0  11268     0  1995  7030     0  4910  29992     0  18300     0  17255  |  
   0  7094     0  25828  3500  26189  31445  6118     0  4388  15801  27020  |  
   0  43351   329  28629     0     0     0     0     0  16233     0  25304  |  
   0     0  1335     0  28314     0  14013  23437  20430  2691  14114  17317  |  
   0  15533     0     0     0     0     0     0     0     0  10876  11385  |  
   0  21008     0  18585  34641     0  9042  35590  3209  8759  25095  32977  |  
   0  12209  6205     0     0     0   239  3646  9327     0     0  17818  |  
2 Map
3428     0     0     0     0     0     0     0  6738     0     0  11796  |  
   0  6807     0  27211     0  6562  14484     0  6838  19409  16481     0  |  
   0  19334     0     0     0     0     0  5679  14846     0     0     0  |  
   0     0     0  6694  20095  8828  7897     0     0  13746     0  6089  |  
9998     0     0  22772     0  7558     0     0  23648     0  1280     0  |  
16787     0  32587     0  37934  21834  11992     0     0  16010     0  15038  |  
4634     0  14151     0     0     0     0   869  16265     0  21128     0  |  
   0     0     0     0  18347  5390  20663  2708  21835     0  32850     0  |  
6148  17857  14602  5018  14481  4685     0  5609     0  17430  6820  5350  |  
   0  7137  1328  25162  1045     0  26154  9755  30927     0  8757     0  |  
 481  12886     0     0     0  12960     0     0     0     0     0  15331  |  
13717  27000  17995  52355  9213  30025  6229  14254   779  23185  25172     0  |  
3 Map
7293     0     0     0     0     0     0     0     0     0     0     0  |  
   0     0     0     0     0     0     0     0     0     0     0     0  |  
   0     0     0     0     0     0     0     0     0     0     0     0  |  
   0     0     0     0     0     0     0     0     0     0     0     0  |  
   0     0     0     0     0     0     0     0     0     0     0     0  |  
   0     0     0     0     0     0     0     0     0     0     0     0  |  
   0     0     0     0     0     0     0     0     0     0     0     0  |  
   0     0     0     0     0     0     0     0     0     0     0     0  |  
   0     0     0     0     0     0     0     0     0     0     0     0  |  
   0     0     0     0     0     0     0     0     0     0     0     0  |  
   0     0     0     0     0     0     0     0     0     0     0     0  |  
   0     0     0     0     0     0     0     0     0     0     0     0  |  
4 Map
14002  20295  7316  34198  21204  27159  7456  11207  8791  25856     0  1902  |  
   0     0     0  8139     0  5214  2320     0     0     0     0     0  |  
   0   924     0     0     0     0     0     0     0     0     0     0  |  
1238  2476  8705     0  8523     0     0     0     0     0     0     0  |  
   0     0  6798     0     0     0     0     0  15771     0  12725     0  |  
15212     0  6335     0     0     0  19743     0     0     0  1577     0  |  
10716   225  28791  6144     0     0  4198     0     0     0  14559     0  |  
   0  11569  8706  24086  8886     0  6854  2294  4403     0  3506     0  |  
   0  14274     0  10441     0     0     0     0     0     0     0  1051  |  
   0     0  4684  2046     0  7553     0     0     0     0     0     0  |  
 364     0     0     0     0     0     0  14377  8331  4719  19933  8137  |  
   0     0     0     0  3353     0     0     0     0     0     0     0  |  
5 Map
28368  21503  15019  11836  24040  44621  38200  31057  31397  26581  15638  11420  |  
24366  16625  28433     0  14024  34869  34925     0  3515    35     0  5255  |  
15168  16813  12015  13984    48  11115  26319  22475  9780     0  7867  7828  |  
18193  24387  27444  7398  15711   368  8139  20421  25907     0  16538  8742  |  
33224  1958  27442  35743  16713   450  8836  27862  23267  1610  15765     0  |  
22378  1226  20870  24544  15215  5279  19881  28974  39880  18321  20505  1885  |  
   0  6581  20392  35797  10654  9640  17324  34447  28225  10355  10030  24476  |  
   0  24289  15152  56972  23036  47365  22827  21920  25970  11962     0  13043  |  
28571  9770  20837  6001  17564  33822     0  5220  29993  8749   168   221  |  
32570  24685  26529  12437  6066  4212  7101  16218   687  11349  17617     0  |  
18884  24805  18975     0  38670     0  11483  41029  15061   266  43516  39715  |  
 385  10860  25623  14661  21475  19564  14139  17672  32952  9505  15000  36578  |  
6 Map
   0     0     0     0     0     0     0     0     0     0     0     0  |  
   0     0     0     0     0     0     0     0     0     0     0     0  |  
   0     0     0     0     0     0     0     0     0     0     0     0  |  
   0     0     0     0     0     0     0     0     0     0     0     0  |  
   0     0     0     0     0     0     0     0     0     0     0     0  |  
   0     0     0     0     0     0     0     0     0     0     0     0  |  
   0     0     0     0     0     0     0     0     0     0     0     0  |  
   0     0     0     0     0     0     0     0     0     0     0     0  |  
   0     0     0     0     0     0     0     0     0     0     0     0  |  
   0     0     0     0     0     0     0     0     0     0     0     0  |  
   0     0     0     0     0     0     0     0     0     0     0     0  |  
   0     0     0     0     0     0     0     0  1288     0     0     0  |  
7 Map
5740     0     0   959     0  8138  1041     0     0     0     0   739  |  
   0  6978     0  9575     0     0     0     0     0     0     0     0  |  
   0     0     0     0     0     0     0     0     0  1182     0     0  |  
1328     0     0     0     0     0     0     0     0     0     0     0  |  
   0     0     0  2172  3876     0     0     0     0     0     0     0  |  
   0     0     0     0     0     0     0     0     0     0     0  6525  |  
   0     0  13399  4318  19254  21679  11874     0     0     0     0     0  |  
5055  10749  1344     0     0     0     0     0     0     0     0     0  |  
   0     0     0     0     0     0   222     0     0     0     0     0  |  
   0     0     0     0     0     0     0     0     0     0   588  6941  |  
   0     0     0  6318     0  13370  2341  1629     0     0     0     0  |  
   0     0     0     0     0     0     0     0     0     0     0     0  |  
8 Map
24963  7061  11742  1948  5839  16233  18486  28582  17860  10549  7471  26367  |  
   0  15824  24033  19389  12043  40484  21356  15497  19548  22438  4461  28674  |  
   0  31751  32823  46339     0  10342  22193  29842  20566  11154  8259  11965  |  
8335  16303  27610  4199  13401  26525  23558  8571  42001  4136  10754  27099  |  
   0  28433  12573  18544  22339  1182  11720  46309  44760  12353  26218     0  |  
   0  17559  37460     0  31245  35151  15260  14446  24122     0  28296  8231  |  
1939     0  33733  18707  23577     0  6870  33697  23022  37802  19703  16376  |  
7519  7965  15702  2823  30705  31472  40920  29402  27118  28547  9312  3481  |  
9283  39508  21432  26507     0  63340  30890     0  15924  26248  20495  1899  |  
8232  39248  3003  31370  25311     0     0  31941  19217  17340  39659     0  |  
10516  18585  27798   657  29201  30420  17411  37093  30378  6071  20400   257  |  
   0  8502  17011  39945  10455  13305  34270  9853  8197  17687  19350  30657  |  
9 Map
   0  2905  2208     0  10124  7457     0     0     0     0    97   686  |  
20536  9094  17069     0  11106  12815  19803  10195  2479  4646  35154     0  |  
14496  6100  23450     0     0  40575  9476     0  4951     0  12959     0  |  
14962  5228  9363     0  11375  14758  15147  15231     0  2092     0     0  |  
16005     0  18202  5207  14522  47625  15357  10546  3103     0  18735     0  |  
6813  9500  34342  3147  36568     0  15251  25045  8415     0  9243     0  |  
   0  21204  7198  12094  32516  34759  14507  34571  8638  9257  7213  19447  |  
   0  10692  9867  20807  8609  20130  13785     0  24787     0  2853  3118  |  
16292     0     0  1411  23556  42384  3070  29193  18222  10927     0  12415  |  
28246     0  2509  9977  8433  24165  19681     0     0  10483     0     0  |  
19442     0  17171  4207  14543  13270  16599  4381  9831  9124     0     0  |  
13877   646  4460  5140     0  26338  5279     0     0  9812  1314     0  |  
10 Map
25123  37695  39535  32309  15658  47287  52278  31060  25435  31833  54644  18747  |  
64531  90107  90177  73948  74288  95438  100516  103110  81500  71812  93051  52907  |  
78958  78494  86078  60436  43836  94145  107381  81037  56778  71168  47037  40873  |  
69138  58802  66653  51444  30073  82750  76340  91051  81594  50214  58382  23929  |  
68455  75867  80541  67167  80321  88058  94097  85723  68440  55131  27704  33363  |  
52408  67772  86955  72139  93003  83102  59664  85644  80124  59528  81383  44355  |  
62879  73275  85127  55582  83607  77389  80358  73195  111312  77947  97825  36138  |  
69818  57420  67744  69357  76131  66067  87244  99706  78986  92013  50011  41136  |  
87850  70267  76723  79633  77671  99317  94973  70843  90692  86983  58257  4986  |  
96884  100797  72786  83822  63977  95984  79999  89243  88198  86141  85279  33690  |  
76401  87501  98929  115537  74102  112290  91263  92928  71206  79888  60236  20633  |  
62648  60744  82602  56984  71130  71363  83034  68862  65862  64352  82367  37255  |  
11 Map
   0     0     0     0  3005  9231     0     0     0     0     0  3074  |  
36357     0  2224  5702  16997  15938  12306  20720  14448  5070     0  13334  |  
3325  32083  12360  23621  17411  21140  10695     0  6099  4700  12717  10129  |  
   0  5587  8342  3725     0     0  18243  24364     0  14744  15298  20906  |  
16998  33410  17579  7272  2384  10654  19548  22828  8237     0  8982     0  |  
14212  33202  31923  36780  7691  6169  15481  22540  10097  11092  26811     0  |  
2242     0  21817  20558  5905  14376  11780  34381  13080  32442  4216  26480  |  
   0     0  24043  27676  30435  14698  14453  21604   141  6661  8248  19943  |  
13094  22067  9418  23979  21752  30273     0     0  7575  8382  1391     0  |  
 832  25327     0     0  7839  4596  4909  21110  11285  23232  31113     0  |  
   0  19111  26583  21237  17585     0  7564  8860     0     0  10149     0  |  
19026  46285  14893  24925  19120  15544  24278  38673  35578  25214  43147  24911  |  
12 Map
   0     0     0     0     0     0     0     0     0     0     0     0  |  
   0     0     0     0     0     0     0     0     0     0     0     0  |  
   0     0     0     0     0     0     0     0     0     0     0     0  |  
   0     0  10382     0     0     0     0     0     0     0     0     0  |  
   0     0     0     0     0     0     0     0     0     0     0    77  |  
   0     0     0     0     0     0     0     0     0     0     0     0  |  
   0     0     0     0     0     0     0     0     0     0     0     0  |  
   0     0     0     0     0     0     0     0     0     0     0  3359  |  
   0     0     0     0     0     0     0     0     0     0     0     0  |  
   0     0     0     0     0   271     0     0     0     0     0     0  |  
   0     0     0     0     0     0     0     0     0     0     0     0  |  
   0     0     0     0     0     0     0     0     0     0     0     0  |  
Printing Compared OfMap of Layer 1
***  Printing Output Feature Map  ***
1 Map
   0     0     0     0     0     0     0     0     0     0     0     0  |  
   0     0     0     0     0     0     0     0     0     0     0     0  |  
   0     0     0     0     0     0     0     0     0     0     0     0  |  
   0     0     0     0     0     0     0     0     0     0     0     0  |  
   0     0     0     0     0     0     0     0     0     0     0     0  |  
   0     0     0     0     0     0     0     0     0     0     0     0  |  
   0     0     0     0     0     0     0     0     0     0     0     0  |  
   0     0     0     0     0     0     0     0     0     0     0     0  |  
   0     0     0     0     0     0     0     0     0     0     0     0  |  
   0     0     0     0     0     0     0     0     0     0     0     0  |  
   0     0     0     0     0     0     0     0     0     0     0     0  |  
   0     0     0     0     0     0     0     0     0     0     0     0  |  
2 Map
   0     0     0     0     0     0     0     0     0     0     0     0  |  
   0     0     0     0     0     0     0     0     0     0     0     0  |  
   0     0     0     0     0     0     0     0     0     0     0     0  |  
   0     0     0     0     0     0     0     0     0     0     0     0  |  
   0     0     0     0     0     0     0     0     0     0     0     0  |  
   0     0     0     0     0     0     0     0     0     0     0     0  |  
   0     0     0     0     0     0     0     0     0     0     0     0  |  
   0     0     0     0     0     0     0     0     0     0     0     0  |  
   0     0     0     0     0     0     0     0     0     0     0     0  |  
   0     0     0     0     0     0     0     0     0     0     0     0  |  
   0     0     0     0     0     0     0     0     0     0     0     0  |  
   0     0     0     0     0     0     0     0     0     0     0     0  |  
3 Map
   0     0     0     0     0     0     0     0     0     0     0     0  |  
   0     0     0     0     0     0     0     0     0     0     0     0  |  
   0     0     0     0     0     0     0     0     0     0     0     0  |  
   0     0     0     0     0     0     0     0     0     0     0     0  |  
   0     0     0     0     0     0     0     0     0     0     0     0  |  
   0     0     0     0     0     0     0     0     0     0     0     0  |  
   0     0     0     0     0     0     0     0     0     0     0     0  |  
   0     0     0     0     0     0     0     0     0     0     0     0  |  
   0     0     0     0     0     0     0     0     0     0     0     0  |  
   0     0     0     0     0     0     0     0     0     0     0     0  |  
   0     0     0     0     0     0     0     0     0     0     0     0  |  
   0     0     0     0     0     0     0     0     0     0     0     0  |  
4 Map
   0     0     0     0     0     0     0     0     0     0     0     0  |  
   0     0     0     0     0     0     0     0     0     0     0     0  |  
   0     0     0     0     0     0     0     0     0     0     0     0  |  
   0     0     0     0     0     0     0     0     0     0     0     0  |  
   0     0     0     0     0     0     0     0     0     0     0     0  |  
   0     0     0     0     0     0     0     0     0     0     0     0  |  
   0     0     0     0     0     0     0     0     0     0     0     0  |  
   0     0     0     0     0     0     0     0     0     0     0     0  |  
   0     0     0     0     0     0     0     0     0     0     0     0  |  
   0     0     0     0     0     0     0     0     0     0     0     0  |  
   0     0     0     0     0     0     0     0     0     0     0     0  |  
   0     0     0     0     0     0     0     0     0     0     0     0  |  
5 Map
   0     0     0     0     0     0     0     0     0     0     0     0  |  
   0     0     0     0     0     0     0     0     0     0     0     0  |  
   0     0     0     0     0     0     0     0     0     0     0     0  |  
   0     0     0     0     0     0     0     0     0     0     0     0  |  
   0     0     0     0     0     0     0     0     0     0     0     0  |  
   0     0     0     0     0     0     0     0     0     0     0     0  |  
   0     0     0     0     0     0     0     0     0     0     0     0  |  
   0     0     0     0     0     0     0     0     0     0     0     0  |  
   0     0     0     0     0     0     0     0     0     0     0     0  |  
   0     0     0     0     0     0     0     0     0     0     0     0  |  
   0     0     0     0     0     0     0     0     0     0     0     0  |  
   0     0     0     0     0     0     0     0     0     0     0     0  |  
6 Map
   0     0     0     0     0     0     0     0     0     0     0     0  |  
   0     0     0     0     0     0     0     0     0     0     0     0  |  
   0     0     0     0     0     0     0     0     0     0     0     0  |  
   0     0     0     0     0     0     0     0     0     0     0     0  |  
   0     0     0     0     0     0     0     0     0     0     0     0  |  
   0     0     0     0     0     0     0     0     0     0     0     0  |  
   0     0     0     0     0     0     0     0     0     0     0     0  |  
   0     0     0     0     0     0     0     0     0     0     0     0  |  
   0     0     0     0     0     0     0     0     0     0     0     0  |  
   0     0     0     0     0     0     0     0     0     0     0     0  |  
   0     0     0     0     0     0     0     0     0     0     0     0  |  
   0     0     0     0     0     0     0     0     0     0     0     0  |  
7 Map
   0     0     0     0     0     0     0     0     0     0     0     0  |  
   0     0     0     0     0     0     0     0     0     0     0     0  |  
   0     0     0     0     0     0     0     0     0     0     0     0  |  
   0     0     0     0     0     0     0     0     0     0     0     0  |  
   0     0     0     0     0     0     0     0     0     0     0     0  |  
   0     0     0     0     0     0     0     0     0     0     0     0  |  
   0     0     0     0     0     0     0     0     0     0     0     0  |  
   0     0     0     0     0     0     0     0     0     0     0     0  |  
   0     0     0     0     0     0     0     0     0     0     0     0  |  
   0     0     0     0     0     0     0     0     0     0     0     0  |  
   0     0     0     0     0     0     0     0     0     0     0     0  |  
   0     0     0     0     0     0     0     0     0     0     0     0  |  
8 Map
   0     0     0     0     0     0     0     0     0     0     0     0  |  
   0     0     0     0     0     0     0     0     0     0     0     0  |  
   0     0     0     0     0     0     0     0     0     0     0     0  |  
   0     0     0     0     0     0     0     0     0     0     0     0  |  
   0     0     0     0     0     0     0     0     0     0     0     0  |  
   0     0     0     0     0     0     0     0     0     0     0     0  |  
   0     0     0     0     0     0     0     0     0     0     0     0  |  
   0     0     0     0     0     0     0     0     0     0     0     0  |  
   0     0     0     0     0     0     0     0     0     0     0     0  |  
   0     0     0     0     0     0     0     0     0     0     0     0  |  
   0     0     0     0     0     0     0     0     0     0     0     0  |  
   0     0     0     0     0     0     0     0     0     0     0     0  |  
9 Map
   0     0     0     0     0     0     0     0     0     0     0     0  |  
   0     0     0     0     0     0     0     0     0     0     0     0  |  
   0     0     0     0     0     0     0     0     0     0     0     0  |  
   0     0     0     0     0     0     0     0     0     0     0     0  |  
   0     0     0     0     0     0     0     0     0     0     0     0  |  
   0     0     0     0     0     0     0     0     0     0     0     0  |  
   0     0     0     0     0     0     0     0     0     0     0     0  |  
   0     0     0     0     0     0     0     0     0     0     0     0  |  
   0     0     0     0     0     0     0     0     0     0     0     0  |  
   0     0     0     0     0     0     0     0     0     0     0     0  |  
   0     0     0     0     0     0     0     0     0     0     0     0  |  
   0     0     0     0     0     0     0     0     0     0     0     0  |  
10 Map
   0     0     0     0     0     0     0     0     0     0     0     0  |  
   0     0     0     0     0     0     0     0     0     0     0     0  |  
   0     0     0     0     0     0     0     0     0     0     0     0  |  
   0     0     0     0     0     0     0     0     0     0     0     0  |  
   0     0     0     0     0     0     0     0     0     0     0     0  |  
   0     0     0     0     0     0     0     0     0     0     0     0  |  
   0     0     0     0     0     0     0     0     0     0     0     0  |  
   0     0     0     0     0     0     0     0     0     0     0     0  |  
   0     0     0     0     0     0     0     0     0     0     0     0  |  
   0     0     0     0     0     0     0     0     0     0     0     0  |  
   0     0     0     0     0     0     0     0     0     0     0     0  |  
   0     0     0     0     0     0     0     0     0     0     0     0  |  
11 Map
   0     0     0     0     0     0     0     0     0     0     0     0  |  
   0     0     0     0     0     0     0     0     0     0     0     0  |  
   0     0     0     0     0     0     0     0     0     0     0     0  |  
   0     0     0     0     0     0     0     0     0     0     0     0  |  
   0     0     0     0     0     0     0     0     0     0     0     0  |  
   0     0     0     0     0     0     0     0     0     0     0     0  |  
   0     0     0     0     0     0     0     0     0     0     0     0  |  
   0     0     0     0     0     0     0     0     0     0     0     0  |  
   0     0     0     0     0     0     0     0     0     0     0     0  |  
   0     0     0     0     0     0     0     0     0     0     0     0  |  
   0     0     0     0     0     0     0     0     0     0     0     0  |  
   0     0     0     0     0     0     0     0     0     0     0     0  |  
12 Map
   0     0     0     0     0     0     0     0     0     0     0     0  |  
   0     0     0     0     0     0     0     0     0     0     0     0  |  
   0     0     0     0     0     0     0     0     0     0     0     0  |  
   0     0     0     0     0     0     0     0     0     0     0     0  |  
   0     0     0     0     0     0     0     0     0     0     0     0  |  
   0     0     0     0     0     0     0     0     0     0     0     0  |  
   0     0     0     0     0     0     0     0     0     0     0     0  |  
   0     0     0     0     0     0     0     0     0     0     0     0  |  
   0     0     0     0     0     0     0     0     0     0     0     0  |  
   0     0     0     0     0     0     0     0     0     0     0     0  |  
   0     0     0     0     0     0     0     0     0     0     0     0  |  
   0     0     0     0     0     0     0     0     0     0     0     0  |  
Printing first 20 elements of last output layer
       0       0       0       0       0       0       0       0       0       0       0       0   17627       0    2259       0    2607       0    8391       0

*****  ConvLayer Test with bias + ReLu Passed!  ******

*********************************************************************************  Verification Complete. ************************************************************************************
INFO [HLS SIM]: The maximum depth reached by any hls::stream() instance in the design is 3
INFO: [SIM 211-1] CSim done with 0 errors.
INFO: [SIM 211-3] *************** CSIM finish ***************
INFO: [HLS 200-112] Total CPU user time: 2 seconds. Total CPU system time: 1 seconds. Total elapsed time: 48.375 seconds; peak allocated memory: 138.789 MB.
INFO: [vitis-run 60-791] Total elapsed time: 0h 0m 54s
