  **** HLS Build v2025.1 6135595
INFO: [HLS 200-2005] Using work_dir C:/Programming_Files/VGGHLS-TX/TL_Base/ConvLayer 
INFO: [HLS 200-2176] Writing Vitis IDE component file C:/Programming_Files/VGGHLS-TX/TL_Base/ConvLayer/vitis-comp.json
INFO: [HLS 200-10] Creating and opening component 'C:/Programming_Files/VGGHLS-TX/TL_Base/ConvLayer'.
INFO: [HLS 200-1505] Using default flow_target 'vivado'
Resolution: For help on HLS 200-1505 see docs.xilinx.com/access/sources/dita/topic?Doc_Version=2025.1%20English&url=ug1448-hls-guidance&resourceid=200-1505.html
INFO: [HLS 200-2174] Applying component config ini file C:/Programming_Files/VGGHLS-TX/TL_Base/hls_config.cfg
INFO: [HLS 200-1465] Applying config ini 'syn.file=../src_files/Main_Code.cpp' from C:/Programming_Files/VGGHLS-TX/TL_Base/hls_config.cfg(8)
INFO: [HLS 200-10] Adding design file 'C:/Programming_Files/VGGHLS-TX/src_files/Main_Code.cpp' to the project
INFO: [HLS 200-1465] Applying config ini 'tb.file=../src_files/Auxiliary_Calculations.cpp' from C:/Programming_Files/VGGHLS-TX/TL_Base/hls_config.cfg(9)
INFO: [HLS 200-10] Adding test bench file 'C:/Programming_Files/VGGHLS-TX/src_files/Auxiliary_Calculations.cpp' to the project
INFO: [HLS 200-1465] Applying config ini 'tb.file=../src_files/main_tb.cpp' from C:/Programming_Files/VGGHLS-TX/TL_Base/hls_config.cfg(10)
INFO: [HLS 200-10] Adding test bench file 'C:/Programming_Files/VGGHLS-TX/src_files/main_tb.cpp' to the project
INFO: [HLS 200-1465] Applying config ini 'tb.file=../src_files/tb_Buf2Pe.cpp' from C:/Programming_Files/VGGHLS-TX/TL_Base/hls_config.cfg(11)
INFO: [HLS 200-10] Adding test bench file 'C:/Programming_Files/VGGHLS-TX/src_files/tb_Buf2Pe.cpp' to the project
INFO: [HLS 200-1465] Applying config ini 'tb.file=../src_files/tb_Dfl_ControlLogic.cpp' from C:/Programming_Files/VGGHLS-TX/TL_Base/hls_config.cfg(12)
INFO: [HLS 200-10] Adding test bench file 'C:/Programming_Files/VGGHLS-TX/src_files/tb_Dfl_ControlLogic.cpp' to the project
INFO: [HLS 200-1465] Applying config ini 'tb.file=../src_files/tb_fcLayer.cpp' from C:/Programming_Files/VGGHLS-TX/TL_Base/hls_config.cfg(13)
INFO: [HLS 200-10] Adding test bench file 'C:/Programming_Files/VGGHLS-TX/src_files/tb_fcLayer.cpp' to the project
INFO: [HLS 200-1465] Applying config ini 'tb.file=../src_files/tb_gap.cpp' from C:/Programming_Files/VGGHLS-TX/TL_Base/hls_config.cfg(14)
INFO: [HLS 200-10] Adding test bench file 'C:/Programming_Files/VGGHLS-TX/src_files/tb_gap.cpp' to the project
INFO: [HLS 200-1465] Applying config ini 'tb.file=../src_files/tb_loadbin.cpp' from C:/Programming_Files/VGGHLS-TX/TL_Base/hls_config.cfg(15)
INFO: [HLS 200-10] Adding test bench file 'C:/Programming_Files/VGGHLS-TX/src_files/tb_loadbin.cpp' to the project
INFO: [HLS 200-1465] Applying config ini 'tb.file=../src_files/tb_maxPool.cpp' from C:/Programming_Files/VGGHLS-TX/TL_Base/hls_config.cfg(16)
INFO: [HLS 200-10] Adding test bench file 'C:/Programming_Files/VGGHLS-TX/src_files/tb_maxPool.cpp' to the project
INFO: [HLS 200-1465] Applying config ini 'tb.file=../src_files/tb_Mem2Buf.cpp' from C:/Programming_Files/VGGHLS-TX/TL_Base/hls_config.cfg(17)
INFO: [HLS 200-10] Adding test bench file 'C:/Programming_Files/VGGHLS-TX/src_files/tb_Mem2Buf.cpp' to the project
INFO: [HLS 200-1465] Applying config ini 'tb.file=../src_files/tb_parameters.cpp' from C:/Programming_Files/VGGHLS-TX/TL_Base/hls_config.cfg(18)
INFO: [HLS 200-10] Adding test bench file 'C:/Programming_Files/VGGHLS-TX/src_files/tb_parameters.cpp' to the project
INFO: [HLS 200-1465] Applying config ini 'tb.file=../src_files/tb_Top.cpp' from C:/Programming_Files/VGGHLS-TX/TL_Base/hls_config.cfg(19)
INFO: [HLS 200-10] Adding test bench file 'C:/Programming_Files/VGGHLS-TX/src_files/tb_Top.cpp' to the project
INFO: [HLS 200-1465] Applying config ini 'tb.file=../src_files/tb_port_widening.cpp' from C:/Programming_Files/VGGHLS-TX/TL_Base/hls_config.cfg(20)
INFO: [HLS 200-10] Adding test bench file 'C:/Programming_Files/VGGHLS-TX/src_files/tb_port_widening.cpp' to the project
INFO: [HLS 200-1465] Applying config ini 'syn.top=ConvLayer' from C:/Programming_Files/VGGHLS-TX/TL_Base/hls_config.cfg(7)
INFO: [HLS 200-1465] Applying config ini 'flow_target=vivado' from C:/Programming_Files/VGGHLS-TX/TL_Base/hls_config.cfg(4)
INFO: [HLS 200-1505] Using flow_target 'vivado'
Resolution: For help on HLS 200-1505 see docs.xilinx.com/access/sources/dita/topic?Doc_Version=2025.1%20English&url=ug1448-hls-guidance&resourceid=200-1505.html
INFO: [HLS 200-1465] Applying config ini 'part=xcvu9p-flga2104-3-e' from C:/Programming_Files/VGGHLS-TX/TL_Base/hls_config.cfg(1)
INFO: [HLS 200-1611] Setting target device to 'xcvu9p-flga2104-3-e'
INFO: [HLS 200-1465] Applying config ini 'csim.clean=1' from C:/Programming_Files/VGGHLS-TX/TL_Base/hls_config.cfg(21)
INFO: [HLS 200-1465] Applying config ini 'package.output.format=ip_catalog' from C:/Programming_Files/VGGHLS-TX/TL_Base/hls_config.cfg(5)
INFO: [HLS 200-2176] Writing Vitis IDE component file C:/Programming_Files/VGGHLS-TX/TL_Base/ConvLayer/vitis-comp.json
INFO: [SIM 211-2] *************** CSIM start ***************
INFO: [SIM 211-4] CSIM will launch CLANG as the compiler.
INFO: [HLS 200-2036] Building debug C Simulation binaries
   Compiling ../../../../../src_files/tb_port_widening.cpp in debug mode
   Compiling ../../../../../src_files/tb_Top.cpp in debug mode
   Compiling ../../../../../src_files/tb_parameters.cpp in debug mode
   Compiling ../../../../../src_files/tb_Mem2Buf.cpp in debug mode
   Compiling ../../../../../src_files/tb_maxPool.cpp in debug mode
   Compiling ../../../../../src_files/tb_loadbin.cpp in debug mode
   Compiling ../../../../../src_files/tb_gap.cpp in debug mode
   Compiling ../../../../../src_files/tb_fcLayer.cpp in debug mode
   Compiling ../../../../../src_files/tb_Dfl_ControlLogic.cpp in debug mode
   Compiling ../../../../../src_files/tb_Buf2Pe.cpp in debug mode
   Compiling ../../../../../src_files/main_tb.cpp in debug mode
   Compiling ../../../../../src_files/Auxiliary_Calculations.cpp in debug mode
   Compiling ../../../../../src_files/Main_Code.cpp in debug mode
   Generating csim.exe
In file included from ../../../../../src_files/tb_port_widening.cpp:1:
In file included from ../../../../../src_files/header.h:7:
In file included from C:/Xilinx/2025.1/Vitis/include/ap_int.h:10:
In file included from C:/Xilinx/2025.1/Vitis/include/etc/ap_common.h:677:
In file included from C:/Xilinx/2025.1/Vitis/include/etc/ap_private.h:68:
In file included from C:/Xilinx/2025.1/Vitis/include/hls_half.h:26:
In file included from C:/Xilinx/2025.1/Vitis/include/etc/hls_half_fpo.h:19:
In file included from C:/Xilinx/2025.1/Vitis/include/hls_fpo.h:140:
In file included from C:/Xilinx/2025.1/Vitis/include/floating_point_v7_1_bitacc_cmodel.h:150:
C:/Xilinx/2025.1/Vitis/include/gmp.h:58:9: warning: '__GMP_LIBGMP_DLL' macro redefined [-Wmacro-redefined]
#define __GMP_LIBGMP_DLL  0
        ^
C:/Xilinx/2025.1/Vitis/include/floating_point_v7_1_bitacc_cmodel.h:142:9: note: previous definition is here
#define __GMP_LIBGMP_DLL 1
        ^
1 warning generated.
In file included from ../../../../../src_files/tb_Top.cpp:1:
In file included from ../../../../../src_files/header.h:7:
In file included from C:/Xilinx/2025.1/Vitis/include/ap_int.h:10:
In file included from C:/Xilinx/2025.1/Vitis/include/etc/ap_common.h:677:
In file included from C:/Xilinx/2025.1/Vitis/include/etc/ap_private.h:68:
In file included from C:/Xilinx/2025.1/Vitis/include/hls_half.h:26:
In file included from C:/Xilinx/2025.1/Vitis/include/etc/hls_half_fpo.h:19:
In file included from C:/Xilinx/2025.1/Vitis/include/hls_fpo.h:140:
In file included from C:/Xilinx/2025.1/Vitis/include/floating_point_v7_1_bitacc_cmodel.h:150:
C:/Xilinx/2025.1/Vitis/include/gmp.h:58:9: warning: '__GMP_LIBGMP_DLL' macro redefined [-Wmacro-redefined]
#define __GMP_LIBGMP_DLL  0
        ^
C:/Xilinx/2025.1/Vitis/include/floating_point_v7_1_bitacc_cmodel.h:142:9: note: previous definition is here
#define __GMP_LIBGMP_DLL 1
        ^
1 warning generated.
In file included from ../../../../../src_files/tb_parameters.cpp:1:
In file included from ../../../../../src_files/header.h:7:
In file included from C:/Xilinx/2025.1/Vitis/include/ap_int.h:10:
In file included from C:/Xilinx/2025.1/Vitis/include/etc/ap_common.h:677:
In file included from C:/Xilinx/2025.1/Vitis/include/etc/ap_private.h:68:
In file included from C:/Xilinx/2025.1/Vitis/include/hls_half.h:26:
In file included from C:/Xilinx/2025.1/Vitis/include/etc/hls_half_fpo.h:19:
In file included from C:/Xilinx/2025.1/Vitis/include/hls_fpo.h:140:
In file included from C:/Xilinx/2025.1/Vitis/include/floating_point_v7_1_bitacc_cmodel.h:150:
C:/Xilinx/2025.1/Vitis/include/gmp.h:58:9: warning: '__GMP_LIBGMP_DLL' macro redefined [-Wmacro-redefined]
#define __GMP_LIBGMP_DLL  0
        ^
C:/Xilinx/2025.1/Vitis/include/floating_point_v7_1_bitacc_cmodel.h:142:9: note: previous definition is here
#define __GMP_LIBGMP_DLL 1
        ^
1 warning generated.
In file included from ../../../../../src_files/tb_Mem2Buf.cpp:1:
In file included from ../../../../../src_files/header.h:7:
In file included from C:/Xilinx/2025.1/Vitis/include/ap_int.h:10:
In file included from C:/Xilinx/2025.1/Vitis/include/etc/ap_common.h:677:
In file included from C:/Xilinx/2025.1/Vitis/include/etc/ap_private.h:68:
In file included from C:/Xilinx/2025.1/Vitis/include/hls_half.h:26:
In file included from C:/Xilinx/2025.1/Vitis/include/etc/hls_half_fpo.h:19:
In file included from C:/Xilinx/2025.1/Vitis/include/hls_fpo.h:140:
In file included from C:/Xilinx/2025.1/Vitis/include/floating_point_v7_1_bitacc_cmodel.h:150:
C:/Xilinx/2025.1/Vitis/include/gmp.h:58:9: warning: '__GMP_LIBGMP_DLL' macro redefined [-Wmacro-redefined]
#define __GMP_LIBGMP_DLL  0
        ^
C:/Xilinx/2025.1/Vitis/include/floating_point_v7_1_bitacc_cmodel.h:142:9: note: previous definition is here
#define __GMP_LIBGMP_DLL 1
        ^
1 warning generated.
In file included from ../../../../../src_files/tb_maxPool.cpp:1:
In file included from ../../../../../src_files/header.h:7:
In file included from C:/Xilinx/2025.1/Vitis/include/ap_int.h:10:
In file included from C:/Xilinx/2025.1/Vitis/include/etc/ap_common.h:677:
In file included from C:/Xilinx/2025.1/Vitis/include/etc/ap_private.h:68:
In file included from C:/Xilinx/2025.1/Vitis/include/hls_half.h:26:
In file included from C:/Xilinx/2025.1/Vitis/include/etc/hls_half_fpo.h:19:
In file included from C:/Xilinx/2025.1/Vitis/include/hls_fpo.h:140:
In file included from C:/Xilinx/2025.1/Vitis/include/floating_point_v7_1_bitacc_cmodel.h:150:
C:/Xilinx/2025.1/Vitis/include/gmp.h:58:9: warning: '__GMP_LIBGMP_DLL' macro redefined [-Wmacro-redefined]
#define __GMP_LIBGMP_DLL  0
        ^
C:/Xilinx/2025.1/Vitis/include/floating_point_v7_1_bitacc_cmodel.h:142:9: note: previous definition is here
#define __GMP_LIBGMP_DLL 1
        ^
1 warning generated.
In file included from ../../../../../src_files/tb_loadbin.cpp:1:
In file included from ../../../../../src_files/header.h:7:
In file included from C:/Xilinx/2025.1/Vitis/include/ap_int.h:10:
In file included from C:/Xilinx/2025.1/Vitis/include/etc/ap_common.h:677:
In file included from C:/Xilinx/2025.1/Vitis/include/etc/ap_private.h:68:
In file included from C:/Xilinx/2025.1/Vitis/include/hls_half.h:26:
In file included from C:/Xilinx/2025.1/Vitis/include/etc/hls_half_fpo.h:19:
In file included from C:/Xilinx/2025.1/Vitis/include/hls_fpo.h:140:
In file included from C:/Xilinx/2025.1/Vitis/include/floating_point_v7_1_bitacc_cmodel.h:150:
C:/Xilinx/2025.1/Vitis/include/gmp.h:58:9: warning: '__GMP_LIBGMP_DLL' macro redefined [-Wmacro-redefined]
#define __GMP_LIBGMP_DLL  0
        ^
C:/Xilinx/2025.1/Vitis/include/floating_point_v7_1_bitacc_cmodel.h:142:9: note: previous definition is here
#define __GMP_LIBGMP_DLL 1
        ^
1 warning generated.
In file included from ../../../../../src_files/tb_gap.cpp:1:
In file included from ../../../../../src_files/header.h:7:
In file included from C:/Xilinx/2025.1/Vitis/include/ap_int.h:10:
In file included from C:/Xilinx/2025.1/Vitis/include/etc/ap_common.h:677:
In file included from C:/Xilinx/2025.1/Vitis/include/etc/ap_private.h:68:
In file included from C:/Xilinx/2025.1/Vitis/include/hls_half.h:26:
In file included from C:/Xilinx/2025.1/Vitis/include/etc/hls_half_fpo.h:19:
In file included from C:/Xilinx/2025.1/Vitis/include/hls_fpo.h:140:
In file included from C:/Xilinx/2025.1/Vitis/include/floating_point_v7_1_bitacc_cmodel.h:150:
C:/Xilinx/2025.1/Vitis/include/gmp.h:58:9: warning: '__GMP_LIBGMP_DLL' macro redefined [-Wmacro-redefined]
#define __GMP_LIBGMP_DLL  0
        ^
C:/Xilinx/2025.1/Vitis/include/floating_point_v7_1_bitacc_cmodel.h:142:9: note: previous definition is here
#define __GMP_LIBGMP_DLL 1
        ^
1 warning generated.
In file included from ../../../../../src_files/tb_fcLayer.cpp:1:
In file included from ../../../../../src_files/header.h:7:
In file included from C:/Xilinx/2025.1/Vitis/include/ap_int.h:10:
In file included from C:/Xilinx/2025.1/Vitis/include/etc/ap_common.h:677:
In file included from C:/Xilinx/2025.1/Vitis/include/etc/ap_private.h:68:
In file included from C:/Xilinx/2025.1/Vitis/include/hls_half.h:26:
In file included from C:/Xilinx/2025.1/Vitis/include/etc/hls_half_fpo.h:19:
In file included from C:/Xilinx/2025.1/Vitis/include/hls_fpo.h:140:
In file included from C:/Xilinx/2025.1/Vitis/include/floating_point_v7_1_bitacc_cmodel.h:150:
C:/Xilinx/2025.1/Vitis/include/gmp.h:58:9: warning: '__GMP_LIBGMP_DLL' macro redefined [-Wmacro-redefined]
#define __GMP_LIBGMP_DLL  0
        ^
C:/Xilinx/2025.1/Vitis/include/floating_point_v7_1_bitacc_cmodel.h:142:9: note: previous definition is here
#define __GMP_LIBGMP_DLL 1
        ^
1 warning generated.
In file included from ../../../../../src_files/tb_Dfl_ControlLogic.cpp:1:
In file included from ../../../../../src_files/header.h:7:
In file included from C:/Xilinx/2025.1/Vitis/include/ap_int.h:10:
In file included from C:/Xilinx/2025.1/Vitis/include/etc/ap_common.h:677:
In file included from C:/Xilinx/2025.1/Vitis/include/etc/ap_private.h:68:
In file included from C:/Xilinx/2025.1/Vitis/include/hls_half.h:26:
In file included from C:/Xilinx/2025.1/Vitis/include/etc/hls_half_fpo.h:19:
In file included from C:/Xilinx/2025.1/Vitis/include/hls_fpo.h:140:
In file included from C:/Xilinx/2025.1/Vitis/include/floating_point_v7_1_bitacc_cmodel.h:150:
C:/Xilinx/2025.1/Vitis/include/gmp.h:58:9: warning: '__GMP_LIBGMP_DLL' macro redefined [-Wmacro-redefined]
#define __GMP_LIBGMP_DLL  0
        ^
C:/Xilinx/2025.1/Vitis/include/floating_point_v7_1_bitacc_cmodel.h:142:9: note: previous definition is here
#define __GMP_LIBGMP_DLL 1
        ^
1 warning generated.
In file included from ../../../../../src_files/tb_Buf2Pe.cpp:1:
In file included from ../../../../../src_files/header.h:7:
In file included from C:/Xilinx/2025.1/Vitis/include/ap_int.h:10:
In file included from C:/Xilinx/2025.1/Vitis/include/etc/ap_common.h:677:
In file included from C:/Xilinx/2025.1/Vitis/include/etc/ap_private.h:68:
In file included from C:/Xilinx/2025.1/Vitis/include/hls_half.h:26:
In file included from C:/Xilinx/2025.1/Vitis/include/etc/hls_half_fpo.h:19:
In file included from C:/Xilinx/2025.1/Vitis/include/hls_fpo.h:140:
In file included from C:/Xilinx/2025.1/Vitis/include/floating_point_v7_1_bitacc_cmodel.h:150:
C:/Xilinx/2025.1/Vitis/include/gmp.h:58:9: warning: '__GMP_LIBGMP_DLL' macro redefined [-Wmacro-redefined]
#define __GMP_LIBGMP_DLL  0
        ^
C:/Xilinx/2025.1/Vitis/include/floating_point_v7_1_bitacc_cmodel.h:142:9: note: previous definition is here
#define __GMP_LIBGMP_DLL 1
        ^
1 warning generated.
In file included from ../../../../../src_files/main_tb.cpp:1:
In file included from ../../../../../src_files/header.h:7:
In file included from C:/Xilinx/2025.1/Vitis/include/ap_int.h:10:
In file included from C:/Xilinx/2025.1/Vitis/include/etc/ap_common.h:677:
In file included from C:/Xilinx/2025.1/Vitis/include/etc/ap_private.h:68:
In file included from C:/Xilinx/2025.1/Vitis/include/hls_half.h:26:
In file included from C:/Xilinx/2025.1/Vitis/include/etc/hls_half_fpo.h:19:
In file included from C:/Xilinx/2025.1/Vitis/include/hls_fpo.h:140:
In file included from C:/Xilinx/2025.1/Vitis/include/floating_point_v7_1_bitacc_cmodel.h:150:
C:/Xilinx/2025.1/Vitis/include/gmp.h:58:9: warning: '__GMP_LIBGMP_DLL' macro redefined [-Wmacro-redefined]
#define __GMP_LIBGMP_DLL  0
        ^
C:/Xilinx/2025.1/Vitis/include/floating_point_v7_1_bitacc_cmodel.h:142:9: note: previous definition is here
#define __GMP_LIBGMP_DLL 1
        ^
1 warning generated.
In file included from ../../../../../src_files/Auxiliary_Calculations.cpp:2:
In file included from ../../../../../src_files/header.h:7:
In file included from C:/Xilinx/2025.1/Vitis/include/ap_int.h:10:
In file included from C:/Xilinx/2025.1/Vitis/include/etc/ap_common.h:677:
In file included from C:/Xilinx/2025.1/Vitis/include/etc/ap_private.h:68:
In file included from C:/Xilinx/2025.1/Vitis/include/hls_half.h:26:
In file included from C:/Xilinx/2025.1/Vitis/include/etc/hls_half_fpo.h:19:
In file included from C:/Xilinx/2025.1/Vitis/include/hls_fpo.h:140:
In file included from C:/Xilinx/2025.1/Vitis/include/floating_point_v7_1_bitacc_cmodel.h:150:
C:/Xilinx/2025.1/Vitis/include/gmp.h:58:9: warning: '__GMP_LIBGMP_DLL' macro redefined [-Wmacro-redefined]
#define __GMP_LIBGMP_DLL  0
        ^
C:/Xilinx/2025.1/Vitis/include/floating_point_v7_1_bitacc_cmodel.h:142:9: note: previous definition is here
#define __GMP_LIBGMP_DLL 1
        ^
1 warning generated.
In file included from ../../../../../src_files/Main_Code.cpp:1:
In file included from ../../../../../src_files/header.h:7:
In file included from C:/Xilinx/2025.1/Vitis/include/ap_int.h:10:
In file included from C:/Xilinx/2025.1/Vitis/include/etc/ap_common.h:677:
In file included from C:/Xilinx/2025.1/Vitis/include/etc/ap_private.h:68:
In file included from C:/Xilinx/2025.1/Vitis/include/hls_half.h:26:
In file included from C:/Xilinx/2025.1/Vitis/include/etc/hls_half_fpo.h:19:
In file included from C:/Xilinx/2025.1/Vitis/include/hls_fpo.h:140:
In file included from C:/Xilinx/2025.1/Vitis/include/floating_point_v7_1_bitacc_cmodel.h:150:
C:/Xilinx/2025.1/Vitis/include/gmp.h:58:9: warning: '__GMP_LIBGMP_DLL' macro redefined [-Wmacro-redefined]
#define __GMP_LIBGMP_DLL  0
        ^
C:/Xilinx/2025.1/Vitis/include/floating_point_v7_1_bitacc_cmodel.h:142:9: note: previous definition is here
#define __GMP_LIBGMP_DLL 1
        ^
1 warning generated.
*********************************************************************************  Starting Verification. ************************************************************************************
*****  Layer 1  *****
Loaded parameters in mem2Buf, layer:0
Loaded parameters in loadBiasTile, layer:0
Loaded parameters in tileClc, layer:0
Loaded parameters, layer:0
***  Printing Input Buffers  ***
   0     0     0     0     0     0     0  |     0    41    35    62     4    97   108  |     0    80     0    84    97    13    62  |     0    27    40    97    73    69   103  |     0    15    23    86    70    91    29  |     0    18   116    47    13    53    36  |     0   116   120    67    16    11    34  |   
   0     0     0     0     0     0     0  |    86    46    82    16    73   113   113  |    78     5    21     7    59    51     2  |     2    14    70    54     8    92   115  |   108    38    88    11     8     1    56  |     2    85    94   106    64   124     0  |    62    22    18     8    83    28    53  |   
   0     0     0     0     0     0     0  |    59   105   107    51    38    91    60  |    70    24   112    18    90   100    84  |    12    13   126    62   114   107   113  |   101   107   104    18    98   121    84  |    41     2    75    23   107    54    49  |    48    62    55    14   114   123   114  |   
   0     0     0     0     0     0     0  |     7    12    62    25    36    94    13  |    22    49     5    62   105    21   120  |    84    32    80    59   117     6    12  |   119   103   113    23    72   120    13  |    57    91   125    90   106   114    30  |    81    76    38     9   126   118   122  |   
   0     0     0     0     0     0     0  |    28     6    55    71    94    51    18  |    74   106     4    22   115    14    89  |    19     7   120   115    77    80    62  |    15    41    29     6    41    25   114  |    85    13   113    40    12    56    94  |   125   109    85    23    18    74    87  |   
   0     0     0     0     0     0     0  |    77    72    67    59    11    38    31  |    59    47   103   104    84   119    74  |   125    62    91    66    70    65    43  |    10   116    28   122    79    55    56  |    92    78    47   122    63    48    20  |   105    54   108     8   110    63    48  |   
   0     0     0     0     0     0     0  |     3    90   125     9    56    37    31  |   126    80    87   104   118   122    22  |    56   122    48   127   112   112    39  |     7    48    21    87   117    95     0  |    69    29   117   101    92    16    88  |    73    58    28    27    95    58    95  |   
   0     0     0     0     0     0     0  |    93    84    75   124    22   117    69  |   116    17    45    46    36     8   121  |    25     6    50    21    42    91   104  |     4   109    13   116    89    11    67  |   107    90   114    91     1    32   127  |     8    93    58    57   100    27    64  |   
   0     0     0     0     0     0     0  |    59    19    13     9    10    28    91  |   117    82    91    37    67   101    60  |    52    11   102   124   117    74    62  |    16    17     8    37   118   121    61  |    34    75    29    54   105    73   116  |     2    97    29    18   101    72    60  |   
   0     0     0     0     0     0     0  |    46    50    32    26    80   110    64  |    10    69    83    88    40    78    11  |    33    31     9    10    65    27   125  |   106   107    21    56    96    97    96  |    95    85    82    44    26    11   119  |   118    43    74   119    67    24    89  |   
   0     0     0     0     0     0     0  |   120    54   125    18    73    50   118  |    77    69    96    89    61    23    39  |   115    79   104   118   114   123    20  |    67   110    60   123   116    91    98  |    20    38    35    64    91    35    51  |    61    14   106    10    66    68   113  |   
   0     0     0     0     0     0     0  |    30   125    73    92    45    79    20  |     8    89   118    45    80    66    73  |    45    77    83    13   112    68    58  |    71    10    15    39    92   119   101  |    13    53     8   104    45    97    42  |    56    15    99    67     1    91   127  |   
   0     0     0     0     0     0     0  |   114    68    64   102    80   107    68  |    37   104    84    73   106   121    37  |    88    38   102    83    51    11    75  |    36    74    59    50    27    97    64  |    32    50    50    93    10   101    90  |   101    50    26     9   120   101    34  |   
   0     0     0     0     0     0     0  |    48    55    50    59    33    34   118  |    11    97    64    20    49    59   106  |    89    16    94    76   108     3    76  |    16    70    67    49    39    48    74  |    41   105   119    93   107    53   105  |    28    60     5    61    74    51    62  |   
   0     0     0     0     0     0     0  |    34    17    29    97    11    31    90  |    29    17    40    65    12    86    41  |    12   102     5    52    49    14    42  |    71   110   117   111     3    47    30  |    38    58   108    19    24    13    87  |     0    13    30    25    80    33   126  |   
   0     0     0     0     0     0     0  |    48    74    25     2    57   114    29  |   126     7    23    12    47   113    21  |     7    79    85    48    74    39   127  |     3   111    16    80    27    72     1  |    43     7    26    95     4   104    50  |    54    84   122     4   103   109    63  |   
   0     0     0     0     0     0     0  |    73    44     0   126    69    25    85  |    53    26    21    65    27    97    64  |    45    29    20    77   116   121    39  |    73    41    40    10   118   105    30  |    32    85   102    36    70    60   119  |    75    25    20    81    63   120   114  |   
   0     0     0     0     0     0     0  |   105     0    50   106    73    76    83  |    81   105    40    26    39     6    66  |    49    66   124    28    65   120    77  |     2    33     1    72    49   108    77  |    60    13    67    15    86    42    33  |    87   104    81    45    64    69   108  |   
   0     0     0     0     0     0     0  |    63   103    86    63    20    86   126  |   108    84    63    26   103    89    35  |    65     7    32    35   100    56    38  |    20    30    94     1    35    12    24  |    63    41    84     4    17     1    24  |    24    20    18   108    20   105    48  |   
   0     0     0     0     0     0     0  |    45    92    14   102     3   111    87  |    28    85    16    56    40    81    89  |    21    21    76    48    90    13    78  |    81   127    26    67    77    79    87  |     7    46    59   115    28    96    74  |   111     3    47    99    21    65    99  |   
   0     0     0     0     0     0     0  |    73    97   127   105    15    97    77  |    98    33   102    94    78    97    48  |    33    25   103    61    49    96    94  |    31    80    89    63    61    28    39  |   115    79    93    86    47    69    83  |    54    93    33    88    90    79    49  |   
   0     0     0     0     0     0     0  |    81    30    29    28    22   114   114  |    42   126    89   113    31    98    37  |    83     0    45     8    65   105   103  |    67    40   127    93     9    95    57  |   116    87    40    89    76    13   106  |    92    78   125    74    69    92   111  |   
   0     0     0     0     0     0     0  |   102    29   112     4    79    74   119  |   118    12    27    52    71   101    56  |   111    37    85    31   100    24    31  |    43    52    78    96    60   101    94  |     1   109    85    78     0     4    89  |    72   101   105    68    48    94    47  |   
   0     0     0     0     0     0     0  |     2    87   104    57    44    83    75  |    90    70     9    41     2   121   122  |    90    66     0    38   126    76    81  |    60    24    66    50    13    43    54  |    55   120    55    56   109    85   122  |     4    98    94    54    54    75    62  |   
   0     0     0     0     0     0     0  |    73    18    30    51   116    30    12  |    18   120    66    99    49    38    95  |    45     4    19    47    51    15   115  |    49   108    59    56    47   115    98  |    55    92    78   122    31    33   124  |    86    86    47     7     4   106    84  |   
   0     0     0     0     0     0     0  |   116    85    84    31    84    36    89  |    94    41   109    62    98    96    22  |    64    64    67    10    47   126    74  |    16   126   125    29    88     4    83  |    70    54     5    14     1    48   125  |    92    95   108    90    60    69    10  |   
   0     0     0     0     0     0     0  |   126    53    79    50    34   116    76  |    33    52    63    57    38    63     9  |     1    85    79    83    33    21    78  |   118     1    62    80   107    22    86  |    88   110    49   100     5   105    18  |   127    73    61     5   115    74    14  |   
   0     0     0     0     0     0     0  |    79    83    16    45    72    83    15  |    63   113   109    14    99   108    40  |    72    62   101    39    42   118     7  |    33    33     3    25    21    24    24  |     2    11    70   108   102    98    35  |    36   114    49   116    24    15   116  |   
   0     0     0     0     0     0     0  |   117   102    89    29    42   101    64  |   101    30    32    29    75    66     3  |    97    33    62   101    38    52    73  |     2    44    46    11   121    14    92  |    96    57   116    16     6    50    57  |    18    34    79    88    63   116    71  |   
   0     0     0     0     0     0     0  |   119    43   120     1     7    68    14  |    44    65     7     4    15    20     5  |    80   105    50    52     9    44    77  |    89   112    74    14    61   109    20  |    64     4     2    45    44    96    30  |   125    66    84    46    95    62    57  |   
   0     0     0     0     0     0     0  |    95    80     0    84    97    13    62  |    40    27    40    97    73    69   103  |    18    15    23    86    70    91    29  |   116    18   116    47    13    53    36  |    38   116   120    67    16    11    34  |     0   102    12   103    28    27   116  |   
   0     0     0     0     0     0     0  |   123     5    21     7    59    51     2  |   127    14    70    54     8    92   115  |    91    38    88    11     8     1    56  |    70    85    94   106    64   124     0  |   120    22    18     8    83    28    53  |    42   126   119    29   107   110    19  |   
   0     0     0     0     0     0     0  |    31     0     0     0     0     0     0  |   126     0     0     0     0     0     0  |    53     0     0     0     0     0     0  |    92     0     0     0     0     0     0  |    10     0     0     0     0     0     0  |    87     0     0     0     0     0     0  |   
   0   102    12   103    28    27   116  |     0     2    44    78    54    10    23  |     0    84    77    73    77    73   114  |     0     7    87    97     7    55   112  |     0    31   123    84    46    91    87  |     0   101   100     2     3   101    65  |     0   118    25    78     3    93    17  |   
  22   126   119    29   107   110    19  |     3   121    31   121   124   112    12  |   124    33    29    63    11    62    83  |   123     7    49    87   101   105    68  |   118   101    41    82   106    30   124  |   102    20    19    81    83    74   100  |    67    53    42    61    31    88   127  |   
  82    39    68    51    62     2    56  |   103    63    96    77    71    10    95  |    72     4    97   125    64    36    29  |    75    97    29   115     2    13   115  |    74    79    18   115   127    63     2  |    27   125   112    70   100    24     7  |    24    46   115    19    24    78     9  |   
 120     7    54    48    34    93   100  |   100    42    26    67    75    89    48  |    80    10    31   101   116    80    21  |   113    70    78    84    87    61    44  |     1    53    14     3    22    53    63  |    55    84   113    58   114    65    95  |    75    94    86    38     4    47    80  |   
  33    93    97   123   110    61    12  |    86    59    43    20    92   108    53  |    55   125    71    58    29    54    82  |    89    33     6    29    55    58   111  |    87    19    61   109     8    32    74  |    71    59    35    72   113    29    85  |    65    17     2    33    30     5   104  |   
  42   103    68   103    60    47   114  |    23    29    46    28   100     7    24  |    40    30    35   118    68    57    44  |    85    76    75    12   127    54    76  |    21   103    70    82    37   118    20  |    97    50    65   110    75    53    98  |    49     6    49   122    53   116    83  |   
 107    73    76    15    19    16    41  |     2    40    72   110    24    51    72  |   104    41    68    29    64    65    50  |   116    87    25    37    54    87    37  |   126    81    50   103   114    67    38  |    94    35     5    47   119    58    77  |   108    66    31    23    51    71     2  |   
  18    17    30    45    75    65   101  |    66    61   110    94   113    66    33  |    79    47   114   100    80   114    72  |   113   114    75    14    78    39    63  |    96    22    28     3    85   123    41  |    85    31    62    19   109     3    69  |     7    85    66    47    61    64    35  |   
  71    40    63    98   117    56    46  |    10    14    73    53    71     0    60  |    98    86    70    95     9    22   127  |   104   105    40     7    67   121    70  |    51     5    46     7    43    38    49  |    92    11   125    17    72    57    89  |   123    72    77    48   102    17    86  |   
  40    41    73    43    49    81    74  |   109    66    11    98    57    78    55  |    60   102    95    69    23    69    62  |    15    21   121    33    31   119   109  |    92    63    74    99    96    59    34  |    28    66    10   101    47   117    35  |    71     3   109   109    38   121   118  |   
  24   108    46    69    26    57    53  |   124    17    51   118   100   105    35  |    64    51    99    67     4    18    43  |    62    31    49    70    89    29    10  |    77   114   111     8    61    11    10  |    69    63    95    88    19    90    76  |   126    73     0    86    19    18    33  |   
 127    62    28   101    78   119    61  |    26    77    21    40    28   107   105  |    65    35    42    63   112    63    28  |    45   124    76   115    36    80     1  |    21    39    60   107     7   108   127  |    49    29    86    77   116    12    11  |    58    39    13    71    68   125    52  |   
  11    51    83    73    23    10    78  |    41    56    63    55    85    90    92  |    88    45    81    79    68     5    22  |    47    50    52   113    35    61    12  |    71    60    99    26    31     0    63  |    55    62    48    90     7   113    22  |    24    62     2    16     7    44    80  |   
  97    50   118    15     6    16    19  |   112   106    96    62    89    21    37  |    64    94    85     8    30     1    86  |    75    11   117    91    41   109    13  |     7    21   111    66    17   124    34  |   109    61    52    89    66    42   118  |   116    35    41    36     0    51    53  |   
  47    45     4    55    38    54    34  |    11   114    47   109     0    82   101  |   106    59   105    31   109    37    72  |    37    50   111   101    46    68    95  |    20     1    81   117   125   122   119  |    15   100    51    85   115   120   120  |   111    67     4    53   119    33     1  |   
  92    88     2    81   110    47    19  |    86    87    69   105    32    68   108  |    91     9    13    25    29    74     7  |    35   119    65    34    47    42    72  |   102    81    98    79    27    46     2  |    93    73   127     9    86    97    90  |    63    48    87     3     8     9    73  |   
  97    58    89    41    94    70    38  |   123    15   122     2    59    15    74  |    49     1    88   108    23    85    13  |    26   110    67    53    58    16    18  |    78    90   103    48    58    95    86  |   102    25    84     9   104    65     5  |   122    79   120   109   111    60    12  |   
Finished mem2Buf tile:0
Finished loadBiasTile tile:0
For this tile, bit shift is 10
Finished tileClc tile:0
Finished tile:0
***  Printing Input Buffers  ***
   0    45    25    64    57   111    23  |     0   106    77     0     0    40   103  |     0   126   114    17   116   123     6  |     0    33    87    18   127    75    92  |     0    82    77    52    43    47    22  |     0   116    70    84    76   109    25  |     0    81    71    36     3   115    37  |   
 119    81    19    46    39    13    88  |    97    57    42    31    89    16    42  |    48    41   127    80    79    45   118  |    92    42    56    14   122    27   122  |    92    50    71    10    40    76    85  |    41   117   114    81    36     9    44  |    59   100    85    49     3    12   100  |   
  83   118   108    23    31    95    65  |    65   127    79    26    50   111    90  |    49     1   110   103   110   116    68  |   125    26    33   121    90   106    83  |   124   101    13   114    90    71    66  |     5    81    45     2   122    28    67  |   114    49    36   114    68    13    41  |   
 114    13     9    41   123    34    69  |    44   105    44    64    96    27     9  |   123   109    91    35     4    98    55  |    25    75    50   107    99    63    82  |    61    99    82   111    73    89    64  |    32   103   120     3    27    90   117  |   121    95   112    29   106    59    12  |   
  35    20   122    20    21    23    50  |     6   121   115    86   110    82    81  |    12    85    55    32   104   117    75  |    77   120    49    40    14   104   103  |    96   100     6   126    43    89    99  |    94    56    81   101    61   107   108  |    94   118    88    44   113    81    88  |   
 107    91    54    67    48    97    86  |    56   101    22    67   112   127   125  |     0    36    27    13    38    65    50  |    61    33    77    36   122    18   110  |   101    77     4   103    22    54    63  |   114     1   127    89    62   103    81  |    90    74    98    17    14    42    16  |   
  23    14    68   112    56   107    99  |    71   125    19    78    87     1    95  |   124    51    22   126    66   116    20  |    15    40   105     9    53   121     3  |    88     6   110    59   121    61    41  |    48    84    58    87    63    62    79  |   109    84   125    99    64   113    49  |   
 116    55    46    19   123    45    71  |    59   120     6    86   106    81    37  |   120     0    27    51    32   107    70  |    97    91    89    46    49    86    74  |    48   108    56   121    53    54     8  |    29     7   111    91    31   106    52  |    94    27   118    36    79    96   102  |   
  32    77   117   115    68   100   124  |    88    51    77   110   111    41   119  |    29     2    25     2   107    57   101  |     7    90    46     6    51   125    96  |    48   112   124    13   112   115    26  |    45   100   125    24    71    41    98  |    25    97    85    61   110    18    47  |   
  28    19    63    83    62    55    12  |    52     8    90    52    31    34    61  |    47    60    36    65    97    77    19  |     5   118    80    83     2   127    89  |    45   100    94    58    57    52    74  |    32   103    85   122    43   103    60  |    86    82   105    96    55    51    43  |   
  22    49    33    73    30    36    47  |    32   116   122   115    28    86    57  |    67   109    86    45    40    38    17  |    87    26    36   104    39    53    92  |    52    40    19   104    90    37    14  |    50    37     8   101   112    90    39  |    42    73    54    54    15   102   107  |   
  66    30     7    35    57   106   108  |    80    16    58    13    13    82    36  |     2     5    62   112    54     2    51  |    16   126     7    26    75    44    24  |    51    94   110   122    16    82   108  |    34    25    34    74   119    50    43  |    21    41    91     0    85    60    66  |   
  73    67    53    15    35   114    13  |   115   113    66    71     0   109    11  |    38    31    54    12   104    44     9  |   121   117    55    35   120    25     7  |     4    62    74    57   101   109    93  |    96    85    30    26    79    37   119  |    37    63    38    72    15    40    67  |   
   1    49    56    48    14    79   109  |   102    68    56    30    25    84    11  |   100    70    74    73    23   124    81  |   117    73    18    30    54   101    98  |    15    22    41   121    99    70    44  |    43    80    44   127    64   125    57  |    65    80    29   117    35    40    99  |   
  45    72    54    57   124    64   121  |    13   107    95    38    29    69    81  |    42   116    86    44   109    84    80  |    90    68    66   119   127    94     7  |   119     2    72    73   122    58    51  |    87   102    38    44   123    91     0  |    84    23    37    21    41    52   113  |   
  13     7   112    55    74     9    82  |   101    72    44    39    46    94   113  |    95    20    48     6   114    20   105  |    53    12   103    30    21    11    12  |    30   106    12    22    25    97     1  |    82    93     0   119    94   115    71  |    10   101    66    60    11    23   120  |   
  77   101    95    35   107    70    76  |    89   101    39    16   122    61    34  |   121    78    28    69    63    98   117  |    69   117    53   111   125    15    84  |    85    92    53   107    59   100    73  |    64    76    97    23    68    65   108  |    30    10    78   121    67   118    92  |   
  15    62    52    17    45   111    89  |    60    52    21    63    76    55    47  |    11    59    76    91    89    15    81  |   114    35    38    51    60    65    63  |   105    60     8    37    61    88    77  |   106     0   102    47    85    17    72  |   107    41     5    44   118    11    96  |   
  15    20    49   105    71    14    64  |     3    74   123   108    56   106    67  |   102    69    14    69    30     6    39  |    16    98     3    37    95    66    17  |    90    41    56    10    73    88   113  |    26    95    40    32   115    54   103  |    41    11    90     5   110   103    10  |   
  96    90   100    81    94   112   123  |    45   109    41    45   101    29    71  |   109    21    96    23    30    53    90  |    87    98    16    99    69    56     7  |    36    12    83   125   111   116    67  |    10    46    39   118    73    60    12  |    67    37    87    67    98    11   111  |   
 122    29    35    85    33     2    63  |    11   124    43   109   101    49    95  |    76   112    21   125   110    16   117  |    83    33    67    80     1    83    95  |    56    32    45   125    87    93    60  |    20    74    53   115   105   102   125  |   127    69    50    78   127    75   122  |   
  57    66    76    27    89    77    89  |     5   113    86    91    33     2    52  |    73    43    49    81    71    16    40  |   124    66     8    23    56    28    11  |    24    22   111    88    44    50     9  |    19   101   109    60     3    69    48  |   102    56    58    40   113    14    65  |   
 108    74   102    15    77    86    34  |    83    84   111    21   113   100    37  |   108   117    46    22    85    32    91  |    15    78    68    12   103    48   121  |    21    48    29    41    58    92    33  |    84   127    49     5   126    42    15  |    37    15     5    35   117   114    82  |   
  52   107    25    62    54    68    38  |    47    40   100   119    90     8   105  |    59    86    28    40    91   111    27  |    17    80    68    21    10    31   118  |   103    82    69    23    17     3   123  |   119    45    99    82    70    86    80  |   121    70    47    73   112    75    59  |   
  12    16     2    75    63   104    17  |    87   114     4   110     2    60    94  |   124    36    52    43   126    79    49  |    18    57    18    92    46    18    13  |    50    94    33    83   122    65   104  |   116    42   118    71    98    90    71  |   111   121    40   117    43    35    33  |   
  43    48    90    49    26    64    29  |    38    95   122    98   117    12    69  |    63    96    69    54   116    59    84  |   111    34   111    16     4    79   103  |    46    52    89    16   102    33    39  |   115    94    79   111    34     3    97  |    56     1    98   104    73   122    84  |   
  93   108    56    42   127   113   126  |    25   106    16    81    38    77    21  |    89    76    78    10    67    61    11  |   119     3    10    80    32    58   122  |    74   127    46    55     9    63    78  |    42    22    68     9   126    61    89  |   110    71    37    36    16     5    40  |   
  88     5    90     8   105    54   111  |    33   110    48   121    95    24    32  |   106    77    47    75    34    74    64  |   107    66   105   111    94    60    17  |    93   108     5   107    20    59    80  |   119    47   105    91    20   112    52  |   114   125    95   119    99    51   117  |   
  55    23    97    12    33    18   101  |    98    55    88    77    19    65    99  |    33     3    32    12    44    18    57  |    14    15    28    89    42    16     1  |    63   106     8    58    47    30    25  |    76     0    92    31   126    95   116  |    78   111    68   103    77    26   101  |   
  72    14   116   126    32    40    51  |    26    61   120    95    87    24    71  |     3    81    87    15   124    41    53  |   121    76   110    83    52    22    80  |   117    38    70    59    80   101    25  |   111    77    24    17     3    75    15  |    95    25   108    13    75    99    21  |   
  19   106    77     0     0    40   103  |   103   126   114    17   116   123     6  |    34    33    87    18   127    75    92  |    30    82    77    52    43    47    22  |    49   116    70    84    76   109    25  |    53    81    71    36     3   115    37  |     0   115   115    12    35    43    88  |   
   0    57    42    31    89    16    42  |     2    41   127    80    79    45   118  |    67    42    56    14   122    27   122  |   124    50    71    10    40    76    85  |    99   117   114    81    36     9    44  |    50   100    85    49     3    12   100  |    33    92    96    91    72    22    91  |   
 114     0     0     0     0     0     0  |   117     0     0     0     0     0     0  |    88     0     0     0     0     0     0  |    51     0     0     0     0     0     0  |    29     0     0     0     0     0     0  |    47     0     0     0     0     0     0  |     0     0     0     0     0     0     0  |   
   0   115   115    12    35    43    88  |     0    97    57    36    62    81    36  |     0    76   102   118    97    62   123  |     0    48    45   105    79    61    69  |     0   110   102     7    53   102    86  |     0   116    15   123    48    24   118  |     0   103    83   115    25     7    72  |   
  10    92    96    91    72    22    91  |    14    74    90    63    67    82    66  |    62    86   111   120    85     6     9  |    19    83    86    69     2    95   124  |     5     2    18    93   122    91     2  |    12   106    90    34   119    33    23  |    32    90    40   126    43    69     2  |   
  26    48    94    67   117    49    55  |    85    16    75   117    19    90    83  |   123   100    60   120    41    90    45  |   100    36    39    92    51    61    29  |   105    65    94    43     9    17    70  |    96    48   126    33    66    44    59  |    34     2    31    25   108    29    60  |   
   0    85    14   106    46    11   106  |   110    50    20    31    92    53   108  |   122    26    43     8    52    21    50  |    92    64    94    32   117    88   120  |    76     7    53    61    95   119    35  |     3   118    90    18    42    84   114  |    56    67     2    21    90    63   103  |   
 121     0    15    45    39    39    10  |    71   126   102    81    91    80   102  |    95    15    61    83   100    36    60  |    89   112   101    28   102    44    24  |    78   126    30    95   108    72    90  |    86    68   122   109     2   103   126  |     8   103   121    82    75    63   120  |   
  22    35    34    14   126    67    40  |    29    79   105   125     9    56    34  |   105   103   108    55    55    63   123  |   112    98    87     1    87     4    94  |    43    30    51    88    38    59   117  |    18    47   119    74    62    73    95  |    29     3    25    37     4    20    81  |   
 104    58   104   109   104    69   111  |   122    25    93   123    16   115    21  |   122    53   119     5    14    71    75  |    63    41    31    30    47    65   106  |    35   124    75    70    77    65   127  |   125    21    36   121    35    24    11  |    37    48    24   104    18    56     6  |   
  45    50   125    77    56    19    29  |    66    89    63   126    87    58    57  |    83    43    93     3    77   109     6  |    26    18    32   121    81    77    63  |    78   120    85    65    99   119    63  |    40     7    38   121    94    70    57  |    95    34    21     3    88    44    40  |   
  10   112   104    99   122    16   107  |    24    21   114   122    55   113    30  |    92    50   103    85    21    42    32  |   110    75    40    23   103    16   126  |   101    21    74    78    11   106    55  |    90     1     7    49    54    15   119  |   100    30    15    32   113   100     6  |   
  71    74   111    39   117    89    54  |   106   118    64    78    81   111    19  |    57    24     0    69   110    56   119  |    42    66   100    20    49     1    12  |    54    75   105    63    34   118   112  |    85    54    30    97    17    70    74  |   127    19   109    89    21    18   123  |   
 114     5   110   102    16    77    26  |   100    69   106    94     4     1   113  |    86   127    16    13    54    77   125  |    34     5     6    51    78     3     5  |    31    57    17    64    60    33    22  |    36    11    22    90    17    87   122  |    11   120    48    18   121    15    27  |   
  68     4   107    13    21   105    26  |   104    37    34    60    39   109   121  |    56   112    36    45    18    21   107  |   109   120    28    57    60    84    24  |    62   106   116    71   109    76    45  |    99    43   125    95    33    83    70  |    20   114    42   121    24    74   122  |   
 106   109   113    14   106    44    26  |    72    54    30    12   126   102    40  |    87     9    92    76   117   123    27  |    46   112    90    93    62    81    37  |   101    74    16    13    84    54    27  |    21   119    76    55   103   115    44  |    86    68    92    60    88    62    11  |   
  72    75     3    97    43    77    82  |    58   119   109   123   113   100   122  |    13    69    72    58    95    50   104  |    58   119    33     2    50    92    29  |    57    18    75    51    55    38    86  |     1   125     6    53    58    37    97  |    12    74    23    51    72   124   122  |   
  69    54   110   110    36    83     5  |     2     8     6    25   111    49    73  |    99   109   125   103    14    87   114  |    64   119    20    37   102    54    65  |   113    95   104    34    37   117    46  |    78    55    95    91    63   124    57  |    47   124   110    52    62   125    87  |   
 125    99    70    84   115   109   106  |   100   101     3   118    37    52    37  |   117     1   103    65     3   124    67  |   106    65    24   121    19    64    58  |   123    99    47   100   105    30    33  |    94   126    69    11    87    71   104  |    77    81    17   117    78   102    32  |   
   8    40     2    81     1    10    85  |    22     1   119    16     7    84     6  |    95    83    77    76    55    47    78  |   124    34    33    45    25    22    16  |     4    68   107    97   110   106    59  |    16    69    81    21    68    48    47  |    55     6    74    20    38    12    57  |   
Finished mem2Buf tile:1
Finished loadBiasTile tile:1
For this tile, bit shift is 10
Finished tileClc tile:1
Finished tile:1
***  Printing Input Buffers  ***
   0    38    53    84    68   122   116  |     0     2    68    96    22    69   119  |     0    58    42    30    41    69   106  |     0    67    70    69    98    47    11  |     0    13    80    16   107   118    42  |     0    66    37    84   108    42    20  |     0    67    74    12   115    41   116  |   
   9   113   107   121    74    23    99  |    42    96    18    81   127    94   123  |    79   114   121    92    61    43    34  |   114    46    24    48    81    94    91  |     9    94    25    20    10    39    73  |    13    57   127    32    81    47    49  |   118     6    35    46    89    30   111  |   
 116    28    82    91   115     6   110  |    39   111    86   126    30   104    63  |   126    46   118    34    69    93    61  |    79    94    19   104    57    70    82  |   115    61    39    52    97    78    87  |    67    88    29    37    50    13    42  |    22    45    76    42    14    87    76  |   
  75    74    17    87    36    20    46  |    37   114    91    84    55    88    10  |    53   102    92    91    45   120    65  |    52    42   124    88    64    65     0  |    89    32    21    55    64    14    89  |    92    26    70   105   122    14   109  |   118    40   127    55    71    35    92  |   
  46     4    78    51   104    10    19  |    73   100    91    34   121    97    20  |    39   106    31   113    91   105    15  |    96    88   113    75   124    28    79  |    11    61     9    77    58    52    52  |    64    70    29    35    31   116    77  |    24    54   108   118     6    57    40  |   
  72    42    98   109    40    21    99  |    79     7   127    29    33    38    83  |   115    27    16    33    15    23   118  |    42    34    69    70   117     5   112  |   109    40   108    74    31     3    29  |    52    13    99    12     1     5    64  |   119    73    90    73     7    93    24  |   
  82   109    76   111   115    10    14  |    27    99    83    58    18    77     4  |    10    32    71     0   122     9    18  |   119    17    39   102    84   118   123  |    58    55    12    84    84    58     6  |    43    80    35     4     4     7    39  |    34    21     0    11    49    89    69  |   
  19    90    86   103    16    50   104  |    95    83    33     3   108    56    44  |    64    93    99    65    72   127   104  |   110    70     2   119    11    44    32  |    34    44     6   107    78    28    63  |    19    67    66    74    19    71   113  |   122    13    58     9    13    92    72  |   
  90    50    99    86    22   127   126  |   125   120   114    38    83    95    47  |    78    45    90   122    83    11    68  |   100     8   110   109    16    55    64  |    88    90     7    20    98     7    27  |    66     3    31    53   101   110    59  |    57    15   121    70   112    55    68  |   
  65    95    57    77    24    82    71  |    88    60    94    73     6     6    80  |   113    72    60    69   107   108     2  |     5    99   117    26    15    53    35  |    12    73    41   110    97   111     1  |   126    27    86    35    49    87   102  |    83    85   119   114    83   103   115  |   
  81    17    78    89    34   124   123  |     9     4    56   117    96    42    95  |   121   118   126   106    74    48    27  |   123    88   124    42     4    60   109  |   102    85    40    96    81    34   118  |    18    62    86    51    91    20     8  |    88   116     2   102    70   112    68  |   
   0    34    61    57    76    50    22  |    54    77   111    38    26    34    80  |    49    66    58   106   122    27    55  |    40    97    43    76    92     9    92  |    83    50   110     0   111    96    62  |   107   126   124    31    76    56    15  |    39     8   109    68    22    75    30  |   
  36    63    56    37     4    97    13  |    45   108   108   114     1    93    95  |    95    71   122    12     4     7   108  |    82    32    73    52   112    53    42  |    30    93    80     2   123    88    20  |    89    61    77    83    85     2    13  |    30    53    45   124    25    21    90  |   
  66    10    44    85    27    57   124  |    41    43    87    75   120     8     1  |    75    59   104   119   118    38   125  |    30     3    36    36   103     8    85  |    27   118   102    47   119   103    51  |    57    98     4    75    96    25   112  |   114    60   117    34     1    95    66  |   
   7    65    34   113    98   101     6  |   105    58    59    65    64     0    60  |    39    10     2    97    34    57    17  |    26   115    66    82    90    14    58  |    24    45    41   124    92    39    53  |   122    52   111    58    17    87    84  |    25   122    53    60    53    16    91  |   
  90    73   127    14    61    76    61  |    62   125    27    43    45    68    29  |   102   115   117    15    75    41    74  |     8   127    28    87    99    54    69  |    94    23    84    78    68   102    97  |    31    95   100     7   116    94     0  |     4    10   114    83    89   120   114  |   
  50    52    34    75    34    22     3  |    83     4   114    59    86    16   118  |    39   124    39    99    40    88     0  |    70    34   106    28    27    73   105  |    73   127    40   127    58    55   100  |    72    85   120    58    38    61    18  |    90    84   113    11    30    49    67  |   
  24    82   122    58    63    21    85  |    13    14   110     7   123    22    85  |    65    51     4    85     7    54    73  |    47    17    80    95    61    46    40  |    78   115     2    95    25    43    34  |    21    24     0    63     8    77    19  |   125   116    31   108    12    70    57  |   
  95    69    96    27   120    37     3  |   105    71     4    83     2    14    77  |     1    40    93   114    70     5    71  |     1   126    19    68    22    96   114  |    64   108   122    28     7    68    63  |    22   101    67    75   125   121     0  |    92    81    13   101   103    47    27  |   
  68    47    45    36    93     6   126  |    67    12    94    91   122    10     0  |    83    60    97    55    86    71   120  |    46     3    95   104    97   103   119  |    11    30    31    18    70    47    84  |    35   110    20    38    81    91    10  |    45    28    98    81    44    84    35  |   
  77    14    25    19     0    27    83  |   102   112    95    31   105    96    42  |    79    73    89    64   115    23    40  |    29   101    61    12    75   124    81  |   107    57    24    27    96    18    42  |    78    33    12    89   124    99   107  |    97    27    43   111   121    77    38  |   
  15    51    94    60   118   122    69  |    38    54    95    62     0    72    52  |    85    91    66    57    61    41   108  |    19   108    15   116    72   118    96  |    89    68    35   127   115    47    32  |    31    49    26     0    94    67     5  |    93    71    72    69    66    32   118  |   
  63    15    32    64    26    72    58  |    16    67    60    95   123    13    89  |    51   107    45   117    33     4    85  |     0    50    58    74    75    39    43  |    79   116   105     2   124    45   107  |   120    35    77    32    96   100    63  |    84   120   118    74    18    93    69  |   
  82    56    75    94    51    62   112  |    97    87    76   101    33    10   102  |    34    97    99    33     8    29   117  |    76    23    32   109    63    74    18  |    23    53    48    23    71    60    68  |    60    80    73    48   118   102    60  |   114    99   121     1   125     3   115  |   
  39   124     1     2   125     6    51  |    46   109   110    31    35    68     6  |    47    95   110    64   120    54   122  |    65   110    35    22    57    73    93  |   125   121    63    42   100    55   111  |   122    11    57    76   114    81   111  |    81    53    75    12   109    79    73  |   
  43   108    75   108    57   113    94  |    52    89    54    52   104   111    97  |   124   114    18    70    97    23    79  |   123    72   113    38   108    26   121  |    41    24   110    14    57    69   106  |   125    48   125   121    76    48    92  |   112   126    73    19    33   100    67  |   
 123    26    99    10    59    40    17  |    52    88    90    54    41    43    71  |    19    90    78     7    78    25     9  |   110    88    70   109    81    14    79  |    31    50    23   122    73   104    24  |   124    24   127    23    20    62    11  |    95   101     5    98    68    31    53  |   
 102    88    45    49    12   117    59  |   103    95    20    46    33    48    58  |     9   105    18   119    26   109    44  |     3    94    40   120   112   122   121  |    14     5    66    35    38    90   121  |    97    54    36    53    97   115   108  |    52   116    45   112    79   107    97  |   
 109    91    54    54    50    57   100  |    72    31    34    95     8    96    17  |    87    96   108   125    91   126    17  |    51    14    25   113    51   125    27  |   116    39    93    30    92    12   112  |    49   110    99    25   104    24    95  |     3     5    19    73    53    54    24  |   
  38    41   108    63    94   103    11  |    11    29    50    33    61    93    15  |    38    61    91    51   127    79    54  |   111     1    24   125    64    80     9  |    94   114     5    19     6    10    91  |   107    45    13   113    44   115    44  |    13    73    60   121   113    42    16  |   
 122     2    68    96    22    69   119  |    31    58    42    30    41    69   106  |    77    67    70    69    98    47    11  |    90    13    80    16   107   118    42  |    31    66    37    84   108    42    20  |   117    67    74    12   115    41   116  |    50    90    94   106    47    18    11  |   
  79    96    18    81   127    94   123  |   110   114   121    92    61    43    34  |   108    46    24    48    81    94    91  |     1    94    25    20    10    39    73  |   102    57   127    32    81    47    49  |    81     6    35    46    89    30   111  |   125    91    10   105   119   125    74  |   
  13     0     0     0     0     0     0  |   117     0     0     0     0     0     0  |    91     0     0     0     0     0     0  |    90     0     0     0     0     0     0  |     8     0     0     0     0     0     0  |   125     0     0     0     0     0     0  |    82     0     0     0     0     0     0  |   
   0    90    94   106    47    18    11  |     0    57    18   121    30    21    45  |     0    59   113    80    95    27    98  |     0     9   104   100    82    85    26  |     0    11   123     1    28    53    90  |     0    79    10   103    86   102    77  |     0    76     8    44   103    48    22  |   
  59    91    10   105   119   125    74  |    86    42    45   115    33    67    77  |    61    58    23     2    46    21    15  |   105    68    20    93    68   121     9  |    82    61    67    35    27    22   112  |   111    34    63    72   123    43    51  |    58    62    77    29    33   106     2  |   
  67    38    38   110   109    93   115  |    36    47    95   103    53    12   114  |    16    44    21    94    38    84    99  |    95    40    65    26    87    56   122  |   105   106   121    25     3    83   107  |     6    85    75     3    67    63    67  |    14    66    60    46   103   125    43  |   
  94   114   120    98    35    16    43  |    76    37   114    97   127    17    11  |   121    47   110    59    39    23    29  |    28   107    65    75   122    51    41  |   109   106    43   123    65     4   107  |    37   112    96    44   100    23    89  |   122   110    28   109    92    32    14  |   
  43     7   101   105    52    61    27  |    16    70     9   124    34    32     7  |    96    36    64     6    19    64   110  |    50    86    52    48    39   107    82  |    31    55   109    14    12    95    51  |    63    75    73    76   121    66    41  |    41    18     4     9    27   117   105  |   
  46   102    81    26    24    67    64  |    80    15   125    71    27    55     9  |    87    35   124    51    59    71    40  |    57    50   120   104    62   124   118  |   110    70    46    11    36   120    15  |   112   106   116    67   125    13    16  |    54    81    49    87     3    85    79  |   
 119    34    84    59    64   116    61  |     3     9    72    11   116    18    89  |    28    28    10   110   106   105    69  |    28   113    88    64    96   102    85  |    89    46     6    40   120    82    17  |    45    30    77    39    21    73   102  |   110    36   115    54    12    26   109  |   
  13    67    77    77   106   109    67  |     6    13    44    32    61    40    23  |    29    51    42   116   122   106   126  |     8   110    96    54    37    54    88  |     1     9    67    19    27    75    81  |    64    98    23    25    36   124   121  |   123    28   103    78    50   110   112  |   
  86    98    40   100    50    53    23  |    48    19   110    42    57    52     0  |    96   106    76     6   102    16    94  |   125    32    65   125    29    50    72  |    32    78   127    13    53    52     1  |    96    45    35   124   113     1    57  |    86    23    58    92    11    45   105  |   
   3    55    80     4    92    43    42  |     5    97    22    12    90    21   101  |    82    50    72    35    45   105    24  |    98    55   118     1   119     3     5  |    45    30    87    66    51   118    84  |    42    14    71    83   119    93    38  |    83    88    51    77   114    86    32  |   
  14   114    37    73    84    59    34  |    13   101   110    38    56    65    27  |    45     0    82   125    71   114    10  |    71    98    75    82    35   111     2  |    49    74    71    96    19   113    38  |    69   116    13   101    42   100    72  |    89    76    36   103   106   111    97  |   
  63    53     0    87    23    58    28  |   108    36    95    87   102     9    29  |   101   121    46    30    15    44   120  |    98   112    93   122    98    31   124  |    28   115    91     7    74    89    21  |    74    74    23    46    94    33    82  |    36    23   123    65    11     9   108  |   
   3    67    13    94    16   120   123  |    33   112    61    71     9    12    90  |    15    87    40    73    91    52    41  |   102    98    23   108    68    37   115  |    61    41    28   105    67   102    30  |    45    18    52    80    36    31   119  |    77    26    90    63    86    45     4  |   
  60    10     4    40   117    18    29  |    16    59    88    20    24    23   100  |   102   107    31    88    34    15    90  |    54   101    13    29    65    12   114  |   120    93    36   125    82    98   121  |    35    64    79    30    44    68    37  |    48    11    91    84    30    77    12  |   
  75    55    36    38   115     1    40  |   106    39    24    23    90    62    55  |    76     3    89   120   104    34     3  |    75   111    47    68    52    71    26  |    62    49    85    45     7    71    82  |   125   120    23    66    93    45     8  |    96   111    31     4    41    52    84  |   
  67    90    10    14    58    61    20  |    22    58    82    38    69    68    30  |    53    63   118    63    13    88    67  |    87    37    70    97    10    84    23  |    52   123    43    31    41    12    76  |     4    17    84     5   118    73    73  |     0   116    75    93    83    28    47  |   
  24    68    56    20     8     3    57  |    25    59    82   105    65    81    11  |   118    89   123     7    61   123    79  |    71    33    18    18    71   117    54  |    35   101    92    17    91    48    68  |    34   101    38   122   103    78    63  |    94     6    20    84    10   124    25  |   
Finished mem2Buf tile:2
Finished loadBiasTile tile:2
For this tile, bit shift is 10
Finished tileClc tile:2
Finished tile:2
***  Printing Input Buffers  ***
   0     4    87    56    50    96    51  |     0    10    63    53    65    68   114  |     0    85    60    66    46    98    12  |     0   127   124   103    42    70   118  |     0    37   113   117    99    27    26  |     0    65    71    20    66   101    40  |     0    38   113    46    74   109    76  |   
  88    38    75    98   122    79   102  |    48    44   109   125    64    82   125  |    44    15   126    59    88    55   103  |    69    64   111   127   103    25    55  |   115   100    31    55     5     8    45  |    45    69    21    41    87    64    24  |   109    36     1   108    19    25     3  |   
 118    73    58    94    62    40   120  |   111    35    69    14    90   115    95  |    43     6    81   104   107   125    38  |     2   119   121    34    78    68    33  |    76    67    78    20    64    51    38  |    98    74   125    94   126    67    54  |    26    69   115   104    58    35   125  |   
 120    61    25    24    87    27    56  |   115    52    34    87    38    33   106  |    68    54    60    72    56    93     0  |    35   122   120    32    45    39    71  |    73    85    20    96    84    29    72  |   109    61     7    41    45    23   106  |    72    91    50    56   115    16    63  |   
  19    34     9    64     5   101   108  |   102   120    91   108    61    40     2  |    27    99    16    10    75   103    38  |    75    94    17    81    51    27   109  |    14    35    88    90    37    65    37  |   123    84   123   112     9    70    38  |    43    50     0    33    77    15    38  |   
  82   100    86    51   113   107    76  |    20    25    59    17    76    22    54  |    18    49   109    52    92    23    66  |    68   108    72    27    88    49   106  |    34    80   110    82    92    73    83  |    36    60     7    23     2    31    32  |    66    14    69    92    81   115   125  |   
  30    80    25    36     3    80    89  |     0    64    35    25    12    33    67  |    41    26   101     0   110    82    73  |   112    60    80   102    95    53    32  |    45    73    88   104    49    85    31  |    56    81   114    34    11    81    49  |   104   106    90   114    29    54    78  |   
 119     7    68    65    28    72   120  |    71    69   124   100   114    38    94  |    77    36    18    45    25    76    65  |    64   117    33    17    83     9   102  |    89   101    74    79    24   102   114  |    79   107    88   105    30   116     5  |    90    10     0   122   105    54   120  |   
  28    21    10   115    15    37    80  |    43    13   122    58    22    31    92  |     8    86    21    39    48    70    32  |    74   102    48    16   105    96    39  |    10    38    30    89   109    85   100  |    95   127   124    37   126    99    20  |    98   121    94    51    88   108    92  |   
   3    50    96   115    83    28   119  |    24   124    34   111    57   117   104  |    80    88    76    88   108    56    43  |    35   116    84    69    52    86    17  |     9    88    57     6    68    79    77  |   122    58   120    58   111    19    80  |   109    33    45   124    42     0    83  |   
  77    82   109    89     9    17    99  |    51    65    32    92    73    17    65  |   113    91   103   107    20   104    49  |    97    91   120    36    74    76    27  |    90    21    20    21    69    10   114  |    51    25    18    28    77    63    10  |    70    57    86     0    50   125    36  |   
 114     5   122    78    38    86    13  |    81    72    49    76   100    15    40  |    21    75    51    68    36   120    19  |   117   117    62    38    23   120    43  |    41    36    59    47    22    75    95  |   105    51    44    41   102    65   113  |   110     3    12    53    86    80    60  |   
  55   125   102    93    21     2    41  |    32    60    44    30    54    22    44  |    82    12    27    92     3    60    50  |   101   114    56    49    24    99    46  |   112    72    99    71    48    42    75  |    12    94   105     7    26     6     4  |    80    12    67   102    87   106    43  |   
  16     1    73   118    87    41    61  |   122    58    32    12    94    89     1  |    62    98    51    83    45    27    76  |    84    11    47    23    85   106    51  |    51   117    73   103    41    64    85  |    85    74   127    69    55    68    98  |    48    92   113    21   113    55    72  |   
  82    68    68    10    25    60    19  |    54    98   123    81    23    93   116  |    22    40    42   101    28    52   105  |    74   110    16    40    21    31    60  |    42    11    70     2    56    73    45  |    14    22   111    72    59    89    72  |    78   121     7    94     2    14    52  |   
  76   111    68    23    29    56    80  |    61    15   122    85    94    37    27  |    17     4    73     3    43    94    48  |     0    90    93    32   101    26    89  |    67    85    78    64    67    98   127  |    17    46   103    51    92   103    34  |    34   127    86    93    15    88    82  |   
   1   111    84    10   106    53    63  |    53    72    32    63    28    72    47  |    61    92    16    10    13    31    74  |    48    75    63    39    80    35   113  |    39    95    25   122    87    50   119  |    57    93   103    87    12    81     4  |   127    59    52    96    68    82    44  |   
  31    68   104    33   122    17    85  |    90    93    73    31    63    40     5  |   117     4    51    93    43    14   113  |   106   122    43    11     5   125    82  |    47     7    40    74    69    99    72  |    61    65    73    23   103   121    48  |    12   121    14    33   103    68    10  |   
  79   102    83    68   121    46    67  |   111    48   125    75   108    89    86  |    62    11   126    46    49    92   113  |    19   101    59    63    77    64    67  |    72    95    68    93   108    28    30  |    52    86    78     9    34   109   122  |    47    32   117    40    45    51    13  |   
  62    79    55    69    54    67   113  |   109    79   106    55   101    74    68  |    78    42   111     3    12    85    69  |    26    58   108    38   118    61    56  |     8    53     0   124    99    76    32  |    80    65    12   105     4    78    17  |    43   102    87   117    57    71   125  |   
  57   105    68    89    90     6    40  |    91    23    13    38    30    92    96  |   106    77    80    81   100    91    19  |     1    70    54    80   114    49    51  |    54   115    20    41    48    55   120  |    33    27    15   124     8    86    71  |    92    77    71    13    76    72    93  |   
  83    27    11   124    86   115    13  |    52    31    28    21    72     8    46  |    77    53    26     1   116    83     3  |    22   111   111    28   124    86    70  |     7     7    29    72   119     8   104  |    24    76   127    46    63   102    81  |    64    96     1    22    90    51    44  |   
 100    88    37    19   120    44    22  |    31     4     7    86    21    71    16  |    75    23    28    73    65    81   104  |    66    64   100    81    41    51    15  |    91    47    32    26   117   126    75  |   110   126    52   126    15   126     1  |    83    55   121   127    59    10    68  |   
 116    72    24     1    41    61    76  |    24    75   103    44   125    94    46  |    14    42    18   116   109    85    21  |    12    77   113    23    97     3    10  |    77    67     0    64     9    68    66  |     6    69    61    89   103    72   120  |   113    88    97   121    15    97    29  |   
  12    22    42    32    90    74    82  |    79    86    97    55   126    64   103  |    43    19    47   100    89    45    72  |    57    30    89    37   121    70    49  |    16   127    82     5    21    89    97  |    73     0    21     7    82   123    19  |   124     0    50   120    64    11   117  |   
   8    66    50   124    64    64    73  |    32    55    40    56    78   114    66  |    23    88   105    42   120    12    69  |   100     7    80    58    29    65    93  |     1   113   104    16    99    53    80  |   100    62    90    72    41    54   113  |     5    75    70   116   125    85    98  |   
  26   122    10    58    58   123    39  |    81    67    96    78   105    87     0  |    77     2    86   116   124    44   117  |   103    13    83    61   126    48   107  |   117    98    27    49    95   114    21  |    80     3    50    36   127    69    34  |    81   113   107    14    34    97    98  |   
 105    38    49    91   111    41    11  |    35    63   108    57    70   116    84  |    30    75     8    65    60     9    81  |    17    27     9    15   127    86    75  |    52    79    14    63    79   101    62  |    64   120   117     5    51    62    78  |   107   122    54    13    85    69     9  |   
  28    68    10     2   110    35    78  |    39    78    46   114    49    70    62  |     6    75    68    45    36    31    59  |    82    19    90    64    11    37    24  |    34   108    12    24    91    72    14  |    15    29    57   103    10    13   107  |    49    68    27   103    63   110   106  |   
  81    57     8    10    37    31    60  |    73    99    97    27    66   122    53  |    23    45    19   111    32   111    78  |    51    30   111   116   109    28    48  |    20   108    62   114    75    18    56  |    52    25     5    91   124    89   112  |     9    58    16    13     7   119   124  |   
  18    10    63    53    65    68   114  |     9    85    60    66    46    98    12  |    40   127   124   103    42    70   118  |    71    37   113   117    99    27    26  |    62    65    71    20    66   101    40  |   101    38   113    46    74   109    76  |    21     7    13    61    19    80    10  |   
   4    44   109   125    64    82   125  |    63    15   126    59    88    55   103  |   122    64   111   127   103    25    55  |   108   100    31    55     5     8    45  |    77    69    21    41    87    64    24  |    85    36     1   108    19    25     3  |    61   126   107   102    29    52    44  |   
  82     0     0     0     0     0     0  |    29     0     0     0     0     0     0  |     7     0     0     0     0     0     0  |    41     0     0     0     0     0     0  |    27     0     0     0     0     0     0  |   116     0     0     0     0     0     0  |    77     0     0     0     0     0     0  |   
   0     7    13    61    19    80    10  |     0    57    37     5    45    77    80  |     0    16    30    72   122    69   116  |     0   120    85   112    55    11    72  |     0    76    57    70    84   117    97  |     0   115    94    43    72    82    63  |     0    64   100   116   124    41     7  |   
  41   126   107   102    29    52    44  |    90    15    51    65    25    56    82  |   120    15    81    42    49    25    90  |   123   124   125   103    85    60    99  |    91   118    29     0    63   125    63  |    15   110    45    11    15    90   102  |    16    62     2    99    39    82    92  |   
  77    51    27    54    34    22    59  |    84    86   110    44    18   114    76  |     5    92   105    54    34    90   108  |    58    46    42   108    49    51   104  |    74     1    62    44    37    99    90  |    12    18   102    63   102    79    42  |    90    58   100     7   107    68    94  |   
  17    25    74    20    16    68    38  |     0    21   122    56    39    15    42  |    77    79    84    56    33    89    72  |    49    25     1    50    81    13     1  |    99    18    85    20    52   109    96  |    27    49    50   112    96    72    92  |    18    35    95     2     9    83    67  |   
  54    86    56    52    10    23   111  |    51    13    33   104    59    61   115  |    58    68    52    44    30    43     8  |   100    35   127    50   116    13    87  |    73    76   121    10    59   106    67  |     0    88   125    35    30    90    80  |    34     8    67   107    30   115    88  |   
 115   118   127   121    57    33    95  |    48    37    17     3   120   105    23  |   113   119   106    42    21     1    32  |    46    82   108    11    86    51    85  |    95    66    18    87    92   126   115  |   123    40   108    65    82    36    14  |   123   112   122    10    69     4   100  |   
  23    85    20   117    41   118     3  |    29    44   108   111    75   122    86  |    80    43    29   124   110    88    13  |     9     8    55    52    80    51    22  |    32     7   126    50   124    93    41  |   109    32    98    25    48    33    93  |    73   116    43    15   121   104    66  |   
  50    48    79   105    39   118    94  |    16    46    51    68    33    14    48  |    43    31    78    81     5    97    79  |    60    60   114    18    94    35    72  |   121   112   115    82   112    28   115  |    28    35    60   112    75     4   103  |    93    22    60     7   102    56   100  |   
  43    59    69    19    21    59   118  |    80    43    78    18   104   114   100  |   108     0   105    19    21     3    11  |    21     4    36    43    17    96    33  |   100    91    79    62    63    67    78  |   112     0   127   109    19    68   121  |    82   101    60    19    40    17    14  |   
  91    90    56    99     0   123     7  |    61   124    30   104   106   119     4  |     8    28     7   114    34   109   104  |    55    94   120    21   111     5    70  |    65   123    74    73   121    13    89  |    29     1    97    36    39   110    24  |    68    84    56    85    23    54    22  |   
 106    19    53    68   100     9    63  |   119     1    19    75     9    13   118  |    69    43    73    49    99   121    98  |    44     9     6    22   127   107   100  |     5    17    80    44   125    77    70  |    38   115    84    64     4    18     8  |   104     6    25    27    15    56    96  |   
 111    76   102    36    56    68    54  |    36    65   102    41    64     5     5  |    70    72    42   112    79    78   105  |    12    88    49    89    53    86    65  |    46    60     9   103   108    44   116  |   101    77    42    40    95    86    11  |   104    94    46    25    52   127    61  |   
  85    46    62   112   100    92    39  |    50    22    14    14     7    33   114  |     0   115    28    18    16   101    38  |    86    78    26     9   115     4    21  |    77   127    27   113    33   104    59  |   125    74    57    55    10    22    21  |   125    11    30    51    54    89    28  |   
  61    87    62    25    69    55   111  |   116    67   123   120     0    26    37  |    77    90    66    36    34   109    43  |    63   110   107    25    16    84     3  |    67   121   107    82    82    98   114  |    82    16   119    97    54    45    80  |    98    73    75     5     8    22    23  |   
  67   120    74   111    99    79    95  |    67    23    13   110    45    55   117  |    39   123     2    72    25    45    12  |    72    74    56    95    67   122    94  |   124    12    92    82   111    11    20  |    29    26     0    28    20    52   102  |     2    39   118     5    17    53    37  |   
  47    44     1    96    29     9    75  |   110    78    68    60    52    93    32  |    26    94   100    17    59    89    26  |   104    59     4    43    28    75    48  |    18    69    88   124   100    95    75  |    79    24   109    54   113    41    52  |    87    50    59    24     4    98    83  |   
  17    30    70    18    18    89    90  |     6    85    63   111    73   102    61  |   119    42    25   114    37    71   103  |   123    58    40    42   114    34    38  |    43    61    63    44    58     4   119  |    30    93    37    69    46     5   119  |   109    19    13    14   112     7    63  |   
Finished mem2Buf tile:3
Finished loadBiasTile tile:3
For this tile, bit shift is 10
