  **** HLS Build v2025.1 6135595
INFO: [HLS 200-2005] Using work_dir C:/Programming_Files/VGGHLS-TX/TL_Base/ConvLayer 
INFO: [HLS 200-2176] Writing Vitis IDE component file C:/Programming_Files/VGGHLS-TX/TL_Base/ConvLayer/vitis-comp.json
INFO: [HLS 200-10] Creating and opening component 'C:/Programming_Files/VGGHLS-TX/TL_Base/ConvLayer'.
INFO: [HLS 200-1505] Using default flow_target 'vivado'
Resolution: For help on HLS 200-1505 see docs.xilinx.com/access/sources/dita/topic?Doc_Version=2025.1%20English&url=ug1448-hls-guidance&resourceid=200-1505.html
INFO: [HLS 200-2174] Applying component config ini file C:/Programming_Files/VGGHLS-TX/TL_Base/hls_config.cfg
INFO: [HLS 200-1465] Applying config ini 'syn.file=../src_files/Main_Code.cpp' from C:/Programming_Files/VGGHLS-TX/TL_Base/hls_config.cfg(8)
INFO: [HLS 200-10] Adding design file 'C:/Programming_Files/VGGHLS-TX/src_files/Main_Code.cpp' to the project
INFO: [HLS 200-1465] Applying config ini 'tb.file=../src_files/Auxiliary_Calculations.cpp' from C:/Programming_Files/VGGHLS-TX/TL_Base/hls_config.cfg(9)
INFO: [HLS 200-10] Adding test bench file 'C:/Programming_Files/VGGHLS-TX/src_files/Auxiliary_Calculations.cpp' to the project
INFO: [HLS 200-1465] Applying config ini 'tb.file=../src_files/main_tb.cpp' from C:/Programming_Files/VGGHLS-TX/TL_Base/hls_config.cfg(10)
INFO: [HLS 200-10] Adding test bench file 'C:/Programming_Files/VGGHLS-TX/src_files/main_tb.cpp' to the project
INFO: [HLS 200-1465] Applying config ini 'tb.file=../src_files/tb_Buf2Pe.cpp' from C:/Programming_Files/VGGHLS-TX/TL_Base/hls_config.cfg(11)
INFO: [HLS 200-10] Adding test bench file 'C:/Programming_Files/VGGHLS-TX/src_files/tb_Buf2Pe.cpp' to the project
INFO: [HLS 200-1465] Applying config ini 'tb.file=../src_files/tb_Dfl_ControlLogic.cpp' from C:/Programming_Files/VGGHLS-TX/TL_Base/hls_config.cfg(12)
INFO: [HLS 200-10] Adding test bench file 'C:/Programming_Files/VGGHLS-TX/src_files/tb_Dfl_ControlLogic.cpp' to the project
INFO: [HLS 200-1465] Applying config ini 'tb.file=../src_files/tb_fcLayer.cpp' from C:/Programming_Files/VGGHLS-TX/TL_Base/hls_config.cfg(13)
INFO: [HLS 200-10] Adding test bench file 'C:/Programming_Files/VGGHLS-TX/src_files/tb_fcLayer.cpp' to the project
INFO: [HLS 200-1465] Applying config ini 'tb.file=../src_files/tb_gap.cpp' from C:/Programming_Files/VGGHLS-TX/TL_Base/hls_config.cfg(14)
INFO: [HLS 200-10] Adding test bench file 'C:/Programming_Files/VGGHLS-TX/src_files/tb_gap.cpp' to the project
INFO: [HLS 200-1465] Applying config ini 'tb.file=../src_files/tb_loadbin.cpp' from C:/Programming_Files/VGGHLS-TX/TL_Base/hls_config.cfg(15)
INFO: [HLS 200-10] Adding test bench file 'C:/Programming_Files/VGGHLS-TX/src_files/tb_loadbin.cpp' to the project
INFO: [HLS 200-1465] Applying config ini 'tb.file=../src_files/tb_maxPool.cpp' from C:/Programming_Files/VGGHLS-TX/TL_Base/hls_config.cfg(16)
INFO: [HLS 200-10] Adding test bench file 'C:/Programming_Files/VGGHLS-TX/src_files/tb_maxPool.cpp' to the project
INFO: [HLS 200-1465] Applying config ini 'tb.file=../src_files/tb_Mem2Buf.cpp' from C:/Programming_Files/VGGHLS-TX/TL_Base/hls_config.cfg(17)
INFO: [HLS 200-10] Adding test bench file 'C:/Programming_Files/VGGHLS-TX/src_files/tb_Mem2Buf.cpp' to the project
INFO: [HLS 200-1465] Applying config ini 'tb.file=../src_files/tb_parameters.cpp' from C:/Programming_Files/VGGHLS-TX/TL_Base/hls_config.cfg(18)
INFO: [HLS 200-10] Adding test bench file 'C:/Programming_Files/VGGHLS-TX/src_files/tb_parameters.cpp' to the project
INFO: [HLS 200-1465] Applying config ini 'tb.file=../src_files/tb_Top.cpp' from C:/Programming_Files/VGGHLS-TX/TL_Base/hls_config.cfg(19)
INFO: [HLS 200-10] Adding test bench file 'C:/Programming_Files/VGGHLS-TX/src_files/tb_Top.cpp' to the project
INFO: [HLS 200-1465] Applying config ini 'tb.file=../src_files/tb_port_widening.cpp' from C:/Programming_Files/VGGHLS-TX/TL_Base/hls_config.cfg(20)
INFO: [HLS 200-10] Adding test bench file 'C:/Programming_Files/VGGHLS-TX/src_files/tb_port_widening.cpp' to the project
INFO: [HLS 200-1465] Applying config ini 'syn.top=ConvLayer' from C:/Programming_Files/VGGHLS-TX/TL_Base/hls_config.cfg(7)
INFO: [HLS 200-1465] Applying config ini 'flow_target=vivado' from C:/Programming_Files/VGGHLS-TX/TL_Base/hls_config.cfg(4)
INFO: [HLS 200-1505] Using flow_target 'vivado'
Resolution: For help on HLS 200-1505 see docs.xilinx.com/access/sources/dita/topic?Doc_Version=2025.1%20English&url=ug1448-hls-guidance&resourceid=200-1505.html
INFO: [HLS 200-1465] Applying config ini 'part=xcvu9p-flga2104-3-e' from C:/Programming_Files/VGGHLS-TX/TL_Base/hls_config.cfg(1)
INFO: [HLS 200-1611] Setting target device to 'xcvu9p-flga2104-3-e'
INFO: [HLS 200-1465] Applying config ini 'csim.clean=1' from C:/Programming_Files/VGGHLS-TX/TL_Base/hls_config.cfg(21)
INFO: [HLS 200-1465] Applying config ini 'package.output.format=ip_catalog' from C:/Programming_Files/VGGHLS-TX/TL_Base/hls_config.cfg(5)
INFO: [HLS 200-2176] Writing Vitis IDE component file C:/Programming_Files/VGGHLS-TX/TL_Base/ConvLayer/vitis-comp.json
INFO: [SIM 211-2] *************** CSIM start ***************
INFO: [SIM 211-4] CSIM will launch CLANG as the compiler.
INFO: [HLS 200-2036] Building debug C Simulation binaries
   Compiling ../../../../../src_files/tb_port_widening.cpp in debug mode
   Compiling ../../../../../src_files/tb_Top.cpp in debug mode
   Compiling ../../../../../src_files/tb_parameters.cpp in debug mode
   Compiling ../../../../../src_files/tb_Mem2Buf.cpp in debug mode
   Compiling ../../../../../src_files/tb_maxPool.cpp in debug mode
   Compiling ../../../../../src_files/tb_loadbin.cpp in debug mode
   Compiling ../../../../../src_files/tb_gap.cpp in debug mode
   Compiling ../../../../../src_files/tb_fcLayer.cpp in debug mode
   Compiling ../../../../../src_files/tb_Dfl_ControlLogic.cpp in debug mode
   Compiling ../../../../../src_files/tb_Buf2Pe.cpp in debug mode
   Compiling ../../../../../src_files/main_tb.cpp in debug mode
   Compiling ../../../../../src_files/Auxiliary_Calculations.cpp in debug mode
   Compiling ../../../../../src_files/Main_Code.cpp in debug mode
   Generating csim.exe
In file included from ../../../../../src_files/tb_port_widening.cpp:1:
In file included from ../../../../../src_files/header.h:7:
In file included from C:/Xilinx/2025.1/Vitis/include/ap_int.h:10:
In file included from C:/Xilinx/2025.1/Vitis/include/etc/ap_common.h:677:
In file included from C:/Xilinx/2025.1/Vitis/include/etc/ap_private.h:68:
In file included from C:/Xilinx/2025.1/Vitis/include/hls_half.h:26:
In file included from C:/Xilinx/2025.1/Vitis/include/etc/hls_half_fpo.h:19:
In file included from C:/Xilinx/2025.1/Vitis/include/hls_fpo.h:140:
In file included from C:/Xilinx/2025.1/Vitis/include/floating_point_v7_1_bitacc_cmodel.h:150:
C:/Xilinx/2025.1/Vitis/include/gmp.h:58:9: warning: '__GMP_LIBGMP_DLL' macro redefined [-Wmacro-redefined]
#define __GMP_LIBGMP_DLL  0
        ^
C:/Xilinx/2025.1/Vitis/include/floating_point_v7_1_bitacc_cmodel.h:142:9: note: previous definition is here
#define __GMP_LIBGMP_DLL 1
        ^
1 warning generated.
In file included from ../../../../../src_files/tb_Top.cpp:1:
In file included from ../../../../../src_files/header.h:7:
In file included from C:/Xilinx/2025.1/Vitis/include/ap_int.h:10:
In file included from C:/Xilinx/2025.1/Vitis/include/etc/ap_common.h:677:
In file included from C:/Xilinx/2025.1/Vitis/include/etc/ap_private.h:68:
In file included from C:/Xilinx/2025.1/Vitis/include/hls_half.h:26:
In file included from C:/Xilinx/2025.1/Vitis/include/etc/hls_half_fpo.h:19:
In file included from C:/Xilinx/2025.1/Vitis/include/hls_fpo.h:140:
In file included from C:/Xilinx/2025.1/Vitis/include/floating_point_v7_1_bitacc_cmodel.h:150:
C:/Xilinx/2025.1/Vitis/include/gmp.h:58:9: warning: '__GMP_LIBGMP_DLL' macro redefined [-Wmacro-redefined]
#define __GMP_LIBGMP_DLL  0
        ^
C:/Xilinx/2025.1/Vitis/include/floating_point_v7_1_bitacc_cmodel.h:142:9: note: previous definition is here
#define __GMP_LIBGMP_DLL 1
        ^
1 warning generated.
In file included from ../../../../../src_files/tb_parameters.cpp:1:
In file included from ../../../../../src_files/header.h:7:
In file included from C:/Xilinx/2025.1/Vitis/include/ap_int.h:10:
In file included from C:/Xilinx/2025.1/Vitis/include/etc/ap_common.h:677:
In file included from C:/Xilinx/2025.1/Vitis/include/etc/ap_private.h:68:
In file included from C:/Xilinx/2025.1/Vitis/include/hls_half.h:26:
In file included from C:/Xilinx/2025.1/Vitis/include/etc/hls_half_fpo.h:19:
In file included from C:/Xilinx/2025.1/Vitis/include/hls_fpo.h:140:
In file included from C:/Xilinx/2025.1/Vitis/include/floating_point_v7_1_bitacc_cmodel.h:150:
C:/Xilinx/2025.1/Vitis/include/gmp.h:58:9: warning: '__GMP_LIBGMP_DLL' macro redefined [-Wmacro-redefined]
#define __GMP_LIBGMP_DLL  0
        ^
C:/Xilinx/2025.1/Vitis/include/floating_point_v7_1_bitacc_cmodel.h:142:9: note: previous definition is here
#define __GMP_LIBGMP_DLL 1
        ^
1 warning generated.
In file included from ../../../../../src_files/tb_Mem2Buf.cpp:1:
In file included from ../../../../../src_files/header.h:7:
In file included from C:/Xilinx/2025.1/Vitis/include/ap_int.h:10:
In file included from C:/Xilinx/2025.1/Vitis/include/etc/ap_common.h:677:
In file included from C:/Xilinx/2025.1/Vitis/include/etc/ap_private.h:68:
In file included from C:/Xilinx/2025.1/Vitis/include/hls_half.h:26:
In file included from C:/Xilinx/2025.1/Vitis/include/etc/hls_half_fpo.h:19:
In file included from C:/Xilinx/2025.1/Vitis/include/hls_fpo.h:140:
In file included from C:/Xilinx/2025.1/Vitis/include/floating_point_v7_1_bitacc_cmodel.h:150:
C:/Xilinx/2025.1/Vitis/include/gmp.h:58:9: warning: '__GMP_LIBGMP_DLL' macro redefined [-Wmacro-redefined]
#define __GMP_LIBGMP_DLL  0
        ^
C:/Xilinx/2025.1/Vitis/include/floating_point_v7_1_bitacc_cmodel.h:142:9: note: previous definition is here
#define __GMP_LIBGMP_DLL 1
        ^
1 warning generated.
In file included from ../../../../../src_files/tb_maxPool.cpp:1:
In file included from ../../../../../src_files/header.h:7:
In file included from C:/Xilinx/2025.1/Vitis/include/ap_int.h:10:
In file included from C:/Xilinx/2025.1/Vitis/include/etc/ap_common.h:677:
In file included from C:/Xilinx/2025.1/Vitis/include/etc/ap_private.h:68:
In file included from C:/Xilinx/2025.1/Vitis/include/hls_half.h:26:
In file included from C:/Xilinx/2025.1/Vitis/include/etc/hls_half_fpo.h:19:
In file included from C:/Xilinx/2025.1/Vitis/include/hls_fpo.h:140:
In file included from C:/Xilinx/2025.1/Vitis/include/floating_point_v7_1_bitacc_cmodel.h:150:
C:/Xilinx/2025.1/Vitis/include/gmp.h:58:9: warning: '__GMP_LIBGMP_DLL' macro redefined [-Wmacro-redefined]
#define __GMP_LIBGMP_DLL  0
        ^
C:/Xilinx/2025.1/Vitis/include/floating_point_v7_1_bitacc_cmodel.h:142:9: note: previous definition is here
#define __GMP_LIBGMP_DLL 1
        ^
1 warning generated.
In file included from ../../../../../src_files/tb_loadbin.cpp:1:
In file included from ../../../../../src_files/header.h:7:
In file included from C:/Xilinx/2025.1/Vitis/include/ap_int.h:10:
In file included from C:/Xilinx/2025.1/Vitis/include/etc/ap_common.h:677:
In file included from C:/Xilinx/2025.1/Vitis/include/etc/ap_private.h:68:
In file included from C:/Xilinx/2025.1/Vitis/include/hls_half.h:26:
In file included from C:/Xilinx/2025.1/Vitis/include/etc/hls_half_fpo.h:19:
In file included from C:/Xilinx/2025.1/Vitis/include/hls_fpo.h:140:
In file included from C:/Xilinx/2025.1/Vitis/include/floating_point_v7_1_bitacc_cmodel.h:150:
C:/Xilinx/2025.1/Vitis/include/gmp.h:58:9: warning: '__GMP_LIBGMP_DLL' macro redefined [-Wmacro-redefined]
#define __GMP_LIBGMP_DLL  0
        ^
C:/Xilinx/2025.1/Vitis/include/floating_point_v7_1_bitacc_cmodel.h:142:9: note: previous definition is here
#define __GMP_LIBGMP_DLL 1
        ^
1 warning generated.
In file included from ../../../../../src_files/tb_gap.cpp:1:
In file included from ../../../../../src_files/header.h:7:
In file included from C:/Xilinx/2025.1/Vitis/include/ap_int.h:10:
In file included from C:/Xilinx/2025.1/Vitis/include/etc/ap_common.h:677:
In file included from C:/Xilinx/2025.1/Vitis/include/etc/ap_private.h:68:
In file included from C:/Xilinx/2025.1/Vitis/include/hls_half.h:26:
In file included from C:/Xilinx/2025.1/Vitis/include/etc/hls_half_fpo.h:19:
In file included from C:/Xilinx/2025.1/Vitis/include/hls_fpo.h:140:
In file included from C:/Xilinx/2025.1/Vitis/include/floating_point_v7_1_bitacc_cmodel.h:150:
C:/Xilinx/2025.1/Vitis/include/gmp.h:58:9: warning: '__GMP_LIBGMP_DLL' macro redefined [-Wmacro-redefined]
#define __GMP_LIBGMP_DLL  0
        ^
C:/Xilinx/2025.1/Vitis/include/floating_point_v7_1_bitacc_cmodel.h:142:9: note: previous definition is here
#define __GMP_LIBGMP_DLL 1
        ^
1 warning generated.
In file included from ../../../../../src_files/tb_fcLayer.cpp:1:
In file included from ../../../../../src_files/header.h:7:
In file included from C:/Xilinx/2025.1/Vitis/include/ap_int.h:10:
In file included from C:/Xilinx/2025.1/Vitis/include/etc/ap_common.h:677:
In file included from C:/Xilinx/2025.1/Vitis/include/etc/ap_private.h:68:
In file included from C:/Xilinx/2025.1/Vitis/include/hls_half.h:26:
In file included from C:/Xilinx/2025.1/Vitis/include/etc/hls_half_fpo.h:19:
In file included from C:/Xilinx/2025.1/Vitis/include/hls_fpo.h:140:
In file included from C:/Xilinx/2025.1/Vitis/include/floating_point_v7_1_bitacc_cmodel.h:150:
C:/Xilinx/2025.1/Vitis/include/gmp.h:58:9: warning: '__GMP_LIBGMP_DLL' macro redefined [-Wmacro-redefined]
#define __GMP_LIBGMP_DLL  0
        ^
C:/Xilinx/2025.1/Vitis/include/floating_point_v7_1_bitacc_cmodel.h:142:9: note: previous definition is here
#define __GMP_LIBGMP_DLL 1
        ^
1 warning generated.
In file included from ../../../../../src_files/tb_Dfl_ControlLogic.cpp:1:
In file included from ../../../../../src_files/header.h:7:
In file included from C:/Xilinx/2025.1/Vitis/include/ap_int.h:10:
In file included from C:/Xilinx/2025.1/Vitis/include/etc/ap_common.h:677:
In file included from C:/Xilinx/2025.1/Vitis/include/etc/ap_private.h:68:
In file included from C:/Xilinx/2025.1/Vitis/include/hls_half.h:26:
In file included from C:/Xilinx/2025.1/Vitis/include/etc/hls_half_fpo.h:19:
In file included from C:/Xilinx/2025.1/Vitis/include/hls_fpo.h:140:
In file included from C:/Xilinx/2025.1/Vitis/include/floating_point_v7_1_bitacc_cmodel.h:150:
C:/Xilinx/2025.1/Vitis/include/gmp.h:58:9: warning: '__GMP_LIBGMP_DLL' macro redefined [-Wmacro-redefined]
#define __GMP_LIBGMP_DLL  0
        ^
C:/Xilinx/2025.1/Vitis/include/floating_point_v7_1_bitacc_cmodel.h:142:9: note: previous definition is here
#define __GMP_LIBGMP_DLL 1
        ^
1 warning generated.
In file included from ../../../../../src_files/tb_Buf2Pe.cpp:1:
In file included from ../../../../../src_files/header.h:7:
In file included from C:/Xilinx/2025.1/Vitis/include/ap_int.h:10:
In file included from C:/Xilinx/2025.1/Vitis/include/etc/ap_common.h:677:
In file included from C:/Xilinx/2025.1/Vitis/include/etc/ap_private.h:68:
In file included from C:/Xilinx/2025.1/Vitis/include/hls_half.h:26:
In file included from C:/Xilinx/2025.1/Vitis/include/etc/hls_half_fpo.h:19:
In file included from C:/Xilinx/2025.1/Vitis/include/hls_fpo.h:140:
In file included from C:/Xilinx/2025.1/Vitis/include/floating_point_v7_1_bitacc_cmodel.h:150:
C:/Xilinx/2025.1/Vitis/include/gmp.h:58:9: warning: '__GMP_LIBGMP_DLL' macro redefined [-Wmacro-redefined]
#define __GMP_LIBGMP_DLL  0
        ^
C:/Xilinx/2025.1/Vitis/include/floating_point_v7_1_bitacc_cmodel.h:142:9: note: previous definition is here
#define __GMP_LIBGMP_DLL 1
        ^
1 warning generated.
In file included from ../../../../../src_files/main_tb.cpp:1:
In file included from ../../../../../src_files/header.h:7:
In file included from C:/Xilinx/2025.1/Vitis/include/ap_int.h:10:
In file included from C:/Xilinx/2025.1/Vitis/include/etc/ap_common.h:677:
In file included from C:/Xilinx/2025.1/Vitis/include/etc/ap_private.h:68:
In file included from C:/Xilinx/2025.1/Vitis/include/hls_half.h:26:
In file included from C:/Xilinx/2025.1/Vitis/include/etc/hls_half_fpo.h:19:
In file included from C:/Xilinx/2025.1/Vitis/include/hls_fpo.h:140:
In file included from C:/Xilinx/2025.1/Vitis/include/floating_point_v7_1_bitacc_cmodel.h:150:
C:/Xilinx/2025.1/Vitis/include/gmp.h:58:9: warning: '__GMP_LIBGMP_DLL' macro redefined [-Wmacro-redefined]
#define __GMP_LIBGMP_DLL  0
        ^
C:/Xilinx/2025.1/Vitis/include/floating_point_v7_1_bitacc_cmodel.h:142:9: note: previous definition is here
#define __GMP_LIBGMP_DLL 1
        ^
1 warning generated.
In file included from ../../../../../src_files/Auxiliary_Calculations.cpp:2:
In file included from ../../../../../src_files/header.h:7:
In file included from C:/Xilinx/2025.1/Vitis/include/ap_int.h:10:
In file included from C:/Xilinx/2025.1/Vitis/include/etc/ap_common.h:677:
In file included from C:/Xilinx/2025.1/Vitis/include/etc/ap_private.h:68:
In file included from C:/Xilinx/2025.1/Vitis/include/hls_half.h:26:
In file included from C:/Xilinx/2025.1/Vitis/include/etc/hls_half_fpo.h:19:
In file included from C:/Xilinx/2025.1/Vitis/include/hls_fpo.h:140:
In file included from C:/Xilinx/2025.1/Vitis/include/floating_point_v7_1_bitacc_cmodel.h:150:
C:/Xilinx/2025.1/Vitis/include/gmp.h:58:9: warning: '__GMP_LIBGMP_DLL' macro redefined [-Wmacro-redefined]
#define __GMP_LIBGMP_DLL  0
        ^
C:/Xilinx/2025.1/Vitis/include/floating_point_v7_1_bitacc_cmodel.h:142:9: note: previous definition is here
#define __GMP_LIBGMP_DLL 1
        ^
1 warning generated.
In file included from ../../../../../src_files/Main_Code.cpp:1:
In file included from ../../../../../src_files/header.h:7:
In file included from C:/Xilinx/2025.1/Vitis/include/ap_int.h:10:
In file included from C:/Xilinx/2025.1/Vitis/include/etc/ap_common.h:677:
In file included from C:/Xilinx/2025.1/Vitis/include/etc/ap_private.h:68:
In file included from C:/Xilinx/2025.1/Vitis/include/hls_half.h:26:
In file included from C:/Xilinx/2025.1/Vitis/include/etc/hls_half_fpo.h:19:
In file included from C:/Xilinx/2025.1/Vitis/include/hls_fpo.h:140:
In file included from C:/Xilinx/2025.1/Vitis/include/floating_point_v7_1_bitacc_cmodel.h:150:
C:/Xilinx/2025.1/Vitis/include/gmp.h:58:9: warning: '__GMP_LIBGMP_DLL' macro redefined [-Wmacro-redefined]
#define __GMP_LIBGMP_DLL  0
        ^
C:/Xilinx/2025.1/Vitis/include/floating_point_v7_1_bitacc_cmodel.h:142:9: note: previous definition is here
#define __GMP_LIBGMP_DLL 1
        ^
1 warning generated.
*********************************************************************************  Starting Verification. ************************************************************************************
*****  Layer 1  *****
Loaded parameters in mem2Buf, layer:0
Loaded parameters in loadBiasTile, layer:0
Loaded parameters in tileClc, layer:0
Loaded parameters, layer:0
***  Printing Input Buffers  ***
   0     0     0     0     0     0     0  |     0    41    35    62     4    97   108  |     0    24   112    18    90   100    84  |     0     7   120   115    77    80    62  |     0    48    21    87   117    95     0  |     0    75    29    54   105    73   116  |     0    14   106    10    66    68   113  |   
   0     0     0     0     0     0     0  |    86    46    82    16    73   113   113  |    78    49     5    62   105    21   120  |     2    62    91    66    70    65    43  |   108   109    13   116    89    11    67  |     2    85    82    44    26    11   119  |    62    15    99    67     1    91   127  |   
   0     0     0     0     0     0     0  |    59   105   107    51    38    91    60  |    70   106     4    22   115    14    89  |    12   122    48   127   112   112    39  |   101    17     8    37   118   121    61  |    41    38    35    64    91    35    51  |    48    50    26     9   120   101    34  |   
   0     0     0     0     0     0     0  |     7    12    62    25    36    94    13  |    22    47   103   104    84   119    74  |    84     6    50    21    42    91   104  |   119   107    21    56    96    97    96  |    57    53     8   104    45    97    42  |    81    60     5    61    74    51    62  |   
   0     0     0     0     0     0     0  |    28     6    55    71    94    51    18  |    74    80    87   104   118   122    22  |    19    11   102   124   117    74    62  |    15   110    60   123   116    91    98  |    85    50    50    93    10   101    90  |   125    13    30    25    80    33   126  |   
   0     0     0     0     0     0     0  |    77    72    67    59    11    38    31  |    59    17    45    46    36     8   121  |   125    31     9    10    65    27   125  |    10    10    15    39    92   119   101  |    92   105   119    93   107    53   105  |   105    84   122     4   103   109    63  |   
   0     0     0     0     0     0     0  |     3    90   125     9    56    37    31  |   126    82    91    37    67   101    60  |    56    79   104   118   114   123    20  |     7    74    59    50    27    97    64  |    69    58   108    19    24    13    87  |    73    25    20    81    63   120   114  |   
   0     0     0     0     0     0     0  |    93    84    75   124    22   117    69  |   116    69    83    88    40    78    11  |    25    77    83    13   112    68    58  |     4    70    67    49    39    48    74  |   107     7    26    95     4   104    50  |     8   104    81    45    64    69   108  |   
   0     0     0     0     0     0     0  |    59    19    13     9    10    28    91  |   117    69    96    89    61    23    39  |    52    38   102    83    51    11    75  |    16   110   117   111     3    47    30  |    34    85   102    36    70    60   119  |     2    20    18   108    20   105    48  |   
   0     0     0     0     0     0     0  |    46    50    32    26    80   110    64  |    10    89   118    45    80    66    73  |    33    16    94    76   108     3    76  |   106   111    16    80    27    72     1  |    95    13    67    15    86    42    33  |   118     3    47    99    21    65    99  |   
   0     0     0     0     0     0     0  |   120    54   125    18    73    50   118  |    77   104    84    73   106   121    37  |   115   102     5    52    49    14    42  |    67    41    40    10   118   105    30  |    20    41    84     4    17     1    24  |    61    93    33    88    90    79    49  |   
   0     0     0     0     0     0     0  |    30   125    73    92    45    79    20  |     8    97    64    20    49    59   106  |    45    79    85    48    74    39   127  |    71    33     1    72    49   108    77  |    13    46    59   115    28    96    74  |    56    78   125    74    69    92   111  |   
   0     0     0     0     0     0     0  |   114    68    64   102    80   107    68  |    37    17    40    65    12    86    41  |    88    29    20    77   116   121    39  |    36    30    94     1    35    12    24  |    32    79    93    86    47    69    83  |   101   101   105    68    48    94    47  |   
   0     0     0     0     0     0     0  |    48    55    50    59    33    34   118  |    11     7    23    12    47   113    21  |    89    66   124    28    65   120    77  |    16   127    26    67    77    79    87  |    41    87    40    89    76    13   106  |    28    98    94    54    54    75    62  |   
   0     0     0     0     0     0     0  |    34    17    29    97    11    31    90  |    29    26    21    65    27    97    64  |    12     7    32    35   100    56    38  |    71    80    89    63    61    28    39  |    38   109    85    78     0     4    89  |     0    86    47     7     4   106    84  |   
   0     0     0     0     0     0     0  |    48    74    25     2    57   114    29  |   126   105    40    26    39     6    66  |     7    21    76    48    90    13    78  |     3    40   127    93     9    95    57  |    43   120    55    56   109    85   122  |    54    95   108    90    60    69    10  |   
   0     0     0     0     0     0     0  |    73    44     0   126    69    25    85  |    53    84    63    26   103    89    35  |    45    25   103    61    49    96    94  |    73    52    78    96    60   101    94  |    32    92    78   122    31    33   124  |    75    73    61     5   115    74    14  |   
   0     0     0     0     0     0     0  |   105     0    50   106    73    76    83  |    81    85    16    56    40    81    89  |    49     0    45     8    65   105   103  |     2    24    66    50    13    43    54  |    60    54     5    14     1    48   125  |    87   114    49   116    24    15   116  |   
   0     0     0     0     0     0     0  |    63   103    86    63    20    86   126  |   108    33   102    94    78    97    48  |    65    37    85    31   100    24    31  |    20   108    59    56    47   115    98  |    63   110    49   100     5   105    18  |    24    34    79    88    63   116    71  |   
   0     0     0     0     0     0     0  |    45    92    14   102     3   111    87  |    28   126    89   113    31    98    37  |    21    66     0    38   126    76    81  |    81   126   125    29    88     4    83  |     7    11    70   108   102    98    35  |   111    66    84    46    95    62    57  |   
   0     0     0     0     0     0     0  |    73    97   127   105    15    97    77  |    98    12    27    52    71   101    56  |    33     4    19    47    51    15   115  |    31     1    62    80   107    22    86  |   115    57   116    16     6    50    57  |    54   102    12   103    28    27   116  |   
   0     0     0     0     0     0     0  |    81    30    29    28    22   114   114  |    42    70     9    41     2   121   122  |    83    64    67    10    47   126    74  |    67    33     3    25    21    24    24  |   116     4     2    45    44    96    30  |    92   126   119    29   107   110    19  |   
   0     0     0     0     0     0     0  |   102    29   112     4    79    74   119  |   118   120    66    99    49    38    95  |   111    85    79    83    33    21    78  |    43    44    46    11   121    14    92  |     1   116   120    67    16    11    34  |    72    39    68    51    62     2    56  |   
   0     0     0     0     0     0     0  |     2    87   104    57    44    83    75  |    90    41   109    62    98    96    22  |    90    62   101    39    42   118     7  |    60   112    74    14    61   109    20  |    55    22    18     8    83    28    53  |     4     7    54    48    34    93   100  |   
   0     0     0     0     0     0     0  |    73    18    30    51   116    30    12  |    18    52    63    57    38    63     9  |    45    33    62   101    38    52    73  |    49    18   116    47    13    53    36  |    55    62    55    14   114   123   114  |    86    93    97   123   110    61    12  |   
   0     0     0     0     0     0     0  |   116    85    84    31    84    36    89  |    94   113   109    14    99   108    40  |    64   105    50    52     9    44    77  |    16    85    94   106    64   124     0  |    70    76    38     9   126   118   122  |    92   103    68   103    60    47   114  |   
   0     0     0     0     0     0     0  |   126    53    79    50    34   116    76  |    33    30    32    29    75    66     3  |     1    15    23    86    70    91    29  |   118     2    75    23   107    54    49  |    88   109    85    23    18    74    87  |   127    73    76    15    19    16    41  |   
   0     0     0     0     0     0     0  |    79    83    16    45    72    83    15  |    63    65     7     4    15    20     5  |    72    38    88    11     8     1    56  |    33    91   125    90   106   114    30  |     2    54   108     8   110    63    48  |    36    17    30    45    75    65   101  |   
   0     0     0     0     0     0     0  |   117   102    89    29    42   101    64  |   101    27    40    97    73    69   103  |    97   107   104    18    98   121    84  |     2    13   113    40    12    56    94  |    96    58    28    27    95    58    95  |    18    40    63    98   117    56    46  |   
   0     0     0     0     0     0     0  |   119    43   120     1     7    68    14  |    44    14    70    54     8    92   115  |    80   103   113    23    72   120    13  |    89    78    47   122    63    48    20  |    64    93    58    57   100    27    64  |   125    41    73    43    49    81    74  |   
   0     0     0     0     0     0     0  |    95    80     0    84    97    13    62  |    40    13   126    62   114   107   113  |    18    41    29     6    41    25   114  |   116    29   117   101    92    16    88  |    38    97    29    18   101    72    60  |     0   108    46    69    26    57    53  |   
   0     0     0     0     0     0     0  |   123     5    21     7    59    51     2  |   127    32    80    59   117     6    12  |    91   116    28   122    79    55    56  |    70    90   114    91     1    32   127  |   120    43    74   119    67    24    89  |    42    62    28   101    78   119    61  |   
   0     0     0     0     0     0     0  |    31     0     0     0     0     0     0  |   126     0     0     0     0     0     0  |    53     0     0     0     0     0     0  |    92     0     0     0     0     0     0  |    10     0     0     0     0     0     0  |    87     0     0     0     0     0     0  |   
   0    51    83    73    23    10    78  |     0   114    47   109     0    82   101  |     0     1    88   108    23    85    13  |     0    26    37    63   114    74    30  |     0   116   110    93    41   105   112  |     0    72    11    64    85   106    91  |     0    77    84    94    14     6    56  |   
  22    50   118    15     6    16    19  |     3    87    69   105    32    68   108  |   124    21     8    42    72    15    65  |   123     5   117    40   118     9    74  |   118    63    70    61    34    73    64  |   102    90    51    63    68   103    90  |    67   110   114     8    83   124    80  |   
  82    45     4    55    38    54    34  |   103    15   122     2    59    15    74  |    72    80    20    35    17   104    51  |    75   103   105    81   126    56   116  |    74    77    18    68    92   121    38  |    27   122    38    53     2    33    97  |    24   102    62    91    71    42    60  |   
 120    88     2    81   110    47    19  |   100    97   121    57    81    45    34  |    80    47    96    16    43     5    99  |   113    26    48   108    53    15    78  |     1   123    96   101    38    35    91  |    55    40   106    20    55    26     1  |    75   122    68    17    30    74    58  |   
  33    58    89    41    94    70    38  |    86   110    60     3    75    13    42  |    55    99    29    32    47    45    98  |    89    80    86   120    35    94    39  |    87   109    62     2    63    88    79  |    71   114    44    56    26    84    51  |    65    24   122    16    77     9    44  |   
  42   101    79   116    71    54    33  |    23    49    46     5     5    41    70  |    40    83    80    16    23    93   103  |    85    96   108   107   119   107    59  |    21   115    58   112    27   106   122  |    97    34   115   117   123   115    93  |    49     5    78    84    17    30    26  |   
 107    93    75    34   106    25    40  |     2   127    40    64   111   106    18  |   104   119    68    98    40    97    72  |   116    61    54    65   108   119    97  |   126    72    23    20    19    36   117  |    94    18   126    19   117    96    30  |   108    17     4   119   106    35   113  |   
  18    64    96    52    17    32   110  |    66   105    63    11    49    79    49  |    79    58   101    74    88    44    45  |   113    11    76    11    60    13    89  |    96    52   106   100    23    76    46  |    85    14    56   109    32    64    37  |     7   111    46    63    16    65    52  |   
  71    98    79    61     4   110    32  |    10   119   119    16    46     4    31  |    98    12    96    92    44    98     5  |   104    88   100    27    19    64    42  |    51    19    89    67   126    86   102  |    92   118    25    78     3    93    17  |   123    55   123    50    58    12     3  |   
  40   105    12    34    80    36   127  |   109    86    18    38   127   108    46  |    60    98   122    69    25    48    39  |    15    38   124    89    23     9    34  |    92    58    78    57   113    14    88  |    28    53    42    61    31    88   127  |    71    48    71    61    25   126    81  |   
  24    63    40    64    41    75     1  |   124    69     1   116    87   109    31  |    64   104    67    43    58    45    36  |    62    32     7    29    43     2    39  |    77   101   100     2     3   101    65  |    69    46   115    19    24    78     9  |   126   117    76     7    68    53    24  |   
 127    89    61   100   100    56    51  |    26    39   117    90    48    77    16  |    65    16    27    68    97   113   124  |    45   109    39    57    47   125   112  |    21    20    19    81    83    74   100  |    49    94    86    38     4    47    80  |    58    36   103    77   122     3    43  |   
  11    26    89    67    64    14     6  |    41    37     7    75   116    14    47  |    88    63    74    83   102    21     2  |    47    31   123    84    46    91    87  |    71   125   112    70   100    24     7  |    55    17     2    33    30     5   104  |    24    20     9    93   119    89    83  |   
  97    55   116    50     3    32    12  |   112   110    35    38    42    37    10  |    64    32    34   104    37   114   114  |    75   101    41    82   106    30   124  |     7    84   113    58   114    65    95  |   109     6    49   122    53   116    83  |   116    19    33   104    42    79    16  |   
  47     3   125    35    34    68    49  |    11   107    88    89    48    11     8  |   106     7    87    97     7    55   112  |    37    79    18   115   127    63     2  |    20    59    35    72   113    29    85  |    15    66    31    23    51    71     2  |   111    94    33    24    31    54    33  |   
  92    51    24    90    48     9    97  |    86    78    50    81     1   119   119  |    91     7    49    87   101   105    68  |    35    53    14     3    22    53    63  |   102    50    65   110    75    53    98  |    93    85    66    47    61    64    35  |    63   118     8    95    35    46   123  |   
  97    52   117   119    80    26   109  |   123    84    77    73    77    73   114  |    49    97    29   115     2    13   115  |    26    19    61   109     8    32    74  |    78    35     5    47   119    58    77  |   102    72    77    48   102    17    86  |   122    59   109   105   110    95    60  |   
Finished mem2Buf tile:0
Finished loadBiasTile tile:0
For this tile, bit shift is 10
Finished tileClc tile:0
Finished tile:0
***  Printing Input Buffers  ***
   0   114     4   110     2    60    94  |     0    76    78    10    67    61    11  |     0    15    28    89    42    16     1  |     0   116    70    84    76   109    25  |     0    49    36   114    68    13    41  |     0     0    15    45    39    39    10  |     0    25    93   123    16   115    21  |   
 119    95   122    98   117    12    69  |    97    77    47    75    34    74    64  |    48    76   110    83    52    22    80  |    92   117   114    81    36     9    44  |    92    95   112    29   106    59    12  |    41    35    34    14   126    67    40  |    59    89    63   126    87    58    57  |   
  83   106    16    81    38    77    21  |    65     3    32    12    44    18    57  |    49    82    77    52    43    47    22  |   125    81    45     2   122    28    67  |   124   118    88    44   113    81    88  |     5    58   104   109   104    69   111  |   114    21   114   122    55   113    30  |   
 114   110    48   121    95    24    32  |    44    81    87    15   124    41    53  |   123    50    71    10    40    76    85  |    25   103   120     3    27    90   117  |    61    74    98    17    14    42    16  |    32    50   125    77    56    19    29  |   121   118    64    78    81   111    19  |   
  35    55    88    77    19    65    99  |     6    33    87    18   127    75    92  |    12   101    13   114    90    71    66  |    77    56    81   101    61   107   108  |    96    84   125    99    64   113    49  |    94   112   104    99   122    16   107  |    94    69   106    94     4     1   113  |   
 107    61   120    95    87    24    71  |    56    42    56    14   122    27   122  |     0    99    82   111    73    89    64  |    61     1   127    89    62   103    81  |   101    27   118    36    79    96   102  |   114    74   111    39   117    89    54  |    90    37    34    60    39   109   121  |   
  23   126   114    17   116   123     6  |    71    26    33   121    90   106    83  |   124   100     6   126    43    89    99  |    15    84    58    87    63    62    79  |    88    97    85    61   110    18    47  |    48     5   110   102    16    77    26  |   109    54    30    12   126   102    40  |   
 116    41   127    80    79    45   118  |    59    75    50   107    99    63    82  |   120    77     4   103    22    54    63  |    97     7   111    91    31   106    52  |    48    82   105    96    55    51    43  |    29     4   107    13    21   105    26  |    94   119   109   123   113   100   122  |   
  32     1   110   103   110   116    68  |    88   120    49    40    14   104   103  |    29     6   110    59   121    61    41  |     7   100   125    24    71    41    98  |    48    73    54    54    15   102   107  |    45   109   113    14   106    44    26  |    25     8     6    25   111    49    73  |   
  28   109    91    35     4    98    55  |    52    33    77    36   122    18   110  |    47   108    56   121    53    54     8  |     5   103    85   122    43   103    60  |    45    41    91     0    85    60    66  |    32    75     3    97    43    77    82  |    86   101     3   118    37    52    37  |   
  22    85    55    32   104   117    75  |    32    40   105     9    53   121     3  |    67   112   124    13   112   115    26  |    87    37     8   101   112    90    39  |    52    63    38    72    15    40    67  |    50    54   110   110    36    83     5  |    42     1   119    16     7    84     6  |   
  66    36    27    13    38    65    50  |    80    91    89    46    49    86    74  |     2   100    94    58    57    52    74  |    16    25    34    74   119    50    43  |    51    80    29   117    35    40    99  |    34    99    70    84   115   109   106  |    21    41    23   127    33    91    58  |   
  73    51    22   126    66   116    20  |   115    90    46     6    51   125    96  |    38    40    19   104    90    37    14  |   121    85    30    26    79    37   119  |     4    23    37    21    41    52   113  |    96    40     2    81     1    10    85  |    37    64    11    70   110    96   124  |   
   1     0    27    51    32   107    70  |   102   118    80    83     2   127    89  |   100    94   110   122    16    82   108  |   117    80    44   127    64   125    57  |    15   101    66    60    11    23   120  |    43    53   105     8   105    57    95  |    65    87    88    59    82   123    40  |   
  45     2    25     2   107    57   101  |    13    26    36   104    39    53    92  |    42    62    74    57   101   109    93  |    90   102    38    44   123    91     0  |   119    10    78   121    67   118    92  |    87    34    91    89    20    53    10  |    84    37   100     2    69    17    33  |   
  13    60    36    65    97    77    19  |   101   126     7    26    75    44    24  |    95    22    41   121    99    70    44  |    53    93     0   119    94   115    71  |    30    41     5    44   118    11    96  |    82    83    48    47    98   102   112  |    10    51   120    24    91    92   111  |   
  77   109    86    45    40    38    17  |    89   117    55    35   120    25     7  |   121     2    72    73   122    58    51  |    69    76    97    23    68    65   108  |    85    11    90     5   110   103    10  |    64   120    12    10    17    99   101  |    30    74    77    31    69   110    85  |   
  15     5    62   112    54     2    51  |    60    73    18    30    54   101    98  |    11   106    12    22    25    97     1  |   114     0   102    47    85    17    72  |   105    37    87    67    98    11   111  |   106   110    24    41    58   104    47  |   107   117    96    57    84    63    63  |   
  15    31    54    12   104    44     9  |     3    68    66   119   127    94     7  |   102    92    53   107    59   100    73  |    16    95    40    32   115    54   103  |    90    69    50    78   127    75   122  |    26     6   108    46    55    29    26  |    41    25   109   119   115    34    94  |   
  96    70    74    73    23   124    81  |    45    12   103    30    21    11    12  |   109    60     8    37    61    88    77  |    87    46    39   118    73    60    12  |    36    56    58    40   113    14    65  |    10    51    58    83   107    37    99  |    67   119    30    17   113    91   108  |   
 122   116    86    44   109    84    80  |    11   117    53   111   125    15    84  |    76    41    56    10    73    88   113  |    83    74    53   115   105   102   125  |    56    15     5    35   117   114    82  |    20    48     1    18     3    51    71  |   127   102     0    55    46    97    52  |   
  57    20    48     6   114    20   105  |     5    35    38    51    60    65    63  |    73    12    83   125   111   116    67  |   124   101   109    60     3    69    48  |    24    70    47    73   112    75    59  |    19    72    78   122    45    30    30  |   102     3     4    41    51    88    16  |   
 108    78    28    69    63    98   117  |    83    98     3    37    95    66    17  |   108    32    45   125    87    93    60  |    15   127    49     5   126    42    15  |    21   121    40   117    43    35    33  |    84     4    42     6    56    62    11  |    37    25    78   112   124   116   100  |   
  52    59    76    91    89    15    81  |    47    98    16    99    69    56     7  |    59    22   111    88    44    50     9  |    17    45    99    82    70    86    80  |   103     1    98   104    73   122    84  |   119   104   101    50   111   120    12  |   121    60   100    73   112    39   114  |   
  12    69    14    69    30     6    39  |    87    33    67    80     1    83    95  |   124    48    29    41    58    92    33  |    18    42   118    71    98    90    71  |    50    71    37    36    16     5    40  |   116    64     3    54    93    19    28  |   111    76   102   118    97    62   123  |   
  43    21    96    23    30    53    90  |    38    66     8    23    56    28    11  |    63    82    69    23    17     3   123  |   111    94    79   111    34     3    97  |    46   125    95   119    99    51   117  |   115    72    44     7    76    44   112  |    56    86   111   120    85     6     9  |   
  93   112    21   125   110    16   117  |    25    78    68    12   103    48   121  |    89    94    33    83   122    65   104  |   119    22    68     9   126    61    89  |    74   111    68   103    77    26   101  |    42    97    57    36    62    81    36  |   110   100    60   120    41    90    45  |   
  88    43    49    81    71    16    40  |    33    80    68    21    10    31   118  |   106    52    89    16   102    33    39  |   107    47   105    91    20   112    52  |    93    25   108    13    75    99    21  |   119    74    90    63    67    82    66  |   114    26    43     8    52    21    50  |   
  55   117    46    22    85    32    91  |    98    57    18    92    46    18    13  |    33   127    46    55     9    63    78  |    14     0    92    31   126    95   116  |    63   115   115    12    35    43    88  |    76    16    75   117    19    90    83  |    78    15    61    83   100    36    60  |   
  72    86    28    40    91   111    27  |    26    34   111    16     4    79   103  |     3   108     5   107    20    59    80  |   121    77    24    17     3    75    15  |   117    92    96    91    72    22    91  |   111    50    20    31    92    53   108  |    95   103   108    55    55    63   123  |   
  19    36    52    43   126    79    49  |   103     3    10    80    32    58   122  |    34   106     8    58    47    30    25  |    30    81    71    36     3   115    37  |    49    48    94    67   117    49    55  |    53   126   102    81    91    80   102  |     0    53   119     5    14    71    75  |   
   0    96    69    54   116    59    84  |     2    66   105   111    94    60    17  |    67    38    70    59    80   101    25  |   124   100    85    49     3    12   100  |    99    85    14   106    46    11   106  |    50    79   105   125     9    56    34  |    33    43    93     3    77   109     6  |   
 114     0     0     0     0     0     0  |   117     0     0     0     0     0     0  |    88     0     0     0     0     0     0  |    51     0     0     0     0     0     0  |    29     0     0     0     0     0     0  |    47     0     0     0     0     0     0  |     0     0     0     0     0     0     0  |   
   0    50   103    85    21    42    32  |     0     5     6    51    78     3     5  |     0    74    16    13    84    54    27  |     0    55    95    91    63   124    57  |     0     6    74    20    38    12    57  |     0   111    40    50    34    30   114  |     0    40    83    43    74   107    60  |   
  10    24     0    69   110    56   119  |    14   120    28    57    60    84    24  |    62    18    75    51    55    38    86  |    19   126    69    11    87    71   104  |     5    83    67    25    22    79     6  |    12    42   124    54   106    85   105  |    32    26    40    56    77   114    72  |   
  26   127    16    13    54    77   125  |    85   112    90    93    62    81    37  |   123    95   104    34    37   117    46  |   100    69    81    21    68    48    47  |   105    26    45   109   116   124    64  |    96    86    21    98    11    79   123  |    34   113    33    45    99    34   117  |   
   0   112    36    45    18    21   107  |   110   119    33     2    50    92    29  |   122    99    47   100   105    30    33  |    92    12    70   108   111    50   111  |    76    74    93    49   125   112   126  |     3   117   109    76    74    48    72  |    56   101   110    84    15    75    67  |   
 121     9    92    76   117   123    27  |    71   119    20    37   102    54    65  |    95    68   107    97   110   106    59  |    89    42    57   120    38    80    97  |    78    96    87    97    37    31    11  |    86    30    27    21     4    16    17  |     8    29    95    12    91    90    75  |   
  22    69    72    58    95    50   104  |    29    65    24   121    19    64    58  |   105    50    75    81    60    48    39  |   112    48    24    27    82    26   104  |    43    82    55    45    77    21    52  |    18    49    96    96    37    58    67  |    29   100    76    13    81    32    78  |   
 104   109   125   103    14    87   114  |   122    34    33    45    25    22    16  |   122    77    37    24   120    28    25  |    63   101    31    96     1    97    38  |    35    99    40    59    14    92    79  |   125    63    87    99   118     7    43  |    37   113    69    16    16    88    82  |   
  45     1   103    65     3   124    67  |    66   124    80   120     4     9   109  |    83    63    34    55    43   100   111  |    26    34    83    23    48    99    66  |    78   124    92    48    76    96    94  |    40    39    53    25    54    49    59  |    95   122    85   107    38    48    81  |   
  10    83    77    76    55    47    78  |    24     5    30    34    89    94     3  |    92    87    82    18   110   116    63  |   110   127    63    19    14    43    89  |   101    55    63    30    80    58    43  |    90    55    40    43    76    90    12  |   100    53    84    50    28    66    84  |   
  71    14    21    23    59     6   114  |   106    95   113    29   100    94   113  |    57   111    78    94    25    82    91  |    42    87   100    52    82   122   103  |    54    46   107   117     7   111    77  |    85    13    27   123    47    73    70  |   127    12    45    28    68    31     9  |   
 114    25    90   100    16    34    93  |   100   118    47    37    23    55    35  |    86    16    13     8   116     9   111  |    34    95    12    71   127    18    90  |    31    90    70    25    16    71   124  |    36   123    80    54   127    35   108  |    11    56    68    87    36    29    66  |   
  68   122     6    13   100    73    73  |   104    46    12    23   117    16    17  |    56    28    33    52    10     6     8  |   109    30    60   125    93     4    38  |    62    11    87     9    38    98   101  |    99    60   104   113    28   121    59  |    20     7   104    77   119    31    34  |   
 106    21    26   107     9   109    61  |    72    97     6    58   105   105   111  |    87    91    39    41    39    13   108  |    46    60    84    49    91    15    11  |   101    59   103    74    28    42    36  |    21    16    55   107     2    19    15  |    86   116    28    14    39     4    36  |   
  72   100    71    45    61   116    10  |    58   115   110    54    35    61    62  |    13    29     6    46   124   109   123  |    58   122    70   109    64    29   121  |    57    33   102    76   103   100   113  |     1    42    31    33   105    91    25  |    12    46    40    69    61    25    43  |   
  69    12     2    47    48     2    58  |     2    79    76    21    44     0   108  |    99   102    91   110    17     2    80  |    64    73    70   113    55     1   125  |   113   111    38    87   118   118    12  |    78    82    19    86    39    86    21  |    47   104    36    40    32    28    47  |   
 125    34    87     1    23    69    85  |   100   118    67   127    80   122    26  |   117     9    53    45    62    81    53  |   106    49    37    33    23    36    31  |   123    72    10   115    21    73    80  |    94    36    94    60   112    26    64  |    77    31    23    20    94   109   103  |   
   8    57   119    60    33    63    50  |    22   126    96    89    62    14    84  |    95    80    98   110    52    19    19  |   124   103    83   115    25     7    72  |     4   124    13    95     8    33    73  |    16    70   103    43    23    25   111  |    55   125    57    79    95    40    19  |   
Finished mem2Buf tile:1
Finished loadBiasTile tile:1
For this tile, bit shift is 10
Finished tileClc tile:1
Finished tile:1
***  Printing Input Buffers  ***
   0   101    61    12    75   124    81  |     0   116   105     2   124    45   107  |     0    11    57    76   114    81   111  |     0   101     5    98    68    31    53  |     0    55    37    59    11    80    19  |     0    59   113    80    95    27    98  |     0    40    65    26    87    56   122  |   
   9   108    15   116    72   118    96  |    42    53    48    23    71    60    68  |    79    48   125   121    76    48    92  |   114   116    45   112    79   107    97  |     9    27   120    86    71     4    10  |    13    58    23     2    46    21    15  |   118   107    65    75   122    51    41  |   
 116    50    58    74    75    39    43  |    39   121    63    42   100    55   111  |   126    24   127    23    20    62    11  |    79     5    19    73    53    54    24  |   115    57    18   121    30    21    45  |    67    44    21    94    38    84    99  |    22    86    52    48    39   107    82  |   
  75    23    32   109    63    74    18  |    37    24   110    14    57    69   106  |    53    54    36    53    97   115   108  |    52    73    60   121   113    42    16  |    89    42    45   115    33    67    77  |    92    47   110    59    39    23    29  |   118    50   120   104    62   124   118  |   
  46   110    35    22    57    73    93  |    73    50    23   122    73   104    24  |    39   110    99    25   104    24    95  |    96    90    94   106    47    18    11  |    11    47    95   103    53    12   114  |    64    36    64     6    19    64   110  |    24   113    88    64    96   102    85  |   
  72    72   113    38   108    26   121  |    79     5    66    35    38    90   121  |   115    45    13   113    44   115    44  |    42    91    10   105   119   125    74  |   109    37   114    97   127    17    11  |    52    35   124    51    59    71    40  |   119   110    96    54    37    54    88  |   
  82    88    70   109    81    14    79  |    27    39    93    30    92    12   112  |    10    67    74    12   115    41   116  |   119    38    38   110   109    93   115  |    58    70     9   124    34    32     7  |    43    28    10   110   106   105    69  |    34    32    65   125    29    50    72  |   
  19    94    40   120   112   122   121  |    95   114     5    19     6    10    91  |    64     6    35    46    89    30   111  |   110   114   120    98    35    16    43  |    34    15   125    71    27    55     9  |    19    51    42   116   122   106   126  |   122    55   118     1   119     3     5  |   
  90    14    25   113    51   125    27  |   125    66    37    84   108    42    20  |    78    45    76    42    14    87    76  |   100     7   101   105    52    61    27  |    88     9    72    11   116    18    89  |    66   106    76     6   102    16    94  |    57    98    75    82    35   111     2  |   
  65     1    24   125    64    80     9  |    88    57   127    32    81    47    49  |   113    40   127    55    71    35    92  |     5   102    81    26    24    67    64  |    12    13    44    32    61    40    23  |   126    50    72    35    45   105    24  |    83   112    93   122    98    31   124  |   
  81    13    80    16   107   118    42  |     9    88    29    37    50    13    42  |   121    54   108   118     6    57    40  |   123    34    84    59    64   116    61  |   102    19   110    42    57    52     0  |    18     0    82   125    71   114    10  |    88    98    23   108    68    37   115  |   
   0    94    25    20    10    39    73  |    54    26    70   105   122    14   109  |    49    73    90    73     7    93    24  |    40    67    77    77   106   109    67  |    83    97    22    12    90    21   101  |   107   121    46    30    15    44   120  |    39   101    13    29    65    12   114  |   
  36    61    39    52    97    78    87  |    45    70    29    35    31   116    77  |    95    21     0    11    49    89    69  |    82    98    40   100    50    53    23  |    30   101   110    38    56    65    27  |    89    87    40    73    91    52    41  |    30   111    47    68    52    71    26  |   
  66    32    21    55    64    14    89  |    41    13    99    12     1     5    64  |    75    13    58     9    13    92    72  |    30    55    80     4    92    43    42  |    27    36    95    87   102     9    29  |    57   107    31    88    34    15    90  |   114    37    70    97    10    84    23  |   
   7    61     9    77    58    52    52  |   105    80    35     4     4     7    39  |    39    15   121    70   112    55    68  |    26   114    37    73    84    59    34  |    24   112    61    71     9    12    90  |   122     3    89   120   104    34     3  |    25    33    18    18    71   117    54  |   
  90    40   108    74    31     3    29  |    62    67    66    74    19    71   113  |   102    85   119   114    83   103   115  |     8    53     0    87    23    58    28  |    94    59    88    20    24    23   100  |    31    63   118    63    13    88    67  |     4    25    81   112    46    84    49  |   
  50    55    12    84    84    58     6  |    83     3    31    53   101   110    59  |    39   116     2   102    70   112    68  |    70    67    13    94    16   120   123  |    73    39    24    23    90    62    55  |    72    89   123     7    61   123    79  |    90    16    14    39    80   103    29  |   
  24    44     6   107    78    28    63  |    13    27    86    35    49    87   102  |    65     8   109    68    22    75    30  |    47    10     4    40   117    18    29  |    78    58    82    38    69    68    30  |    21    47    15    21     0   121    86  |   125     2   116    79    28    71   127  |   
  95    90     7    20    98     7    27  |   105    62    86    51    91    20     8  |     1    53    45   124    25    21    90  |     1    55    36    38   115     1    40  |    64    59    82   105    65    81    11  |    22    58    79   126    90   125    26  |    92    44    53    28    24   125   110  |   
  68    73    41   110    97   111     1  |    67   126   124    31    76    56    15  |    83    60   117    34     1    95    66  |    46    90    10    14    58    61    20  |    11    50    52   124    46    40   123  |    35    27   106     3    21   121   113  |    45   109    38    60    40     9   108  |   
  77    85    40    96    81    34   118  |   102    61    77    83    85     2    13  |    79   122    53    60    53    16    91  |    29    68    56    20     8     3    57  |   107    82    46    83   103    20     0  |    78    92   112   112   106   121     6  |    97    26    84   101    40   108    37  |   
  15    50   110     0   111    96    62  |    38    98     4    75    96    25   112  |    85    10   114    83    89   120   114  |    19    67   109   112    84    20   123  |    89    36    47   122    71     6    67  |    31    70   111    73    43   102     2  |    93    64   101    53   120    74   113  |   
  63    93    80     2   123    88    20  |    16    52   111    58    17    87    84  |    51    84   113    11    30    49    67  |     0    55   109    44   123    93   121  |    79    83   124    85   126    84    15  |   120    33    53    63     1    14    29  |    84    25    49    33    90     3    58  |   
  82   118   102    47   119   103    51  |    97    95   100     7   116    94     0  |    34   116    31   108    12    70    57  |    76    13    13   117   118   119    86  |    23     2    39    59   106    73    81  |    60    43   101    85    33    21    32  |   114    97    62    92    82    49    61  |   
  39    45    41   124    92    39    53  |    46    85   120    58    38    61    18  |    47    81    13   101   103    47    27  |    65    88    63   118    55    54    38  |   125    34   104   101    45     9    13  |   122   103    95    42    98    96    39  |    81    96   124    61   109   116    76  |   
  43    23    84    78    68   102    97  |    52    24     0    63     8    77    19  |   124    28    98    81    44    84    35  |   123    59    49    91    40    19    74  |    41    14    38    53   116    36    63  |   125    45   120    55     7    28    58  |   112    47    95    57    91    22   116  |   
 123   127    40   127    58    55   100  |    52   101    67    75   125   121     0  |    19    27    43   111   121    77    38  |   110    26   122    34     7    44   111  |    31    90    69    28     0    11   115  |   124    83    39    22    59   101    73  |    95   124    53    71    15    49    10  |   
 102   115     2    95    25    43    34  |   103   110    20    38    81    91    10  |     9    71    72    69    66    32   118  |     3    88    23    83    36    80    94  |    14   120   121   105    48    69    57  |    97   127   102    31    29    86     1  |    52    69    85    12    35    90    44  |   
 109   108   122    28     7    68    63  |    72    33    12    89   124    99   107  |    87   120   118    74    18    93    69  |    51    41    18   105    99   106    37  |   116   109    55    44     4    66    99  |    49   123    60    12    16    30    88  |     3    11   123     1    28    53    90  |   
  38    30    31    18    70    47    84  |    11    49    26     0    94    67     5  |    38    99   121     1   125     3   115  |   111    76   117   109    26     6    86  |    94     3    69    28    46   101   103  |   107    33    34   102    49    56    93  |    13    61    67    35    27    22   112  |   
 122    57    24    27    96    18    42  |    31    35    77    32    96   100    63  |    77    53    75    12   109    79    73  |    90   102    42    22    95    75    97  |    31    48     1   118    14    79    31  |   117     9   104   100    82    85    26  |    50   106   121    25     3    83   107  |   
  79    68    35   127   115    47    32  |   110    80    73    48   118   102    60  |   108   126    73    19    33   100    67  |     1    38    27    65    44     2    45  |   102    32    55    82    80    22   114  |    81    68    20    93    68   121     9  |   125   106    43   123    65     4   107  |   
  13     0     0     0     0     0     0  |   117     0     0     0     0     0     0  |    91     0     0     0     0     0     0  |    90     0     0     0     0     0     0  |     8     0     0     0     0     0     0  |   125     0     0     0     0     0     0  |    82     0     0     0     0     0     0  |   
   0    55   109    14    12    95    51  |     0    30    77    39    21    73   102  |     0    23    58    92    11    45   105  |     0    90    10    36     5    67    22  |     0    29    22   120    28    68    67  |     0    26    55    80   104   103    74  |     0     9    67    36     0   100     2  |   
  59    70    46    11    36   120    15  |    86    98    23    25    36   124   121  |    61    88    51    77   114    86    32  |   105    64    58   127     5    31    59  |    82    49   100     7    87   111     2  |   111    67   106    61    94    93    45  |    58    15     3   121    19     1   117  |   
  67    46     6    40   120    82    17  |    36    45    35   124   113     1    57  |    16    76    36   103   106   111    97  |    95     0    33    30    59    21    34  |   105    68    49    91    60   107    19  |     6    15   109    85    70   105    77  |    14    88   108    68    47     7   104  |   
  94     9    67    19    27    75    81  |    76    14    71    83   119    93    38  |   121    23   123    65    11     9   108  |    28   126    89   117    15    38    29  |   109    26    87     5    57    14    47  |    37    67   110    12    67    24    27  |   122    81    22    32   100    28    89  |   
  43    78   127    13    53    52     1  |    16   116    13   101    42   100    72  |    96    26    90    63    86    45     4  |    50   121    62    20    81    72    12  |    31    72    17    92    53   108    56  |    63    63    43    15    23    81    96  |    41    22   100    37    18    47    92  |   
  46    30    87    66    51   118    84  |    80    74    23    46    94    33    82  |    87    11    91    84    30    77    12  |    57   120    88    11   107    18    58  |   110    42    72    43    60     9    18  |   112    57    98    12    11    73    78  |    54    60    95     6    78   107    38  |   
 119    74    71    96    19   113    38  |     3    18    52    80    36    31   119  |    28   111    31     4    41    52    84  |    28    90    33    52   120    39    85  |    89    75    81    24   106   114    17  |    45    58    72   105    88    11    33  |   110    31    30    94    24   107    28  |   
  13   115    91     7    74    89    21  |     6    64    79    30    44    68    37  |    29   116    75    93    83    28    47  |     8   105    71    93   121    58    41  |     1   117    59    53    86   116    11  |    64   114    30   126    33    35    79  |   123    55   106    80    18    31   108  |   
  86    41    28   105    67   102    30  |    48   120    23    66    93    45     8  |    96     6    20    84    10   124    25  |   125    12   107    24    97    12    42  |    32    65   117     6   123    20    18  |    96    93     8    21   111    76    40  |    86    24   125    63    86   109    70  |   
   3    93    36   125    82    98   121  |     5    17    84     5   118    73    73  |    82    37    38   104    70   109    36  |    98    49    80   127    58   101    65  |    45    76    12    34    73    74    88  |    42    15    18    42   109    51    33  |    83    17    24   109    28    57    85  |   
  14    49    85    45     7    71    82  |    13   101    38   122   103    78    63  |    45   117    31    10    62    51    84  |    71    91    91    22    99   110    38  |    49    13   112    85    46   119    80  |    69     4   118   127   119    69   104  |    89    56     6    77    22    82     6  |   
  63   123    43    31    41    12    76  |   108    21     0    60   127     4   126  |   101     9     4    13   121    76     0  |    98    49    46    42    81    59    74  |    28   100   119    42    62    44    83  |    74   122    87    37   121   116    20  |    36    75    70    53    56   108     5  |   
   3   101    92    17    91    48    68  |    33   114     5    38   103    41     1  |    15    77     4   124   113   106    39  |   102    46    47    10    16    41    16  |    61    78    96    74    93    32    18  |    45   100   110    50   111     7     7  |    77    40    48    60    95    20    70  |   
  60   106    14    73    20   113    14  |    16    81    46   103    57   125   119  |   102   115    95    21   113    17     8  |    54   103    88    42    52    69   123  |   120    70    81   126   121    48     7  |    35    39     2   105    57   106   101  |    48    35    36    68   108    13    76  |   
  75    67   127    79     0   125    11  |   106    97    58   103   106    49    25  |    76   114    88    16    92    10   121  |    75   112   115     4    48     1    66  |    62    81    35   122    61    11    13  |   125    14   127    43    91    35   113  |    96    31    32    78    98    64     7  |   
  67    33    98    64    51    99    38  |    22    47    33    71    85    93    25  |    53    28     6    28    75    26     3  |    87    62     9    87    78   115    92  |    52   110    33    18    21    62    28  |     4     5    71    98    88    84    59  |     0    89   115    98    79    13    48  |   
  24     4    41   111    44    56   120  |    25   109    36    86   105    40    56  |   118     4    88    86    30   110    53  |    71     0    27   101   100    67    71  |    35    25    71   124    82    94    70  |    34     8    50    19     1   119    10  |    94     4    54    34     8    70   107  |   
Finished mem2Buf tile:2
Finished loadBiasTile tile:2
For this tile, bit shift is 10
