  **** HLS Build v2025.1 6135595
INFO: [HLS 200-2005] Using work_dir C:/Programming_Files/VGGHLS-TX/TL_Base/ConvLayer 
INFO: [HLS 200-2176] Writing Vitis IDE component file C:/Programming_Files/VGGHLS-TX/TL_Base/ConvLayer/vitis-comp.json
INFO: [HLS 200-10] Creating and opening component 'C:/Programming_Files/VGGHLS-TX/TL_Base/ConvLayer'.
INFO: [HLS 200-1505] Using default flow_target 'vivado'
Resolution: For help on HLS 200-1505 see docs.xilinx.com/access/sources/dita/topic?Doc_Version=2025.1%20English&url=ug1448-hls-guidance&resourceid=200-1505.html
INFO: [HLS 200-2174] Applying component config ini file C:/Programming_Files/VGGHLS-TX/TL_Base/hls_config.cfg
INFO: [HLS 200-1465] Applying config ini 'syn.file=../src_files/Main_Code.cpp' from C:/Programming_Files/VGGHLS-TX/TL_Base/hls_config.cfg(8)
INFO: [HLS 200-10] Adding design file 'C:/Programming_Files/VGGHLS-TX/src_files/Main_Code.cpp' to the project
INFO: [HLS 200-1465] Applying config ini 'tb.file=../src_files/Auxiliary_Calculations.cpp' from C:/Programming_Files/VGGHLS-TX/TL_Base/hls_config.cfg(9)
INFO: [HLS 200-10] Adding test bench file 'C:/Programming_Files/VGGHLS-TX/src_files/Auxiliary_Calculations.cpp' to the project
INFO: [HLS 200-1465] Applying config ini 'tb.file=../src_files/main_tb.cpp' from C:/Programming_Files/VGGHLS-TX/TL_Base/hls_config.cfg(10)
INFO: [HLS 200-10] Adding test bench file 'C:/Programming_Files/VGGHLS-TX/src_files/main_tb.cpp' to the project
INFO: [HLS 200-1465] Applying config ini 'tb.file=../src_files/tb_Buf2Pe.cpp' from C:/Programming_Files/VGGHLS-TX/TL_Base/hls_config.cfg(11)
INFO: [HLS 200-10] Adding test bench file 'C:/Programming_Files/VGGHLS-TX/src_files/tb_Buf2Pe.cpp' to the project
INFO: [HLS 200-1465] Applying config ini 'tb.file=../src_files/tb_Dfl_ControlLogic.cpp' from C:/Programming_Files/VGGHLS-TX/TL_Base/hls_config.cfg(12)
INFO: [HLS 200-10] Adding test bench file 'C:/Programming_Files/VGGHLS-TX/src_files/tb_Dfl_ControlLogic.cpp' to the project
INFO: [HLS 200-1465] Applying config ini 'tb.file=../src_files/tb_fcLayer.cpp' from C:/Programming_Files/VGGHLS-TX/TL_Base/hls_config.cfg(13)
INFO: [HLS 200-10] Adding test bench file 'C:/Programming_Files/VGGHLS-TX/src_files/tb_fcLayer.cpp' to the project
INFO: [HLS 200-1465] Applying config ini 'tb.file=../src_files/tb_gap.cpp' from C:/Programming_Files/VGGHLS-TX/TL_Base/hls_config.cfg(14)
INFO: [HLS 200-10] Adding test bench file 'C:/Programming_Files/VGGHLS-TX/src_files/tb_gap.cpp' to the project
INFO: [HLS 200-1465] Applying config ini 'tb.file=../src_files/tb_loadbin.cpp' from C:/Programming_Files/VGGHLS-TX/TL_Base/hls_config.cfg(15)
INFO: [HLS 200-10] Adding test bench file 'C:/Programming_Files/VGGHLS-TX/src_files/tb_loadbin.cpp' to the project
INFO: [HLS 200-1465] Applying config ini 'tb.file=../src_files/tb_maxPool.cpp' from C:/Programming_Files/VGGHLS-TX/TL_Base/hls_config.cfg(16)
INFO: [HLS 200-10] Adding test bench file 'C:/Programming_Files/VGGHLS-TX/src_files/tb_maxPool.cpp' to the project
INFO: [HLS 200-1465] Applying config ini 'tb.file=../src_files/tb_Mem2Buf.cpp' from C:/Programming_Files/VGGHLS-TX/TL_Base/hls_config.cfg(17)
INFO: [HLS 200-10] Adding test bench file 'C:/Programming_Files/VGGHLS-TX/src_files/tb_Mem2Buf.cpp' to the project
INFO: [HLS 200-1465] Applying config ini 'tb.file=../src_files/tb_parameters.cpp' from C:/Programming_Files/VGGHLS-TX/TL_Base/hls_config.cfg(18)
INFO: [HLS 200-10] Adding test bench file 'C:/Programming_Files/VGGHLS-TX/src_files/tb_parameters.cpp' to the project
INFO: [HLS 200-1465] Applying config ini 'tb.file=../src_files/tb_Top.cpp' from C:/Programming_Files/VGGHLS-TX/TL_Base/hls_config.cfg(19)
INFO: [HLS 200-10] Adding test bench file 'C:/Programming_Files/VGGHLS-TX/src_files/tb_Top.cpp' to the project
INFO: [HLS 200-1465] Applying config ini 'syn.top=ConvLayer' from C:/Programming_Files/VGGHLS-TX/TL_Base/hls_config.cfg(7)
INFO: [HLS 200-1465] Applying config ini 'flow_target=vivado' from C:/Programming_Files/VGGHLS-TX/TL_Base/hls_config.cfg(4)
INFO: [HLS 200-1505] Using flow_target 'vivado'
Resolution: For help on HLS 200-1505 see docs.xilinx.com/access/sources/dita/topic?Doc_Version=2025.1%20English&url=ug1448-hls-guidance&resourceid=200-1505.html
INFO: [HLS 200-1465] Applying config ini 'part=xcvu9p-flga2104-3-e' from C:/Programming_Files/VGGHLS-TX/TL_Base/hls_config.cfg(1)
INFO: [HLS 200-1611] Setting target device to 'xcvu9p-flga2104-3-e'
INFO: [HLS 200-1465] Applying config ini 'package.output.format=ip_catalog' from C:/Programming_Files/VGGHLS-TX/TL_Base/hls_config.cfg(5)
INFO: [HLS 200-2176] Writing Vitis IDE component file C:/Programming_Files/VGGHLS-TX/TL_Base/ConvLayer/vitis-comp.json
INFO: [HLS 200-111] Finished File checks and directory preparation: CPU user time: 1 seconds. CPU system time: 2 seconds. Elapsed time: 5.153 seconds; current allocated memory: 138.652 MB.
INFO: [HLS 200-10] Analyzing design file '../src_files/Main_Code.cpp' ... 
WARNING: [HLS 207-5292] unused parameter 'loop_limit' (../src_files/Main_Code.cpp:1221:7)
INFO: [HLS 200-111] Finished Source Code Analysis and Preprocessing: CPU user time: 0 seconds. CPU system time: 0 seconds. Elapsed time: 13.56 seconds; current allocated memory: 143.137 MB.
INFO: [HLS 200-777] Using interface defaults for 'Vivado' flow target.
INFO: [HLS 200-1995] There were 6,361 instructions in the design after the 'Compile/Link' phase of compilation. See the Design Size Report for more details (C:/Programming_Files/VGGHLS-TX/TL_Base/ConvLayer/hls/syn/report/csynth_design_size.rpt:2)
INFO: [HLS 200-1995] There were 17,875 instructions in the design after the 'Unroll/Inline (step 1)' phase of compilation. See the Design Size Report for more details (C:/Programming_Files/VGGHLS-TX/TL_Base/ConvLayer/hls/syn/report/csynth_design_size.rpt:2)
INFO: [HLS 200-1995] There were 12,463 instructions in the design after the 'Unroll/Inline (step 2)' phase of compilation. See the Design Size Report for more details (C:/Programming_Files/VGGHLS-TX/TL_Base/ConvLayer/hls/syn/report/csynth_design_size.rpt:2)
INFO: [HLS 200-1995] There were 12,402 instructions in the design after the 'Unroll/Inline (step 3)' phase of compilation. See the Design Size Report for more details (C:/Programming_Files/VGGHLS-TX/TL_Base/ConvLayer/hls/syn/report/csynth_design_size.rpt:2)
INFO: [HLS 200-1995] There were 12,250 instructions in the design after the 'Unroll/Inline (step 4)' phase of compilation. See the Design Size Report for more details (C:/Programming_Files/VGGHLS-TX/TL_Base/ConvLayer/hls/syn/report/csynth_design_size.rpt:2)
INFO: [HLS 200-1995] There were 39,385 instructions in the design after the 'Array/Struct (step 1)' phase of compilation. See the Design Size Report for more details (C:/Programming_Files/VGGHLS-TX/TL_Base/ConvLayer/hls/syn/report/csynth_design_size.rpt:2)
INFO: [HLS 200-1995] There were 21,627 instructions in the design after the 'Array/Struct (step 2)' phase of compilation. See the Design Size Report for more details (C:/Programming_Files/VGGHLS-TX/TL_Base/ConvLayer/hls/syn/report/csynth_design_size.rpt:2)
INFO: [HLS 200-1995] There were 21,627 instructions in the design after the 'Array/Struct (step 3)' phase of compilation. See the Design Size Report for more details (C:/Programming_Files/VGGHLS-TX/TL_Base/ConvLayer/hls/syn/report/csynth_design_size.rpt:2)
INFO: [HLS 200-1995] There were 21,627 instructions in the design after the 'Array/Struct (step 4)' phase of compilation. See the Design Size Report for more details (C:/Programming_Files/VGGHLS-TX/TL_Base/ConvLayer/hls/syn/report/csynth_design_size.rpt:2)
INFO: [HLS 200-1995] There were 22,686 instructions in the design after the 'Array/Struct (step 5)' phase of compilation. See the Design Size Report for more details (C:/Programming_Files/VGGHLS-TX/TL_Base/ConvLayer/hls/syn/report/csynth_design_size.rpt:2)
INFO: [HLS 200-1995] There were 22,652 instructions in the design after the 'Performance' phase of compilation. See the Design Size Report for more details (C:/Programming_Files/VGGHLS-TX/TL_Base/ConvLayer/hls/syn/report/csynth_design_size.rpt:2)
INFO: [HLS 200-1995] There were 21,805 instructions in the design after the 'Performance (step 2)' phase of compilation. See the Design Size Report for more details (C:/Programming_Files/VGGHLS-TX/TL_Base/ConvLayer/hls/syn/report/csynth_design_size.rpt:2)
INFO: [HLS 200-1995] There were 21,743 instructions in the design after the 'Performance (step 3)' phase of compilation. See the Design Size Report for more details (C:/Programming_Files/VGGHLS-TX/TL_Base/ConvLayer/hls/syn/report/csynth_design_size.rpt:2)
INFO: [HLS 200-1995] There were 21,722 instructions in the design after the 'Performance (step 4)' phase of compilation. See the Design Size Report for more details (C:/Programming_Files/VGGHLS-TX/TL_Base/ConvLayer/hls/syn/report/csynth_design_size.rpt:2)
INFO: [HLS 200-1995] There were 21,805 instructions in the design after the 'HW Transforms (step 1)' phase of compilation. See the Design Size Report for more details (C:/Programming_Files/VGGHLS-TX/TL_Base/ConvLayer/hls/syn/report/csynth_design_size.rpt:2)
INFO: [HLS 200-1995] There were 18,892 instructions in the design after the 'HW Transforms (step 2)' phase of compilation. See the Design Size Report for more details (C:/Programming_Files/VGGHLS-TX/TL_Base/ConvLayer/hls/syn/report/csynth_design_size.rpt:2)
INFO: [HLS 214-131] Inlining function 'InBuf2Pe(int, int, int, int, int, int, ap_int<32> (*) [12800][7], ap_int<32> (*) [7], hls::stream<ap_int<32>, 4> (*) [7])' into 'InBuf2Pe_wrapper(int, int, int, int, int, int, ap_int<32> (*) [12800][7], ap_int<32> (*) [7])' (../src_files/Main_Code.cpp:213:2)
INFO: [HLS 214-131] Inlining function 'Pe(ap_int<32> (*) [7], ap_int<32>*, ap_int<32> (*) [7][7])' into 'wndClc_Dfl(int, int, int, int, int, int, ap_int<32> (*) [12800][7], ap_int<32> (*) [8], ap_int<32> (*) [7][7])' (../src_files/Main_Code.cpp:496:3)
INFO: [HLS 214-131] Inlining function 'WtBuf2Pe(ap_int<32> (*) [8], int, ap_int<32>*)' into 'wndClc_Dfl(int, int, int, int, int, int, ap_int<32> (*) [12800][7], ap_int<32> (*) [8], ap_int<32> (*) [7][7])' (../src_files/Main_Code.cpp:495:3)
INFO: [HLS 214-131] Inlining function 'InBuf2Pe_wrapper(int, int, int, int, int, int, ap_int<32> (*) [12800][7], ap_int<32> (*) [7])' into 'wndClc_Dfl(int, int, int, int, int, int, ap_int<32> (*) [12800][7], ap_int<32> (*) [8], ap_int<32> (*) [7][7])' (../src_files/Main_Code.cpp:487:3)
INFO: [HLS 214-131] Inlining function 'WtBuf2Pe_ctrl(int, int*)' into 'wndClc_Dfl(int, int, int, int, int, int, ap_int<32> (*) [12800][7], ap_int<32> (*) [8], ap_int<32> (*) [7][7])' (../src_files/Main_Code.cpp:486:3)
INFO: [HLS 214-131] Inlining function 'InBuf2Pe_ctrl(int, int, int, int*, int*, int*, int*, int*, int*)' into 'wndClc_Dfl(int, int, int, int, int, int, ap_int<32> (*) [12800][7], ap_int<32> (*) [8], ap_int<32> (*) [7][7])' (../src_files/Main_Code.cpp:479:2)
INFO: [HLS 214-131] Inlining function 'ReLu(ap_int<32>, ap_int<32>*)' into 'bias_ReLu(int, int, ap_int<32>*, ap_int<32> (*) [7], ap_int<32> (*) [7])' (../src_files/Main_Code.cpp:46:4)
INFO: [HLS 214-131] Inlining function 'tileClc_Dfl(int, int, int, int, int, int, int, int, int, int, int, int, int, int, ap_int<32> (*) [12800][7], ap_int<32> (*) [8], ap_int<32>*, ap_int<32> (*) [28672][7])' into 'tileClc(int, ap_int<32> (*) [12800][7], ap_int<32> (*) [8], ap_int<32>*, ap_int<32> (*) [28672][7])' (../src_files/Main_Code.cpp:754:3)
INFO: [HLS 214-291] Loop 'loop_Pe2Buf_OutBufNum_Load' is marked as complete unroll implied by the pipeline pragma (../src_files/Main_Code.cpp:656:30)
INFO: [HLS 214-291] Loop 'loop_Pe2Buf_Pox_Load' is marked as complete unroll implied by the pipeline pragma (../src_files/Main_Code.cpp:658:24)
INFO: [HLS 214-291] Loop 'loop_Pe2Buf_OutBufNum_Store' is marked as complete unroll implied by the pipeline pragma (../src_files/Main_Code.cpp:669:33)
INFO: [HLS 214-291] Loop 'loop_Pe2Buf_Pox_Store' is marked as complete unroll implied by the pipeline pragma (../src_files/Main_Code.cpp:671:25)
INFO: [HLS 214-291] Loop 'VITIS_LOOP_35_1' is marked as complete unroll implied by the pipeline pragma (../src_files/Main_Code.cpp:35:19)
INFO: [HLS 214-291] Loop 'VITIS_LOOP_37_2' is marked as complete unroll implied by the pipeline pragma (../src_files/Main_Code.cpp:37:19)
INFO: [HLS 214-291] Loop 'loop_InBuf2Pe_rdPx_Poy_2' is marked as complete unroll implied by the pipeline pragma (../src_files/Main_Code.cpp:255:29)
INFO: [HLS 214-291] Loop 'loop_InBuf2Pe_rdPx_Poy' is marked as complete unroll implied by the pipeline pragma (../src_files/Main_Code.cpp:246:27)
INFO: [HLS 214-291] Loop 'loop_InBuf2Pe_rdPx_Pox' is marked as complete unroll implied by the pipeline pragma (../src_files/Main_Code.cpp:248:26)
INFO: [HLS 214-291] Loop 'loop_InBuf2Pe_wrReg_Poy_3' is marked as complete unroll implied by the pipeline pragma (../src_files/Main_Code.cpp:285:30)
INFO: [HLS 214-291] Loop 'loop_InBuf2Pe_wrReg_Pox_3' is marked as complete unroll implied by the pipeline pragma (../src_files/Main_Code.cpp:287:29)
INFO: [HLS 214-291] Loop 'loop_InBuf2Pe_wrReg_Poy_2' is marked as complete unroll implied by the pipeline pragma (../src_files/Main_Code.cpp:274:31)
INFO: [HLS 214-291] Loop 'loop_InBuf2Pe_wrReg_Pox_2' is marked as complete unroll implied by the pipeline pragma (../src_files/Main_Code.cpp:276:29)
INFO: [HLS 214-291] Loop 'loop_InBuf2Pe_wrReg_Poy' is marked as complete unroll implied by the pipeline pragma (../src_files/Main_Code.cpp:265:29)
INFO: [HLS 214-291] Loop 'loop_InBuf2Pe_wrReg_Pox' is marked as complete unroll implied by the pipeline pragma (../src_files/Main_Code.cpp:267:27)
INFO: [HLS 214-291] Loop 'loop_InBuf2Pe_wrReg_Pox_5' is marked as complete unroll implied by the pipeline pragma (../src_files/Main_Code.cpp:302:30)
INFO: [HLS 214-291] Loop 'loop_InBuf2Pe_wrReg_Pox_4' is marked as complete unroll implied by the pipeline pragma (../src_files/Main_Code.cpp:296:30)
INFO: [HLS 214-291] Loop 'loop_InBuf2Pe_out_Poy' is marked as complete unroll implied by the pipeline pragma (../src_files/Main_Code.cpp:310:25)
INFO: [HLS 214-291] Loop 'loop_InBuf2Pe_out_Pox' is marked as complete unroll implied by the pipeline pragma (../src_files/Main_Code.cpp:312:25)
INFO: [HLS 214-291] Loop 'loop_InBuf2Pe_wrFIFO_Poy' is marked as complete unroll implied by the pipeline pragma (../src_files/Main_Code.cpp:330:28)
INFO: [HLS 214-291] Loop 'loop_InBuf2Pe_wrFIFO_Pox' is marked as complete unroll implied by the pipeline pragma (../src_files/Main_Code.cpp:332:28)
INFO: [HLS 214-291] Loop 'loop_WtBuf2Pe' is marked as complete unroll implied by the pipeline pragma (../src_files/Main_Code.cpp:369:17)
INFO: [HLS 214-291] Loop 'loop_Pe_Pof_MAC' is marked as complete unroll implied by the pipeline pragma (../src_files/Main_Code.cpp:94:19)
INFO: [HLS 214-291] Loop 'loop_Pe_Poy_MAC' is marked as complete unroll implied by the pipeline pragma (../src_files/Main_Code.cpp:96:19)
INFO: [HLS 214-291] Loop 'loop_Pe_Pox_MAC' is marked as complete unroll implied by the pipeline pragma (../src_files/Main_Code.cpp:98:19)
INFO: [HLS 214-186] Unrolling loop 'loop_Pe2Buf_OutBufNum_Load' (../src_files/Main_Code.cpp:656:30) in function 'Pe2Buf' completely with a factor of 2 (../src_files/Main_Code.cpp:569:0)
INFO: [HLS 214-186] Unrolling loop 'loop_Pe2Buf_Pox_Load' (../src_files/Main_Code.cpp:658:24) in function 'Pe2Buf' completely with a factor of 7 (../src_files/Main_Code.cpp:569:0)
INFO: [HLS 214-186] Unrolling loop 'loop_Pe2Buf_OutBufNum_Store' (../src_files/Main_Code.cpp:669:33) in function 'Pe2Buf' completely with a factor of 2 (../src_files/Main_Code.cpp:569:0)
INFO: [HLS 214-186] Unrolling loop 'loop_Pe2Buf_Pox_Store' (../src_files/Main_Code.cpp:671:25) in function 'Pe2Buf' completely with a factor of 7 (../src_files/Main_Code.cpp:569:0)
INFO: [HLS 214-186] Unrolling loop 'VITIS_LOOP_35_1' (../src_files/Main_Code.cpp:35:19) in function 'bias_ReLu' completely with a factor of 2 (../src_files/Main_Code.cpp:25:0)
INFO: [HLS 214-186] Unrolling loop 'VITIS_LOOP_37_2' (../src_files/Main_Code.cpp:37:19) in function 'bias_ReLu' completely with a factor of 7 (../src_files/Main_Code.cpp:25:0)
INFO: [HLS 214-186] Unrolling loop 'loop_read_Pof_MAC' (../src_files/Main_Code.cpp:498:21) in function 'wndClc_Dfl' completely with a factor of 8 (../src_files/Main_Code.cpp:426:0)
INFO: [HLS 214-186] Unrolling loop 'loop_read_Poy_MAC' (../src_files/Main_Code.cpp:500:21) in function 'wndClc_Dfl' completely with a factor of 7 (../src_files/Main_Code.cpp:426:0)
INFO: [HLS 214-186] Unrolling loop 'loop_read_Pox_MAC' (../src_files/Main_Code.cpp:502:21) in function 'wndClc_Dfl' completely with a factor of 7 (../src_files/Main_Code.cpp:426:0)
INFO: [HLS 214-186] Unrolling loop 'loop_InBuf2Pe_rdPx_Poy_2' (../src_files/Main_Code.cpp:255:29) in function 'wndClc_Dfl' completely with a factor of 7 (../src_files/Main_Code.cpp:426:0)
INFO: [HLS 214-186] Unrolling loop 'loop_InBuf2Pe_rdPx_Poy' (../src_files/Main_Code.cpp:246:27) in function 'wndClc_Dfl' completely with a factor of 7 (../src_files/Main_Code.cpp:426:0)
INFO: [HLS 214-186] Unrolling loop 'loop_InBuf2Pe_rdPx_Pox' (../src_files/Main_Code.cpp:248:26) in function 'wndClc_Dfl' completely with a factor of 7 (../src_files/Main_Code.cpp:426:0)
INFO: [HLS 214-186] Unrolling loop 'loop_InBuf2Pe_wrReg_Poy_3' (../src_files/Main_Code.cpp:285:30) in function 'wndClc_Dfl' completely with a factor of 6 (../src_files/Main_Code.cpp:426:0)
INFO: [HLS 214-186] Unrolling loop 'loop_InBuf2Pe_wrReg_Pox_3' (../src_files/Main_Code.cpp:287:29) in function 'wndClc_Dfl' completely with a factor of 7 (../src_files/Main_Code.cpp:426:0)
INFO: [HLS 214-186] Unrolling loop 'loop_InBuf2Pe_wrReg_Poy_2' (../src_files/Main_Code.cpp:274:31) in function 'wndClc_Dfl' completely with a factor of 6 (../src_files/Main_Code.cpp:426:0)
INFO: [HLS 214-186] Unrolling loop 'loop_InBuf2Pe_wrReg_Pox_2' (../src_files/Main_Code.cpp:276:29) in function 'wndClc_Dfl' completely with a factor of 6 (../src_files/Main_Code.cpp:426:0)
INFO: [HLS 214-186] Unrolling loop 'loop_InBuf2Pe_wrReg_Poy' (../src_files/Main_Code.cpp:265:29) in function 'wndClc_Dfl' completely with a factor of 6 (../src_files/Main_Code.cpp:426:0)
INFO: [HLS 214-186] Unrolling loop 'loop_InBuf2Pe_wrReg_Pox' (../src_files/Main_Code.cpp:267:27) in function 'wndClc_Dfl' completely with a factor of 7 (../src_files/Main_Code.cpp:426:0)
INFO: [HLS 214-186] Unrolling loop 'loop_InBuf2Pe_wrReg_Pox_5' (../src_files/Main_Code.cpp:302:30) in function 'wndClc_Dfl' completely with a factor of 6 (../src_files/Main_Code.cpp:426:0)
INFO: [HLS 214-186] Unrolling loop 'loop_InBuf2Pe_wrReg_Pox_4' (../src_files/Main_Code.cpp:296:30) in function 'wndClc_Dfl' completely with a factor of 7 (../src_files/Main_Code.cpp:426:0)
INFO: [HLS 214-186] Unrolling loop 'loop_InBuf2Pe_out_Poy' (../src_files/Main_Code.cpp:310:25) in function 'wndClc_Dfl' completely with a factor of 7 (../src_files/Main_Code.cpp:426:0)
INFO: [HLS 214-186] Unrolling loop 'loop_InBuf2Pe_out_Pox' (../src_files/Main_Code.cpp:312:25) in function 'wndClc_Dfl' completely with a factor of 7 (../src_files/Main_Code.cpp:426:0)
INFO: [HLS 214-186] Unrolling loop 'loop_InBuf2Pe_wrFIFO_Poy' (../src_files/Main_Code.cpp:330:28) in function 'wndClc_Dfl' completely with a factor of 6 (../src_files/Main_Code.cpp:426:0)
INFO: [HLS 214-186] Unrolling loop 'loop_InBuf2Pe_wrFIFO_Pox' (../src_files/Main_Code.cpp:332:28) in function 'wndClc_Dfl' completely with a factor of 7 (../src_files/Main_Code.cpp:426:0)
INFO: [HLS 214-186] Unrolling loop 'loop_WtBuf2Pe' (../src_files/Main_Code.cpp:369:17) in function 'wndClc_Dfl' completely with a factor of 8 (../src_files/Main_Code.cpp:426:0)
INFO: [HLS 214-186] Unrolling loop 'loop_Pe_Pof_MAC' (../src_files/Main_Code.cpp:94:19) in function 'wndClc_Dfl' completely with a factor of 8 (../src_files/Main_Code.cpp:426:0)
INFO: [HLS 214-186] Unrolling loop 'loop_Pe_Poy_MAC' (../src_files/Main_Code.cpp:96:19) in function 'wndClc_Dfl' completely with a factor of 7 (../src_files/Main_Code.cpp:426:0)
INFO: [HLS 214-186] Unrolling loop 'loop_Pe_Pox_MAC' (../src_files/Main_Code.cpp:98:19) in function 'wndClc_Dfl' completely with a factor of 7 (../src_files/Main_Code.cpp:426:0)
INFO: [HLS 214-186] Unrolling loop 'loop_init_Pof_MAC' (../src_files/Main_Code.cpp:440:21) in function 'wndClc_Dfl' completely with a factor of 8 (../src_files/Main_Code.cpp:426:0)
INFO: [HLS 214-186] Unrolling loop 'loop_init_Poy_MAC' (../src_files/Main_Code.cpp:442:21) in function 'wndClc_Dfl' completely with a factor of 7 (../src_files/Main_Code.cpp:426:0)
INFO: [HLS 214-186] Unrolling loop 'loop_init_Pox_MAC' (../src_files/Main_Code.cpp:444:21) in function 'wndClc_Dfl' completely with a factor of 7 (../src_files/Main_Code.cpp:426:0)
INFO: [HLS 214-186] Unrolling loop 'EastPad_Poy' (../src_files/Main_Code.cpp:997:15) in function 'loadIfMap' completely with a factor of 7 (../src_files/Main_Code.cpp:888:0)
INFO: [HLS 214-186] Unrolling loop 'WestPad_Poy' (../src_files/Main_Code.cpp:989:15) in function 'loadIfMap' completely with a factor of 7 (../src_files/Main_Code.cpp:888:0)
INFO: [HLS 214-186] Unrolling loop 'SouthPad_Pox' (../src_files/Main_Code.cpp:979:16) in function 'loadIfMap' completely with a factor of 7 (../src_files/Main_Code.cpp:888:0)
INFO: [HLS 214-186] Unrolling loop 'NorthPad_Pox' (../src_files/Main_Code.cpp:966:16) in function 'loadIfMap' completely with a factor of 7 (../src_files/Main_Code.cpp:888:0)
INFO: [HLS 214-248] Applying array_partition to '_ZZ8InBuf2PeiiiiiiPA12800_A7_6ap_intILi32EEPS1_PA7_N3hls6streamIS0_Li4EEEE12Internal_Reg': Complete partitioning on dimension 1. Complete partitioning on dimension 2. (../src_files/Main_Code.cpp:236:0)
INFO: [HLS 214-248] Applying array_partition to '_ZZ16InBuf2Pe_wrapperiiiiiiPA12800_A7_6ap_intILi32EEPS1_E8FIFO_arr': Complete partitioning on dimension 1. Complete partitioning on dimension 2. (../src_files/Main_Code.cpp:209:0)
INFO: [HLS 214-248] Applying array_partition to '_ZZ9ConvLayerPK6ap_intILi32EES2_PS0_E6OutBuf': Complete partitioning on dimension 1. Complete partitioning on dimension 3. (../src_files/Main_Code.cpp:1268:0)
INFO: [HLS 214-248] Applying array_partition to '_ZZ9ConvLayerPK6ap_intILi32EES2_PS0_E5WtBuf': Complete partitioning on dimension 2. (../src_files/Main_Code.cpp:1266:0)
INFO: [HLS 214-248] Applying array_partition to '_ZZ9ConvLayerPK6ap_intILi32EES2_PS0_E5InBuf': Complete partitioning on dimension 1. Complete partitioning on dimension 3. (../src_files/Main_Code.cpp:1263:0)
INFO: [HLS 214-248] Applying array_partition to 'Buff_read.i.i': Complete partitioning on dimension 1. Complete partitioning on dimension 2. (../src_files/Main_Code.cpp:241:12)
INFO: [HLS 214-248] Applying array_partition to 'rslt_stream': Complete partitioning on dimension 1. Complete partitioning on dimension 2. Complete partitioning on dimension 3. (../src_files/Main_Code.cpp:435:13)
INFO: [HLS 214-248] Applying array_partition to 'pxSerial': Complete partitioning on dimension 1. Complete partitioning on dimension 2. (../src_files/Main_Code.cpp:583:12)
INFO: [HLS 214-248] Applying array_partition to 'ReLuOut': Complete partitioning on dimension 1. Complete partitioning on dimension 2. (../src_files/Main_Code.cpp:586:12)
INFO: [HLS 214-248] Applying array_partition to 'px_toBuf.i': Complete partitioning on dimension 1. Complete partitioning on dimension 2. Complete partitioning on dimension 3. (../src_files/Main_Code.cpp:808:13)
INFO: [HLS 214-248] Applying array_partition to 'BiasBuf': Complete partitioning on dimension 1. (../src_files/Main_Code.cpp:1271:11)
INFO: [HLS 214-376] automatically set the pipeline for Loop< Loop_Tox> at ../src_files/Main_Code.cpp:1110:15 
INFO: [HLS 214-376] automatically set the pipeline for Loop< BiasLoop_Tof> at ../src_files/Main_Code.cpp:865:17 
INFO: [HLS 214-376] automatically set the pipeline for Loop< WtLoop_Nkx> at ../src_files/Main_Code.cpp:1036:14 
INFO: [HLS 214-376] automatically set the pipeline for Loop< If_Nix> at ../src_files/Main_Code.cpp:937:13 
INFO: [HLS 214-376] automatically set the pipeline for Loop< NorthPad_wrd> at ../src_files/Main_Code.cpp:964:16 
INFO: [HLS 214-376] automatically set the pipeline for Loop< SouthPad_wrd> at ../src_files/Main_Code.cpp:977:16 
INFO: [HLS 214-376] automatically set the pipeline for Loop< WestPad_Line> at ../src_files/Main_Code.cpp:987:17 
INFO: [HLS 214-376] automatically set the pipeline for Loop< EastPad_Line> at ../src_files/Main_Code.cpp:995:17 
INFO: [HLS 214-115] Multiple burst reads of variable length and bit width 32 has been inferred on bundle 'gmem'. These burst requests might be further partitioned into multiple requests during RTL generation, based on max_read_burst_length or max_write_burst_length settings. (../src_files/Main_Code.cpp:934:12)
INFO: [HLS 214-115] Multiple burst reads of variable length and bit width 32 has been inferred on bundle 'gmem'. These burst requests might be further partitioned into multiple requests during RTL generation, based on max_read_burst_length or max_write_burst_length settings. (../src_files/Main_Code.cpp:1030:15)
INFO: [HLS 214-115] Multiple burst writes of variable length and bit width 32 has been inferred on bundle 'gmem'. These burst requests might be further partitioned into multiple requests during RTL generation, based on max_read_burst_length or max_write_burst_length settings. (../src_files/Main_Code.cpp:1107:14)
INFO: [HLS 200-111] Finished Compiling Optimization and Transform: CPU user time: 3 seconds. CPU system time: 0 seconds. Elapsed time: 46.817 seconds; current allocated memory: 150.762 MB.
INFO: [HLS 200-111] Finished Checking Pragmas: CPU user time: 0 seconds. CPU system time: 0 seconds. Elapsed time: 0.006 seconds; current allocated memory: 150.770 MB.
INFO: [HLS 200-10] Starting code transformations ...
INFO: [HLS 200-111] Finished Standard Transforms: CPU user time: 2 seconds. CPU system time: 0 seconds. Elapsed time: 1.997 seconds; current allocated memory: 170.656 MB.
INFO: [HLS 200-10] Checking synthesizability ...
INFO: [HLS 200-111] Finished Checking Synthesizability: CPU user time: 2 seconds. CPU system time: 0 seconds. Elapsed time: 2.215 seconds; current allocated memory: 179.297 MB.
INFO: [XFORM 203-401] Performing if-conversion on hyperblock from (../src_files/Main_Code.cpp:466:9) to (../src_files/Main_Code.cpp:175:6) in function 'wndClc_Dfl'... converting 8 basic blocks.
INFO: [XFORM 203-401] Performing if-conversion on hyperblock from (../src_files/Main_Code.cpp:219:18) to (../src_files/Main_Code.cpp:263:5) in function 'wndClc_Dfl'... converting 3 basic blocks.
INFO: [XFORM 203-401] Performing if-conversion on hyperblock from (../src_files/Main_Code.cpp:1180:6) to (../src_files/Main_Code.cpp:1203:7) in function 'mem2Buf'... converting 3 basic blocks.
INFO: [XFORM 203-401] Performing if-conversion on hyperblock from (../src_files/Main_Code.cpp:845:6) to (../src_files/Main_Code.cpp:863:2) in function 'loadBiasTile'... converting 3 basic blocks.
INFO: [XFORM 203-11] Balancing expressions in function 'loadWtMap' (../src_files/Main_Code.cpp:1018:53)...3 expression(s) balanced.
INFO: [HLS 200-111] Finished Loop, function and other optimizations: CPU user time: 5 seconds. CPU system time: 0 seconds. Elapsed time: 6.488 seconds; current allocated memory: 210.547 MB.
INFO: [HLS 200-2061] Successfully converted nested loops 'Loop_Toy'(../src_files/Main_Code.cpp:1107:14) and 'Loop_Tox'(../src_files/Main_Code.cpp:1110:15) in function 'storeMap' into perfectly nested loops.
INFO: [HLS 200-2061] Successfully converted nested loops 'Loop_Tof'(../src_files/Main_Code.cpp:1104:13) and 'Loop_Toy'(../src_files/Main_Code.cpp:1107:14) in function 'storeMap' into perfectly nested loops.
INFO: [HLS 200-2061] Successfully converted nested loops 'WtLoop_Nky'(../src_files/Main_Code.cpp:1034:14) and 'WtLoop_Nkx'(../src_files/Main_Code.cpp:1036:14) in function 'loadWtMap' into perfectly nested loops.
INFO: [HLS 200-2061] Successfully converted nested loops 'WtLoop_Nif'(../src_files/Main_Code.cpp:1032:14) and 'WtLoop_Nky'(../src_files/Main_Code.cpp:1034:14) in function 'loadWtMap' into perfectly nested loops.
INFO: [HLS 200-2061] Successfully converted nested loops 'WtLoop_Tof'(../src_files/Main_Code.cpp:1030:15) and 'WtLoop_Nif'(../src_files/Main_Code.cpp:1032:14) in function 'loadWtMap' into perfectly nested loops.
INFO: [HLS 200-2061] Successfully converted nested loops 'If_Tiy'(../src_files/Main_Code.cpp:934:12) and 'If_Nix'(../src_files/Main_Code.cpp:937:13) in function 'loadIfMap' into perfectly nested loops.
INFO: [HLS 200-2061] Successfully converted nested loops 'If_Nif'(../src_files/Main_Code.cpp:931:11) and 'If_Tiy'(../src_files/Main_Code.cpp:934:12) in function 'loadIfMap' into perfectly nested loops.
INFO: [HLS 200-2061] Successfully converted nested loops 'NorthPad_Nif'(../src_files/Main_Code.cpp:962:18) and 'NorthPad_wrd'(../src_files/Main_Code.cpp:964:16) in function 'loadIfMap' into perfectly nested loops.
INFO: [HLS 200-2061] Successfully converted nested loops 'SouthPad_Nif'(../src_files/Main_Code.cpp:975:18) and 'SouthPad_wrd'(../src_files/Main_Code.cpp:977:16) in function 'loadIfMap' into perfectly nested loops.
INFO: [HLS 200-2061] Successfully converted nested loops 'loop_Pe2Buf_PofBankStep'(../src_files/Main_Code.cpp:652:27) and 'loop_Pe2Buf_Poy'(../src_files/Main_Code.cpp:653:20) in function 'Pe2Buf' into perfectly nested loops.
INFO: [XFORM 203-541] Flattening a loop nest 'Loop_Toy' (../src_files/Main_Code.cpp:1107:14) in function 'storeMap'.
INFO: [XFORM 203-541] Flattening a loop nest 'Loop_Tof' (../src_files/Main_Code.cpp:1104:13) in function 'storeMap'.
INFO: [XFORM 203-541] Flattening a loop nest 'WtLoop_Nky' (../src_files/Main_Code.cpp:1034:14) in function 'loadWtMap'.
INFO: [XFORM 203-541] Flattening a loop nest 'WtLoop_Nif' (../src_files/Main_Code.cpp:1032:14) in function 'loadWtMap'.
INFO: [XFORM 203-541] Flattening a loop nest 'WtLoop_Tof' (../src_files/Main_Code.cpp:1030:15) in function 'loadWtMap'.
INFO: [XFORM 203-541] Flattening a loop nest 'If_Tiy' (../src_files/Main_Code.cpp:934:12) in function 'loadIfMap'.
INFO: [XFORM 203-541] Flattening a loop nest 'If_Nif' (../src_files/Main_Code.cpp:931:11) in function 'loadIfMap'.
INFO: [XFORM 203-541] Flattening a loop nest 'NorthPad_Nif' (../src_files/Main_Code.cpp:962:18) in function 'loadIfMap'.
INFO: [XFORM 203-541] Flattening a loop nest 'SouthPad_Nif' (../src_files/Main_Code.cpp:975:18) in function 'loadIfMap'.
INFO: [XFORM 203-541] Flattening a loop nest 'loop_Pe2Buf_PofBankStep' (../src_files/Main_Code.cpp:652:27) in function 'Pe2Buf'.
INFO: [HLS 200-111] Finished Architecture Synthesis: CPU user time: 6 seconds. CPU system time: 0 seconds. Elapsed time: 6.475 seconds; current allocated memory: 499.438 MB.
INFO: [HLS 200-10] Starting hardware synthesis ...
INFO: [HLS 200-10] Synthesizing 'ConvLayer' ...
INFO: [SYN 201-201] Setting up clock 'default' with a period of 10ns.
WARNING: [SYN 201-107] Renaming port name 'ConvLayer/NofFirst' to 'ConvLayer/NofFirst_r' to avoid the conflict with HDL keywords or other object names.
INFO: [HLS 200-10] ----------------------------------------------------------------
INFO: [HLS 200-42] -- Implementing module 'loadWtMap_Pipeline_WtLoop_Tof_WtLoop_Nif_WtLoop_Nky_WtLoop_Nkx' 
INFO: [HLS 200-10] ----------------------------------------------------------------
INFO: [SCHED 204-11] Starting scheduling ...
INFO: [SCHED 204-61] Pipelining loop 'WtLoop_Tof_WtLoop_Nif_WtLoop_Nky_WtLoop_Nkx'.
INFO: [HLS 200-1470] Pipelining result : Target II = NA, Final II = 1, Depth = 4, loop 'WtLoop_Tof_WtLoop_Nif_WtLoop_Nky_WtLoop_Nkx'
INFO: [SCHED 204-11] Finished scheduling.
INFO: [HLS 200-111] Finished Scheduling: CPU user time: 5 seconds. CPU system time: 1 seconds. Elapsed time: 5.2 seconds; current allocated memory: 508.109 MB.
INFO: [BIND 205-100] Starting micro-architecture generation ...
INFO: [BIND 205-101] Performing variable lifetime analysis.
INFO: [BIND 205-101] Exploring resource sharing.
INFO: [BIND 205-101] Binding ...
INFO: [BIND 205-100] Finished micro-architecture generation.
INFO: [HLS 200-111] Finished Binding: CPU user time: 0 seconds. CPU system time: 0 seconds. Elapsed time: 0.081 seconds; current allocated memory: 509.398 MB.
INFO: [HLS 200-10] ----------------------------------------------------------------
INFO: [HLS 200-42] -- Implementing module 'loadWtMap' 
INFO: [HLS 200-10] ----------------------------------------------------------------
INFO: [SCHED 204-11] Starting scheduling ...
INFO: [SCHED 204-11] Finished scheduling.
INFO: [HLS 200-111] Finished Scheduling: CPU user time: 0 seconds. CPU system time: 0 seconds. Elapsed time: 0.149 seconds; current allocated memory: 509.586 MB.
INFO: [BIND 205-100] Starting micro-architecture generation ...
INFO: [BIND 205-101] Performing variable lifetime analysis.
INFO: [BIND 205-101] Exploring resource sharing.
INFO: [BIND 205-101] Binding ...
INFO: [BIND 205-100] Finished micro-architecture generation.
INFO: [HLS 200-111] Finished Binding: CPU user time: 0 seconds. CPU system time: 0 seconds. Elapsed time: 0.058 seconds; current allocated memory: 509.812 MB.
INFO: [HLS 200-10] ----------------------------------------------------------------
INFO: [HLS 200-42] -- Implementing module 'loadIfMap_Pipeline_If_Nif_If_Tiy_If_Nix' 
INFO: [HLS 200-10] ----------------------------------------------------------------
INFO: [SCHED 204-11] Starting scheduling ...
INFO: [HLS 200-486] Changing DSP latency (root=add_ln931_2) to 3 in order to utilize available DSP registers.
INFO: [SCHED 204-61] Pipelining loop 'If_Nif_If_Tiy_If_Nix'.
INFO: [HLS 200-1470] Pipelining result : Target II = NA, Final II = 1, Depth = 15, loop 'If_Nif_If_Tiy_If_Nix'
INFO: [SCHED 204-11] Finished scheduling.
INFO: [HLS 200-111] Finished Scheduling: CPU user time: 0 seconds. CPU system time: 0 seconds. Elapsed time: 0.293 seconds; current allocated memory: 513.469 MB.
INFO: [BIND 205-100] Starting micro-architecture generation ...
INFO: [BIND 205-101] Performing variable lifetime analysis.
INFO: [BIND 205-101] Exploring resource sharing.
INFO: [BIND 205-101] Binding ...
INFO: [BIND 205-100] Finished micro-architecture generation.
INFO: [HLS 200-111] Finished Binding: CPU user time: 0 seconds. CPU system time: 0 seconds. Elapsed time: 0.138 seconds; current allocated memory: 513.477 MB.
INFO: [HLS 200-10] ----------------------------------------------------------------
INFO: [HLS 200-42] -- Implementing module 'loadIfMap_Pipeline_NorthPad_Nif_NorthPad_wrd' 
INFO: [HLS 200-10] ----------------------------------------------------------------
INFO: [SCHED 204-11] Starting scheduling ...
INFO: [HLS 200-486] Changing DSP latency (root=empty) to 3 in order to utilize available DSP registers.
INFO: [SCHED 204-61] Pipelining loop 'NorthPad_Nif_NorthPad_wrd'.
INFO: [HLS 200-1470] Pipelining result : Target II = NA, Final II = 1, Depth = 4, loop 'NorthPad_Nif_NorthPad_wrd'
INFO: [SCHED 204-11] Finished scheduling.
INFO: [HLS 200-111] Finished Scheduling: CPU user time: 0 seconds. CPU system time: 0 seconds. Elapsed time: 0.192 seconds; current allocated memory: 513.621 MB.
INFO: [BIND 205-100] Starting micro-architecture generation ...
INFO: [BIND 205-101] Performing variable lifetime analysis.
INFO: [BIND 205-101] Exploring resource sharing.
INFO: [BIND 205-101] Binding ...
INFO: [BIND 205-100] Finished micro-architecture generation.
INFO: [HLS 200-111] Finished Binding: CPU user time: 0 seconds. CPU system time: 0 seconds. Elapsed time: 0.057 seconds; current allocated memory: 513.621 MB.
INFO: [HLS 200-10] ----------------------------------------------------------------
INFO: [HLS 200-42] -- Implementing module 'loadIfMap_Pipeline_SouthPad_Nif_SouthPad_wrd' 
INFO: [HLS 200-10] ----------------------------------------------------------------
INFO: [SCHED 204-11] Starting scheduling ...
INFO: [HLS 200-486] Changing DSP latency (root=empty) to 3 in order to utilize available DSP registers.
INFO: [SCHED 204-61] Pipelining loop 'SouthPad_Nif_SouthPad_wrd'.
INFO: [HLS 200-1470] Pipelining result : Target II = NA, Final II = 1, Depth = 4, loop 'SouthPad_Nif_SouthPad_wrd'
INFO: [SCHED 204-11] Finished scheduling.
INFO: [HLS 200-111] Finished Scheduling: CPU user time: 0 seconds. CPU system time: 0 seconds. Elapsed time: 0.162 seconds; current allocated memory: 513.852 MB.
INFO: [BIND 205-100] Starting micro-architecture generation ...
INFO: [BIND 205-101] Performing variable lifetime analysis.
INFO: [BIND 205-101] Exploring resource sharing.
INFO: [BIND 205-101] Binding ...
INFO: [BIND 205-100] Finished micro-architecture generation.
INFO: [HLS 200-111] Finished Binding: CPU user time: 0 seconds. CPU system time: 0 seconds. Elapsed time: 0.066 seconds; current allocated memory: 513.984 MB.
INFO: [HLS 200-10] ----------------------------------------------------------------
INFO: [HLS 200-42] -- Implementing module 'loadIfMap_Pipeline_WestPad_Line' 
INFO: [HLS 200-10] ----------------------------------------------------------------
INFO: [SCHED 204-11] Starting scheduling ...
INFO: [SCHED 204-61] Pipelining loop 'WestPad_Line'.
INFO: [HLS 200-1470] Pipelining result : Target II = NA, Final II = 1, Depth = 1, loop 'WestPad_Line'
INFO: [SCHED 204-11] Finished scheduling.
INFO: [HLS 200-111] Finished Scheduling: CPU user time: 0 seconds. CPU system time: 0 seconds. Elapsed time: 0.12 seconds; current allocated memory: 514.078 MB.
INFO: [BIND 205-100] Starting micro-architecture generation ...
INFO: [BIND 205-101] Performing variable lifetime analysis.
INFO: [BIND 205-101] Exploring resource sharing.
INFO: [BIND 205-101] Binding ...
INFO: [BIND 205-100] Finished micro-architecture generation.
INFO: [HLS 200-111] Finished Binding: CPU user time: 0 seconds. CPU system time: 0 seconds. Elapsed time: 0.07 seconds; current allocated memory: 514.195 MB.
INFO: [HLS 200-10] ----------------------------------------------------------------
INFO: [HLS 200-42] -- Implementing module 'loadIfMap_Pipeline_EastPad_Line' 
INFO: [HLS 200-10] ----------------------------------------------------------------
INFO: [SCHED 204-11] Starting scheduling ...
INFO: [SCHED 204-61] Pipelining loop 'EastPad_Line'.
INFO: [HLS 200-1470] Pipelining result : Target II = NA, Final II = 1, Depth = 1, loop 'EastPad_Line'
INFO: [SCHED 204-11] Finished scheduling.
INFO: [HLS 200-111] Finished Scheduling: CPU user time: 1 seconds. CPU system time: 0 seconds. Elapsed time: 0.131 seconds; current allocated memory: 515.043 MB.
INFO: [BIND 205-100] Starting micro-architecture generation ...
INFO: [BIND 205-101] Performing variable lifetime analysis.
INFO: [BIND 205-101] Exploring resource sharing.
INFO: [BIND 205-101] Binding ...
INFO: [BIND 205-100] Finished micro-architecture generation.
INFO: [HLS 200-111] Finished Binding: CPU user time: 0 seconds. CPU system time: 0 seconds. Elapsed time: 0.11 seconds; current allocated memory: 515.043 MB.
INFO: [HLS 200-10] ----------------------------------------------------------------
INFO: [HLS 200-42] -- Implementing module 'loadIfMap' 
INFO: [HLS 200-10] ----------------------------------------------------------------
INFO: [SCHED 204-11] Starting scheduling ...
INFO: [SCHED 204-11] Finished scheduling.
INFO: [HLS 200-111] Finished Scheduling: CPU user time: 0 seconds. CPU system time: 0 seconds. Elapsed time: 1.32 seconds; current allocated memory: 515.582 MB.
INFO: [BIND 205-100] Starting micro-architecture generation ...
INFO: [BIND 205-101] Performing variable lifetime analysis.
INFO: [BIND 205-101] Exploring resource sharing.
INFO: [BIND 205-101] Binding ...
INFO: [BIND 205-100] Finished micro-architecture generation.
INFO: [HLS 200-111] Finished Binding: CPU user time: 0 seconds. CPU system time: 0 seconds. Elapsed time: 0.088 seconds; current allocated memory: 516.102 MB.
INFO: [HLS 200-10] ----------------------------------------------------------------
INFO: [HLS 200-42] -- Implementing module 'mem2Buf' 
INFO: [HLS 200-10] ----------------------------------------------------------------
INFO: [SCHED 204-11] Starting scheduling ...
INFO: [SCHED 204-11] Finished scheduling.
INFO: [HLS 200-111] Finished Scheduling: CPU user time: 0 seconds. CPU system time: 0 seconds. Elapsed time: 0.128 seconds; current allocated memory: 516.629 MB.
INFO: [BIND 205-100] Starting micro-architecture generation ...
INFO: [BIND 205-101] Performing variable lifetime analysis.
INFO: [BIND 205-101] Exploring resource sharing.
INFO: [BIND 205-101] Binding ...
INFO: [BIND 205-100] Finished micro-architecture generation.
INFO: [HLS 200-111] Finished Binding: CPU user time: 0 seconds. CPU system time: 0 seconds. Elapsed time: 0.068 seconds; current allocated memory: 516.930 MB.
INFO: [HLS 200-10] ----------------------------------------------------------------
INFO: [HLS 200-42] -- Implementing module 'loadBiasTile_Pipeline_BiasLoop_Tof' 
INFO: [HLS 200-10] ----------------------------------------------------------------
INFO: [SCHED 204-11] Starting scheduling ...
INFO: [SCHED 204-61] Pipelining loop 'BiasLoop_Tof'.
INFO: [HLS 200-1470] Pipelining result : Target II = NA, Final II = 1, Depth = 2, loop 'BiasLoop_Tof'
INFO: [SCHED 204-11] Finished scheduling.
INFO: [HLS 200-111] Finished Scheduling: CPU user time: 4 seconds. CPU system time: 0 seconds. Elapsed time: 4.509 seconds; current allocated memory: 528.031 MB.
INFO: [BIND 205-100] Starting micro-architecture generation ...
INFO: [BIND 205-101] Performing variable lifetime analysis.
INFO: [BIND 205-101] Exploring resource sharing.
INFO: [BIND 205-101] Binding ...
INFO: [BIND 205-100] Finished micro-architecture generation.
INFO: [HLS 200-111] Finished Binding: CPU user time: 0 seconds. CPU system time: 0 seconds. Elapsed time: 0.28 seconds; current allocated memory: 528.383 MB.
INFO: [HLS 200-10] ----------------------------------------------------------------
INFO: [HLS 200-42] -- Implementing module 'loadBiasTile' 
INFO: [HLS 200-10] ----------------------------------------------------------------
INFO: [SCHED 204-11] Starting scheduling ...
INFO: [HLS 200-486] Changing DSP latency (root=add14) to 3 in order to utilize available DSP registers.
INFO: [SCHED 204-11] Finished scheduling.
INFO: [HLS 200-111] Finished Scheduling: CPU user time: 1 seconds. CPU system time: 0 seconds. Elapsed time: 0.484 seconds; current allocated memory: 528.613 MB.
INFO: [BIND 205-100] Starting micro-architecture generation ...
INFO: [BIND 205-101] Performing variable lifetime analysis.
INFO: [BIND 205-101] Exploring resource sharing.
INFO: [BIND 205-101] Binding ...
INFO: [BIND 205-100] Finished micro-architecture generation.
INFO: [HLS 200-111] Finished Binding: CPU user time: 0 seconds. CPU system time: 0 seconds. Elapsed time: 0.116 seconds; current allocated memory: 529.188 MB.
INFO: [HLS 200-10] ----------------------------------------------------------------
INFO: [HLS 200-42] -- Implementing module 'wndClc_ctrl' 
INFO: [HLS 200-10] ----------------------------------------------------------------
INFO: [SCHED 204-11] Starting scheduling ...
INFO: [SCHED 204-11] Finished scheduling.
INFO: [HLS 200-111] Finished Scheduling: CPU user time: 0 seconds. CPU system time: 0 seconds. Elapsed time: 0.109 seconds; current allocated memory: 529.527 MB.
INFO: [BIND 205-100] Starting micro-architecture generation ...
INFO: [BIND 205-101] Performing variable lifetime analysis.
INFO: [BIND 205-101] Exploring resource sharing.
INFO: [BIND 205-101] Binding ...
INFO: [BIND 205-100] Finished micro-architecture generation.
INFO: [HLS 200-111] Finished Binding: CPU user time: 0 seconds. CPU system time: 0 seconds. Elapsed time: 0.03 seconds; current allocated memory: 529.562 MB.
INFO: [HLS 200-10] ----------------------------------------------------------------
INFO: [HLS 200-42] -- Implementing module 'wndClc_Dfl_Pipeline_Region1' 
INFO: [HLS 200-10] ----------------------------------------------------------------
INFO: [SCHED 204-11] Starting scheduling ...
INFO: [SCHED 204-61] Pipelining loop 'Region1'.
INFO: [HLS 200-1470] Pipelining result : Target II = NA, Final II = 1, Depth = 10, loop 'Region1'
INFO: [SCHED 204-11] Finished scheduling.
INFO: [HLS 200-111] Finished Scheduling: CPU user time: 7 seconds. CPU system time: 0 seconds. Elapsed time: 7.684 seconds; current allocated memory: 569.594 MB.
INFO: [BIND 205-100] Starting micro-architecture generation ...
INFO: [BIND 205-101] Performing variable lifetime analysis.
INFO: [BIND 205-101] Exploring resource sharing.
INFO: [BIND 205-101] Binding ...
INFO: [BIND 205-100] Finished micro-architecture generation.
INFO: [HLS 200-111] Finished Binding: CPU user time: 1 seconds. CPU system time: 0 seconds. Elapsed time: 1.555 seconds; current allocated memory: 569.594 MB.
INFO: [HLS 200-10] ----------------------------------------------------------------
INFO: [HLS 200-42] -- Implementing module 'wndClc_Dfl' 
INFO: [HLS 200-10] ----------------------------------------------------------------
INFO: [SCHED 204-11] Starting scheduling ...
INFO: [SCHED 204-11] Finished scheduling.
INFO: [HLS 200-111] Finished Scheduling: CPU user time: 2 seconds. CPU system time: 0 seconds. Elapsed time: 2.37 seconds; current allocated memory: 569.594 MB.
INFO: [BIND 205-100] Starting micro-architecture generation ...
INFO: [BIND 205-101] Performing variable lifetime analysis.
INFO: [BIND 205-101] Exploring resource sharing.
INFO: [BIND 205-101] Binding ...
INFO: [BIND 205-100] Finished micro-architecture generation.
INFO: [HLS 200-111] Finished Binding: CPU user time: 1 seconds. CPU system time: 0 seconds. Elapsed time: 0.596 seconds; current allocated memory: 569.594 MB.
INFO: [HLS 200-10] ----------------------------------------------------------------
INFO: [HLS 200-42] -- Implementing module 'bias_ReLu' 
INFO: [HLS 200-10] ----------------------------------------------------------------
INFO: [SCHED 204-11] Starting scheduling ...
INFO: [SCHED 204-61] Pipelining function 'bias_ReLu'.
INFO: [HLS 200-1470] Pipelining result : Target II = NA, Final II = 1, Depth = 1, function 'bias_ReLu'
INFO: [SCHED 204-11] Finished scheduling.
INFO: [HLS 200-111] Finished Scheduling: CPU user time: 0 seconds. CPU system time: 0 seconds. Elapsed time: 0.971 seconds; current allocated memory: 569.594 MB.
INFO: [BIND 205-100] Starting micro-architecture generation ...
INFO: [BIND 205-101] Performing variable lifetime analysis.
INFO: [BIND 205-101] Exploring resource sharing.
INFO: [BIND 205-101] Binding ...
INFO: [BIND 205-100] Finished micro-architecture generation.
INFO: [HLS 200-111] Finished Binding: CPU user time: 0 seconds. CPU system time: 1 seconds. Elapsed time: 0.32 seconds; current allocated memory: 569.594 MB.
INFO: [HLS 200-10] ----------------------------------------------------------------
INFO: [HLS 200-42] -- Implementing module 'Pe2Buf_Pipeline_loop_Pe2Buf_PofBankStep_loop_Pe2Buf_Poy' 
INFO: [HLS 200-10] ----------------------------------------------------------------
INFO: [SCHED 204-11] Starting scheduling ...
INFO: [HLS 200-486] Changing DSP latency (root=empty_252) to 3 in order to utilize available DSP registers.
INFO: [SCHED 204-61] Pipelining loop 'loop_Pe2Buf_PofBankStep_loop_Pe2Buf_Poy'.
INFO: [HLS 200-1470] Pipelining result : Target II = NA, Final II = 1, Depth = 4, loop 'loop_Pe2Buf_PofBankStep_loop_Pe2Buf_Poy'
INFO: [SCHED 204-11] Finished scheduling.
INFO: [HLS 200-111] Finished Scheduling: CPU user time: 1 seconds. CPU system time: 0 seconds. Elapsed time: 1.159 seconds; current allocated memory: 575.043 MB.
INFO: [BIND 205-100] Starting micro-architecture generation ...
INFO: [BIND 205-101] Performing variable lifetime analysis.
INFO: [BIND 205-101] Exploring resource sharing.
INFO: [BIND 205-101] Binding ...
INFO: [BIND 205-100] Finished micro-architecture generation.
INFO: [HLS 200-111] Finished Binding: CPU user time: 0 seconds. CPU system time: 0 seconds. Elapsed time: 0.306 seconds; current allocated memory: 575.352 MB.
INFO: [HLS 200-10] ----------------------------------------------------------------
INFO: [HLS 200-42] -- Implementing module 'Pe2Buf' 
INFO: [HLS 200-10] ----------------------------------------------------------------
INFO: [SCHED 204-11] Starting scheduling ...
INFO: [SCHED 204-11] Finished scheduling.
INFO: [HLS 200-111] Finished Scheduling: CPU user time: 1 seconds. CPU system time: 0 seconds. Elapsed time: 0.962 seconds; current allocated memory: 578.809 MB.
INFO: [BIND 205-100] Starting micro-architecture generation ...
INFO: [BIND 205-101] Performing variable lifetime analysis.
INFO: [BIND 205-101] Exploring resource sharing.
INFO: [BIND 205-101] Binding ...
INFO: [BIND 205-100] Finished micro-architecture generation.
INFO: [HLS 200-111] Finished Binding: CPU user time: 0 seconds. CPU system time: 0 seconds. Elapsed time: 0.355 seconds; current allocated memory: 580.512 MB.
INFO: [HLS 200-10] ----------------------------------------------------------------
INFO: [HLS 200-42] -- Implementing module 'tileClc' 
INFO: [HLS 200-10] ----------------------------------------------------------------
INFO: [SCHED 204-11] Starting scheduling ...
INFO: [SCHED 204-11] Finished scheduling.
INFO: [HLS 200-111] Finished Scheduling: CPU user time: 1 seconds. CPU system time: 0 seconds. Elapsed time: 0.999 seconds; current allocated memory: 584.836 MB.
INFO: [BIND 205-100] Starting micro-architecture generation ...
INFO: [BIND 205-101] Performing variable lifetime analysis.
INFO: [BIND 205-101] Exploring resource sharing.
INFO: [BIND 205-101] Binding ...
INFO: [BIND 205-100] Finished micro-architecture generation.
INFO: [HLS 200-111] Finished Binding: CPU user time: 1 seconds. CPU system time: 0 seconds. Elapsed time: 0.868 seconds; current allocated memory: 587.309 MB.
INFO: [HLS 200-10] ----------------------------------------------------------------
INFO: [HLS 200-42] -- Implementing module 'storeMap_Pipeline_Loop_Tof_Loop_Toy_Loop_Tox' 
INFO: [HLS 200-10] ----------------------------------------------------------------
INFO: [SCHED 204-11] Starting scheduling ...
INFO: [SCHED 204-61] Pipelining loop 'Loop_Tof_Loop_Toy_Loop_Tox'.
INFO: [HLS 200-1470] Pipelining result : Target II = NA, Final II = 1, Depth = 10, loop 'Loop_Tof_Loop_Toy_Loop_Tox'
INFO: [SCHED 204-11] Finished scheduling.
INFO: [HLS 200-111] Finished Scheduling: CPU user time: 1 seconds. CPU system time: 0 seconds. Elapsed time: 1.996 seconds; current allocated memory: 589.004 MB.
INFO: [BIND 205-100] Starting micro-architecture generation ...
INFO: [BIND 205-101] Performing variable lifetime analysis.
INFO: [BIND 205-101] Exploring resource sharing.
INFO: [BIND 205-101] Binding ...
INFO: [BIND 205-100] Finished micro-architecture generation.
INFO: [HLS 200-111] Finished Binding: CPU user time: 0 seconds. CPU system time: 0 seconds. Elapsed time: 0.302 seconds; current allocated memory: 589.281 MB.
INFO: [HLS 200-10] ----------------------------------------------------------------
INFO: [HLS 200-42] -- Implementing module 'storeMap' 
INFO: [HLS 200-10] ----------------------------------------------------------------
INFO: [SCHED 204-11] Starting scheduling ...
INFO: [SCHED 204-11] Finished scheduling.
INFO: [HLS 200-111] Finished Scheduling: CPU user time: 0 seconds. CPU system time: 0 seconds. Elapsed time: 1.268 seconds; current allocated memory: 589.512 MB.
INFO: [BIND 205-100] Starting micro-architecture generation ...
INFO: [BIND 205-101] Performing variable lifetime analysis.
INFO: [BIND 205-101] Exploring resource sharing.
INFO: [BIND 205-101] Binding ...
INFO: [BIND 205-100] Finished micro-architecture generation.
INFO: [HLS 200-111] Finished Binding: CPU user time: 0 seconds. CPU system time: 0 seconds. Elapsed time: 0.269 seconds; current allocated memory: 589.762 MB.
INFO: [HLS 200-10] ----------------------------------------------------------------
INFO: [HLS 200-42] -- Implementing module 'ConvLayer' 
INFO: [HLS 200-10] ----------------------------------------------------------------
INFO: [SCHED 204-11] Starting scheduling ...
INFO: [SCHED 204-11] Finished scheduling.
INFO: [HLS 200-111] Finished Scheduling: CPU user time: 0 seconds. CPU system time: 0 seconds. Elapsed time: 1.3 seconds; current allocated memory: 595.973 MB.
INFO: [BIND 205-100] Starting micro-architecture generation ...
INFO: [BIND 205-101] Performing variable lifetime analysis.
INFO: [BIND 205-101] Exploring resource sharing.
INFO: [BIND 205-101] Binding ...
INFO: [BIND 205-100] Finished micro-architecture generation.
INFO: [HLS 200-111] Finished Binding: CPU user time: 1 seconds. CPU system time: 0 seconds. Elapsed time: 1.667 seconds; current allocated memory: 598.199 MB.
INFO: [HLS 200-10] ----------------------------------------------------------------
INFO: [HLS 200-10] -- Generating RTL for module 'loadWtMap_Pipeline_WtLoop_Tof_WtLoop_Nif_WtLoop_Nky_WtLoop_Nkx' 
INFO: [HLS 200-10] ----------------------------------------------------------------
INFO: [HLS 200-1030] Apply Unified Pipeline Control on module 'loadWtMap_Pipeline_WtLoop_Tof_WtLoop_Nif_WtLoop_Nky_WtLoop_Nkx' pipeline 'WtLoop_Tof_WtLoop_Nif_WtLoop_Nky_WtLoop_Nkx' pipeline type 'loop pipeline'
WARNING: [RTGEN 206-101] Setting dangling out port 'loadWtMap_Pipeline_WtLoop_Tof_WtLoop_Nif_WtLoop_Nky_WtLoop_Nkx/m_axi_gmem_0_ARVALID' to 0.
WARNING: [RTGEN 206-101] Setting dangling out port 'loadWtMap_Pipeline_WtLoop_Tof_WtLoop_Nif_WtLoop_Nky_WtLoop_Nkx/m_axi_gmem_0_ARADDR' to 0.
WARNING: [RTGEN 206-101] Setting dangling out port 'loadWtMap_Pipeline_WtLoop_Tof_WtLoop_Nif_WtLoop_Nky_WtLoop_Nkx/m_axi_gmem_0_ARID' to 0.
WARNING: [RTGEN 206-101] Setting dangling out port 'loadWtMap_Pipeline_WtLoop_Tof_WtLoop_Nif_WtLoop_Nky_WtLoop_Nkx/m_axi_gmem_0_ARLEN' to 0.
WARNING: [RTGEN 206-101] Setting dangling out port 'loadWtMap_Pipeline_WtLoop_Tof_WtLoop_Nif_WtLoop_Nky_WtLoop_Nkx/m_axi_gmem_0_ARSIZE' to 0.
WARNING: [RTGEN 206-101] Setting dangling out port 'loadWtMap_Pipeline_WtLoop_Tof_WtLoop_Nif_WtLoop_Nky_WtLoop_Nkx/m_axi_gmem_0_ARBURST' to 0.
WARNING: [RTGEN 206-101] Setting dangling out port 'loadWtMap_Pipeline_WtLoop_Tof_WtLoop_Nif_WtLoop_Nky_WtLoop_Nkx/m_axi_gmem_0_ARLOCK' to 0.
WARNING: [RTGEN 206-101] Setting dangling out port 'loadWtMap_Pipeline_WtLoop_Tof_WtLoop_Nif_WtLoop_Nky_WtLoop_Nkx/m_axi_gmem_0_ARCACHE' to 0.
WARNING: [RTGEN 206-101] Setting dangling out port 'loadWtMap_Pipeline_WtLoop_Tof_WtLoop_Nif_WtLoop_Nky_WtLoop_Nkx/m_axi_gmem_0_ARPROT' to 0.
WARNING: [RTGEN 206-101] Setting dangling out port 'loadWtMap_Pipeline_WtLoop_Tof_WtLoop_Nif_WtLoop_Nky_WtLoop_Nkx/m_axi_gmem_0_ARQOS' to 0.
WARNING: [RTGEN 206-101] Setting dangling out port 'loadWtMap_Pipeline_WtLoop_Tof_WtLoop_Nif_WtLoop_Nky_WtLoop_Nkx/m_axi_gmem_0_ARREGION' to 0.
WARNING: [RTGEN 206-101] Setting dangling out port 'loadWtMap_Pipeline_WtLoop_Tof_WtLoop_Nif_WtLoop_Nky_WtLoop_Nkx/m_axi_gmem_0_ARUSER' to 0.
INFO: [RTGEN 206-100] Finished creating RTL model for 'loadWtMap_Pipeline_WtLoop_Tof_WtLoop_Nif_WtLoop_Nky_WtLoop_Nkx'.
INFO: [HLS 200-111] Finished Creating RTL model: CPU user time: 1 seconds. CPU system time: 0 seconds. Elapsed time: 3.454 seconds; current allocated memory: 600.539 MB.
INFO: [HLS 200-10] ----------------------------------------------------------------
INFO: [HLS 200-10] -- Generating RTL for module 'loadWtMap' 
INFO: [HLS 200-10] ----------------------------------------------------------------
WARNING: [RTGEN 206-101] Register 'layerNo_3' is power-on initialization.
WARNING: [RTGEN 206-101] Register 'Nif_1' is power-on initialization.
WARNING: [RTGEN 206-101] Register 'Tof_1' is power-on initialization.
INFO: [RTGEN 206-100] Generating core module 'mul_14ns_9ns_21_1_1': 1 instance(s).
INFO: [RTGEN 206-100] Generating core module 'mul_16ns_32s_47_1_1': 1 instance(s).
INFO: [RTGEN 206-100] Generating core module 'mul_9ns_32s_32_1_1': 1 instance(s).
INFO: [RTGEN 206-100] Finished creating RTL model for 'loadWtMap'.
INFO: [RTMG 210-279] Implementing memory 'ConvLayer_loadWtMap_Nif_rom_ROM_AUTO_1R' using auto ROMs.
INFO: [RTMG 210-279] Implementing memory 'ConvLayer_loadWtMap_Tof_rom_ROM_AUTO_1R' using auto ROMs.
INFO: [HLS 200-111] Finished Creating RTL model: CPU user time: 0 seconds. CPU system time: 1 seconds. Elapsed time: 1.009 seconds; current allocated memory: 604.891 MB.
INFO: [HLS 200-10] ----------------------------------------------------------------
INFO: [HLS 200-10] -- Generating RTL for module 'loadIfMap_Pipeline_If_Nif_If_Tiy_If_Nix' 
INFO: [HLS 200-10] ----------------------------------------------------------------
INFO: [HLS 200-1030] Apply Unified Pipeline Control on module 'loadIfMap_Pipeline_If_Nif_If_Tiy_If_Nix' pipeline 'If_Nif_If_Tiy_If_Nix' pipeline type 'loop pipeline'
INFO: [RTGEN 206-100] Generating core module 'mac_muladd_10ns_8ns_32s_33_4_1': 1 instance(s).
INFO: [RTGEN 206-100] Generating core module 'mul_33s_32ns_62_1_1': 1 instance(s).
INFO: [RTGEN 206-100] Finished creating RTL model for 'loadIfMap_Pipeline_If_Nif_If_Tiy_If_Nix'.
INFO: [HLS 200-111] Finished Creating RTL model: CPU user time: 1 seconds. CPU system time: 0 seconds. Elapsed time: 0.919 seconds; current allocated memory: 608.684 MB.
INFO: [HLS 200-10] ----------------------------------------------------------------
INFO: [HLS 200-10] -- Generating RTL for module 'loadIfMap_Pipeline_NorthPad_Nif_NorthPad_wrd' 
INFO: [HLS 200-10] ----------------------------------------------------------------
INFO: [HLS 200-1030] Apply Unified Pipeline Control on module 'loadIfMap_Pipeline_NorthPad_Nif_NorthPad_wrd' pipeline 'NorthPad_Nif_NorthPad_wrd' pipeline type 'loop pipeline'
INFO: [RTGEN 206-100] Generating core module 'mac_muladd_10ns_8ns_6ns_14_4_1': 1 instance(s).
INFO: [RTGEN 206-100] Finished creating RTL model for 'loadIfMap_Pipeline_NorthPad_Nif_NorthPad_wrd'.
INFO: [HLS 200-111] Finished Creating RTL model: CPU user time: 0 seconds. CPU system time: 0 seconds. Elapsed time: 0.736 seconds; current allocated memory: 616.914 MB.
INFO: [HLS 200-10] ----------------------------------------------------------------
INFO: [HLS 200-10] -- Generating RTL for module 'loadIfMap_Pipeline_SouthPad_Nif_SouthPad_wrd' 
INFO: [HLS 200-10] ----------------------------------------------------------------
INFO: [HLS 200-1030] Apply Unified Pipeline Control on module 'loadIfMap_Pipeline_SouthPad_Nif_SouthPad_wrd' pipeline 'SouthPad_Nif_SouthPad_wrd' pipeline type 'loop pipeline'
INFO: [RTGEN 206-100] Generating core module 'mac_muladd_10ns_8ns_9s_14_4_1': 1 instance(s).
INFO: [RTGEN 206-100] Finished creating RTL model for 'loadIfMap_Pipeline_SouthPad_Nif_SouthPad_wrd'.
INFO: [HLS 200-111] Finished Creating RTL model: CPU user time: 0 seconds. CPU system time: 0 seconds. Elapsed time: 0.29 seconds; current allocated memory: 616.914 MB.
INFO: [HLS 200-10] ----------------------------------------------------------------
INFO: [HLS 200-10] -- Generating RTL for module 'loadIfMap_Pipeline_WestPad_Line' 
INFO: [HLS 200-10] ----------------------------------------------------------------
INFO: [RTGEN 206-100] Finished creating RTL model for 'loadIfMap_Pipeline_WestPad_Line'.
INFO: [HLS 200-111] Finished Creating RTL model: CPU user time: 0 seconds. CPU system time: 0 seconds. Elapsed time: 0.408 seconds; current allocated memory: 620.605 MB.
INFO: [HLS 200-10] ----------------------------------------------------------------
INFO: [HLS 200-10] -- Generating RTL for module 'loadIfMap_Pipeline_EastPad_Line' 
INFO: [HLS 200-10] ----------------------------------------------------------------
INFO: [RTGEN 206-100] Finished creating RTL model for 'loadIfMap_Pipeline_EastPad_Line'.
INFO: [HLS 200-111] Finished Creating RTL model: CPU user time: 1 seconds. CPU system time: 0 seconds. Elapsed time: 0.292 seconds; current allocated memory: 621.648 MB.
INFO: [HLS 200-10] ----------------------------------------------------------------
INFO: [HLS 200-10] -- Generating RTL for module 'loadIfMap' 
INFO: [HLS 200-10] ----------------------------------------------------------------
WARNING: [RTGEN 206-101] Register 'layerNo_4' is power-on initialization.
WARNING: [RTGEN 206-101] Register 'Nif_2' is power-on initialization.
WARNING: [RTGEN 206-101] Register 'Niy' is power-on initialization.
WARNING: [RTGEN 206-101] Register 'Tiy_1' is power-on initialization.
WARNING: [RTGEN 206-101] Register 'Tix' is power-on initialization.
WARNING: [RTGEN 206-101] Register 'row_1map_1' is power-on initialization.
WARNING: [RTGEN 206-101] Register 'wrd_1row_1' is power-on initialization.
WARNING: [RTGEN 206-101] Register 'TiyRem' is power-on initialization.
WARNING: [RTGEN 206-101] Register 'TixRem' is power-on initialization.
INFO: [RTGEN 206-100] Generating core module 'mul_10ns_13ns_22_1_1': 1 instance(s).
INFO: [RTGEN 206-100] Generating core module 'mul_10ns_6ns_15_1_1': 2 instance(s).
INFO: [RTGEN 206-100] Generating core module 'mul_32ns_32ns_37_1_1': 1 instance(s).
INFO: [RTGEN 206-100] Generating core module 'mul_3ns_10ns_12_1_1': 1 instance(s).
INFO: [RTGEN 206-100] Generating core module 'mul_3ns_6ns_9_1_1': 1 instance(s).
INFO: [RTGEN 206-100] Generating core module 'mul_5ns_8ns_13_1_1': 1 instance(s).
INFO: [RTGEN 206-100] Generating core module 'urem_5ns_4ns_3_9_seq_1': 1 instance(s).
INFO: [RTGEN 206-100] Generating core module 'urem_8ns_4ns_3_12_seq_1': 1 instance(s).
INFO: [RTGEN 206-100] Finished creating RTL model for 'loadIfMap'.
INFO: [RTMG 210-279] Implementing memory 'ConvLayer_loadIfMap_niy_rom_ROM_AUTO_1R' using auto ROMs.
INFO: [RTMG 210-279] Implementing memory 'ConvLayer_loadIfMap_tiy_rom_ROM_AUTO_1R' using auto ROMs.
INFO: [RTMG 210-279] Implementing memory 'ConvLayer_loadIfMap_tix_rom_ROM_AUTO_1R' using auto ROMs.
INFO: [RTMG 210-279] Implementing memory 'ConvLayer_loadIfMap_row_1map_rom_ROM_AUTO_1R' using auto ROMs.
INFO: [RTMG 210-279] Implementing memory 'ConvLayer_loadIfMap_wrd_1row_rom_ROM_AUTO_1R' using auto ROMs.
INFO: [HLS 200-111] Finished Creating RTL model: CPU user time: 0 seconds. CPU system time: 1 seconds. Elapsed time: 0.601 seconds; current allocated memory: 629.895 MB.
INFO: [HLS 200-10] ----------------------------------------------------------------
INFO: [HLS 200-10] -- Generating RTL for module 'mem2Buf' 
INFO: [HLS 200-10] ----------------------------------------------------------------
WARNING: [RTGEN 206-101] Register 'tileCount_1' is power-on initialization.
WARNING: [RTGEN 206-101] Register 'layerNo_2' is power-on initialization.
WARNING: [RTGEN 206-101] Register 'NofFirst_1' is power-on initialization.
WARNING: [RTGEN 206-101] Register 'Noy_step' is power-on initialization.
WARNING: [RTGEN 206-101] Register 'Tiy' is power-on initialization.
INFO: [RTGEN 206-100] Generating core module 'mul_32s_6s_32_1_1': 1 instance(s).
INFO: [RTGEN 206-100] Finished creating RTL model for 'mem2Buf'.
INFO: [RTMG 210-279] Implementing memory 'ConvLayer_mem2Buf_noy_step_rom_ROM_AUTO_1R' using auto ROMs.
INFO: [HLS 200-111] Finished Creating RTL model: CPU user time: 0 seconds. CPU system time: 0 seconds. Elapsed time: 0.727 seconds; current allocated memory: 636.074 MB.
INFO: [HLS 200-10] ----------------------------------------------------------------
INFO: [HLS 200-10] -- Generating RTL for module 'loadBiasTile_Pipeline_BiasLoop_Tof' 
INFO: [HLS 200-10] ----------------------------------------------------------------
INFO: [HLS 200-1030] Apply Unified Pipeline Control on module 'loadBiasTile_Pipeline_BiasLoop_Tof' pipeline 'BiasLoop_Tof' pipeline type 'loop pipeline'
INFO: [RTGEN 206-100] Finished creating RTL model for 'loadBiasTile_Pipeline_BiasLoop_Tof'.
INFO: [RTMG 210-279] Implementing memory 'ConvLayer_loadBiasTile_Pipeline_BiasLoop_Tof_bias_ROM_AUTO_1R' using auto ROMs.
INFO: [HLS 200-111] Finished Creating RTL model: CPU user time: 1 seconds. CPU system time: 0 seconds. Elapsed time: 0.608 seconds; current allocated memory: 644.551 MB.
INFO: [HLS 200-10] ----------------------------------------------------------------
INFO: [HLS 200-10] -- Generating RTL for module 'loadBiasTile' 
INFO: [HLS 200-10] ----------------------------------------------------------------
WARNING: [RTGEN 206-101] Register 'Nof_step' is power-on initialization.
WARNING: [RTGEN 206-101] Register 'addressBase' is power-on initialization.
WARNING: [RTGEN 206-101] Register 'layerNo_5' is power-on initialization.
WARNING: [RTGEN 206-101] Register 'Tof_step_1' is power-on initialization.
WARNING: [RTGEN 206-101] Register 'Tof_2' is power-on initialization.
WARNING: [RTGEN 206-101] Register 'Nof_step_i' is power-on initialization.
INFO: [RTGEN 206-100] Generating core module 'mac_muladd_13s_9ns_13ns_13_4_1': 1 instance(s).
INFO: [RTGEN 206-100] Generating core module 'mul_3ns_6ns_8_1_1': 1 instance(s).
INFO: [RTGEN 206-100] Finished creating RTL model for 'loadBiasTile'.
INFO: [RTMG 210-279] Implementing memory 'ConvLayer_loadBiasTile_Nof_step_rom_ROM_AUTO_1R' using auto ROMs.
INFO: [HLS 200-111] Finished Creating RTL model: CPU user time: 0 seconds. CPU system time: 0 seconds. Elapsed time: 1.402 seconds; current allocated memory: 659.730 MB.
INFO: [HLS 200-10] ----------------------------------------------------------------
INFO: [HLS 200-10] -- Generating RTL for module 'wndClc_ctrl' 
INFO: [HLS 200-10] ----------------------------------------------------------------
WARNING: [RTGEN 206-101] Register 'Toy_step_i' is power-on initialization.
WARNING: [RTGEN 206-101] Register 'Tox_step_i' is power-on initialization.
WARNING: [RTGEN 206-101] Register 'Tof_step_i' is power-on initialization.
INFO: [RTGEN 206-100] Generating core module 'mul_32s_6ns_32_1_1': 1 instance(s).
INFO: [RTGEN 206-100] Finished creating RTL model for 'wndClc_ctrl'.
INFO: [HLS 200-111] Finished Creating RTL model: CPU user time: 1 seconds. CPU system time: 0 seconds. Elapsed time: 0.6 seconds; current allocated memory: 666.887 MB.
INFO: [HLS 200-10] ----------------------------------------------------------------
INFO: [HLS 200-10] -- Generating RTL for module 'wndClc_Dfl_Pipeline_Region1' 
INFO: [HLS 200-10] ----------------------------------------------------------------
WARNING: [RTGEN 206-101] Register 'p_ZZ8InBuf2PeiiiiiiPA12800_A7_6ap_intILi32EEPS1_PA7_N3hls6streamIS0_Li4EEEE12Inte_48' is power-on initialization.
WARNING: [RTGEN 206-101] Register 'p_ZZ8InBuf2PeiiiiiiPA12800_A7_6ap_intILi32EEPS1_PA7_N3hls6streamIS0_Li4EEEE12Inte_47' is power-on initialization.
WARNING: [RTGEN 206-101] Register 'p_ZZ8InBuf2PeiiiiiiPA12800_A7_6ap_intILi32EEPS1_PA7_N3hls6streamIS0_Li4EEEE12Inte_46' is power-on initialization.
WARNING: [RTGEN 206-101] Register 'p_ZZ8InBuf2PeiiiiiiPA12800_A7_6ap_intILi32EEPS1_PA7_N3hls6streamIS0_Li4EEEE12Inte_45' is power-on initialization.
WARNING: [RTGEN 206-101] Register 'p_ZZ8InBuf2PeiiiiiiPA12800_A7_6ap_intILi32EEPS1_PA7_N3hls6streamIS0_Li4EEEE12Inte_44' is power-on initialization.
WARNING: [RTGEN 206-101] Register 'p_ZZ8InBuf2PeiiiiiiPA12800_A7_6ap_intILi32EEPS1_PA7_N3hls6streamIS0_Li4EEEE12Inte_43' is power-on initialization.
WARNING: [RTGEN 206-101] Register 'p_ZZ8InBuf2PeiiiiiiPA12800_A7_6ap_intILi32EEPS1_PA7_N3hls6streamIS0_Li4EEEE12Inte_42' is power-on initialization.
WARNING: [RTGEN 206-101] Register 'p_ZZ8InBuf2PeiiiiiiPA12800_A7_6ap_intILi32EEPS1_PA7_N3hls6streamIS0_Li4EEEE12Inte_41' is power-on initialization.
WARNING: [RTGEN 206-101] Register 'p_ZZ8InBuf2PeiiiiiiPA12800_A7_6ap_intILi32EEPS1_PA7_N3hls6streamIS0_Li4EEEE12Inte_40' is power-on initialization.
WARNING: [RTGEN 206-101] Register 'p_ZZ8InBuf2PeiiiiiiPA12800_A7_6ap_intILi32EEPS1_PA7_N3hls6streamIS0_Li4EEEE12Inte_39' is power-on initialization.
WARNING: [RTGEN 206-101] Register 'p_ZZ8InBuf2PeiiiiiiPA12800_A7_6ap_intILi32EEPS1_PA7_N3hls6streamIS0_Li4EEEE12Inte_38' is power-on initialization.
WARNING: [RTGEN 206-101] Register 'p_ZZ8InBuf2PeiiiiiiPA12800_A7_6ap_intILi32EEPS1_PA7_N3hls6streamIS0_Li4EEEE12Inte_37' is power-on initialization.
WARNING: [RTGEN 206-101] Register 'p_ZZ8InBuf2PeiiiiiiPA12800_A7_6ap_intILi32EEPS1_PA7_N3hls6streamIS0_Li4EEEE12Inte_36' is power-on initialization.
WARNING: [RTGEN 206-101] Register 'p_ZZ8InBuf2PeiiiiiiPA12800_A7_6ap_intILi32EEPS1_PA7_N3hls6streamIS0_Li4EEEE12Inte_35' is power-on initialization.
WARNING: [RTGEN 206-101] Register 'p_ZZ8InBuf2PeiiiiiiPA12800_A7_6ap_intILi32EEPS1_PA7_N3hls6streamIS0_Li4EEEE12Inte_34' is power-on initialization.
WARNING: [RTGEN 206-101] Register 'p_ZZ8InBuf2PeiiiiiiPA12800_A7_6ap_intILi32EEPS1_PA7_N3hls6streamIS0_Li4EEEE12Inte_33' is power-on initialization.
WARNING: [RTGEN 206-101] Register 'p_ZZ8InBuf2PeiiiiiiPA12800_A7_6ap_intILi32EEPS1_PA7_N3hls6streamIS0_Li4EEEE12Inte_32' is power-on initialization.
WARNING: [RTGEN 206-101] Register 'p_ZZ8InBuf2PeiiiiiiPA12800_A7_6ap_intILi32EEPS1_PA7_N3hls6streamIS0_Li4EEEE12Inte_31' is power-on initialization.
WARNING: [RTGEN 206-101] Register 'p_ZZ8InBuf2PeiiiiiiPA12800_A7_6ap_intILi32EEPS1_PA7_N3hls6streamIS0_Li4EEEE12Inte_30' is power-on initialization.
WARNING: [RTGEN 206-101] Register 'p_ZZ8InBuf2PeiiiiiiPA12800_A7_6ap_intILi32EEPS1_PA7_N3hls6streamIS0_Li4EEEE12Inte_29' is power-on initialization.
WARNING: [RTGEN 206-101] Register 'p_ZZ8InBuf2PeiiiiiiPA12800_A7_6ap_intILi32EEPS1_PA7_N3hls6streamIS0_Li4EEEE12Inte_28' is power-on initialization.
WARNING: [RTGEN 206-101] Register 'p_ZZ8InBuf2PeiiiiiiPA12800_A7_6ap_intILi32EEPS1_PA7_N3hls6streamIS0_Li4EEEE12Inte_27' is power-on initialization.
WARNING: [RTGEN 206-101] Register 'p_ZZ8InBuf2PeiiiiiiPA12800_A7_6ap_intILi32EEPS1_PA7_N3hls6streamIS0_Li4EEEE12Inte_26' is power-on initialization.
WARNING: [RTGEN 206-101] Register 'p_ZZ8InBuf2PeiiiiiiPA12800_A7_6ap_intILi32EEPS1_PA7_N3hls6streamIS0_Li4EEEE12Inte_25' is power-on initialization.
WARNING: [RTGEN 206-101] Register 'p_ZZ8InBuf2PeiiiiiiPA12800_A7_6ap_intILi32EEPS1_PA7_N3hls6streamIS0_Li4EEEE12Inte_24' is power-on initialization.
WARNING: [RTGEN 206-101] Register 'p_ZZ8InBuf2PeiiiiiiPA12800_A7_6ap_intILi32EEPS1_PA7_N3hls6streamIS0_Li4EEEE12Inte_23' is power-on initialization.
WARNING: [RTGEN 206-101] Register 'p_ZZ8InBuf2PeiiiiiiPA12800_A7_6ap_intILi32EEPS1_PA7_N3hls6streamIS0_Li4EEEE12Inte_22' is power-on initialization.
WARNING: [RTGEN 206-101] Register 'p_ZZ8InBuf2PeiiiiiiPA12800_A7_6ap_intILi32EEPS1_PA7_N3hls6streamIS0_Li4EEEE12Inte_21' is power-on initialization.
WARNING: [RTGEN 206-101] Register 'p_ZZ8InBuf2PeiiiiiiPA12800_A7_6ap_intILi32EEPS1_PA7_N3hls6streamIS0_Li4EEEE12Inte_20' is power-on initialization.
WARNING: [RTGEN 206-101] Register 'p_ZZ8InBuf2PeiiiiiiPA12800_A7_6ap_intILi32EEPS1_PA7_N3hls6streamIS0_Li4EEEE12Inte_19' is power-on initialization.
WARNING: [RTGEN 206-101] Register 'p_ZZ8InBuf2PeiiiiiiPA12800_A7_6ap_intILi32EEPS1_PA7_N3hls6streamIS0_Li4EEEE12Inte_18' is power-on initialization.
WARNING: [RTGEN 206-101] Register 'p_ZZ8InBuf2PeiiiiiiPA12800_A7_6ap_intILi32EEPS1_PA7_N3hls6streamIS0_Li4EEEE12Inte_17' is power-on initialization.
WARNING: [RTGEN 206-101] Register 'p_ZZ8InBuf2PeiiiiiiPA12800_A7_6ap_intILi32EEPS1_PA7_N3hls6streamIS0_Li4EEEE12Inte_16' is power-on initialization.
WARNING: [RTGEN 206-101] Register 'p_ZZ8InBuf2PeiiiiiiPA12800_A7_6ap_intILi32EEPS1_PA7_N3hls6streamIS0_Li4EEEE12Inte_15' is power-on initialization.
WARNING: [RTGEN 206-101] Register 'p_ZZ8InBuf2PeiiiiiiPA12800_A7_6ap_intILi32EEPS1_PA7_N3hls6streamIS0_Li4EEEE12Inte_14' is power-on initialization.
WARNING: [RTGEN 206-101] Register 'p_ZZ8InBuf2PeiiiiiiPA12800_A7_6ap_intILi32EEPS1_PA7_N3hls6streamIS0_Li4EEEE12Inte_13' is power-on initialization.
WARNING: [RTGEN 206-101] Register 'p_ZZ8InBuf2PeiiiiiiPA12800_A7_6ap_intILi32EEPS1_PA7_N3hls6streamIS0_Li4EEEE12Inte_12' is power-on initialization.
WARNING: [RTGEN 206-101] Register 'p_ZZ8InBuf2PeiiiiiiPA12800_A7_6ap_intILi32EEPS1_PA7_N3hls6streamIS0_Li4EEEE12Inte_11' is power-on initialization.
WARNING: [RTGEN 206-101] Register 'p_ZZ8InBuf2PeiiiiiiPA12800_A7_6ap_intILi32EEPS1_PA7_N3hls6streamIS0_Li4EEEE12Inte_10' is power-on initialization.
WARNING: [RTGEN 206-101] Register 'p_ZZ8InBuf2PeiiiiiiPA12800_A7_6ap_intILi32EEPS1_PA7_N3hls6streamIS0_Li4EEEE12Inte_9' is power-on initialization.
WARNING: [RTGEN 206-101] Register 'p_ZZ8InBuf2PeiiiiiiPA12800_A7_6ap_intILi32EEPS1_PA7_N3hls6streamIS0_Li4EEEE12Inte_8' is power-on initialization.
WARNING: [RTGEN 206-101] Register 'p_ZZ8InBuf2PeiiiiiiPA12800_A7_6ap_intILi32EEPS1_PA7_N3hls6streamIS0_Li4EEEE12Inte_6' is power-on initialization.
WARNING: [RTGEN 206-101] Register 'p_ZZ8InBuf2PeiiiiiiPA12800_A7_6ap_intILi32EEPS1_PA7_N3hls6streamIS0_Li4EEEE12Inte_5' is power-on initialization.
WARNING: [RTGEN 206-101] Register 'p_ZZ8InBuf2PeiiiiiiPA12800_A7_6ap_intILi32EEPS1_PA7_N3hls6streamIS0_Li4EEEE12Inte_4' is power-on initialization.
WARNING: [RTGEN 206-101] Register 'p_ZZ8InBuf2PeiiiiiiPA12800_A7_6ap_intILi32EEPS1_PA7_N3hls6streamIS0_Li4EEEE12Inte_3' is power-on initialization.
WARNING: [RTGEN 206-101] Register 'p_ZZ8InBuf2PeiiiiiiPA12800_A7_6ap_intILi32EEPS1_PA7_N3hls6streamIS0_Li4EEEE12Inte_2' is power-on initialization.
WARNING: [RTGEN 206-101] Register 'p_ZZ8InBuf2PeiiiiiiPA12800_A7_6ap_intILi32EEPS1_PA7_N3hls6streamIS0_Li4EEEE12Inte_1' is power-on initialization.
WARNING: [RTGEN 206-101] Register 'guard_variable_for_InBuf2Pe_wrapper_int_int_int_int_int_int_ap_int_12800_7' is power-on initialization.
WARNING: [RTGEN 206-101] Register 'Nky_i' is power-on initialization.
WARNING: [RTGEN 206-101] Register 'Nif_i' is power-on initialization.
WARNING: [RTGEN 206-101] Register 'Nkx_i' is power-on initialization.
INFO: [HLS 200-1030] Apply Unified Pipeline Control on module 'wndClc_Dfl_Pipeline_Region1' pipeline 'Region1' pipeline type 'loop pipeline'
INFO: [RTGEN 206-104] Estimated max fanout for 'wndClc_Dfl_Pipeline_Region1' is 12608 from HDL expression: ((ap_loop_init == 1'b1) & (1'b1 == ap_CS_fsm_pp0_stage0))
INFO: [RTGEN 206-100] Generating core module 'mul_32s_32s_32_1_1': 392 instance(s).
INFO: [RTGEN 206-100] Generating core module 'sparsemux_15_3_32_1_1': 28 instance(s).
INFO: [RTGEN 206-100] Generating core module 'sparsemux_9_3_32_1_1': 1 instance(s).
INFO: [RTGEN 206-100] Finished creating RTL model for 'wndClc_Dfl_Pipeline_Region1'.
INFO: [HLS 200-111] Finished Creating RTL model: CPU user time: 2 seconds. CPU system time: 1 seconds. Elapsed time: 3.731 seconds; current allocated memory: 698.406 MB.
INFO: [HLS 200-10] ----------------------------------------------------------------
INFO: [HLS 200-10] -- Generating RTL for module 'wndClc_Dfl' 
INFO: [HLS 200-10] ----------------------------------------------------------------
WARNING: [RTGEN 206-101] Register 'row_wtlocal' is power-on initialization.
WARNING: [RTGEN 206-101] Register 'p_ZZ8InBuf2PeiiiiiiPA12800_A7_6ap_intILi32EEPS1_PA7_N3hls6streamIS0_Li4EEEE12Inte_7' is power-on initialization.
WARNING: [RTGEN 206-101] Register 'p_ZZ8InBuf2PeiiiiiiPA12800_A7_6ap_intILi32EEPS1_PA7_N3hls6streamIS0_Li4EEEE12Inte' is power-on initialization.
INFO: [RTGEN 206-104] Estimated max fanout for 'wndClc_Dfl' is 12545 from HDL expression: (1'b1 == ap_CS_fsm_state4)
INFO: [RTGEN 206-100] Generating core module 'mul_3ns_6ns_8_1_1': 1 instance(s).
INFO: [RTGEN 206-100] Finished creating RTL model for 'wndClc_Dfl'.
INFO: [RTMG 210-285] Implementing FIFO 'p_ZZ16InBuf2Pe_wrapperiiiiiiPA12800_A7_6ap_intILi32EEPS1_E8FIFO_arr_0_0_U(ConvLayer_fifo_w32_d4_S)' using Shift Registers.
INFO: [RTMG 210-285] Implementing FIFO 'p_ZZ16InBuf2Pe_wrapperiiiiiiPA12800_A7_6ap_intILi32EEPS1_E8FIFO_arr_0_1_U(ConvLayer_fifo_w32_d4_S)' using Shift Registers.
INFO: [RTMG 210-285] Implementing FIFO 'p_ZZ16InBuf2Pe_wrapperiiiiiiPA12800_A7_6ap_intILi32EEPS1_E8FIFO_arr_0_2_U(ConvLayer_fifo_w32_d4_S)' using Shift Registers.
INFO: [RTMG 210-285] Implementing FIFO 'p_ZZ16InBuf2Pe_wrapperiiiiiiPA12800_A7_6ap_intILi32EEPS1_E8FIFO_arr_0_3_U(ConvLayer_fifo_w32_d4_S)' using Shift Registers.
INFO: [RTMG 210-285] Implementing FIFO 'p_ZZ16InBuf2Pe_wrapperiiiiiiPA12800_A7_6ap_intILi32EEPS1_E8FIFO_arr_0_4_U(ConvLayer_fifo_w32_d4_S)' using Shift Registers.
INFO: [RTMG 210-285] Implementing FIFO 'p_ZZ16InBuf2Pe_wrapperiiiiiiPA12800_A7_6ap_intILi32EEPS1_E8FIFO_arr_0_5_U(ConvLayer_fifo_w32_d4_S)' using Shift Registers.
INFO: [RTMG 210-285] Implementing FIFO 'p_ZZ16InBuf2Pe_wrapperiiiiiiPA12800_A7_6ap_intILi32EEPS1_E8FIFO_arr_0_6_U(ConvLayer_fifo_w32_d4_S)' using Shift Registers.
INFO: [RTMG 210-285] Implementing FIFO 'p_ZZ16InBuf2Pe_wrapperiiiiiiPA12800_A7_6ap_intILi32EEPS1_E8FIFO_arr_1_0_U(ConvLayer_fifo_w32_d4_S)' using Shift Registers.
INFO: [RTMG 210-285] Implementing FIFO 'p_ZZ16InBuf2Pe_wrapperiiiiiiPA12800_A7_6ap_intILi32EEPS1_E8FIFO_arr_1_1_U(ConvLayer_fifo_w32_d4_S)' using Shift Registers.
INFO: [RTMG 210-285] Implementing FIFO 'p_ZZ16InBuf2Pe_wrapperiiiiiiPA12800_A7_6ap_intILi32EEPS1_E8FIFO_arr_1_2_U(ConvLayer_fifo_w32_d4_S)' using Shift Registers.
INFO: [RTMG 210-285] Implementing FIFO 'p_ZZ16InBuf2Pe_wrapperiiiiiiPA12800_A7_6ap_intILi32EEPS1_E8FIFO_arr_1_3_U(ConvLayer_fifo_w32_d4_S)' using Shift Registers.
INFO: [RTMG 210-285] Implementing FIFO 'p_ZZ16InBuf2Pe_wrapperiiiiiiPA12800_A7_6ap_intILi32EEPS1_E8FIFO_arr_1_4_U(ConvLayer_fifo_w32_d4_S)' using Shift Registers.
INFO: [RTMG 210-285] Implementing FIFO 'p_ZZ16InBuf2Pe_wrapperiiiiiiPA12800_A7_6ap_intILi32EEPS1_E8FIFO_arr_1_5_U(ConvLayer_fifo_w32_d4_S)' using Shift Registers.
INFO: [RTMG 210-285] Implementing FIFO 'p_ZZ16InBuf2Pe_wrapperiiiiiiPA12800_A7_6ap_intILi32EEPS1_E8FIFO_arr_1_6_U(ConvLayer_fifo_w32_d4_S)' using Shift Registers.
INFO: [RTMG 210-285] Implementing FIFO 'p_ZZ16InBuf2Pe_wrapperiiiiiiPA12800_A7_6ap_intILi32EEPS1_E8FIFO_arr_2_0_U(ConvLayer_fifo_w32_d4_S)' using Shift Registers.
INFO: [RTMG 210-285] Implementing FIFO 'p_ZZ16InBuf2Pe_wrapperiiiiiiPA12800_A7_6ap_intILi32EEPS1_E8FIFO_arr_2_1_U(ConvLayer_fifo_w32_d4_S)' using Shift Registers.
INFO: [RTMG 210-285] Implementing FIFO 'p_ZZ16InBuf2Pe_wrapperiiiiiiPA12800_A7_6ap_intILi32EEPS1_E8FIFO_arr_2_2_U(ConvLayer_fifo_w32_d4_S)' using Shift Registers.
INFO: [RTMG 210-285] Implementing FIFO 'p_ZZ16InBuf2Pe_wrapperiiiiiiPA12800_A7_6ap_intILi32EEPS1_E8FIFO_arr_2_3_U(ConvLayer_fifo_w32_d4_S)' using Shift Registers.
INFO: [RTMG 210-285] Implementing FIFO 'p_ZZ16InBuf2Pe_wrapperiiiiiiPA12800_A7_6ap_intILi32EEPS1_E8FIFO_arr_2_4_U(ConvLayer_fifo_w32_d4_S)' using Shift Registers.
INFO: [RTMG 210-285] Implementing FIFO 'p_ZZ16InBuf2Pe_wrapperiiiiiiPA12800_A7_6ap_intILi32EEPS1_E8FIFO_arr_2_5_U(ConvLayer_fifo_w32_d4_S)' using Shift Registers.
INFO: [RTMG 210-285] Implementing FIFO 'p_ZZ16InBuf2Pe_wrapperiiiiiiPA12800_A7_6ap_intILi32EEPS1_E8FIFO_arr_2_6_U(ConvLayer_fifo_w32_d4_S)' using Shift Registers.
INFO: [RTMG 210-285] Implementing FIFO 'p_ZZ16InBuf2Pe_wrapperiiiiiiPA12800_A7_6ap_intILi32EEPS1_E8FIFO_arr_3_0_U(ConvLayer_fifo_w32_d4_S)' using Shift Registers.
INFO: [RTMG 210-285] Implementing FIFO 'p_ZZ16InBuf2Pe_wrapperiiiiiiPA12800_A7_6ap_intILi32EEPS1_E8FIFO_arr_3_1_U(ConvLayer_fifo_w32_d4_S)' using Shift Registers.
INFO: [RTMG 210-285] Implementing FIFO 'p_ZZ16InBuf2Pe_wrapperiiiiiiPA12800_A7_6ap_intILi32EEPS1_E8FIFO_arr_3_2_U(ConvLayer_fifo_w32_d4_S)' using Shift Registers.
INFO: [RTMG 210-285] Implementing FIFO 'p_ZZ16InBuf2Pe_wrapperiiiiiiPA12800_A7_6ap_intILi32EEPS1_E8FIFO_arr_3_3_U(ConvLayer_fifo_w32_d4_S)' using Shift Registers.
INFO: [RTMG 210-285] Implementing FIFO 'p_ZZ16InBuf2Pe_wrapperiiiiiiPA12800_A7_6ap_intILi32EEPS1_E8FIFO_arr_3_4_U(ConvLayer_fifo_w32_d4_S)' using Shift Registers.
INFO: [RTMG 210-285] Implementing FIFO 'p_ZZ16InBuf2Pe_wrapperiiiiiiPA12800_A7_6ap_intILi32EEPS1_E8FIFO_arr_3_5_U(ConvLayer_fifo_w32_d4_S)' using Shift Registers.
INFO: [RTMG 210-285] Implementing FIFO 'p_ZZ16InBuf2Pe_wrapperiiiiiiPA12800_A7_6ap_intILi32EEPS1_E8FIFO_arr_3_6_U(ConvLayer_fifo_w32_d4_S)' using Shift Registers.
INFO: [RTMG 210-285] Implementing FIFO 'p_ZZ16InBuf2Pe_wrapperiiiiiiPA12800_A7_6ap_intILi32EEPS1_E8FIFO_arr_4_0_U(ConvLayer_fifo_w32_d4_S)' using Shift Registers.
INFO: [RTMG 210-285] Implementing FIFO 'p_ZZ16InBuf2Pe_wrapperiiiiiiPA12800_A7_6ap_intILi32EEPS1_E8FIFO_arr_4_1_U(ConvLayer_fifo_w32_d4_S)' using Shift Registers.
INFO: [RTMG 210-285] Implementing FIFO 'p_ZZ16InBuf2Pe_wrapperiiiiiiPA12800_A7_6ap_intILi32EEPS1_E8FIFO_arr_4_2_U(ConvLayer_fifo_w32_d4_S)' using Shift Registers.
INFO: [RTMG 210-285] Implementing FIFO 'p_ZZ16InBuf2Pe_wrapperiiiiiiPA12800_A7_6ap_intILi32EEPS1_E8FIFO_arr_4_3_U(ConvLayer_fifo_w32_d4_S)' using Shift Registers.
INFO: [RTMG 210-285] Implementing FIFO 'p_ZZ16InBuf2Pe_wrapperiiiiiiPA12800_A7_6ap_intILi32EEPS1_E8FIFO_arr_4_4_U(ConvLayer_fifo_w32_d4_S)' using Shift Registers.
INFO: [RTMG 210-285] Implementing FIFO 'p_ZZ16InBuf2Pe_wrapperiiiiiiPA12800_A7_6ap_intILi32EEPS1_E8FIFO_arr_4_5_U(ConvLayer_fifo_w32_d4_S)' using Shift Registers.
INFO: [RTMG 210-285] Implementing FIFO 'p_ZZ16InBuf2Pe_wrapperiiiiiiPA12800_A7_6ap_intILi32EEPS1_E8FIFO_arr_4_6_U(ConvLayer_fifo_w32_d4_S)' using Shift Registers.
INFO: [RTMG 210-285] Implementing FIFO 'p_ZZ16InBuf2Pe_wrapperiiiiiiPA12800_A7_6ap_intILi32EEPS1_E8FIFO_arr_5_0_U(ConvLayer_fifo_w32_d4_S)' using Shift Registers.
INFO: [RTMG 210-285] Implementing FIFO 'p_ZZ16InBuf2Pe_wrapperiiiiiiPA12800_A7_6ap_intILi32EEPS1_E8FIFO_arr_5_1_U(ConvLayer_fifo_w32_d4_S)' using Shift Registers.
INFO: [RTMG 210-285] Implementing FIFO 'p_ZZ16InBuf2Pe_wrapperiiiiiiPA12800_A7_6ap_intILi32EEPS1_E8FIFO_arr_5_2_U(ConvLayer_fifo_w32_d4_S)' using Shift Registers.
INFO: [RTMG 210-285] Implementing FIFO 'p_ZZ16InBuf2Pe_wrapperiiiiiiPA12800_A7_6ap_intILi32EEPS1_E8FIFO_arr_5_3_U(ConvLayer_fifo_w32_d4_S)' using Shift Registers.
INFO: [RTMG 210-285] Implementing FIFO 'p_ZZ16InBuf2Pe_wrapperiiiiiiPA12800_A7_6ap_intILi32EEPS1_E8FIFO_arr_5_4_U(ConvLayer_fifo_w32_d4_S)' using Shift Registers.
INFO: [RTMG 210-285] Implementing FIFO 'p_ZZ16InBuf2Pe_wrapperiiiiiiPA12800_A7_6ap_intILi32EEPS1_E8FIFO_arr_5_5_U(ConvLayer_fifo_w32_d4_S)' using Shift Registers.
INFO: [RTMG 210-285] Implementing FIFO 'p_ZZ16InBuf2Pe_wrapperiiiiiiPA12800_A7_6ap_intILi32EEPS1_E8FIFO_arr_5_6_U(ConvLayer_fifo_w32_d4_S)' using Shift Registers.
INFO: [HLS 200-111] Finished Creating RTL model: CPU user time: 40 seconds. CPU system time: 3 seconds. Elapsed time: 49.11 seconds; current allocated memory: 1.267 GB.
INFO: [HLS 200-10] ----------------------------------------------------------------
INFO: [HLS 200-10] -- Generating RTL for module 'bias_ReLu' 
INFO: [HLS 200-10] ----------------------------------------------------------------
WARNING: [RTGEN 206-101] Register 'POFBANK_STEP_i' is power-on initialization.
WARNING: [RTGEN 206-101] Register 'Poy_i' is power-on initialization.
INFO: [RTGEN 206-100] Generating core module 'sparsemux_257_8_2_1_1': 2 instance(s).
INFO: [RTGEN 206-100] Finished creating RTL model for 'bias_ReLu'.
INFO: [HLS 200-111] Finished Creating RTL model: CPU user time: 1 seconds. CPU system time: 0 seconds. Elapsed time: 1.923 seconds; current allocated memory: 1.274 GB.
INFO: [HLS 200-10] ----------------------------------------------------------------
INFO: [HLS 200-10] -- Generating RTL for module 'Pe2Buf_Pipeline_loop_Pe2Buf_PofBankStep_loop_Pe2Buf_Poy' 
INFO: [HLS 200-10] ----------------------------------------------------------------
INFO: [HLS 200-1030] Apply Unified Pipeline Control on module 'Pe2Buf_Pipeline_loop_Pe2Buf_PofBankStep_loop_Pe2Buf_Poy' pipeline 'loop_Pe2Buf_PofBankStep_loop_Pe2Buf_Poy' pipeline type 'loop pipeline'
INFO: [RTGEN 206-100] Generating core module 'mac_muladd_6ns_3ns_15ns_15_4_1': 1 instance(s).
INFO: [RTGEN 206-100] Generating core module 'sparsemux_15_3_32_1_1': 56 instance(s).
INFO: [RTGEN 206-100] Generating core module 'sparsemux_9_2_32_1_1': 14 instance(s).
INFO: [RTGEN 206-100] Finished creating RTL model for 'Pe2Buf_Pipeline_loop_Pe2Buf_PofBankStep_loop_Pe2Buf_Poy'.
INFO: [HLS 200-111] Finished Creating RTL model: CPU user time: 1 seconds. CPU system time: 1 seconds. Elapsed time: 1.564 seconds; current allocated memory: 1.274 GB.
INFO: [HLS 200-10] ----------------------------------------------------------------
INFO: [HLS 200-10] -- Generating RTL for module 'Pe2Buf' 
INFO: [HLS 200-10] ----------------------------------------------------------------
WARNING: [RTGEN 206-101] Register 'Toy_step_i_1' is power-on initialization.
WARNING: [RTGEN 206-101] Register 'Tox_step_i_1' is power-on initialization.
WARNING: [RTGEN 206-101] Register 'Tof_step_i_1' is power-on initialization.
WARNING: [RTGEN 206-101] Register 'rowStep' is power-on initialization.
INFO: [RTGEN 206-100] Generating core module 'mul_6ns_5ns_10_1_1': 1 instance(s).
INFO: [RTGEN 206-100] Finished creating RTL model for 'Pe2Buf'.
INFO: [HLS 200-111] Finished Creating RTL model: CPU user time: 1 seconds. CPU system time: 0 seconds. Elapsed time: 1.465 seconds; current allocated memory: 1.294 GB.
INFO: [HLS 200-10] ----------------------------------------------------------------
INFO: [HLS 200-10] -- Generating RTL for module 'tileClc' 
INFO: [HLS 200-10] ----------------------------------------------------------------
WARNING: [RTGEN 206-101] Register 'layerNo' is power-on initialization.
WARNING: [RTGEN 206-101] Register 'tileclc_loop_limit' is power-on initialization.
WARNING: [RTGEN 206-101] Register 'wndclc_loop_limit' is power-on initialization.
WARNING: [RTGEN 206-101] Register 'wtbuf2pe_loop_limit' is power-on initialization.
WARNING: [RTGEN 206-101] Register 'Nif' is power-on initialization.
WARNING: [RTGEN 206-101] Register 'Toy' is power-on initialization.
WARNING: [RTGEN 206-101] Register 'Toy_step' is power-on initialization.
WARNING: [RTGEN 206-101] Register 'Tox_step' is power-on initialization.
WARNING: [RTGEN 206-101] Register 'Tof_step' is power-on initialization.
WARNING: [RTGEN 206-101] Register 'wrd_1row' is power-on initialization.
WARNING: [RTGEN 206-101] Register 'row_1map' is power-on initialization.
WARNING: [RTGEN 206-101] Register 'pe2buf_addr_offset1' is power-on initialization.
WARNING: [RTGEN 206-101] Register 'pe2buf_addr_offset2' is power-on initialization.
WARNING: [RTGEN 206-101] Register 'pe2buf_addr_offset3' is power-on initialization.
WARNING: [RTGEN 206-101] Register 'bit_shift' is power-on initialization.
INFO: [RTGEN 206-104] Estimated max fanout for 'tileClc' is 13423 from HDL expression: (1'b1 == ap_CS_fsm_state4)
INFO: [RTGEN 206-100] Finished creating RTL model for 'tileClc'.
INFO: [RTMG 210-279] Implementing memory 'ConvLayer_tileClc_tileclc_loop_limit_rom_ROM_AUTO_1R' using auto ROMs.
INFO: [RTMG 210-279] Implementing memory 'ConvLayer_tileClc_wndclc_loop_limit_rom_ROM_AUTO_1R' using auto ROMs.
INFO: [RTMG 210-279] Implementing memory 'ConvLayer_tileClc_wtbuf2pe_loop_limit_rom_ROM_AUTO_1R' using auto ROMs.
INFO: [RTMG 210-279] Implementing memory 'ConvLayer_tileClc_toy_step_rom_ROM_AUTO_1R' using auto ROMs.
INFO: [RTMG 210-279] Implementing memory 'ConvLayer_tileClc_pe2buf_addr_offset1_rom_ROM_AUTO_1R' using auto ROMs.
INFO: [RTMG 210-279] Implementing memory 'ConvLayer_tileClc_pe2buf_addr_offset2_rom_ROM_AUTO_1R' using auto ROMs.
INFO: [RTMG 210-279] Implementing memory 'ConvLayer_tileClc_pe2buf_addr_offset3_rom_ROM_AUTO_1R' using auto ROMs.
INFO: [RTMG 210-279] Implementing memory 'ConvLayer_tileClc_bit_shift_rom_ROM_AUTO_1R' using auto ROMs.
INFO: [HLS 200-111] Finished Creating RTL model: CPU user time: 20 seconds. CPU system time: 0 seconds. Elapsed time: 22.103 seconds; current allocated memory: 1.499 GB.
INFO: [HLS 200-10] ----------------------------------------------------------------
INFO: [HLS 200-10] -- Generating RTL for module 'storeMap_Pipeline_Loop_Tof_Loop_Toy_Loop_Tox' 
INFO: [HLS 200-10] ----------------------------------------------------------------
INFO: [HLS 200-1030] Apply Unified Pipeline Control on module 'storeMap_Pipeline_Loop_Tof_Loop_Toy_Loop_Tox' pipeline 'Loop_Tof_Loop_Toy_Loop_Tox' pipeline type 'loop pipeline'
INFO: [RTGEN 206-100] Generating core module 'mul_33s_8ns_41_1_1': 1 instance(s).
INFO: [RTGEN 206-100] Generating core module 'mul_41s_8ns_49_1_1': 1 instance(s).
INFO: [RTGEN 206-100] Generating core module 'sparsemux_15_3_32_1_1': 2 instance(s).
INFO: [RTGEN 206-100] Finished creating RTL model for 'storeMap_Pipeline_Loop_Tof_Loop_Toy_Loop_Tox'.
INFO: [HLS 200-111] Finished Creating RTL model: CPU user time: 1 seconds. CPU system time: 1 seconds. Elapsed time: 1.959 seconds; current allocated memory: 1.513 GB.
INFO: [HLS 200-10] ----------------------------------------------------------------
INFO: [HLS 200-10] -- Generating RTL for module 'storeMap' 
INFO: [HLS 200-10] ----------------------------------------------------------------
WARNING: [RTGEN 206-101] Register 'layerNo_1' is power-on initialization.
WARNING: [RTGEN 206-101] Register 'Noy' is power-on initialization.
WARNING: [RTGEN 206-101] Register 'Tof' is power-on initialization.
WARNING: [RTGEN 206-101] Register 'Toy_1' is power-on initialization.
WARNING: [RTGEN 206-101] Register 'Tox' is power-on initialization.
WARNING: [RTGEN 206-101] Register 'wrd_1rowOut' is power-on initialization.
WARNING: [RTGEN 206-101] Register 'tileCount' is power-on initialization.
WARNING: [RTGEN 206-101] Register 'NofFirst_r' is power-on initialization.
INFO: [RTGEN 206-100] Generating core module 'mul_5ns_32s_32_1_1': 1 instance(s).
INFO: [RTGEN 206-100] Generating core module 'mul_6ns_5ns_10_1_1': 1 instance(s).
INFO: [RTGEN 206-100] Generating core module 'mul_8ns_5ns_13_1_1': 1 instance(s).
INFO: [RTGEN 206-100] Generating core module 'mul_9ns_13ns_21_1_1': 1 instance(s).
INFO: [RTGEN 206-100] Generating core module 'mul_9ns_32s_32_1_1': 1 instance(s).
INFO: [RTGEN 206-100] Finished creating RTL model for 'storeMap'.
INFO: [HLS 200-111] Finished Creating RTL model: CPU user time: 0 seconds. CPU system time: 0 seconds. Elapsed time: 0.626 seconds; current allocated memory: 1.513 GB.
INFO: [HLS 200-10] ----------------------------------------------------------------
INFO: [HLS 200-10] -- Generating RTL for module 'ConvLayer' 
INFO: [HLS 200-10] ----------------------------------------------------------------
WARNING: [RTGEN 206-101] Design contains AXI ports. Reset is fixed to synchronous and active low.
INFO: [RTGEN 206-500] Setting interface mode on port 'ConvLayer/gmem' to 'm_axi'.
INFO: [RTGEN 206-500] Setting interface mode on port 'ConvLayer/IfMap' to 's_axilite & ap_none'.
INFO: [RTGEN 206-500] Setting interface mode on port 'ConvLayer/WtMap' to 's_axilite & ap_none'.
INFO: [RTGEN 206-500] Setting interface mode on port 'ConvLayer/OfMap' to 's_axilite & ap_none'.
INFO: [RTGEN 206-500] Setting interface mode on function 'ConvLayer' to 'ap_ctrl_hs'.
WARNING: [RTGEN 206-101] Register 'layerNo_6' is power-on initialization.
INFO: [RTGEN 206-100] Bundling port 'IfMap', 'WtMap' and 'OfMap' to AXI-Lite port control.
INFO: [RTGEN 206-100] Finished creating RTL model for 'ConvLayer'.
INFO: [RTMG 210-279] Implementing memory 'ConvLayer_nofFirst_ROM_AUTO_1R' using auto ROMs.
INFO: [RTMG 210-278] Implementing memory 'ConvLayer_p_ZZ9ConvLayerPK6ap_intILi32EES2_PS0_E5InBuf_0_0_RAM_AUTO_1R1W' using auto RAMs.
INFO: [RTMG 210-278] Implementing memory 'ConvLayer_ConvLayer_ap_int_32_const_ap_int_32_const_ap_int_32_WtBuf_RAM_AUTO_1R1W' using auto RAMs.
INFO: [RTMG 210-279] Implementing memory 'ConvLayer_tof_step_rom_ROM_AUTO_1R' using auto ROMs.
INFO: [RTMG 210-279] Implementing memory 'ConvLayer_Toy_rom_ROM_AUTO_1R' using auto ROMs.
INFO: [RTMG 210-279] Implementing memory 'ConvLayer_tox_step_rom_ROM_AUTO_1R' using auto ROMs.
INFO: [RTMG 210-278] Implementing memory 'ConvLayer_p_ZZ9ConvLayerPK6ap_intILi32EES2_PS0_E6OutBuf_0_0_RAM_AUTO_1R1W' using auto RAMs.
INFO: [RTMG 210-279] Implementing memory 'ConvLayer_nofy_step_rom_ROM_AUTO_1R' using auto ROMs.
INFO: [HLS 200-111] Finished Creating RTL model: CPU user time: 1 seconds. CPU system time: 1 seconds. Elapsed time: 1.016 seconds; current allocated memory: 1.515 GB.
INFO: [HLS 200-111] Finished Generating all RTL models: CPU user time: 2 seconds. CPU system time: 1 seconds. Elapsed time: 5.278 seconds; current allocated memory: 1.536 GB.
INFO: [HLS 200-1603] Design has inferred MAXI bursts and missed bursts, see Vitis HLS GUI synthesis summary report for detailed information.
INFO: [HLS 200-111] Finished Updating report files: CPU user time: 2 seconds. CPU system time: 1 seconds. Elapsed time: 5.213 seconds; current allocated memory: 1.568 GB.
INFO: [VHDL 208-304] Generating VHDL RTL for ConvLayer.
INFO: [VLOG 209-307] Generating Verilog RTL for ConvLayer.
INFO: [HLS 200-790] **** Loop Constraint Status: All loop constraints were satisfied.
INFO: [HLS 200-789] **** Estimated Fmax: 136.99 MHz
INFO: [HLS 200-112] Total CPU user time: 124 seconds. Total CPU system time: 15 seconds. Total elapsed time: 229.579 seconds; peak allocated memory: 1.568 GB.
INFO: [v++ 60-791] Total elapsed time: 0h 3m 56s
