  **** HLS Build v2025.1 6135595
INFO: [HLS 200-2005] Using work_dir C:/Users/arisi/Documents/VitisWorkspace/VGGHLS-TX/TL_Base/ConvLayer 
INFO: [HLS 200-2176] Writing Vitis IDE component file C:/Users/arisi/Documents/VitisWorkspace/VGGHLS-TX/TL_Base/ConvLayer/vitis-comp.json
INFO: [HLS 200-10] Creating and opening component 'C:/Users/arisi/Documents/VitisWorkspace/VGGHLS-TX/TL_Base/ConvLayer'.
INFO: [HLS 200-1505] Using default flow_target 'vivado'
Resolution: For help on HLS 200-1505 see docs.xilinx.com/access/sources/dita/topic?Doc_Version=2025.1%20English&url=ug1448-hls-guidance&resourceid=200-1505.html
INFO: [HLS 200-2174] Applying component config ini file C:/Users/arisi/Documents/VitisWorkspace/VGGHLS-TX/TL_Base/hls_config.cfg
INFO: [HLS 200-1465] Applying config ini 'syn.file=../src_files/Main_Code.cpp' from C:/Users/arisi/Documents/VitisWorkspace/VGGHLS-TX/TL_Base/hls_config.cfg(8)
INFO: [HLS 200-10] Adding design file 'C:/Users/arisi/Documents/VitisWorkspace/VGGHLS-TX/src_files/Main_Code.cpp' to the project
INFO: [HLS 200-1465] Applying config ini 'tb.file=../src_files/Auxiliary_Calculations.cpp' from C:/Users/arisi/Documents/VitisWorkspace/VGGHLS-TX/TL_Base/hls_config.cfg(9)
INFO: [HLS 200-10] Adding test bench file 'C:/Users/arisi/Documents/VitisWorkspace/VGGHLS-TX/src_files/Auxiliary_Calculations.cpp' to the project
INFO: [HLS 200-1465] Applying config ini 'tb.file=../src_files/main_tb.cpp' from C:/Users/arisi/Documents/VitisWorkspace/VGGHLS-TX/TL_Base/hls_config.cfg(10)
INFO: [HLS 200-10] Adding test bench file 'C:/Users/arisi/Documents/VitisWorkspace/VGGHLS-TX/src_files/main_tb.cpp' to the project
INFO: [HLS 200-1465] Applying config ini 'tb.file=../src_files/tb_Buf2Pe.cpp' from C:/Users/arisi/Documents/VitisWorkspace/VGGHLS-TX/TL_Base/hls_config.cfg(11)
INFO: [HLS 200-10] Adding test bench file 'C:/Users/arisi/Documents/VitisWorkspace/VGGHLS-TX/src_files/tb_Buf2Pe.cpp' to the project
INFO: [HLS 200-1465] Applying config ini 'tb.file=../src_files/tb_Dfl_ControlLogic.cpp' from C:/Users/arisi/Documents/VitisWorkspace/VGGHLS-TX/TL_Base/hls_config.cfg(12)
INFO: [HLS 200-10] Adding test bench file 'C:/Users/arisi/Documents/VitisWorkspace/VGGHLS-TX/src_files/tb_Dfl_ControlLogic.cpp' to the project
INFO: [HLS 200-1465] Applying config ini 'tb.file=../src_files/tb_fcLayer.cpp' from C:/Users/arisi/Documents/VitisWorkspace/VGGHLS-TX/TL_Base/hls_config.cfg(13)
INFO: [HLS 200-10] Adding test bench file 'C:/Users/arisi/Documents/VitisWorkspace/VGGHLS-TX/src_files/tb_fcLayer.cpp' to the project
INFO: [HLS 200-1465] Applying config ini 'tb.file=../src_files/tb_gap.cpp' from C:/Users/arisi/Documents/VitisWorkspace/VGGHLS-TX/TL_Base/hls_config.cfg(14)
INFO: [HLS 200-10] Adding test bench file 'C:/Users/arisi/Documents/VitisWorkspace/VGGHLS-TX/src_files/tb_gap.cpp' to the project
INFO: [HLS 200-1465] Applying config ini 'tb.file=../src_files/tb_loadbin.cpp' from C:/Users/arisi/Documents/VitisWorkspace/VGGHLS-TX/TL_Base/hls_config.cfg(15)
INFO: [HLS 200-10] Adding test bench file 'C:/Users/arisi/Documents/VitisWorkspace/VGGHLS-TX/src_files/tb_loadbin.cpp' to the project
INFO: [HLS 200-1465] Applying config ini 'tb.file=../src_files/tb_maxPool.cpp' from C:/Users/arisi/Documents/VitisWorkspace/VGGHLS-TX/TL_Base/hls_config.cfg(16)
INFO: [HLS 200-10] Adding test bench file 'C:/Users/arisi/Documents/VitisWorkspace/VGGHLS-TX/src_files/tb_maxPool.cpp' to the project
INFO: [HLS 200-1465] Applying config ini 'tb.file=../src_files/tb_Mem2Buf.cpp' from C:/Users/arisi/Documents/VitisWorkspace/VGGHLS-TX/TL_Base/hls_config.cfg(17)
INFO: [HLS 200-10] Adding test bench file 'C:/Users/arisi/Documents/VitisWorkspace/VGGHLS-TX/src_files/tb_Mem2Buf.cpp' to the project
INFO: [HLS 200-1465] Applying config ini 'tb.file=../src_files/tb_parameters.cpp' from C:/Users/arisi/Documents/VitisWorkspace/VGGHLS-TX/TL_Base/hls_config.cfg(18)
INFO: [HLS 200-10] Adding test bench file 'C:/Users/arisi/Documents/VitisWorkspace/VGGHLS-TX/src_files/tb_parameters.cpp' to the project
INFO: [HLS 200-1465] Applying config ini 'tb.file=../src_files/tb_Top.cpp' from C:/Users/arisi/Documents/VitisWorkspace/VGGHLS-TX/TL_Base/hls_config.cfg(19)
INFO: [HLS 200-10] Adding test bench file 'C:/Users/arisi/Documents/VitisWorkspace/VGGHLS-TX/src_files/tb_Top.cpp' to the project
INFO: [HLS 200-1465] Applying config ini 'tb.file=../src_files/tb_port_widening.cpp' from C:/Users/arisi/Documents/VitisWorkspace/VGGHLS-TX/TL_Base/hls_config.cfg(20)
INFO: [HLS 200-10] Adding test bench file 'C:/Users/arisi/Documents/VitisWorkspace/VGGHLS-TX/src_files/tb_port_widening.cpp' to the project
INFO: [HLS 200-1465] Applying config ini 'syn.top=ConvLayer' from C:/Users/arisi/Documents/VitisWorkspace/VGGHLS-TX/TL_Base/hls_config.cfg(7)
INFO: [HLS 200-1465] Applying config ini 'flow_target=vivado' from C:/Users/arisi/Documents/VitisWorkspace/VGGHLS-TX/TL_Base/hls_config.cfg(4)
INFO: [HLS 200-1505] Using flow_target 'vivado'
Resolution: For help on HLS 200-1505 see docs.xilinx.com/access/sources/dita/topic?Doc_Version=2025.1%20English&url=ug1448-hls-guidance&resourceid=200-1505.html
INFO: [HLS 200-1465] Applying config ini 'part=xcvu9p-flga2104-3-e' from C:/Users/arisi/Documents/VitisWorkspace/VGGHLS-TX/TL_Base/hls_config.cfg(1)
INFO: [HLS 200-1611] Setting target device to 'xcvu9p-flga2104-3-e'
INFO: [HLS 200-1465] Applying config ini 'csim.clean=0' from C:/Users/arisi/Documents/VitisWorkspace/VGGHLS-TX/TL_Base/hls_config.cfg(21)
INFO: [HLS 200-1465] Applying config ini 'package.output.format=ip_catalog' from C:/Users/arisi/Documents/VitisWorkspace/VGGHLS-TX/TL_Base/hls_config.cfg(5)
INFO: [HLS 200-2176] Writing Vitis IDE component file C:/Users/arisi/Documents/VitisWorkspace/VGGHLS-TX/TL_Base/ConvLayer/vitis-comp.json
INFO: [SIM 211-2] *************** CSIM start ***************
INFO: [SIM 211-4] CSIM will launch CLANG as the compiler.
INFO: [HLS 200-2036] Building debug C Simulation binaries
   Compiling ../../../../../src_files/Main_Code.cpp in debug mode
   Generating csim.exe
In file included from ../../../../../src_files/Main_Code.cpp:1:
In file included from ../../../../../src_files/header.h:7:
In file included from C:/Xilinx/2025.1/Vitis/include/ap_int.h:10:
In file included from C:/Xilinx/2025.1/Vitis/include/etc/ap_common.h:677:
In file included from C:/Xilinx/2025.1/Vitis/include/etc/ap_private.h:68:
In file included from C:/Xilinx/2025.1/Vitis/include/hls_half.h:26:
In file included from C:/Xilinx/2025.1/Vitis/include/etc/hls_half_fpo.h:19:
In file included from C:/Xilinx/2025.1/Vitis/include/hls_fpo.h:140:
In file included from C:/Xilinx/2025.1/Vitis/include/floating_point_v7_1_bitacc_cmodel.h:150:
C:/Xilinx/2025.1/Vitis/include/gmp.h:58:9: warning: '__GMP_LIBGMP_DLL' macro redefined [-Wmacro-redefined]
#define __GMP_LIBGMP_DLL  0
        ^
C:/Xilinx/2025.1/Vitis/include/floating_point_v7_1_bitacc_cmodel.h:142:9: note: previous definition is here
#define __GMP_LIBGMP_DLL 1
        ^
1 warning generated.
*********************************************************************************  Starting Verification. ************************************************************************************
*****  Layer 1  *****
Loaded parameters in mem2Buf, layer:0
Loaded parameters in loadBiasTile, layer:0
Loaded parameters in tileClc, layer:0
Loaded parameters, layer:0
calling if_nix1
calling if_nix2
calling if_nix3
calling if_nix4
calling if_nix5
calling if_nix6
calling if_nix0
calling if_nix1
calling if_nix2
calling if_nix3
calling if_nix4
calling if_nix5
calling if_nix6
calling if_nix0
calling if_nix1
calling if_nix2
calling if_nix3
calling if_nix4
calling if_nix5
calling if_nix6
calling if_nix0
calling if_nix1
calling if_nix2
calling if_nix3
calling if_nix4
calling if_nix5
calling if_nix6
calling if_nix0
calling if_nix1
calling if_nix1
calling if_nix2
calling if_nix3
calling if_nix4
calling if_nix5
calling if_nix6
calling if_nix0
calling if_nix1
calling if_nix2
calling if_nix3
calling if_nix4
calling if_nix5
calling if_nix6
calling if_nix0
calling if_nix1
calling if_nix2
calling if_nix3
calling if_nix4
calling if_nix5
calling if_nix6
calling if_nix0
calling if_nix1
calling if_nix2
calling if_nix3
calling if_nix4
calling if_nix5
calling if_nix6
calling if_nix0
calling if_nix1
calling if_nix1
calling if_nix2
calling if_nix3
calling if_nix4
calling if_nix5
calling if_nix6
calling if_nix0
calling if_nix1
calling if_nix2
calling if_nix3
calling if_nix4
calling if_nix5
calling if_nix6
calling if_nix0
calling if_nix1
calling if_nix2
calling if_nix3
calling if_nix4
calling if_nix5
calling if_nix6
calling if_nix0
calling if_nix1
calling if_nix2
calling if_nix3
calling if_nix4
calling if_nix5
calling if_nix6
calling if_nix0
calling if_nix1
***  Printing Input Buffers  ***
   0     0     0     0     0     0     0  |     0    41    35    62     4    97   108  |     0   114    47   109     0    82   101  |     0    74    74    46     5   109    35  |     0    59    92    74    56    56    13  |     0    76    78    10    67    61    11  |     0     5     6    51    78     3     5  |   
   0     0     0     0     0     0     0  |    86    46    82    16    73   113   113  |     3    87    69   105    32    68   108  |    36   100    75    75    28   106    50  |     1   126   108    31     4     9    75  |    97    77    47    75    34    74    64  |    14   120    28    57    60    84    24  |   
   0     0     0     0     0     0     0  |    59   105   107    51    38    91    60  |   103    15   122     2    59    15    74  |   114    90    89    39    19    57    52  |    66    20    45    39    22    34    32  |    65     3    32    12    44    18    57  |    85   112    90    93    62    81    37  |   
   0     0     0     0     0     0     0  |     7    12    62    25    36    94    13  |   100    97   121    57    81    45    34  |   111   110    75    83    84    57    64  |    47    28   125    13    53   107    46  |    44    81    87    15   124    41    53  |   110   119    33     2    50    92    29  |   
   0     0     0     0     0     0     0  |    28     6    55    71    94    51    18  |    86   110    60     3    75    13    42  |    54    37    19     9    26   127    57  |    99    52    36    32   115    17    39  |     6    33    87    18   127    75    92  |    71   119    20    37   102    54    65  |   
   0     0     0     0     0     0     0  |    77    72    67    59    11    38    31  |    23    49    46     5     5    41    70  |    61    74    75   124    59    56     8  |     5    58    33     7   116   123   108  |    56    42    56    14   122    27   122  |    29    65    24   121    19    64    58  |   
   0     0     0     0     0     0     0  |     3    90   125     9    56    37    31  |     2   127    40    64   111   106    18  |   115    17    76    75   109    28   124  |    60    87    18    48    24     4     4  |    71    26    33   121    90   106    83  |   122    34    33    45    25    22    16  |   
   0     0     0     0     0     0     0  |    93    84    75   124    22   117    69  |    66   105    63    11    49    79    49  |     3    41   113    29     2    74   124  |    41   125    42    90    16    76   111  |    59    75    50   107    99    63    82  |    66   124    80   120     4     9   109  |   
   0     0     0     0     0     0     0  |    59    19    13     9    10    28    91  |    10   119   119    16    46     4    31  |   120    57     5   103    33    67    29  |    48    98    32    87     9    98    61  |    88   120    49    40    14   104   103  |    24     5    30    34    89    94     3  |   
   0     0     0     0     0     0     0  |    46    50    32    26    80   110    64  |   109    86    18    38   127   108    46  |    61     4    38    17    80    65    85  |   104   101    97    67    12    22    61  |    52    33    77    36   122    18   110  |   106    95   113    29   100    94   113  |   
   0     0     0     0     0     0     0  |   120    54   125    18    73    50   118  |   124    69     1   116    87   109    31  |    20    88    58   121    61    92   105  |    40    54    79    40   100    72   126  |    32    40   105     9    53   121     3  |   100   118    47    37    23    55    35  |   
   0     0     0     0     0     0     0  |    30   125    73    92    45    79    20  |    26    39   117    90    48    77    16  |   112     0    86   120    22    93    18  |    42   110    53    91   105   104    98  |    80    91    89    46    49    86    74  |   104    46    12    23   117    16    17  |   
   0     0     0     0     0     0     0  |   114    68    64   102    80   107    68  |    41    37     7    75   116    14    47  |    11    68    87    87    97    23    40  |    65    41    22    83    62    15    21  |   115    90    46     6    51   125    96  |    72    97     6    58   105   105   111  |   
   0     0     0     0     0     0     0  |    48    55    50    59    33    34   118  |   112   110    35    38    42    37    10  |    73    27   115    51    14    91    71  |     3   102    42    74    19   108    52  |   102   118    80    83     2   127    89  |    58   115   110    54    35    61    62  |   
   0     0     0     0     0     0     0  |    34    17    29    97    11    31    90  |    11   107    88    89    48    11     8  |    58    48    17    18    81    66    18  |    24    39   115    20    86    14    33  |    13    26    36   104    39    53    92  |     2    79    76    21    44     0   108  |   
   0     0     0     0     0     0     0  |    48    74    25     2    57   114    29  |    86    78    50    81     1   119   119  |    38    18    71   107    44    19    79  |    40     0    33   117    66    44   109  |   101   126     7    26    75    44    24  |   100   118    67   127    80   122    26  |   
   0     0     0     0     0     0     0  |    73    44     0   126    69    25    85  |   123    84    77    73    77    73   114  |   116   104    21    99    40    62   126  |    91   112    64    20   126     1    99  |    89   117    55    35   120    25     7  |    22   126    96    89    62    14    84  |   
   0     0     0     0     0     0     0  |   105     0    50   106    73    76    83  |    14    33    29    63    11    62    83  |    35    51   117    10    46    77    60  |   112    94    68    49   122    34    19  |    60    73    18    30    54   101    98  |    81    29   101    55    44    61    48  |   
   0     0     0     0     0     0     0  |    63   103    86    63    20    86   126  |    57     4    97   125    64    36    29  |    61    66    71   106    28    37    99  |    51   106    47    16    14    32   121  |     3    68    66   119   127    94     7  |    21    24    39    37    88    40    52  |   
   0     0     0     0     0     0     0  |    45    92    14   102     3   111    87  |    55    10    31   101   116    80    21  |    10    28    67   105    23    91    24  |    47   122    67    25   117   118    40  |    45    12   103    30    21    11    12  |    12    59   118    32   127     1    14  |   
   0     0     0     0     0     0     0  |    73    97   127   105    15    97    77  |   104   125    71    58    29    54    82  |   119     4    14    80    25   127    58  |    33   127    59   117    44    69   110  |    11   117    53   111   125    15    84  |    96   110   102     7    53   102    86  |   
   0     0     0     0     0     0     0  |    81    30    29    28    22   114   114  |    52    30    35   118    68    57    44  |    45    25   119    40    42    25    92  |     6    57    32    25    15    57    10  |     5    35    38    51    60    65    63  |   115     2    18    93   122    91     2  |   
   0     0     0     0     0     0     0  |   102    29   112     4    79    74   119  |    14    41    68    29    64    65    50  |    19    94    94    38    35    34   111  |    92     3   102    37    96    53    87  |    83    98     3    37    95    66    17  |    95    65    94    43     9    17    70  |   
   0     0     0     0     0     0     0  |     2    87   104    57    44    83    75  |   113    47   114   100    80   114    72  |    24    31   118    95    70    94    33  |     0    13    62    81    21   125    30  |    47    98    16    99    69    56     7  |    47     7    53    61    95   119    35  |   
   0     0     0     0     0     0     0  |    73    18    30    51   116    30    12  |    65    86    70    95     9    22   127  |   103    85   126    24    56     2    89  |    97    22    48    38    39   105     1  |    87    33    67    80     1    83    95  |   114   126    30    95   108    72    90  |   
   0     0     0     0     0     0     0  |   116    85    84    31    84    36    89  |     4   102    95    69    23    69    62  |    33    14   101    53    56     9   119  |    21   117   113    88     1    25    15  |    38    66     8    23    56    28    11  |    29    30    51    88    38    59   117  |   
   0     0     0     0     0     0     0  |   126    53    79    50    34   116    76  |   124    51    99    67     4    18    43  |    59    50    57    83    43    32   119  |    34   120   118   104   126   104    90  |    25    78    68    12   103    48   121  |     7   124    75    70    77    65   127  |   
   0     0     0     0     0     0     0  |    79    83    16    45    72    83    15  |     8    35    42    63   112    63    28  |    57    77   118   124    88    43   109  |   105    57    60    11     9   125    72  |    33    80    68    21    10    31   118  |   103   120    85    65    99   119    63  |   
   0     0     0     0     0     0     0  |   117   102    89    29    42   101    64  |    85    45    81    79    68     5    22  |    44    77   125    37    51   103   101  |    35    78    69   103    30    19    20  |    98    57    18    92    46    18    13  |    16    21    74    78    11   106    55  |   
   0     0     0     0     0     0     0  |   119    43   120     1     7    68    14  |    88    94    85     8    30     1    86  |    15    83    45    92    10   124    34  |    98    50     8   103    20    95   122  |    26    34   111    16     4    79   103  |   127    75   105    63    34   118   112  |   
   0     0     0     0     0     0     0  |    95    80     0    84    97    13    62  |    12    59   105    31   109    37    72  |   108    76    30    71    33     4    59  |   104    76    70    85   100   115    62  |   103     3    10    80    32    58   122  |    80    57    17    64    60    33    22  |   
   0     0     0     0     0     0     0  |   123     5    21     7    59    51     2  |   107     9    13    25    29    74     7  |    98    58    61    64   126    35     6  |   103   127   111    37   102    39    70  |     2    66   105   111    94    60    17  |    59   106   116    71   109    76    45  |   
   0     0     0     0     0     0     0  |    31     0     0     0     0     0     0  |    49     0     0     0     0     0     0  |    21     0     0     0     0     0     0  |   116     0     0     0     0     0     0  |   117     0     0     0     0     0     0  |    65     0     0     0     0     0     0  |   
   0   111   109    16     1    19    99  |     0    17   107   104     2   115    13  |     0   116   105     2   124    45   107  |     0    30    77    39    21    73   102  |     0    25     1    31   118    78   100  |     0   109   107    50    70    68    78  |     0    32   117    40    45    51    13  |   
  78    40    59    79    27    79    91  |   106     4    20   119     6   101    18  |    42    53    48    23    71    60    68  |    86    98    23    25    36   124   121  |    53    52    79   100   102    78    58  |    16    83    98    96    85    90    14  |    48   102    87   117    57    71   125  |   
 104    34     3    34    50    39    13  |    96    99    66   100   113    91    24  |    39   121    63    42   100    55   111  |    36    45    35   124   113     1    57  |    63    71    22    99     2     1    31  |    96    15    63   102   125     1    72  |   111    77    71    13    76    72    93  |   
 125   117    35    13    94   109    46  |    98    50    36    89     8    67    48  |    37    24   110    14    57    69   106  |    76    14    71    83   119    93    38  |    97   124   120    81    77   114    42  |   107    74    72    47    64   108    63  |   115    96     1    22    90    51    44  |   
  77    59    67    34    79    89    60  |    64   119    76    81    98    60    54  |    73    50    23   122    73   104    24  |    16   116    13   101    42   100    72  |    60    70    20    89    45    56    48  |   118    47    21    31   123   109    55  |   102    55   121   127    59    10    68  |   
 126    40    74    49     8    17    53  |    33     7    85    28    33    55   113  |    79     5    66    35    38    90   121  |    80    74    23    46    94    33    82  |   108   127    94    38    19    52     6  |   107    76    31   113    11    60    28  |    20    88    97   121    15    97    29  |   
  63    55    60    85    63    79   100  |   124    32    24   120    51    95   119  |    27    39    93    30    92    12   112  |     3    18    52    80    36    31   119  |    28    42    69    21   114    96    53  |    78    54    55   117    46    22    82  |     0     0    50   120    64    11   117  |   
  68   120    78    40   122    20     7  |    75    40   114    36    77    71   105  |    95   114     5    19     6    10    91  |     6    64    79    30    44    68    37  |    74   120    24   108    71    95    15  |    51     4    39    38    95    66    97  |    71    75    70   116   125    85    98  |   
  25    16    81    13    18    74   121  |     3    34    49    48    96    55    49  |   125    66    37    84   108    42    20  |    48   120    23    66    93    45     8  |    67    77   110    63    92    71   118  |    95    72    18    22    16     0    71  |    43   113   107    14    34    97    98  |   
  82    72    85    20    16    33    77  |    52     3     2   115    71     4    11  |    88    57   127    32    81    47    49  |     5    17    84     5   118    73    73  |     4    52    10     8   126   123    91  |    29    74    40    19    48   108   109  |    24   122    54    13    85    69     9  |   
  92   104    74     3   113    74     4  |   112    70    97    43    45   121    78  |     9    88    29    37    50    13    42  |    13   101    38   122   103    78    63  |   101    54    35    49    54     4    55  |   122    19    60    83     6   118    55  |    51    68    27   103    63   110   106  |   
 124    78    20    62    61   124   126  |    19    37    58    76    17     3    90  |    54    26    70   105   122    14   109  |   108    21     0    60   127     4   126  |    61   126    48   110    40    76    87  |    50    61    29    38   125    80    62  |    81    58    16    13     7   119   124  |   
 105    69     5    53     8    92    44  |   125    15    21    64    55    93   126  |    45    70    29    35    31   116    77  |    33   114     5    38   103    41     1  |     0    28    53    16    56     5     1  |   114    74    21    43    57    15    55  |    32     7    13    61    19    80    10  |   
  70     6    11    91    62    77   108  |    83    87    48    43    27    88   106  |    41    13    99    12     1     5    64  |    16    81    46   103    57   125   119  |    80    74    25    37    11   104    22  |    48    33    42    45    63   109    37  |   122   126   107   102    29    52    44  |   
  93    15    20    36    77    54   120  |     8    34    36    27   115    33    41  |   105    80    35     4     4     7    39  |   106    97    58   103   106    49    25  |   114    28    16    74    11   103    40  |   104    74    78    55    81   113   123  |    54    51    27    54    34    22    59  |   
  45    79    27    79    89   126    57  |    72   113    88    48   108    31    62  |    62    67    66    74    19    71   113  |    22    47    33    71    85    93    25  |    89    28    61    76    59    73     0  |    14   114    93     3    75   115   108  |    61    25    74    20    16    68    38  |   
  57    19    37   126   119   104    49  |   106    61   108    90    76    48     6  |    83     3    31    53   101   110    59  |    25   109    36    86   105    40    56  |   103     4   101     7     0   104   101  |    98    79    73    14    83    53    42  |    53    86    56    52    10    23   111  |   
Finished mem2Buf tile:0
Finished loadBiasTile tile:0
For this tile, bit shift is 10
