  **** HLS Build v2025.1 6135595
INFO: [HLS 200-2005] Using work_dir C:/Programming_Files/VGGHLS-TX/TL_Base/ConvLayer 
INFO: [HLS 200-2176] Writing Vitis IDE component file C:/Programming_Files/VGGHLS-TX/TL_Base/ConvLayer/vitis-comp.json
INFO: [HLS 200-10] Creating and opening component 'C:/Programming_Files/VGGHLS-TX/TL_Base/ConvLayer'.
INFO: [HLS 200-1611] Setting target device to 'xcvu9p-flga2104-3-e'
INFO: [HLS 200-1505] Using default flow_target 'vivado'
Resolution: For help on HLS 200-1505 see docs.xilinx.com/access/sources/dita/topic?Doc_Version=2025.1%20English&url=ug1448-hls-guidance&resourceid=200-1505.html
INFO: [HLS 200-2174] Applying component config ini file C:/Programming_Files/VGGHLS-TX/TL_Base/hls_config.cfg
INFO: [HLS 200-1465] Applying config ini 'syn.file=../src_files/Main_Code.cpp' from C:/Programming_Files/VGGHLS-TX/TL_Base/hls_config.cfg(8)
INFO: [HLS 200-10] Adding design file 'C:/Programming_Files/VGGHLS-TX/src_files/Main_Code.cpp' to the project
INFO: [HLS 200-1465] Applying config ini 'tb.file=../src_files/Auxiliary_Calculations.cpp' from C:/Programming_Files/VGGHLS-TX/TL_Base/hls_config.cfg(9)
INFO: [HLS 200-10] Adding test bench file 'C:/Programming_Files/VGGHLS-TX/src_files/Auxiliary_Calculations.cpp' to the project
INFO: [HLS 200-1465] Applying config ini 'tb.file=../src_files/main_tb.cpp' from C:/Programming_Files/VGGHLS-TX/TL_Base/hls_config.cfg(10)
INFO: [HLS 200-10] Adding test bench file 'C:/Programming_Files/VGGHLS-TX/src_files/main_tb.cpp' to the project
INFO: [HLS 200-1465] Applying config ini 'tb.file=../src_files/tb_Buf2Pe.cpp' from C:/Programming_Files/VGGHLS-TX/TL_Base/hls_config.cfg(11)
INFO: [HLS 200-10] Adding test bench file 'C:/Programming_Files/VGGHLS-TX/src_files/tb_Buf2Pe.cpp' to the project
INFO: [HLS 200-1465] Applying config ini 'tb.file=../src_files/tb_Dfl_ControlLogic.cpp' from C:/Programming_Files/VGGHLS-TX/TL_Base/hls_config.cfg(12)
INFO: [HLS 200-10] Adding test bench file 'C:/Programming_Files/VGGHLS-TX/src_files/tb_Dfl_ControlLogic.cpp' to the project
INFO: [HLS 200-1465] Applying config ini 'tb.file=../src_files/tb_fcLayer.cpp' from C:/Programming_Files/VGGHLS-TX/TL_Base/hls_config.cfg(13)
INFO: [HLS 200-10] Adding test bench file 'C:/Programming_Files/VGGHLS-TX/src_files/tb_fcLayer.cpp' to the project
INFO: [HLS 200-1465] Applying config ini 'tb.file=../src_files/tb_gap.cpp' from C:/Programming_Files/VGGHLS-TX/TL_Base/hls_config.cfg(14)
INFO: [HLS 200-10] Adding test bench file 'C:/Programming_Files/VGGHLS-TX/src_files/tb_gap.cpp' to the project
INFO: [HLS 200-1465] Applying config ini 'tb.file=../src_files/tb_loadbin.cpp' from C:/Programming_Files/VGGHLS-TX/TL_Base/hls_config.cfg(15)
INFO: [HLS 200-10] Adding test bench file 'C:/Programming_Files/VGGHLS-TX/src_files/tb_loadbin.cpp' to the project
INFO: [HLS 200-1465] Applying config ini 'tb.file=../src_files/tb_maxPool.cpp' from C:/Programming_Files/VGGHLS-TX/TL_Base/hls_config.cfg(16)
INFO: [HLS 200-10] Adding test bench file 'C:/Programming_Files/VGGHLS-TX/src_files/tb_maxPool.cpp' to the project
INFO: [HLS 200-1465] Applying config ini 'tb.file=../src_files/tb_Mem2Buf.cpp' from C:/Programming_Files/VGGHLS-TX/TL_Base/hls_config.cfg(17)
INFO: [HLS 200-10] Adding test bench file 'C:/Programming_Files/VGGHLS-TX/src_files/tb_Mem2Buf.cpp' to the project
INFO: [HLS 200-1465] Applying config ini 'tb.file=../src_files/tb_parameters.cpp' from C:/Programming_Files/VGGHLS-TX/TL_Base/hls_config.cfg(18)
INFO: [HLS 200-10] Adding test bench file 'C:/Programming_Files/VGGHLS-TX/src_files/tb_parameters.cpp' to the project
INFO: [HLS 200-1465] Applying config ini 'tb.file=../src_files/tb_Top.cpp' from C:/Programming_Files/VGGHLS-TX/TL_Base/hls_config.cfg(19)
INFO: [HLS 200-10] Adding test bench file 'C:/Programming_Files/VGGHLS-TX/src_files/tb_Top.cpp' to the project
INFO: [HLS 200-1465] Applying config ini 'tb.file=../src_files/tb_port_widening.cpp' from C:/Programming_Files/VGGHLS-TX/TL_Base/hls_config.cfg(20)
INFO: [HLS 200-10] Adding test bench file 'C:/Programming_Files/VGGHLS-TX/src_files/tb_port_widening.cpp' to the project
INFO: [HLS 200-1465] Applying config ini 'syn.top=fcLayer' from C:/Programming_Files/VGGHLS-TX/TL_Base/hls_config.cfg(7)
INFO: [HLS 200-1465] Applying config ini 'flow_target=vivado' from C:/Programming_Files/VGGHLS-TX/TL_Base/hls_config.cfg(4)
INFO: [HLS 200-1505] Using flow_target 'vivado'
Resolution: For help on HLS 200-1505 see docs.xilinx.com/access/sources/dita/topic?Doc_Version=2025.1%20English&url=ug1448-hls-guidance&resourceid=200-1505.html
INFO: [HLS 200-1465] Applying config ini 'part=xcvu9p-flga2104-3-e' from C:/Programming_Files/VGGHLS-TX/TL_Base/hls_config.cfg(1)
INFO: [HLS 200-1465] Applying config ini 'csim.clean=1' from C:/Programming_Files/VGGHLS-TX/TL_Base/hls_config.cfg(21)
INFO: [HLS 200-1465] Applying config ini 'package.output.format=ip_catalog' from C:/Programming_Files/VGGHLS-TX/TL_Base/hls_config.cfg(5)
INFO: [HLS 200-2176] Writing Vitis IDE component file C:/Programming_Files/VGGHLS-TX/TL_Base/ConvLayer/vitis-comp.json
INFO: [COSIM 212-47] Using XSIM for RTL simulation.
INFO: [COSIM 212-14] Instrumenting C test bench ...
   Build using "C:/Xilinx/2025.1/Vitis/win64/tools/vcxx/libexec/clang++"
   Compiling apatb_fcLayer.cpp
   Compiling tb_loadbin.cpp_pre.cpp.tb.cpp
   Compiling tb_Mem2Buf.cpp_pre.cpp.tb.cpp
   Compiling tb_gap.cpp_pre.cpp.tb.cpp
   Compiling Main_Code.cpp_pre.cpp.tb.cpp
   Compiling tb_parameters.cpp_pre.cpp.tb.cpp
   Compiling Auxiliary_Calculations.cpp_pre.cpp.tb.cpp
   Compiling tb_fcLayer.cpp_pre.cpp.tb.cpp
   Compiling tb_Buf2Pe.cpp_pre.cpp.tb.cpp
   Compiling main_tb.cpp_pre.cpp.tb.cpp
   Compiling tb_port_widening.cpp_pre.cpp.tb.cpp
   Compiling tb_maxPool.cpp_pre.cpp.tb.cpp
   Compiling tb_Top.cpp_pre.cpp.tb.cpp
   Compiling tb_Dfl_ControlLogic.cpp_pre.cpp.tb.cpp
   Compiling apatb_fcLayer_ir.ll
   Generating cosim.tv.exe
INFO: [COSIM 212-302] Starting C TB testing ... 
*********************************************************************************  Starting Verification. ************************************************************************************
Printing toy example for FC Layer
Input Pixels of FC Layer
    2    2    1    1    2    1    0    0
Weights of FC Layer
    1    2    2    2    1    0    1    2
    1    2    0    0    0    0    2    0
    1    1    0    2    2    2    2    0
    2    0    0    1    2    1    1    0
    2    0    2    0    0    2    0    1
    2    1    2    2    1    0    0    1
Bias of FC Layer
    0    0    0    0    0    0
Output Pixels of FC Layer
   12    6   12   10    8   12

*********************************************************************************  Verification Complete. ************************************************************************************
INFO: [COSIM 212-333] Generating C post check test bench ...
INFO: [COSIM 212-12] Generating RTL test bench ...
INFO: [COSIM 212-1] *** C/RTL co-simulation file generation completed. ***
INFO: [COSIM 212-323] Starting verilog simulation. 
INFO: [COSIM 212-15] Starting XSIM ...

C:\Programming_Files\VGGHLS-TX\TL_Base\ConvLayer\hls\sim\verilog>set PATH= 

C:\Programming_Files\VGGHLS-TX\TL_Base\ConvLayer\hls\sim\verilog>call C:/Xilinx/2025.1/Vivado/bin/xelab xil_defaultlib.apatb_fcLayer_top xil_defaultlib.glbl -Oenable_linking_all_libraries -prj fcLayer.prj -L smartconnect_v1_0 -L axi_protocol_checker_v1_1_12 -L axi_protocol_checker_v1_1_13 -L axis_protocol_checker_v1_1_11 -L axis_protocol_checker_v1_1_12 -L xil_defaultlib -L unisims_ver -L xpm  -L floating_point_v7_1_20 -L floating_point_v7_0_25 --lib "ieee_proposed=./ieee_proposed" -L uvm -relax -i ./svr -i ./axivip -i ./svtb -i ./file_agent -i ./fcLayer_subsystem  -s fcLayer  
Vivado Simulator v2025.1.0
Copyright 1986-2022 Xilinx, Inc. All Rights Reserved.
Copyright 2022-2025 Advanced Micro Devices, Inc. All Rights Reserved.
Running: C:/Xilinx/2025.1/Vivado/bin/unwrapped/win64.o/xelab.exe xil_defaultlib.apatb_fcLayer_top xil_defaultlib.glbl -Oenable_linking_all_libraries -prj fcLayer.prj -L smartconnect_v1_0 -L axi_protocol_checker_v1_1_12 -L axi_protocol_checker_v1_1_13 -L axis_protocol_checker_v1_1_11 -L axis_protocol_checker_v1_1_12 -L xil_defaultlib -L unisims_ver -L xpm -L floating_point_v7_1_20 -L floating_point_v7_0_25 --lib ieee_proposed=./ieee_proposed -L uvm -relax -i ./svr -i ./axivip -i ./svtb -i ./file_agent -i ./fcLayer_subsystem -s fcLayer 
Multi-threading is on. Using 10 slave threads.
INFO: [VRFC 10-2263] Analyzing SystemVerilog file "C:/Programming_Files/VGGHLS-TX/TL_Base/ConvLayer/hls/sim/verilog/glbl.v" into library xil_defaultlib
INFO: [VRFC 10-311] analyzing module glbl
INFO: [VRFC 10-2263] Analyzing SystemVerilog file "C:/Programming_Files/VGGHLS-TX/TL_Base/ConvLayer/hls/sim/verilog/fcLayer.autotb.v" into library xil_defaultlib
INFO: [VRFC 10-311] analyzing module apatb_fcLayer_top
INFO: [VRFC 10-2263] Analyzing SystemVerilog file "C:/Programming_Files/VGGHLS-TX/TL_Base/ConvLayer/hls/sim/verilog/fcLayer.v" into library xil_defaultlib
INFO: [VRFC 10-311] analyzing module fcLayer
INFO: [VRFC 10-2263] Analyzing SystemVerilog file "C:/Programming_Files/VGGHLS-TX/TL_Base/ConvLayer/hls/sim/verilog/fcLayer_biasFC_ROM_AUTO_1R.v" into library xil_defaultlib
INFO: [VRFC 10-311] analyzing module fcLayer_biasFC_ROM_AUTO_1R
INFO: [VRFC 10-2263] Analyzing SystemVerilog file "C:/Programming_Files/VGGHLS-TX/TL_Base/ConvLayer/hls/sim/verilog/fcLayer_control_s_axi.v" into library xil_defaultlib
INFO: [VRFC 10-311] analyzing module fcLayer_control_s_axi
INFO: [VRFC 10-2263] Analyzing SystemVerilog file "C:/Programming_Files/VGGHLS-TX/TL_Base/ConvLayer/hls/sim/verilog/fcLayer_fcLayer_Pipeline_fclayer_loop_2.v" into library xil_defaultlib
INFO: [VRFC 10-311] analyzing module fcLayer_fcLayer_Pipeline_fclayer_loop_2
INFO: [VRFC 10-2263] Analyzing SystemVerilog file "C:/Programming_Files/VGGHLS-TX/TL_Base/ConvLayer/hls/sim/verilog/fcLayer_flow_control_loop_pipe_sequential_init.v" into library xil_defaultlib
INFO: [VRFC 10-311] analyzing module fcLayer_flow_control_loop_pipe_sequential_init
INFO: [VRFC 10-2263] Analyzing SystemVerilog file "C:/Programming_Files/VGGHLS-TX/TL_Base/ConvLayer/hls/sim/verilog/fcLayer_gmem_m_axi.v" into library xil_defaultlib
INFO: [VRFC 10-311] analyzing module fcLayer_gmem_m_axi
INFO: [VRFC 10-311] analyzing module fcLayer_gmem_m_axi_load
INFO: [VRFC 10-311] analyzing module fcLayer_gmem_m_axi_store
INFO: [VRFC 10-311] analyzing module fcLayer_gmem_m_axi_read
INFO: [VRFC 10-311] analyzing module fcLayer_gmem_m_axi_write
INFO: [VRFC 10-311] analyzing module fcLayer_gmem_m_axi_burst_converter
INFO: [VRFC 10-311] analyzing module fcLayer_gmem_m_axi_burst_interleave
INFO: [VRFC 10-311] analyzing module fcLayer_gmem_m_axi_burst_sequential
INFO: [VRFC 10-311] analyzing module fcLayer_gmem_m_axi_throttle
INFO: [VRFC 10-311] analyzing module fcLayer_gmem_m_axi_reg_slice
INFO: [VRFC 10-311] analyzing module fcLayer_gmem_m_axi_fifo
INFO: [VRFC 10-311] analyzing module fcLayer_gmem_m_axi_srl
INFO: [VRFC 10-311] analyzing module fcLayer_gmem_m_axi_mem
INFO: [VRFC 10-2263] Analyzing SystemVerilog file "C:/Programming_Files/VGGHLS-TX/TL_Base/ConvLayer/hls/sim/verilog/fcLayer_mac_muladd_8s_8s_18s_18_4_1.v" into library xil_defaultlib
INFO: [VRFC 10-311] analyzing module fcLayer_mac_muladd_8s_8s_18s_18_4_1_DSP48_0
INFO: [VRFC 10-311] analyzing module fcLayer_mac_muladd_8s_8s_18s_18_4_1
INFO: [VRFC 10-2263] Analyzing SystemVerilog file "C:/Programming_Files/VGGHLS-TX/TL_Base/ConvLayer/hls/sim/verilog/dataflow_monitor.sv" into library xil_defaultlib
INFO: [VRFC 10-311] analyzing module dataflow_monitor
INFO: [VRFC 10-2263] Analyzing SystemVerilog file "C:/Programming_Files/VGGHLS-TX/TL_Base/ConvLayer/hls/sim/verilog/file_agent/file_agent_pkg.sv" into library xil_defaultlib
INFO: [VRFC 10-2263] Analyzing SystemVerilog file "C:/Programming_Files/VGGHLS-TX/TL_Base/ConvLayer/hls/sim/verilog/svr/svr_pkg.sv" into library xil_defaultlib
INFO: [VRFC 10-2263] Analyzing SystemVerilog file "C:/Programming_Files/VGGHLS-TX/TL_Base/ConvLayer/hls/sim/verilog/svr/svr_if.sv" into library xil_defaultlib
INFO: [VRFC 10-2263] Analyzing SystemVerilog file "C:/Programming_Files/VGGHLS-TX/TL_Base/ConvLayer/hls/sim/verilog/axivip/axi_pkg.sv" into library xil_defaultlib
INFO: [VRFC 10-2263] Analyzing SystemVerilog file "C:/Programming_Files/VGGHLS-TX/TL_Base/ConvLayer/hls/sim/verilog/axivip/axi_if.sv" into library xil_defaultlib
INFO: [VRFC 10-2263] Analyzing SystemVerilog file "C:/Programming_Files/VGGHLS-TX/TL_Base/ConvLayer/hls/sim/verilog/fcLayer_subsystem/fcLayer_subsystem_pkg.sv" into library xil_defaultlib
INFO: [VRFC 10-2263] Analyzing SystemVerilog file "C:/Programming_Files/VGGHLS-TX/TL_Base/ConvLayer/hls/sim/verilog/svtb/misc_interface.sv" into library xil_defaultlib
INFO: [VRFC 10-2263] Analyzing SystemVerilog file "C:/Programming_Files/VGGHLS-TX/TL_Base/ConvLayer/hls/sim/verilog/svtb/sv_module_top.sv" into library xil_defaultlib
INFO: [VRFC 10-311] analyzing module sv_module_top
Starting static elaboration
Pass Through NonSizing Optimizer
Completed static elaboration
Starting simulation data flow analysis
WARNING: [XSIM 43-4099] "/proj/primebuilds/9999.0_PRIME_0428_0031/installs/data/system_verilog/uvm_1.2/xlnx_uvm_package.sv" Line 4356. Module uvm_pkg doesn't have a timescale but at least one module in design has a timescale.
WARNING: [XSIM 43-4099] "/proj/primebuilds/9999.0_PRIME_0428_0031/installs/data/system_verilog/uvm_1.2/xlnx_uvm_package.sv" Line 4356. Module uvm_pkg doesn't have a timescale but at least one module in design has a timescale.
WARNING: [XSIM 43-4468] File : /proj/primebuilds/9999.0_PRIME_0428_0031/installs/data/system_verilog/uvm_1.2/xlnx_uvm_package.sv, Line : 25994, RANDC variable size more than 8 bits. This will be treated as a RAND variable instead.
Completed simulation data flow analysis
Time Resolution for simulation is 1ps
Compiling package xil_defaultlib.$unit_sv_module_top_sv
Compiling package uvm.uvm_pkg
Compiling package std.std
Compiling package xil_defaultlib.svr_pkg
Compiling package xil_defaultlib.file_agent_pkg
Compiling package xil_defaultlib.axi_pkg
Compiling package xil_defaultlib.fcLayer_subsystem_pkg
Compiling package xil_defaultlib.$unit_dataflow_monitor_sv
Compiling module xil_defaultlib.fcLayer_biasFC_ROM_AUTO_1R
Compiling module xil_defaultlib.fcLayer_mac_muladd_8s_8s_18s_18_...
Compiling module xil_defaultlib.fcLayer_mac_muladd_8s_8s_18s_18_...
Compiling module xil_defaultlib.fcLayer_flow_control_loop_pipe_s...
Compiling module xil_defaultlib.fcLayer_fcLayer_Pipeline_fclayer...
Compiling module xil_defaultlib.fcLayer_control_s_axi
Compiling module xil_defaultlib.fcLayer_gmem_m_axi_srl(DATA_WIDT...
Compiling module xil_defaultlib.fcLayer_gmem_m_axi_fifo(DATA_WID...
Compiling module xil_defaultlib.fcLayer_gmem_m_axi_srl(DATA_WIDT...
Compiling module xil_defaultlib.fcLayer_gmem_m_axi_fifo(DATA_WID...
Compiling module xil_defaultlib.fcLayer_gmem_m_axi_srl(DATA_WIDT...
Compiling module xil_defaultlib.fcLayer_gmem_m_axi_fifo(DATA_WID...
Compiling module xil_defaultlib.fcLayer_gmem_m_axi_srl(DATA_WIDT...
Compiling module xil_defaultlib.fcLayer_gmem_m_axi_fifo(DATA_WID...
Compiling module xil_defaultlib.fcLayer_gmem_m_axi_srl(DATA_WIDT...
Compiling module xil_defaultlib.fcLayer_gmem_m_axi_fifo(DATA_WID...
Compiling module xil_defaultlib.fcLayer_gmem_m_axi_srl(DATA_WIDT...
Compiling module xil_defaultlib.fcLayer_gmem_m_axi_fifo(DATA_WID...
Compiling module xil_defaultlib.fcLayer_gmem_m_axi_srl(DATA_WIDT...
Compiling module xil_defaultlib.fcLayer_gmem_m_axi_fifo(DATA_WID...
Compiling module xil_defaultlib.fcLayer_gmem_m_axi_store(CONSERV...
Compiling module xil_defaultlib.fcLayer_gmem_m_axi_mem(MEM_STYLE...
Compiling module xil_defaultlib.fcLayer_gmem_m_axi_fifo(MEM_STYL...
Compiling module xil_defaultlib.fcLayer_gmem_m_axi_srl(DATA_WIDT...
Compiling module xil_defaultlib.fcLayer_gmem_m_axi_fifo(DATA_WID...
Compiling module xil_defaultlib.fcLayer_gmem_m_axi_reg_slice(DAT...
Compiling module xil_defaultlib.fcLayer_gmem_m_axi_load(NUM_READ...
Compiling module xil_defaultlib.fcLayer_gmem_m_axi_reg_slice(DAT...
Compiling module xil_defaultlib.fcLayer_gmem_m_axi_burst_sequent...
Compiling module xil_defaultlib.fcLayer_gmem_m_axi_reg_slice(DAT...
Compiling module xil_defaultlib.fcLayer_gmem_m_axi_srl(DATA_WIDT...
Compiling module xil_defaultlib.fcLayer_gmem_m_axi_fifo(DATA_WID...
Compiling module xil_defaultlib.fcLayer_gmem_m_axi_reg_slice(DAT...
Compiling module xil_defaultlib.fcLayer_gmem_m_axi_throttle(CONS...
Compiling module xil_defaultlib.fcLayer_gmem_m_axi_reg_slice(DAT...
Compiling module xil_defaultlib.fcLayer_gmem_m_axi_write(CONSERV...
Compiling module xil_defaultlib.fcLayer_gmem_m_axi_reg_slice(DAT...
Compiling module xil_defaultlib.fcLayer_gmem_m_axi_read(C_USER_V...
Compiling module xil_defaultlib.fcLayer_gmem_m_axi(C_M_AXI_ADDR_...
Compiling module xil_defaultlib.fcLayer
Compiling module xil_defaultlib.misc_interface_default
Compiling module xil_defaultlib.svr_if_default
Compiling module xil_defaultlib.axi_if(ADDR_WIDTH=64,STRB_WIDTH=...
Compiling module xil_defaultlib.axi_if(ADDR_WIDTH=6,STRB_WIDTH=4...
Compiling module xil_defaultlib.sv_module_top
Compiling module xil_defaultlib.nodf_module_intf_default
Compiling module xil_defaultlib.seq_loop_intf(FSM_WIDTH=11)
Compiling module xil_defaultlib.upc_loop_intf_default
Compiling module xil_defaultlib.dataflow_monitor_1
Compiling module xil_defaultlib.apatb_fcLayer_top
Compiling module xil_defaultlib.glbl
Built simulation snapshot fcLayer

****** xsim v2025.1 (64-bit)
  **** SW Build 6140274 on Thu May 22 00:12:29 MDT 2025
  **** IP Build 6138677 on Thu May 22 03:10:11 MDT 2025
  **** SharedData Build 6139179 on Tue May 20 17:58:58 MDT 2025
  **** Start of session at: Sun Aug 31 16:49:41 2025
    ** Copyright 1986-2022 Xilinx, Inc. All Rights Reserved.
    ** Copyright 2022-2025 Advanced Micro Devices, Inc. All Rights Reserved.

source xsim.dir/fcLayer/xsim_script.tcl
# xsim {fcLayer} -testplusarg UVM_VERBOSITY=UVM_NONE -testplusarg UVM_TESTNAME=fcLayer_test_lib -testplusarg UVM_TIMEOUT=20000000000000 -autoloadwcfg -tclbatch {fcLayer.tcl}
Time resolution is 1 ps
source fcLayer.tcl
## run all
UVM_INFO C:/Xilinx/2025.1/Vivado/data/system_verilog/uvm_1.2/xlnx_uvm_package.sv(18601) @ 0: reporter [UVM/RELNOTES] 
----------------------------------------------------------------
UVM-1.2
(C) 2007-2014 Mentor Graphics Corporation
(C) 2007-2014 Cadence Design Systems, Inc.
(C) 2006-2014 Synopsys, Inc.
(C) 2011-2013 Cypress Semiconductor Corp.
(C) 2013-2014 NVIDIA Corporation
----------------------------------------------------------------

  ***********       IMPORTANT RELEASE NOTES         ************

  You are using a version of the UVM library that has been compiled
  with `UVM_NO_DEPRECATED undefined.

  You are using a version of the UVM library that has been compiled
  with `UVM_OBJECT_DO_NOT_NEED_CONSTRUCTOR undefined.

      (Specify +UVM_NO_RELNOTES to turn off this notice)

UVM_INFO C:/Xilinx/2025.1/Vivado/data/system_verilog/uvm_1.2/xlnx_uvm_package.sv(18648) @ 0: reporter [NO_DPI_TSTNAME] UVM_NO_DPI defined--getting UVM_TESTNAME directly, without DPI
UVM_INFO C:/Xilinx/2025.1/Vivado/data/system_verilog/uvm_1.2/xlnx_uvm_package.sv(18752) @ 0: reporter [UVMTOP] UVM testbench topology:
----------------------------------------------------------------------------------------------
Name                            Type                                   Size  Value            
----------------------------------------------------------------------------------------------
uvm_test_top                    fcLayer_test_lib                       -     @375             
  top_env                       fcLayer_env                            -     @386             
    axi_lite_control            uvm_env                                -     @477             
      item_rtr_port             uvm_analysis_port                      -     @496             
      item_wtr_port             uvm_analysis_port                      -     @486             
      master                    uvm_agent                              -     @919             
        ardrv                   uvm_driver #(REQ,RSP)                  -     @1594            
          item_read_imp         uvm_analysis_port                      -     @1623            
          rsp_port              uvm_analysis_port                      -     @1613            
          seq_item_port         uvm_seq_item_pull_port                 -     @1603            
          m_num_sent            integral                               32    'h0              
        arsqr                   axi_sequencer                          -     @1633            
          rsp_export            uvm_analysis_export                    -     @1642            
          seq_item_export       uvm_seq_item_pull_imp                  -     @1760            
          arbitration_queue     array                                  0     -                
          lock_queue            array                                  0     -                
          num_last_reqs         integral                               32    'd1              
          num_last_rsps         integral                               32    'd1              
        awdrv                   uvm_driver #(REQ,RSP)                  -     @1066            
          item_read_imp         uvm_analysis_port                      -     @1095            
          rsp_port              uvm_analysis_port                      -     @1085            
          seq_item_port         uvm_seq_item_pull_port                 -     @1075            
          m_num_sent            integral                               32    'h0              
        awsqr                   axi_sequencer                          -     @1105            
          rsp_export            uvm_analysis_export                    -     @1114            
          seq_item_export       uvm_seq_item_pull_imp                  -     @1232            
          arbitration_queue     array                                  0     -                
          lock_queue            array                                  0     -                
          num_last_reqs         integral                               32    'd1              
          num_last_rsps         integral                               32    'd1              
        bdrv                    uvm_driver #(REQ,RSP)                  -     @1418            
          item_read_imp         uvm_analysis_port                      -     @1447            
          rsp_port              uvm_analysis_port                      -     @1437            
          seq_item_port         uvm_seq_item_pull_port                 -     @1427            
          m_num_sent            integral                               32    'h0              
        bsqr                    axi_sequencer                          -     @1457            
          rsp_export            uvm_analysis_export                    -     @1466            
          seq_item_export       uvm_seq_item_pull_imp                  -     @1584            
          arbitration_queue     array                                  0     -                
          lock_queue            array                                  0     -                
          num_last_reqs         integral                               32    'd1              
          num_last_rsps         integral                               32    'd1              
        rdrv                    uvm_driver #(REQ,RSP)                  -     @1770            
          item_read_imp         uvm_analysis_port                      -     @1799            
          rsp_port              uvm_analysis_port                      -     @1789            
          seq_item_port         uvm_seq_item_pull_port                 -     @1779            
          m_num_sent            integral                               32    'h0              
        rsqr                    axi_sequencer                          -     @1809            
          rsp_export            uvm_analysis_export                    -     @1818            
          seq_item_export       uvm_seq_item_pull_imp                  -     @1936            
          arbitration_queue     array                                  0     -                
          lock_queue            array                                  0     -                
          num_last_reqs         integral                               32    'd1              
          num_last_rsps         integral                               32    'd1              
        wdrv                    uvm_driver #(REQ,RSP)                  -     @1242            
          item_read_imp         uvm_analysis_port                      -     @1271            
          rsp_port              uvm_analysis_port                      -     @1261            
          seq_item_port         uvm_seq_item_pull_port                 -     @1251            
          m_num_sent            integral                               32    'h0              
        wsqr                    axi_sequencer                          -     @1281            
          rsp_export            uvm_analysis_export                    -     @1290            
          seq_item_export       uvm_seq_item_pull_imp                  -     @1408            
          arbitration_queue     array                                  0     -                
          lock_queue            array                                  0     -                
          num_last_reqs         integral                               32    'd1              
          num_last_rsps         integral                               32    'd1              
      monitor                   uvm_monitor                            -     @741             
        item_ar2r_port          uvm_analysis_port                      -     @810             
        item_ar_port            uvm_analysis_port                      -     @780             
        item_aw2b_port          uvm_analysis_port                      -     @800             
        item_aw_port            uvm_analysis_port                      -     @750             
        item_b_port             uvm_analysis_port                      -     @770             
        item_r_port             uvm_analysis_port                      -     @790             
        item_w_port             uvm_analysis_port                      -     @760             
        checks_enable           integral                               1     'h1              
        coverage_enable         integral                               1     'h1              
      state                     axi_state                              -     @820             
        ar2r_imp                uvm_analysis_imp_ar2r                  -     @889             
        ar_imp                  uvm_analysis_imp_ar                    -     @859             
        aw2b_imp                uvm_analysis_imp_aw2b                  -     @879             
        aw_imp                  uvm_analysis_imp_aw                    -     @829             
        b_imp                   uvm_analysis_imp_b                     -     @849             
        item_rtr_port           uvm_analysis_port                      -     @909             
        item_wtr_port           uvm_analysis_port                      -     @899             
        r_imp                   uvm_analysis_imp_r                     -     @869             
        w_imp                   uvm_analysis_imp_w                     -     @839             
        avg_rate                integral                               32    'h0              
        exp_rate                integral                               32    'h0              
        win_size                integral                               32    'h0              
        bqnum_for_slaseq        integral                               32    'h0              
        rq_from_model_num       integral                               32    'h0              
      vsqr                      axi_virtual_sequencer                  -     @928             
        rsp_export              uvm_analysis_export                    -     @937             
        seq_item_export         uvm_seq_item_pull_imp                  -     @1055            
        arbitration_queue       array                                  0     -                
        lock_queue              array                                  0     -                
        num_last_reqs           integral                               32    'd1              
        num_last_rsps           integral                               32    'd1              
      cfg                       axi_cfg                                -     @408             
        has_checker             integral                               1     'h1              
        has_coverage            integral                               1     'h1              
        id_num                  integral                               32    'h1              
        reset_level             reset_level_enum                       32    RESET_LEVEL_LOW  
        drv_type                drv_type_enum                          32    MASTER           
        write_latency_mode      latency_mode_enum                      32    CHANNEL_FIRST    
        read_latency_mode       latency_mode_enum                      32    CHANNEL_FIRST    
        clatency                axi_latency                            -     @475             
          wr_latency            integral                               32    'h0              
          rd_latency            integral                               32    'h0              
    axi_master_gmem             uvm_env                                -     @446             
      item_rtr_port             uvm_analysis_port                      -     @465             
      item_wtr_port             uvm_analysis_port                      -     @455             
      monitor                   uvm_monitor                            -     @2019            
        item_ar2r_port          uvm_analysis_port                      -     @2088            
        item_ar_port            uvm_analysis_port                      -     @2058            
        item_aw2b_port          uvm_analysis_port                      -     @2078            
        item_aw_port            uvm_analysis_port                      -     @2028            
        item_b_port             uvm_analysis_port                      -     @2048            
        item_r_port             uvm_analysis_port                      -     @2068            
        item_w_port             uvm_analysis_port                      -     @2038            
        checks_enable           integral                               1     'h1              
        coverage_enable         integral                               1     'h1              
      slave                     uvm_agent                              -     @2197            
        ardrv                   uvm_driver #(REQ,RSP)                  -     @2874            
          item_read_imp         uvm_analysis_port                      -     @2903            
          rsp_port              uvm_analysis_port                      -     @2893            
          seq_item_port         uvm_seq_item_pull_port                 -     @2883            
          m_num_sent            integral                               32    'h0              
        arsqr                   axi_sequencer                          -     @2913            
          rsp_export            uvm_analysis_export                    -     @2922            
          seq_item_export       uvm_seq_item_pull_imp                  -     @3040            
          arbitration_queue     array                                  0     -                
          lock_queue            array                                  0     -                
          num_last_reqs         integral                               32    'd1              
          num_last_rsps         integral                               32    'd1              
        awdrv                   uvm_driver #(REQ,RSP)                  -     @2346            
          item_read_imp         uvm_analysis_port                      -     @2375            
          rsp_port              uvm_analysis_port                      -     @2365            
          seq_item_port         uvm_seq_item_pull_port                 -     @2355            
          m_num_sent            integral                               32    'h0              
        awsqr                   axi_sequencer                          -     @2385            
          rsp_export            uvm_analysis_export                    -     @2394            
          seq_item_export       uvm_seq_item_pull_imp                  -     @2512            
          arbitration_queue     array                                  0     -                
          lock_queue            array                                  0     -                
          num_last_reqs         integral                               32    'd1              
          num_last_rsps         integral                               32    'd1              
        bdrv                    uvm_driver #(REQ,RSP)                  -     @2698            
          item_read_imp         uvm_analysis_port                      -     @2727            
          rsp_port              uvm_analysis_port                      -     @2717            
          seq_item_port         uvm_seq_item_pull_port                 -     @2707            
          m_num_sent            integral                               32    'h0              
        bsqr                    axi_sequencer                          -     @2737            
          rsp_export            uvm_analysis_export                    -     @2746            
          seq_item_export       uvm_seq_item_pull_imp                  -     @2864            
          arbitration_queue     array                                  0     -                
          lock_queue            array                                  0     -                
          num_last_reqs         integral                               32    'd1              
          num_last_rsps         integral                               32    'd1              
        rdrv                    uvm_driver #(REQ,RSP)                  -     @3050            
          item_read_imp         uvm_analysis_port                      -     @3079            
          rsp_port              uvm_analysis_port                      -     @3069            
          seq_item_port         uvm_seq_item_pull_port                 -     @3059            
          m_num_sent            integral                               32    'h0              
        rsqr                    axi_sequencer                          -     @3089            
          rsp_export            uvm_analysis_export                    -     @3098            
          seq_item_export       uvm_seq_item_pull_imp                  -     @3216            
          arbitration_queue     array                                  0     -                
          lock_queue            array                                  0     -                
          num_last_reqs         integral                               32    'd1              
          num_last_rsps         integral                               32    'd1              
        wdrv                    uvm_driver #(REQ,RSP)                  -     @2522            
          item_read_imp         uvm_analysis_port                      -     @2551            
          rsp_port              uvm_analysis_port                      -     @2541            
          seq_item_port         uvm_seq_item_pull_port                 -     @2531            
          m_num_sent            integral                               32    'h0              
        wsqr                    axi_sequencer                          -     @2561            
          rsp_export            uvm_analysis_export                    -     @2570            
          seq_item_export       uvm_seq_item_pull_imp                  -     @2688            
          arbitration_queue     array                                  0     -                
          lock_queue            array                                  0     -                
          num_last_reqs         integral                               32    'd1              
          num_last_rsps         integral                               32    'd1              
      state                     axi_state                              -     @2098            
        ar2r_imp                uvm_analysis_imp_ar2r                  -     @2167            
        ar_imp                  uvm_analysis_imp_ar                    -     @2137            
        aw2b_imp                uvm_analysis_imp_aw2b                  -     @2157            
        aw_imp                  uvm_analysis_imp_aw                    -     @2107            
        b_imp                   uvm_analysis_imp_b                     -     @2127            
        item_rtr_port           uvm_analysis_port                      -     @2187            
        item_wtr_port           uvm_analysis_port                      -     @2177            
        r_imp                   uvm_analysis_imp_r                     -     @2147            
        w_imp                   uvm_analysis_imp_w                     -     @2117            
        avg_rate                integral                               32    'h0              
        exp_rate                integral                               32    'h0              
        win_size                integral                               32    'h0              
        bqnum_for_slaseq        integral                               32    'h0              
        rq_from_model_num       integral                               32    'h0              
      vsqr                      axi_virtual_sequencer                  -     @2206            
        rsp_export              uvm_analysis_export                    -     @2215            
        seq_item_export         uvm_seq_item_pull_imp                  -     @2333            
        arbitration_queue       array                                  0     -                
        lock_queue              array                                  0     -                
        num_last_reqs           integral                               32    'd1              
        num_last_rsps           integral                               32    'd1              
      cfg                       axi_cfg                                -     @407             
        has_checker             integral                               1     'h1              
        has_coverage            integral                               1     'h1              
        id_num                  integral                               32    'h1              
        reset_level             reset_level_enum                       32    RESET_LEVEL_LOW  
        drv_type                drv_type_enum                          32    SLAVE            
        write_latency_mode      latency_mode_enum                      32    TRANSACTION_FIRST
        read_latency_mode       latency_mode_enum                      32    TRANSACTION_FIRST
        clatency                axi_latency                            -     @442             
          wr_latency            integral                               32    'h0              
          rd_latency            integral                               32    'h0              
    env_master_svr_inLength     uvm_env                                -     @409             
      m_agt                     uvm_agent                              -     @3292            
        drv                     uvm_driver #(REQ,RSP)                  -     @3440            
          rsp_port              uvm_analysis_port                      -     @3459            
          seq_item_port         uvm_seq_item_pull_port                 -     @3449            
        mon                     uvm_monitor                            -     @3469            
          item_collect_port     uvm_analysis_port                      -     @3480            
        sqr                     uvm_sequencer                          -     @3303            
          rsp_export            uvm_analysis_export                    -     @3312            
          seq_item_export       uvm_seq_item_pull_imp                  -     @3430            
          arbitration_queue     array                                  0     -                
          lock_queue            array                                  0     -                
          num_last_reqs         integral                               32    'd1              
          num_last_rsps         integral                               32    'd1              
    env_master_svr_layerNo      uvm_env                                -     @432             
      m_agt                     uvm_agent                              -     @3498            
        drv                     uvm_driver #(REQ,RSP)                  -     @3646            
          rsp_port              uvm_analysis_port                      -     @3665            
          seq_item_port         uvm_seq_item_pull_port                 -     @3655            
        mon                     uvm_monitor                            -     @3675            
          item_collect_port     uvm_analysis_port                      -     @3686            
        sqr                     uvm_sequencer                          -     @3509            
          rsp_export            uvm_analysis_export                    -     @3518            
          seq_item_export       uvm_seq_item_pull_imp                  -     @3636            
          arbitration_queue     array                                  0     -                
          lock_queue            array                                  0     -                
          num_last_reqs         integral                               32    'd1              
          num_last_rsps         integral                               32    'd1              
    env_master_svr_outLength    uvm_env                                -     @422             
      m_agt                     uvm_agent                              -     @3704            
        drv                     uvm_driver #(REQ,RSP)                  -     @3852            
          rsp_port              uvm_analysis_port                      -     @3871            
          seq_item_port         uvm_seq_item_pull_port                 -     @3861            
        mon                     uvm_monitor                            -     @3881            
          item_collect_port     uvm_analysis_port                      -     @3892            
        sqr                     uvm_sequencer                          -     @3715            
          rsp_export            uvm_analysis_export                    -     @3724            
          seq_item_export       uvm_seq_item_pull_imp                  -     @3842            
          arbitration_queue     array                                  0     -                
          lock_queue            array                                  0     -                
          num_last_reqs         integral                               32    'd1              
          num_last_rsps         integral                               32    'd1              
    fcLayer_virtual_sqr         fcLayer_virtual_sequencer              -     @598             
      rsp_export                uvm_analysis_export                    -     @607             
      seq_item_export           uvm_seq_item_pull_imp                  -     @725             
      arbitration_queue         array                                  0     -                
      lock_queue                array                                  0     -                
      num_last_reqs             integral                               32    'd1              
      num_last_rsps             integral                               32    'd1              
    refm                        fcLayer_reference_model                -     @506             
      trans_num_idx             integral                               32    'h0              
    subsys_mon                  fcLayer_subsystem_monitor              -     @519             
      control_rtr_imp           uvm_analysis_imp_axi_rtr_control       -     @588             
      control_wtr_imp           uvm_analysis_imp_axi_wtr_control       -     @578             
      gmem_rtr_imp              uvm_analysis_imp_axi_rtr_gmem          -     @568             
      gmem_wtr_imp              uvm_analysis_imp_axi_wtr_gmem          -     @558             
      scbd                      fcLayer_scoreboard                     -     @3920            
        refm                    fcLayer_reference_model                -     @506             
          trans_num_idx         integral                               32    'h0              
      svr_master_inLength_imp   uvm_analysis_imp_svr_master_inLength   -     @528             
      svr_master_layerNo_imp    uvm_analysis_imp_svr_master_layerNo    -     @548             
      svr_master_outLength_imp  uvm_analysis_imp_svr_master_outLength  -     @538             
    env_master_svr_inLength     uvm_env                                -     @409             
    env_master_svr_outLength    uvm_env                                -     @422             
    env_master_svr_layerNo      uvm_env                                -     @432             
    refm                        fcLayer_reference_model                -     @506             
    fcLayer_virtual_sqr         fcLayer_virtual_sequencer              -     @598             
    fcLayer_cfg                 fcLayer_config                         -     @400             
      port_inLength_cfg         svr_config                             -     @401             
        svr_type                svr_inst_type                          32    SVR_MASTER       
        prt_type                svr_protocol_type                      32    AP_NONE          
        is_active               svr_active_passive_enum                1     SVR_ACTIVE       
        reset_level             svr_reset_level_enum                   1     RESET_LEVEL_LOW  
        spec_cfg                svr_spec_cfg_enum                      32    NORMAL           
        clatency                svr_latency                            -     @402             
          transfer_latency      integral                               32    'h0              
      port_outLength_cfg        svr_config                             -     @403             
        svr_type                svr_inst_type                          32    SVR_MASTER       
        prt_type                svr_protocol_type                      32    AP_NONE          
        is_active               svr_active_passive_enum                1     SVR_ACTIVE       
        reset_level             svr_reset_level_enum                   1     RESET_LEVEL_LOW  
        spec_cfg                svr_spec_cfg_enum                      32    NORMAL           
        clatency                svr_latency                            -     @404             
          transfer_latency      integral                               32    'h0              
      port_layerNo_cfg          svr_config                             -     @405             
        svr_type                svr_inst_type                          32    SVR_MASTER       
        prt_type                svr_protocol_type                      32    AP_NONE          
        is_active               svr_active_passive_enum                1     SVR_ACTIVE       
        reset_level             svr_reset_level_enum                   1     RESET_LEVEL_LOW  
        spec_cfg                svr_spec_cfg_enum                      32    NORMAL           
        clatency                svr_latency                            -     @406             
          transfer_latency      integral                               32    'h0              
      gmem_cfg                  axi_cfg                                -     @407             
        has_checker             integral                               1     'h1              
        has_coverage            integral                               1     'h1              
        id_num                  integral                               32    'h1              
        reset_level             reset_level_enum                       32    RESET_LEVEL_LOW  
        drv_type                drv_type_enum                          32    SLAVE            
        write_latency_mode      latency_mode_enum                      32    TRANSACTION_FIRST
        read_latency_mode       latency_mode_enum                      32    TRANSACTION_FIRST
        clatency                axi_latency                            -     @442             
          wr_latency            integral                               32    'h0              
          rd_latency            integral                               32    'h0              
      control_cfg               axi_cfg                                -     @408             
        has_checker             integral                               1     'h1              
        has_coverage            integral                               1     'h1              
        id_num                  integral                               32    'h1              
        reset_level             reset_level_enum                       32    RESET_LEVEL_LOW  
        drv_type                drv_type_enum                          32    MASTER           
        write_latency_mode      latency_mode_enum                      32    CHANNEL_FIRST    
        read_latency_mode       latency_mode_enum                      32    CHANNEL_FIRST    
        clatency                axi_latency                            -     @475             
          wr_latency            integral                               32    'h0              
          rd_latency            integral                               32    'h0              
      check_ena                 integral                               32    'h0              
      cover_ena                 integral                               32    'h0              
----------------------------------------------------------------------------------------------

UVM_INFO C:/Xilinx/2025.1/Vivado/data/system_verilog/uvm_1.2/xlnx_uvm_package.sv(20867) @ 0: reporter [UVM/COMP/NAMECHECK] This implementation of the component name checks requires DPI to be enabled
////////////////////////////////////////////////////////////////////////////////////
// Inter-Transaction Progress: Completed Transaction / Total Transaction
// Intra-Transaction Progress: Measured Latency / Latency Estimation * 100%
//
// RTL Simulation : "Inter-Transaction Progress" ["Intra-Transaction Progress"] @ "Simulation Time"
////////////////////////////////////////////////////////////////////////////////////
// RTL Simulation : 0 / 1 [n/a] @ "125000"
// RTL Simulation : 1 / 1 [n/a] @ "3015000"
////////////////////////////////////////////////////////////////////////////////////
$finish called at time : 3085 ns : File "C:/Xilinx/2025.1/Vivado/data/system_verilog/uvm_1.2/xlnx_uvm_package.sv" Line 18699
## quit
INFO: [Common 17-206] Exiting xsim at Sun Aug 31 16:49:46 2025...
INFO: [COSIM 212-316] Starting C post checking ...
*********************************************************************************  Starting Verification. ************************************************************************************
Printing toy example for FC Layer
Input Pixels of FC Layer
    2    2    1    1    2    1    0    0
Weights of FC Layer
    1    2    2    2    1    0    1    2
    1    2    0    0    0    0    2    0
    1    1    0    2    2    2    2    0
    2    0    0    1    2    1    1    0
    2    0    2    0    0    2    0    1
    2    1    2    2    1    0    0    1
Bias of FC Layer
    0    0    0    0    0    0
Output Pixels of FC Layer
   12    6   12   10    8   12

*********************************************************************************  Verification Complete. ************************************************************************************
INFO: [COSIM 212-1000] *** C/RTL co-simulation finished: PASS ***
INFO: [COSIM 212-211] II is measurable only when transaction number is greater than 1 in RTL simulation. Otherwise, they will be marked as all NA. If user wants to calculate them, please make sure there are at least 2 transactions in RTL simulation.
INFO: [HLS 200-112] Total CPU user time: 11 seconds. Total CPU system time: 5 seconds. Total elapsed time: 209.131 seconds; peak allocated memory: 220.629 MB.
INFO: [vitis-run 60-791] Total elapsed time: 0h 3m 35s
