  **** HLS Build v2025.1 6135595
INFO: [HLS 200-2005] Using work_dir C:/Users/arisi/Documents/VitisWorkspace/VGGHLS-TX/TL_Base/ConvLayer 
INFO: [HLS 200-2176] Writing Vitis IDE component file C:/Users/arisi/Documents/VitisWorkspace/VGGHLS-TX/TL_Base/ConvLayer/vitis-comp.json
INFO: [HLS 200-10] Creating and opening component 'C:/Users/arisi/Documents/VitisWorkspace/VGGHLS-TX/TL_Base/ConvLayer'.
INFO: [HLS 200-1611] Setting target device to 'xcvu9p-flga2104-3-e'
INFO: [HLS 200-1505] Using default flow_target 'vivado'
Resolution: For help on HLS 200-1505 see docs.xilinx.com/access/sources/dita/topic?Doc_Version=2025.1%20English&url=ug1448-hls-guidance&resourceid=200-1505.html
INFO: [HLS 200-2174] Applying component config ini file C:/Users/arisi/Documents/VitisWorkspace/VGGHLS-TX/TL_Base/hls_config.cfg
INFO: [HLS 200-1465] Applying config ini 'syn.file=../src_files/Main_Code.cpp' from C:/Users/arisi/Documents/VitisWorkspace/VGGHLS-TX/TL_Base/hls_config.cfg(8)
INFO: [HLS 200-10] Adding design file 'C:/Users/arisi/Documents/VitisWorkspace/VGGHLS-TX/src_files/Main_Code.cpp' to the project
INFO: [HLS 200-1465] Applying config ini 'tb.file=../src_files/Auxiliary_Calculations.cpp' from C:/Users/arisi/Documents/VitisWorkspace/VGGHLS-TX/TL_Base/hls_config.cfg(9)
INFO: [HLS 200-10] Adding test bench file 'C:/Users/arisi/Documents/VitisWorkspace/VGGHLS-TX/src_files/Auxiliary_Calculations.cpp' to the project
INFO: [HLS 200-1465] Applying config ini 'tb.file=../src_files/main_tb.cpp' from C:/Users/arisi/Documents/VitisWorkspace/VGGHLS-TX/TL_Base/hls_config.cfg(10)
INFO: [HLS 200-10] Adding test bench file 'C:/Users/arisi/Documents/VitisWorkspace/VGGHLS-TX/src_files/main_tb.cpp' to the project
INFO: [HLS 200-1465] Applying config ini 'tb.file=../src_files/tb_Buf2Pe.cpp' from C:/Users/arisi/Documents/VitisWorkspace/VGGHLS-TX/TL_Base/hls_config.cfg(11)
INFO: [HLS 200-10] Adding test bench file 'C:/Users/arisi/Documents/VitisWorkspace/VGGHLS-TX/src_files/tb_Buf2Pe.cpp' to the project
INFO: [HLS 200-1465] Applying config ini 'tb.file=../src_files/tb_Dfl_ControlLogic.cpp' from C:/Users/arisi/Documents/VitisWorkspace/VGGHLS-TX/TL_Base/hls_config.cfg(12)
INFO: [HLS 200-10] Adding test bench file 'C:/Users/arisi/Documents/VitisWorkspace/VGGHLS-TX/src_files/tb_Dfl_ControlLogic.cpp' to the project
INFO: [HLS 200-1465] Applying config ini 'tb.file=../src_files/tb_fcLayer.cpp' from C:/Users/arisi/Documents/VitisWorkspace/VGGHLS-TX/TL_Base/hls_config.cfg(13)
INFO: [HLS 200-10] Adding test bench file 'C:/Users/arisi/Documents/VitisWorkspace/VGGHLS-TX/src_files/tb_fcLayer.cpp' to the project
INFO: [HLS 200-1465] Applying config ini 'tb.file=../src_files/tb_gap.cpp' from C:/Users/arisi/Documents/VitisWorkspace/VGGHLS-TX/TL_Base/hls_config.cfg(14)
INFO: [HLS 200-10] Adding test bench file 'C:/Users/arisi/Documents/VitisWorkspace/VGGHLS-TX/src_files/tb_gap.cpp' to the project
INFO: [HLS 200-1465] Applying config ini 'tb.file=../src_files/tb_loadbin.cpp' from C:/Users/arisi/Documents/VitisWorkspace/VGGHLS-TX/TL_Base/hls_config.cfg(15)
INFO: [HLS 200-10] Adding test bench file 'C:/Users/arisi/Documents/VitisWorkspace/VGGHLS-TX/src_files/tb_loadbin.cpp' to the project
INFO: [HLS 200-1465] Applying config ini 'tb.file=../src_files/tb_maxPool.cpp' from C:/Users/arisi/Documents/VitisWorkspace/VGGHLS-TX/TL_Base/hls_config.cfg(16)
INFO: [HLS 200-10] Adding test bench file 'C:/Users/arisi/Documents/VitisWorkspace/VGGHLS-TX/src_files/tb_maxPool.cpp' to the project
INFO: [HLS 200-1465] Applying config ini 'tb.file=../src_files/tb_Mem2Buf.cpp' from C:/Users/arisi/Documents/VitisWorkspace/VGGHLS-TX/TL_Base/hls_config.cfg(17)
INFO: [HLS 200-10] Adding test bench file 'C:/Users/arisi/Documents/VitisWorkspace/VGGHLS-TX/src_files/tb_Mem2Buf.cpp' to the project
INFO: [HLS 200-1465] Applying config ini 'tb.file=../src_files/tb_parameters.cpp' from C:/Users/arisi/Documents/VitisWorkspace/VGGHLS-TX/TL_Base/hls_config.cfg(18)
INFO: [HLS 200-10] Adding test bench file 'C:/Users/arisi/Documents/VitisWorkspace/VGGHLS-TX/src_files/tb_parameters.cpp' to the project
INFO: [HLS 200-1465] Applying config ini 'tb.file=../src_files/tb_Top.cpp' from C:/Users/arisi/Documents/VitisWorkspace/VGGHLS-TX/TL_Base/hls_config.cfg(19)
INFO: [HLS 200-10] Adding test bench file 'C:/Users/arisi/Documents/VitisWorkspace/VGGHLS-TX/src_files/tb_Top.cpp' to the project
INFO: [HLS 200-1465] Applying config ini 'tb.file=../src_files/tb_port_widening.cpp' from C:/Users/arisi/Documents/VitisWorkspace/VGGHLS-TX/TL_Base/hls_config.cfg(20)
INFO: [HLS 200-10] Adding test bench file 'C:/Users/arisi/Documents/VitisWorkspace/VGGHLS-TX/src_files/tb_port_widening.cpp' to the project
INFO: [HLS 200-1465] Applying config ini 'syn.top=ConvLayer' from C:/Users/arisi/Documents/VitisWorkspace/VGGHLS-TX/TL_Base/hls_config.cfg(7)
INFO: [HLS 200-1465] Applying config ini 'flow_target=vitis' from C:/Users/arisi/Documents/VitisWorkspace/VGGHLS-TX/TL_Base/hls_config.cfg(4)
INFO: [HLS 200-1505] Using flow_target 'vitis'
Resolution: For help on HLS 200-1505 see docs.xilinx.com/access/sources/dita/topic?Doc_Version=2025.1%20English&url=ug1448-hls-guidance&resourceid=200-1505.html
INFO: [HLS 200-435] Setting 'open_solution -flow_target vitis' configuration: config_interface -m_axi_latency=64
INFO: [HLS 200-435] Setting 'open_solution -flow_target vitis' configuration: config_interface -m_axi_alignment_byte_size=64
INFO: [HLS 200-435] Setting 'open_solution -flow_target vitis' configuration: config_interface -m_axi_max_widen_bitwidth=512
INFO: [HLS 200-435] Setting 'open_solution -flow_target vitis' configuration: config_rtl -register_reset_num=3
INFO: [HLS 200-1465] Applying config ini 'part=xcvu9p-flga2104-3-e' from C:/Users/arisi/Documents/VitisWorkspace/VGGHLS-TX/TL_Base/hls_config.cfg(1)
INFO: [HLS 200-1465] Applying config ini 'cosim.tool=xsim' from C:/Users/arisi/Documents/VitisWorkspace/VGGHLS-TX/TL_Base/hls_config.cfg(22)
INFO: [HLS 200-1465] Applying config ini 'cosim.wave_debug=1' from C:/Users/arisi/Documents/VitisWorkspace/VGGHLS-TX/TL_Base/hls_config.cfg(23)
INFO: [HLS 200-1465] Applying config ini 'csim.clean=1' from C:/Users/arisi/Documents/VitisWorkspace/VGGHLS-TX/TL_Base/hls_config.cfg(21)
INFO: [HLS 200-1465] Applying config ini 'package.output.format=ip_catalog' from C:/Users/arisi/Documents/VitisWorkspace/VGGHLS-TX/TL_Base/hls_config.cfg(5)
INFO: [HLS 200-2176] Writing Vitis IDE component file C:/Users/arisi/Documents/VitisWorkspace/VGGHLS-TX/TL_Base/ConvLayer/vitis-comp.json
INFO: [COSIM 212-47] Using XSIM for RTL simulation.
INFO: [COSIM 212-14] Instrumenting C test bench ...
   Build using "C:/Xilinx/2025.1/Vitis/win64/tools/vcxx/libexec/clang++"
   Compiling tb_loadbin.cpp_pre.cpp.tb.cpp
   Compiling apatb_ConvLayer.cpp
   Compiling tb_Mem2Buf.cpp_pre.cpp.tb.cpp
   Compiling tb_gap.cpp_pre.cpp.tb.cpp
   Compiling Main_Code.cpp_pre.cpp.tb.cpp
   Compiling tb_parameters.cpp_pre.cpp.tb.cpp
   Compiling Auxiliary_Calculations.cpp_pre.cpp.tb.cpp
   Compiling tb_fcLayer.cpp_pre.cpp.tb.cpp
   Compiling tb_Buf2Pe.cpp_pre.cpp.tb.cpp
   Compiling main_tb.cpp_pre.cpp.tb.cpp
   Compiling tb_port_widening.cpp_pre.cpp.tb.cpp
   Compiling tb_maxPool.cpp_pre.cpp.tb.cpp
   Compiling tb_Top.cpp_pre.cpp.tb.cpp
   Compiling tb_Dfl_ControlLogic.cpp_pre.cpp.tb.cpp
   Compiling apatb_ConvLayer_ir.ll
   Generating cosim.tv.exe
INFO: [COSIM 212-302] Starting C TB testing ... 
*********************************************************************************  Starting Verification. ************************************************************************************
ERROR: A depth specification is required for interface port 'IfMap' for cosimulation.
ERROR: [COSIM 212-359] Aborting co-simulation: C TB simulation failed, nonzero return value '1'.
ERROR: [COSIM 212-320] C TB testing failed, stop generating test vectors. Please check C TB or re-run cosim.
ERROR: [COSIM 212-5] *** C/RTL co-simulation file generation failed. ***
ERROR: [COSIM 212-4] *** C/RTL co-simulation finished: FAIL ***
ERROR: 
INFO: [HLS 200-112] Total CPU user time: 11 seconds. Total CPU system time: 8 seconds. Total elapsed time: 170.908 seconds; peak allocated memory: 432.762 MB.
