  **** HLS Build v2025.1 6135595
INFO: [HLS 200-2005] Using work_dir C:/Programming_Files/VGGHLS-TX/TL_Base/ConvLayer 
INFO: [HLS 200-2176] Writing Vitis IDE component file C:/Programming_Files/VGGHLS-TX/TL_Base/ConvLayer/vitis-comp.json
INFO: [HLS 200-10] Creating and opening component 'C:/Programming_Files/VGGHLS-TX/TL_Base/ConvLayer'.
INFO: [HLS 200-1505] Using default flow_target 'vivado'
Resolution: For help on HLS 200-1505 see docs.xilinx.com/access/sources/dita/topic?Doc_Version=2025.1%20English&url=ug1448-hls-guidance&resourceid=200-1505.html
INFO: [HLS 200-2174] Applying component config ini file C:/Programming_Files/VGGHLS-TX/TL_Base/hls_config.cfg
INFO: [HLS 200-1465] Applying config ini 'syn.file=../src_files/Main_Code.cpp' from C:/Programming_Files/VGGHLS-TX/TL_Base/hls_config.cfg(8)
INFO: [HLS 200-10] Adding design file 'C:/Programming_Files/VGGHLS-TX/src_files/Main_Code.cpp' to the project
INFO: [HLS 200-1465] Applying config ini 'tb.file=../src_files/Auxiliary_Calculations.cpp' from C:/Programming_Files/VGGHLS-TX/TL_Base/hls_config.cfg(9)
INFO: [HLS 200-10] Adding test bench file 'C:/Programming_Files/VGGHLS-TX/src_files/Auxiliary_Calculations.cpp' to the project
INFO: [HLS 200-1465] Applying config ini 'tb.file=../src_files/main_tb.cpp' from C:/Programming_Files/VGGHLS-TX/TL_Base/hls_config.cfg(10)
INFO: [HLS 200-10] Adding test bench file 'C:/Programming_Files/VGGHLS-TX/src_files/main_tb.cpp' to the project
INFO: [HLS 200-1465] Applying config ini 'tb.file=../src_files/tb_Buf2Pe.cpp' from C:/Programming_Files/VGGHLS-TX/TL_Base/hls_config.cfg(11)
INFO: [HLS 200-10] Adding test bench file 'C:/Programming_Files/VGGHLS-TX/src_files/tb_Buf2Pe.cpp' to the project
INFO: [HLS 200-1465] Applying config ini 'tb.file=../src_files/tb_Dfl_ControlLogic.cpp' from C:/Programming_Files/VGGHLS-TX/TL_Base/hls_config.cfg(12)
INFO: [HLS 200-10] Adding test bench file 'C:/Programming_Files/VGGHLS-TX/src_files/tb_Dfl_ControlLogic.cpp' to the project
INFO: [HLS 200-1465] Applying config ini 'tb.file=../src_files/tb_fcLayer.cpp' from C:/Programming_Files/VGGHLS-TX/TL_Base/hls_config.cfg(13)
INFO: [HLS 200-10] Adding test bench file 'C:/Programming_Files/VGGHLS-TX/src_files/tb_fcLayer.cpp' to the project
INFO: [HLS 200-1465] Applying config ini 'tb.file=../src_files/tb_gap.cpp' from C:/Programming_Files/VGGHLS-TX/TL_Base/hls_config.cfg(14)
INFO: [HLS 200-10] Adding test bench file 'C:/Programming_Files/VGGHLS-TX/src_files/tb_gap.cpp' to the project
INFO: [HLS 200-1465] Applying config ini 'tb.file=../src_files/tb_loadbin.cpp' from C:/Programming_Files/VGGHLS-TX/TL_Base/hls_config.cfg(15)
INFO: [HLS 200-10] Adding test bench file 'C:/Programming_Files/VGGHLS-TX/src_files/tb_loadbin.cpp' to the project
INFO: [HLS 200-1465] Applying config ini 'tb.file=../src_files/tb_maxPool.cpp' from C:/Programming_Files/VGGHLS-TX/TL_Base/hls_config.cfg(16)
INFO: [HLS 200-10] Adding test bench file 'C:/Programming_Files/VGGHLS-TX/src_files/tb_maxPool.cpp' to the project
INFO: [HLS 200-1465] Applying config ini 'tb.file=../src_files/tb_Mem2Buf.cpp' from C:/Programming_Files/VGGHLS-TX/TL_Base/hls_config.cfg(17)
INFO: [HLS 200-10] Adding test bench file 'C:/Programming_Files/VGGHLS-TX/src_files/tb_Mem2Buf.cpp' to the project
INFO: [HLS 200-1465] Applying config ini 'tb.file=../src_files/tb_parameters.cpp' from C:/Programming_Files/VGGHLS-TX/TL_Base/hls_config.cfg(18)
INFO: [HLS 200-10] Adding test bench file 'C:/Programming_Files/VGGHLS-TX/src_files/tb_parameters.cpp' to the project
INFO: [HLS 200-1465] Applying config ini 'tb.file=../src_files/tb_Top.cpp' from C:/Programming_Files/VGGHLS-TX/TL_Base/hls_config.cfg(19)
INFO: [HLS 200-10] Adding test bench file 'C:/Programming_Files/VGGHLS-TX/src_files/tb_Top.cpp' to the project
INFO: [HLS 200-1465] Applying config ini 'tb.file=../src_files/tb_port_widening.cpp' from C:/Programming_Files/VGGHLS-TX/TL_Base/hls_config.cfg(20)
INFO: [HLS 200-10] Adding test bench file 'C:/Programming_Files/VGGHLS-TX/src_files/tb_port_widening.cpp' to the project
INFO: [HLS 200-1465] Applying config ini 'syn.top=ConvLayer' from C:/Programming_Files/VGGHLS-TX/TL_Base/hls_config.cfg(7)
INFO: [HLS 200-1465] Applying config ini 'flow_target=vivado' from C:/Programming_Files/VGGHLS-TX/TL_Base/hls_config.cfg(4)
INFO: [HLS 200-1505] Using flow_target 'vivado'
Resolution: For help on HLS 200-1505 see docs.xilinx.com/access/sources/dita/topic?Doc_Version=2025.1%20English&url=ug1448-hls-guidance&resourceid=200-1505.html
INFO: [HLS 200-1465] Applying config ini 'part=xcvu9p-flga2104-3-e' from C:/Programming_Files/VGGHLS-TX/TL_Base/hls_config.cfg(1)
INFO: [HLS 200-1611] Setting target device to 'xcvu9p-flga2104-3-e'
INFO: [HLS 200-1465] Applying config ini 'csim.clean=1' from C:/Programming_Files/VGGHLS-TX/TL_Base/hls_config.cfg(21)
INFO: [HLS 200-1465] Applying config ini 'package.output.format=ip_catalog' from C:/Programming_Files/VGGHLS-TX/TL_Base/hls_config.cfg(5)
INFO: [HLS 200-2176] Writing Vitis IDE component file C:/Programming_Files/VGGHLS-TX/TL_Base/ConvLayer/vitis-comp.json
INFO: [HLS 200-111] Finished File checks and directory preparation: CPU user time: 2 seconds. CPU system time: 2 seconds. Elapsed time: 4.047 seconds; current allocated memory: 137.891 MB.
INFO: [HLS 200-10] Analyzing design file '../src_files/Main_Code.cpp' ... 
WARNING: [HLS 214-111] Static scalars and arrays declared inside a dataflow region will be treated like local variables (../src_files/Main_Code.cpp:3053:19)
Resolution: For help on HLS 214-111 see docs.xilinx.com/access/sources/dita/topic?Doc_Version=2025.1%20English&url=ug1448-hls-guidance&resourceid=214-111.html
WARNING: [HLS 214-111] Static scalars and arrays declared inside a dataflow region will be treated like local variables (../src_files/Main_Code.cpp:3055:19)
Resolution: For help on HLS 214-111 see docs.xilinx.com/access/sources/dita/topic?Doc_Version=2025.1%20English&url=ug1448-hls-guidance&resourceid=214-111.html
WARNING: [HLS 200-471] Dataflow form checks found 2 issue(s) in file ../src_files/Main_Code.cpp
Resolution: For help on HLS 200-471 see docs.xilinx.com/access/sources/dita/topic?Doc_Version=2025.1%20English&url=ug1448-hls-guidance&resourceid=200-471.html
WARNING: [HLS 207-5292] unused parameter 'Noy_step' (../src_files/Main_Code.cpp:2739:15)
WARNING: [HLS 207-5292] unused parameter 'Tiy' (../src_files/Main_Code.cpp:2741:10)
WARNING: [HLS 207-5292] unused parameter 'Noy_step' (../src_files/Main_Code.cpp:2927:15)
WARNING: [HLS 207-5292] unused parameter 'Tiy' (../src_files/Main_Code.cpp:2929:10)
WARNING: [HLS 207-5292] unused parameter 'layerNo' (../src_files/Main_Code.cpp:3499:25)
INFO: [HLS 200-111] Finished Source Code Analysis and Preprocessing: CPU user time: 0 seconds. CPU system time: 0 seconds. Elapsed time: 6.971 seconds; current allocated memory: 143.262 MB.
INFO: [HLS 200-777] Using interface defaults for 'Vivado' flow target.
INFO: [HLS 200-1995] There were 15,716 instructions in the design after the 'Compile/Link' phase of compilation. See the Design Size Report for more details (C:/Programming_Files/VGGHLS-TX/TL_Base/ConvLayer/hls/syn/report/csynth_design_size.rpt:2)
WARNING: [HLS 200-1995] There were 129,942 instructions in the design after the 'Unroll/Inline (step 1)' phase of compilation. See the Design Size Report for more details (C:/Programming_Files/VGGHLS-TX/TL_Base/ConvLayer/hls/syn/report/csynth_design_size.rpt:2)
INFO: [HLS 200-1995] There were 91,501 instructions in the design after the 'Unroll/Inline (step 2)' phase of compilation. See the Design Size Report for more details (C:/Programming_Files/VGGHLS-TX/TL_Base/ConvLayer/hls/syn/report/csynth_design_size.rpt:2)
INFO: [HLS 200-1995] There were 90,019 instructions in the design after the 'Unroll/Inline (step 3)' phase of compilation. See the Design Size Report for more details (C:/Programming_Files/VGGHLS-TX/TL_Base/ConvLayer/hls/syn/report/csynth_design_size.rpt:2)
INFO: [HLS 200-1995] There were 89,958 instructions in the design after the 'Unroll/Inline (step 4)' phase of compilation. See the Design Size Report for more details (C:/Programming_Files/VGGHLS-TX/TL_Base/ConvLayer/hls/syn/report/csynth_design_size.rpt:2)
WARNING: [HLS 200-1995] There were 215,120 instructions in the design after the 'Array/Struct (step 1)' phase of compilation. See the Design Size Report for more details (C:/Programming_Files/VGGHLS-TX/TL_Base/ConvLayer/hls/syn/report/csynth_design_size.rpt:2)
WARNING: [HLS 200-1995] There were 122,280 instructions in the design after the 'Array/Struct (step 2)' phase of compilation. See the Design Size Report for more details (C:/Programming_Files/VGGHLS-TX/TL_Base/ConvLayer/hls/syn/report/csynth_design_size.rpt:2)
WARNING: [HLS 200-1995] There were 122,280 instructions in the design after the 'Array/Struct (step 3)' phase of compilation. See the Design Size Report for more details (C:/Programming_Files/VGGHLS-TX/TL_Base/ConvLayer/hls/syn/report/csynth_design_size.rpt:2)
WARNING: [HLS 200-1995] There were 122,280 instructions in the design after the 'Array/Struct (step 4)' phase of compilation. See the Design Size Report for more details (C:/Programming_Files/VGGHLS-TX/TL_Base/ConvLayer/hls/syn/report/csynth_design_size.rpt:2)
WARNING: [HLS 200-1995] There were 129,717 instructions in the design after the 'Array/Struct (step 5)' phase of compilation. See the Design Size Report for more details (C:/Programming_Files/VGGHLS-TX/TL_Base/ConvLayer/hls/syn/report/csynth_design_size.rpt:2)
WARNING: [HLS 200-1995] There were 129,469 instructions in the design after the 'Performance' phase of compilation. See the Design Size Report for more details (C:/Programming_Files/VGGHLS-TX/TL_Base/ConvLayer/hls/syn/report/csynth_design_size.rpt:2)
WARNING: [HLS 200-1995] There were 122,278 instructions in the design after the 'Performance (step 2)' phase of compilation. See the Design Size Report for more details (C:/Programming_Files/VGGHLS-TX/TL_Base/ConvLayer/hls/syn/report/csynth_design_size.rpt:2)
WARNING: [HLS 200-1995] There were 122,118 instructions in the design after the 'Performance (step 3)' phase of compilation. See the Design Size Report for more details (C:/Programming_Files/VGGHLS-TX/TL_Base/ConvLayer/hls/syn/report/csynth_design_size.rpt:2)
WARNING: [HLS 200-1995] There were 121,512 instructions in the design after the 'Performance (step 4)' phase of compilation. See the Design Size Report for more details (C:/Programming_Files/VGGHLS-TX/TL_Base/ConvLayer/hls/syn/report/csynth_design_size.rpt:2)
WARNING: [HLS 200-1995] There were 121,668 instructions in the design after the 'HW Transforms (step 1)' phase of compilation. See the Design Size Report for more details (C:/Programming_Files/VGGHLS-TX/TL_Base/ConvLayer/hls/syn/report/csynth_design_size.rpt:2)
INFO: [HLS 200-1995] There were 97,402 instructions in the design after the 'HW Transforms (step 2)' phase of compilation. See the Design Size Report for more details (C:/Programming_Files/VGGHLS-TX/TL_Base/ConvLayer/hls/syn/report/csynth_design_size.rpt:2)
INFO: [HLS 214-131] Inlining function 'InBuf2Pe(int, int, int, int, int, int, int const (*) [12800][7], int (*) [7], hls::stream<int, 4> (*) [7])' into 'InBuf2Pe_wrapper(int, int, int, int, int, int, int const (*) [12800][7], int (*) [7])' (../src_files/Main_Code.cpp:215:2)
INFO: [HLS 214-131] Inlining function 'InBuf2Pe_ctrl(int, int, int, int*, int*, int*, int*, int*, int*)' into 'wndClc_Dfl(int, int, int, int, int, int, int const (*) [12800][7], int const (*) [8], int (*) [7][7])' (../src_files/Main_Code.cpp:481:2)
INFO: [HLS 214-131] Inlining function 'Pe(int (*) [7], int*, int (*) [7][7])' into 'wndClc_Dfl(int, int, int, int, int, int, int const (*) [12800][7], int const (*) [8], int (*) [7][7])' (../src_files/Main_Code.cpp:498:3)
INFO: [HLS 214-131] Inlining function 'WtBuf2Pe(int const (*) [8], int, int*)' into 'wndClc_Dfl(int, int, int, int, int, int, int const (*) [12800][7], int const (*) [8], int (*) [7][7])' (../src_files/Main_Code.cpp:497:3)
INFO: [HLS 214-131] Inlining function 'InBuf2Pe_wrapper(int, int, int, int, int, int, int const (*) [12800][7], int (*) [7])' into 'wndClc_Dfl(int, int, int, int, int, int, int const (*) [12800][7], int const (*) [8], int (*) [7][7])' (../src_files/Main_Code.cpp:489:3)
INFO: [HLS 214-131] Inlining function 'WtBuf2Pe_ctrl(int, int*)' into 'wndClc_Dfl(int, int, int, int, int, int, int const (*) [12800][7], int const (*) [8], int (*) [7][7])' (../src_files/Main_Code.cpp:488:3)
INFO: [HLS 214-131] Inlining function 'ReLu(int, int*)' into 'bias_ReLu(int, int, int*, int (*) [7], int (*) [7])' (../src_files/Main_Code.cpp:48:4)
INFO: [HLS 214-131] Inlining function 'tileClc_Dfl(int, int, int, int, int, int, int, int, int, int, int, int, int, int, int (*) [12800][7], int (*) [8], int*, int (*) [28672][7])' into 'tileClc(int (*) [12800][7], int (*) [8], int*, int (*) [28672][7])' (../src_files/Main_Code.cpp:2361:3)
INFO: [HLS 214-291] Loop 'loop_Pe2Buf_OutBufNum_Load' is marked as complete unroll implied by the pipeline pragma (../src_files/Main_Code.cpp:658:30)
INFO: [HLS 214-291] Loop 'loop_Pe2Buf_Pox_Load' is marked as complete unroll implied by the pipeline pragma (../src_files/Main_Code.cpp:660:24)
INFO: [HLS 214-291] Loop 'loop_Pe2Buf_OutBufNum_Store' is marked as complete unroll implied by the pipeline pragma (../src_files/Main_Code.cpp:671:33)
INFO: [HLS 214-291] Loop 'loop_Pe2Buf_Pox_Store' is marked as complete unroll implied by the pipeline pragma (../src_files/Main_Code.cpp:673:25)
INFO: [HLS 214-291] Loop 'VITIS_LOOP_37_1' is marked as complete unroll implied by the pipeline pragma (../src_files/Main_Code.cpp:37:19)
INFO: [HLS 214-291] Loop 'VITIS_LOOP_39_2' is marked as complete unroll implied by the pipeline pragma (../src_files/Main_Code.cpp:39:19)
INFO: [HLS 214-291] Loop 'loop_InBuf2Pe_rdPx_Poy_2' is marked as complete unroll implied by the pipeline pragma (../src_files/Main_Code.cpp:257:29)
INFO: [HLS 214-291] Loop 'loop_InBuf2Pe_rdPx_Poy' is marked as complete unroll implied by the pipeline pragma (../src_files/Main_Code.cpp:248:27)
INFO: [HLS 214-291] Loop 'loop_InBuf2Pe_rdPx_Pox' is marked as complete unroll implied by the pipeline pragma (../src_files/Main_Code.cpp:250:26)
INFO: [HLS 214-291] Loop 'loop_InBuf2Pe_wrReg_Poy_3' is marked as complete unroll implied by the pipeline pragma (../src_files/Main_Code.cpp:287:30)
INFO: [HLS 214-291] Loop 'loop_InBuf2Pe_wrReg_Pox_3' is marked as complete unroll implied by the pipeline pragma (../src_files/Main_Code.cpp:289:29)
INFO: [HLS 214-291] Loop 'loop_InBuf2Pe_wrReg_Poy_2' is marked as complete unroll implied by the pipeline pragma (../src_files/Main_Code.cpp:276:31)
INFO: [HLS 214-291] Loop 'loop_InBuf2Pe_wrReg_Pox_2' is marked as complete unroll implied by the pipeline pragma (../src_files/Main_Code.cpp:278:29)
INFO: [HLS 214-291] Loop 'loop_InBuf2Pe_wrReg_Poy' is marked as complete unroll implied by the pipeline pragma (../src_files/Main_Code.cpp:267:29)
INFO: [HLS 214-291] Loop 'loop_InBuf2Pe_wrReg_Pox' is marked as complete unroll implied by the pipeline pragma (../src_files/Main_Code.cpp:269:27)
INFO: [HLS 214-291] Loop 'loop_InBuf2Pe_wrReg_Pox_5' is marked as complete unroll implied by the pipeline pragma (../src_files/Main_Code.cpp:304:30)
INFO: [HLS 214-291] Loop 'loop_InBuf2Pe_wrReg_Pox_4' is marked as complete unroll implied by the pipeline pragma (../src_files/Main_Code.cpp:298:30)
INFO: [HLS 214-291] Loop 'loop_InBuf2Pe_out_Poy' is marked as complete unroll implied by the pipeline pragma (../src_files/Main_Code.cpp:312:25)
INFO: [HLS 214-291] Loop 'loop_InBuf2Pe_out_Pox' is marked as complete unroll implied by the pipeline pragma (../src_files/Main_Code.cpp:314:25)
INFO: [HLS 214-291] Loop 'loop_InBuf2Pe_wrFIFO_Poy' is marked as complete unroll implied by the pipeline pragma (../src_files/Main_Code.cpp:332:28)
INFO: [HLS 214-291] Loop 'loop_InBuf2Pe_wrFIFO_Pox' is marked as complete unroll implied by the pipeline pragma (../src_files/Main_Code.cpp:334:28)
INFO: [HLS 214-291] Loop 'loop_WtBuf2Pe' is marked as complete unroll implied by the pipeline pragma (../src_files/Main_Code.cpp:371:17)
INFO: [HLS 214-291] Loop 'loop_Pe_Pof_MAC' is marked as complete unroll implied by the pipeline pragma (../src_files/Main_Code.cpp:96:19)
INFO: [HLS 214-291] Loop 'loop_Pe_Poy_MAC' is marked as complete unroll implied by the pipeline pragma (../src_files/Main_Code.cpp:98:19)
INFO: [HLS 214-291] Loop 'loop_Pe_Pox_MAC' is marked as complete unroll implied by the pipeline pragma (../src_files/Main_Code.cpp:100:19)
INFO: [HLS 214-186] Unrolling loop 'VITIS_LOOP_2792_1' (../src_files/Main_Code.cpp:2792:23) in function 'ConvLayerScdl' completely with a factor of 2 (../src_files/Main_Code.cpp:2752:0)
INFO: [HLS 214-186] Unrolling loop 'VITIS_LOOP_2825_2' (../src_files/Main_Code.cpp:2825:23) in function 'ConvLayerScdl' completely with a factor of 4 (../src_files/Main_Code.cpp:2752:0)
INFO: [HLS 214-186] Unrolling loop 'VITIS_LOOP_2873_4' (../src_files/Main_Code.cpp:2873:23) in function 'ConvLayerScdl' completely with a factor of 2 (../src_files/Main_Code.cpp:2752:0)
INFO: [HLS 214-186] Unrolling loop 'VITIS_LOOP_2904_5' (../src_files/Main_Code.cpp:2904:23) in function 'ConvLayerScdl' completely with a factor of 4 (../src_files/Main_Code.cpp:2752:0)
INFO: [HLS 214-186] Unrolling loop 'loop_Pe2Buf_OutBufNum_Load' (../src_files/Main_Code.cpp:658:30) in function 'Pe2Buf' completely with a factor of 2 (../src_files/Main_Code.cpp:571:0)
INFO: [HLS 214-186] Unrolling loop 'loop_Pe2Buf_Pox_Load' (../src_files/Main_Code.cpp:660:24) in function 'Pe2Buf' completely with a factor of 7 (../src_files/Main_Code.cpp:571:0)
INFO: [HLS 214-186] Unrolling loop 'loop_Pe2Buf_OutBufNum_Store' (../src_files/Main_Code.cpp:671:33) in function 'Pe2Buf' completely with a factor of 2 (../src_files/Main_Code.cpp:571:0)
INFO: [HLS 214-186] Unrolling loop 'loop_Pe2Buf_Pox_Store' (../src_files/Main_Code.cpp:673:25) in function 'Pe2Buf' completely with a factor of 7 (../src_files/Main_Code.cpp:571:0)
INFO: [HLS 214-186] Unrolling loop 'VITIS_LOOP_37_1' (../src_files/Main_Code.cpp:37:19) in function 'bias_ReLu' completely with a factor of 2 (../src_files/Main_Code.cpp:27:0)
INFO: [HLS 214-186] Unrolling loop 'VITIS_LOOP_39_2' (../src_files/Main_Code.cpp:39:19) in function 'bias_ReLu' completely with a factor of 7 (../src_files/Main_Code.cpp:27:0)
INFO: [HLS 214-186] Unrolling loop 'loop_read_Pof_MAC' (../src_files/Main_Code.cpp:500:21) in function 'wndClc_Dfl' completely with a factor of 8 (../src_files/Main_Code.cpp:428:0)
INFO: [HLS 214-186] Unrolling loop 'loop_read_Poy_MAC' (../src_files/Main_Code.cpp:502:21) in function 'wndClc_Dfl' completely with a factor of 7 (../src_files/Main_Code.cpp:428:0)
INFO: [HLS 214-186] Unrolling loop 'loop_read_Pox_MAC' (../src_files/Main_Code.cpp:504:21) in function 'wndClc_Dfl' completely with a factor of 7 (../src_files/Main_Code.cpp:428:0)
INFO: [HLS 214-186] Unrolling loop 'loop_InBuf2Pe_rdPx_Poy_2' (../src_files/Main_Code.cpp:257:29) in function 'wndClc_Dfl' completely with a factor of 7 (../src_files/Main_Code.cpp:428:0)
INFO: [HLS 214-186] Unrolling loop 'loop_InBuf2Pe_rdPx_Poy' (../src_files/Main_Code.cpp:248:27) in function 'wndClc_Dfl' completely with a factor of 7 (../src_files/Main_Code.cpp:428:0)
INFO: [HLS 214-186] Unrolling loop 'loop_InBuf2Pe_rdPx_Pox' (../src_files/Main_Code.cpp:250:26) in function 'wndClc_Dfl' completely with a factor of 7 (../src_files/Main_Code.cpp:428:0)
INFO: [HLS 214-186] Unrolling loop 'loop_InBuf2Pe_wrReg_Poy_3' (../src_files/Main_Code.cpp:287:30) in function 'wndClc_Dfl' completely with a factor of 6 (../src_files/Main_Code.cpp:428:0)
INFO: [HLS 214-186] Unrolling loop 'loop_InBuf2Pe_wrReg_Pox_3' (../src_files/Main_Code.cpp:289:29) in function 'wndClc_Dfl' completely with a factor of 7 (../src_files/Main_Code.cpp:428:0)
INFO: [HLS 214-186] Unrolling loop 'loop_InBuf2Pe_wrReg_Poy_2' (../src_files/Main_Code.cpp:276:31) in function 'wndClc_Dfl' completely with a factor of 6 (../src_files/Main_Code.cpp:428:0)
INFO: [HLS 214-186] Unrolling loop 'loop_InBuf2Pe_wrReg_Pox_2' (../src_files/Main_Code.cpp:278:29) in function 'wndClc_Dfl' completely with a factor of 6 (../src_files/Main_Code.cpp:428:0)
INFO: [HLS 214-186] Unrolling loop 'loop_InBuf2Pe_wrReg_Poy' (../src_files/Main_Code.cpp:267:29) in function 'wndClc_Dfl' completely with a factor of 6 (../src_files/Main_Code.cpp:428:0)
INFO: [HLS 214-186] Unrolling loop 'loop_InBuf2Pe_wrReg_Pox' (../src_files/Main_Code.cpp:269:27) in function 'wndClc_Dfl' completely with a factor of 7 (../src_files/Main_Code.cpp:428:0)
INFO: [HLS 214-186] Unrolling loop 'loop_InBuf2Pe_wrReg_Pox_5' (../src_files/Main_Code.cpp:304:30) in function 'wndClc_Dfl' completely with a factor of 6 (../src_files/Main_Code.cpp:428:0)
INFO: [HLS 214-186] Unrolling loop 'loop_InBuf2Pe_wrReg_Pox_4' (../src_files/Main_Code.cpp:298:30) in function 'wndClc_Dfl' completely with a factor of 7 (../src_files/Main_Code.cpp:428:0)
INFO: [HLS 214-186] Unrolling loop 'loop_InBuf2Pe_out_Poy' (../src_files/Main_Code.cpp:312:25) in function 'wndClc_Dfl' completely with a factor of 7 (../src_files/Main_Code.cpp:428:0)
INFO: [HLS 214-186] Unrolling loop 'loop_InBuf2Pe_out_Pox' (../src_files/Main_Code.cpp:314:25) in function 'wndClc_Dfl' completely with a factor of 7 (../src_files/Main_Code.cpp:428:0)
INFO: [HLS 214-186] Unrolling loop 'loop_InBuf2Pe_wrFIFO_Poy' (../src_files/Main_Code.cpp:332:28) in function 'wndClc_Dfl' completely with a factor of 6 (../src_files/Main_Code.cpp:428:0)
INFO: [HLS 214-186] Unrolling loop 'loop_InBuf2Pe_wrFIFO_Pox' (../src_files/Main_Code.cpp:334:28) in function 'wndClc_Dfl' completely with a factor of 7 (../src_files/Main_Code.cpp:428:0)
INFO: [HLS 214-186] Unrolling loop 'loop_WtBuf2Pe' (../src_files/Main_Code.cpp:371:17) in function 'wndClc_Dfl' completely with a factor of 8 (../src_files/Main_Code.cpp:428:0)
INFO: [HLS 214-186] Unrolling loop 'loop_Pe_Pof_MAC' (../src_files/Main_Code.cpp:96:19) in function 'wndClc_Dfl' completely with a factor of 8 (../src_files/Main_Code.cpp:428:0)
INFO: [HLS 214-186] Unrolling loop 'loop_Pe_Poy_MAC' (../src_files/Main_Code.cpp:98:19) in function 'wndClc_Dfl' completely with a factor of 7 (../src_files/Main_Code.cpp:428:0)
INFO: [HLS 214-186] Unrolling loop 'loop_Pe_Pox_MAC' (../src_files/Main_Code.cpp:100:19) in function 'wndClc_Dfl' completely with a factor of 7 (../src_files/Main_Code.cpp:428:0)
INFO: [HLS 214-186] Unrolling loop 'loop_init_Pof_MAC' (../src_files/Main_Code.cpp:442:21) in function 'wndClc_Dfl' completely with a factor of 8 (../src_files/Main_Code.cpp:428:0)
INFO: [HLS 214-186] Unrolling loop 'loop_init_Poy_MAC' (../src_files/Main_Code.cpp:444:21) in function 'wndClc_Dfl' completely with a factor of 7 (../src_files/Main_Code.cpp:428:0)
INFO: [HLS 214-186] Unrolling loop 'loop_init_Pox_MAC' (../src_files/Main_Code.cpp:446:21) in function 'wndClc_Dfl' completely with a factor of 7 (../src_files/Main_Code.cpp:428:0)
INFO: [HLS 214-186] Unrolling loop 'EastPad_Poy' (../src_files/Main_Code.cpp:2037:15) in function 'loadIfMap' completely with a factor of 7 (../src_files/Main_Code.cpp:1879:0)
INFO: [HLS 214-186] Unrolling loop 'WestPad_Poy' (../src_files/Main_Code.cpp:2029:15) in function 'loadIfMap' completely with a factor of 7 (../src_files/Main_Code.cpp:1879:0)
INFO: [HLS 214-186] Unrolling loop 'SouthPad_Pox' (../src_files/Main_Code.cpp:2019:16) in function 'loadIfMap' completely with a factor of 7 (../src_files/Main_Code.cpp:1879:0)
INFO: [HLS 214-186] Unrolling loop 'NorthPad_Pox' (../src_files/Main_Code.cpp:2006:16) in function 'loadIfMap' completely with a factor of 7 (../src_files/Main_Code.cpp:1879:0)
WARNING: [HLS 214-464] Skipping array undecay on variable length array 'IfMap'. (../src_files/Main_Code.cpp:2752:0)
WARNING: [HLS 214-464] Skipping array undecay on variable length array 'WtMap'. (../src_files/Main_Code.cpp:2752:0)
WARNING: [HLS 214-464] Skipping array undecay on variable length array 'OfMap'. (../src_files/Main_Code.cpp:2752:0)
INFO: [HLS 214-248] Applying array_partition to '_ZZ8InBuf2PeiiiiiiPA12800_A7_KiPA7_iPA7_N3hls6streamIiLi4EEEE12Internal_Reg': Complete partitioning on dimension 1. Complete partitioning on dimension 2. (../src_files/Main_Code.cpp:238:0)
INFO: [HLS 214-248] Applying array_partition to '_ZZ16InBuf2Pe_wrapperiiiiiiPA12800_A7_KiPA7_iE8FIFO_arr': Complete partitioning on dimension 1. Complete partitioning on dimension 2. (../src_files/Main_Code.cpp:211:0)
INFO: [HLS 214-248] Applying array_partition to '_ZZ9ConvLayerPKiS0_PiE6OutBuf': Complete partitioning on dimension 1. Complete partitioning on dimension 3. (../src_files/Main_Code.cpp:3135:0)
INFO: [HLS 214-248] Applying array_partition to '_ZZ9ConvLayerPKiS0_PiE5WtBuf': Complete partitioning on dimension 2. (../src_files/Main_Code.cpp:3133:0)
INFO: [HLS 214-248] Applying array_partition to 'Buff_read.i.i': Complete partitioning on dimension 1. Complete partitioning on dimension 2. (../src_files/Main_Code.cpp:243:12)
INFO: [HLS 214-248] Applying array_partition to 'rslt_stream': Complete partitioning on dimension 1. Complete partitioning on dimension 2. Complete partitioning on dimension 3. (../src_files/Main_Code.cpp:437:13)
INFO: [HLS 214-248] Applying array_partition to 'pxSerial': Complete partitioning on dimension 1. Complete partitioning on dimension 2. (../src_files/Main_Code.cpp:585:13)
INFO: [HLS 214-248] Applying array_partition to 'ReLuOut': Complete partitioning on dimension 1. Complete partitioning on dimension 2. (../src_files/Main_Code.cpp:588:12)
INFO: [HLS 214-248] Applying array_partition to 'px_toBuf.i': Complete partitioning on dimension 1. Complete partitioning on dimension 2. Complete partitioning on dimension 3. (../src_files/Main_Code.cpp:739:13)
INFO: [HLS 214-248] Applying array_partition to 'InBuf': Complete partitioning on dimension 1. Complete partitioning on dimension 3. (../src_files/Main_Code.cpp:3130:13)
INFO: [HLS 214-248] Applying array_partition to 'BiasBuf': Complete partitioning on dimension 1. (../src_files/Main_Code.cpp:3138:11)
INFO: [HLS 214-376] automatically set the pipeline for Loop< Loop_Tox> at ../src_files/Main_Code.cpp:2439:16 
INFO: [HLS 214-376] automatically set the pipeline for Loop< BiasLoop_Tof> at ../src_files/Main_Code.cpp:2285:17 
INFO: [HLS 214-376] automatically set the pipeline for Loop< WtLoop_Nkx> at ../src_files/Main_Code.cpp:2093:14 
INFO: [HLS 214-376] automatically set the pipeline for Loop< If_Nix> at ../src_files/Main_Code.cpp:1975:14 
INFO: [HLS 214-376] automatically set the pipeline for Loop< NorthPad_wrd> at ../src_files/Main_Code.cpp:2004:16 
INFO: [HLS 214-376] automatically set the pipeline for Loop< SouthPad_wrd> at ../src_files/Main_Code.cpp:2017:16 
INFO: [HLS 214-376] automatically set the pipeline for Loop< WestPad_Line> at ../src_files/Main_Code.cpp:2027:17 
INFO: [HLS 214-376] automatically set the pipeline for Loop< EastPad_Line> at ../src_files/Main_Code.cpp:2035:17 
INFO: [HLS 214-115] Multiple burst reads of variable length and bit width 32 has been inferred on bundle 'IFMAP'. These burst requests might be further partitioned into multiple requests during RTL generation, based on max_read_burst_length or max_write_burst_length settings. (../src_files/Main_Code.cpp:1950:12)
INFO: [HLS 214-115] Multiple burst reads of variable length and bit width 32 has been inferred on bundle 'WTMAP'. These burst requests might be further partitioned into multiple requests during RTL generation, based on max_read_burst_length or max_write_burst_length settings. (../src_files/Main_Code.cpp:2086:15)
INFO: [HLS 214-115] Multiple burst writes of variable length and bit width 32 has been inferred on bundle 'OFMAP'. These burst requests might be further partitioned into multiple requests during RTL generation, based on max_read_burst_length or max_write_burst_length settings. (../src_files/Main_Code.cpp:2435:14)
INFO: [HLS 200-111] Finished Compiling Optimization and Transform: CPU user time: 3 seconds. CPU system time: 1 seconds. Elapsed time: 42.324 seconds; current allocated memory: 150.672 MB.
INFO: [HLS 200-111] Finished Checking Pragmas: CPU user time: 0 seconds. CPU system time: 0 seconds. Elapsed time: 0.008 seconds; current allocated memory: 150.672 MB.
INFO: [HLS 200-10] Starting code transformations ...
INFO: [HLS 200-111] Finished Standard Transforms: CPU user time: 2 seconds. CPU system time: 0 seconds. Elapsed time: 2.266 seconds; current allocated memory: 173.574 MB.
INFO: [HLS 200-10] Checking synthesizability ...
INFO: [HLS 200-111] Finished Checking Synthesizability: CPU user time: 2 seconds. CPU system time: 0 seconds. Elapsed time: 2.5 seconds; current allocated memory: 192.988 MB.
INFO: [XFORM 203-401] Performing if-conversion on hyperblock from (../src_files/Main_Code.cpp:468:9) to (../src_files/Main_Code.cpp:177:6) in function 'wndClc_Dfl'... converting 8 basic blocks.
INFO: [XFORM 203-401] Performing if-conversion on hyperblock from (../src_files/Main_Code.cpp:221:18) to (../src_files/Main_Code.cpp:265:5) in function 'wndClc_Dfl'... converting 3 basic blocks.
INFO: [XFORM 203-401] Performing if-conversion on hyperblock from (../src_files/Main_Code.cpp:1927:6) to (../src_files/Main_Code.cpp:1947:11) in function 'loadIfMap'... converting 3 basic blocks.
INFO: [XFORM 203-401] Performing if-conversion on hyperblock from (../src_files/Main_Code.cpp:2264:6) to (../src_files/Main_Code.cpp:2283:2) in function 'loadBiasTile'... converting 3 basic blocks.
INFO: [XFORM 203-11] Balancing expressions in function 'loadWtMap' (../src_files/Main_Code.cpp:2069:53)...3 expression(s) balanced.
INFO: [HLS 200-111] Finished Loop, function and other optimizations: CPU user time: 6 seconds. CPU system time: 0 seconds. Elapsed time: 6.056 seconds; current allocated memory: 233.379 MB.
INFO: [HLS 200-2061] Successfully converted nested loops 'Loop_Toy'(../src_files/Main_Code.cpp:2435:14) and 'Loop_Tox'(../src_files/Main_Code.cpp:2439:16) in function 'storeMap' into perfectly nested loops.
INFO: [HLS 200-2061] Successfully converted nested loops 'Loop_Tof'(../src_files/Main_Code.cpp:2432:13) and 'Loop_Toy'(../src_files/Main_Code.cpp:2435:14) in function 'storeMap' into perfectly nested loops.
INFO: [HLS 200-2061] Successfully converted nested loops 'WtLoop_Nky'(../src_files/Main_Code.cpp:2091:14) and 'WtLoop_Nkx'(../src_files/Main_Code.cpp:2093:14) in function 'loadWtMap' into perfectly nested loops.
INFO: [HLS 200-2061] Successfully converted nested loops 'WtLoop_Nif'(../src_files/Main_Code.cpp:2088:14) and 'WtLoop_Nky'(../src_files/Main_Code.cpp:2091:14) in function 'loadWtMap' into perfectly nested loops.
INFO: [HLS 200-2061] Successfully converted nested loops 'WtLoop_Tof'(../src_files/Main_Code.cpp:2086:15) and 'WtLoop_Nif'(../src_files/Main_Code.cpp:2088:14) in function 'loadWtMap' into perfectly nested loops.
INFO: [HLS 200-2061] Successfully converted nested loops 'If_Tiy'(../src_files/Main_Code.cpp:1950:12) and 'If_Nix'(../src_files/Main_Code.cpp:1975:14) in function 'loadIfMap' into perfectly nested loops.
INFO: [HLS 200-2061] Successfully converted nested loops 'If_Nif'(../src_files/Main_Code.cpp:1947:11) and 'If_Tiy'(../src_files/Main_Code.cpp:1950:12) in function 'loadIfMap' into perfectly nested loops.
INFO: [HLS 200-2061] Successfully converted nested loops 'NorthPad_Nif'(../src_files/Main_Code.cpp:2002:18) and 'NorthPad_wrd'(../src_files/Main_Code.cpp:2004:16) in function 'loadIfMap' into perfectly nested loops.
INFO: [HLS 200-2061] Successfully converted nested loops 'SouthPad_Nif'(../src_files/Main_Code.cpp:2015:18) and 'SouthPad_wrd'(../src_files/Main_Code.cpp:2017:16) in function 'loadIfMap' into perfectly nested loops.
INFO: [HLS 200-2061] Successfully converted nested loops 'loop_Pe2Buf_PofBankStep'(../src_files/Main_Code.cpp:654:27) and 'loop_Pe2Buf_Poy'(../src_files/Main_Code.cpp:655:20) in function 'Pe2Buf' into perfectly nested loops.
INFO: [XFORM 203-541] Flattening a loop nest 'Loop_Toy' (../src_files/Main_Code.cpp:2435:14) in function 'storeMap'.
INFO: [XFORM 203-541] Flattening a loop nest 'Loop_Tof' (../src_files/Main_Code.cpp:2432:13) in function 'storeMap'.
INFO: [XFORM 203-541] Flattening a loop nest 'WtLoop_Nky' (../src_files/Main_Code.cpp:2091:14) in function 'loadWtMap'.
INFO: [XFORM 203-541] Flattening a loop nest 'WtLoop_Nif' (../src_files/Main_Code.cpp:2088:14) in function 'loadWtMap'.
INFO: [XFORM 203-541] Flattening a loop nest 'WtLoop_Tof' (../src_files/Main_Code.cpp:2086:15) in function 'loadWtMap'.
INFO: [XFORM 203-541] Flattening a loop nest 'If_Tiy' (../src_files/Main_Code.cpp:1950:12) in function 'loadIfMap'.
INFO: [XFORM 203-541] Flattening a loop nest 'If_Nif' (../src_files/Main_Code.cpp:1947:11) in function 'loadIfMap'.
INFO: [XFORM 203-541] Flattening a loop nest 'NorthPad_Nif' (../src_files/Main_Code.cpp:2002:18) in function 'loadIfMap'.
INFO: [XFORM 203-541] Flattening a loop nest 'SouthPad_Nif' (../src_files/Main_Code.cpp:2015:18) in function 'loadIfMap'.
INFO: [XFORM 203-541] Flattening a loop nest 'loop_Pe2Buf_PofBankStep' (../src_files/Main_Code.cpp:654:27) in function 'Pe2Buf'.
INFO: [HLS 200-111] Finished Architecture Synthesis: CPU user time: 12 seconds. CPU system time: 0 seconds. Elapsed time: 12.802 seconds; current allocated memory: 564.410 MB.
INFO: [HLS 200-10] Starting hardware synthesis ...
INFO: [HLS 200-10] Synthesizing 'ConvLayer' ...
INFO: [SYN 201-201] Setting up clock 'default' with a period of 10ns.
WARNING: [SYN 201-107] Renaming port name 'ConvLayer/NofFirst' to 'ConvLayer/NofFirst_r' to avoid the conflict with HDL keywords or other object names.
INFO: [HLS 200-10] ----------------------------------------------------------------
INFO: [HLS 200-42] -- Implementing module 'loadIfMap_Pipeline_If_Nif_If_Tiy_If_Nix' 
INFO: [HLS 200-10] ----------------------------------------------------------------
INFO: [SCHED 204-11] Starting scheduling ...
INFO: [HLS 200-486] Changing DSP latency (root=add_ln1947_2) to 3 in order to utilize available DSP registers.
INFO: [SCHED 204-61] Pipelining loop 'If_Nif_If_Tiy_If_Nix'.
INFO: [HLS 200-1470] Pipelining result : Target II = NA, Final II = 1, Depth = 15, loop 'If_Nif_If_Tiy_If_Nix'
INFO: [SCHED 204-11] Finished scheduling.
INFO: [HLS 200-111] Finished Scheduling: CPU user time: 11 seconds. CPU system time: 0 seconds. Elapsed time: 11.666 seconds; current allocated memory: 582.855 MB.
INFO: [BIND 205-100] Starting micro-architecture generation ...
INFO: [BIND 205-101] Performing variable lifetime analysis.
INFO: [BIND 205-101] Exploring resource sharing.
INFO: [BIND 205-101] Binding ...
INFO: [BIND 205-100] Finished micro-architecture generation.
INFO: [HLS 200-111] Finished Binding: CPU user time: 0 seconds. CPU system time: 0 seconds. Elapsed time: 0.123 seconds; current allocated memory: 583.938 MB.
INFO: [HLS 200-10] ----------------------------------------------------------------
INFO: [HLS 200-42] -- Implementing module 'loadIfMap_Pipeline_NorthPad_Nif_NorthPad_wrd' 
INFO: [HLS 200-10] ----------------------------------------------------------------
INFO: [SCHED 204-11] Starting scheduling ...
INFO: [HLS 200-486] Changing DSP latency (root=empty) to 3 in order to utilize available DSP registers.
INFO: [SCHED 204-61] Pipelining loop 'NorthPad_Nif_NorthPad_wrd'.
INFO: [HLS 200-1470] Pipelining result : Target II = NA, Final II = 1, Depth = 4, loop 'NorthPad_Nif_NorthPad_wrd'
INFO: [SCHED 204-11] Finished scheduling.
INFO: [HLS 200-111] Finished Scheduling: CPU user time: 0 seconds. CPU system time: 0 seconds. Elapsed time: 0.253 seconds; current allocated memory: 584.145 MB.
INFO: [BIND 205-100] Starting micro-architecture generation ...
INFO: [BIND 205-101] Performing variable lifetime analysis.
INFO: [BIND 205-101] Exploring resource sharing.
INFO: [BIND 205-101] Binding ...
INFO: [BIND 205-100] Finished micro-architecture generation.
INFO: [HLS 200-111] Finished Binding: CPU user time: 0 seconds. CPU system time: 0 seconds. Elapsed time: 0.05 seconds; current allocated memory: 584.148 MB.
INFO: [HLS 200-10] ----------------------------------------------------------------
INFO: [HLS 200-42] -- Implementing module 'loadIfMap_Pipeline_SouthPad_Nif_SouthPad_wrd' 
INFO: [HLS 200-10] ----------------------------------------------------------------
INFO: [SCHED 204-11] Starting scheduling ...
INFO: [HLS 200-486] Changing DSP latency (root=empty) to 3 in order to utilize available DSP registers.
INFO: [SCHED 204-61] Pipelining loop 'SouthPad_Nif_SouthPad_wrd'.
INFO: [HLS 200-1470] Pipelining result : Target II = NA, Final II = 1, Depth = 4, loop 'SouthPad_Nif_SouthPad_wrd'
INFO: [SCHED 204-11] Finished scheduling.
INFO: [HLS 200-111] Finished Scheduling: CPU user time: 1 seconds. CPU system time: 0 seconds. Elapsed time: 0.633 seconds; current allocated memory: 584.473 MB.
INFO: [BIND 205-100] Starting micro-architecture generation ...
INFO: [BIND 205-101] Performing variable lifetime analysis.
INFO: [BIND 205-101] Exploring resource sharing.
INFO: [BIND 205-101] Binding ...
INFO: [BIND 205-100] Finished micro-architecture generation.
INFO: [HLS 200-111] Finished Binding: CPU user time: 0 seconds. CPU system time: 0 seconds. Elapsed time: 0.054 seconds; current allocated memory: 584.531 MB.
INFO: [HLS 200-10] ----------------------------------------------------------------
INFO: [HLS 200-42] -- Implementing module 'loadIfMap_Pipeline_WestPad_Line' 
INFO: [HLS 200-10] ----------------------------------------------------------------
INFO: [SCHED 204-11] Starting scheduling ...
INFO: [SCHED 204-61] Pipelining loop 'WestPad_Line'.
INFO: [HLS 200-1470] Pipelining result : Target II = NA, Final II = 1, Depth = 1, loop 'WestPad_Line'
INFO: [SCHED 204-11] Finished scheduling.
INFO: [HLS 200-111] Finished Scheduling: CPU user time: 0 seconds. CPU system time: 0 seconds. Elapsed time: 0.207 seconds; current allocated memory: 584.660 MB.
INFO: [BIND 205-100] Starting micro-architecture generation ...
INFO: [BIND 205-101] Performing variable lifetime analysis.
INFO: [BIND 205-101] Exploring resource sharing.
INFO: [BIND 205-101] Binding ...
INFO: [BIND 205-100] Finished micro-architecture generation.
INFO: [HLS 200-111] Finished Binding: CPU user time: 0 seconds. CPU system time: 0 seconds. Elapsed time: 0.052 seconds; current allocated memory: 584.758 MB.
INFO: [HLS 200-10] ----------------------------------------------------------------
INFO: [HLS 200-42] -- Implementing module 'loadIfMap_Pipeline_EastPad_Line' 
INFO: [HLS 200-10] ----------------------------------------------------------------
INFO: [SCHED 204-11] Starting scheduling ...
INFO: [SCHED 204-61] Pipelining loop 'EastPad_Line'.
INFO: [HLS 200-1470] Pipelining result : Target II = NA, Final II = 1, Depth = 1, loop 'EastPad_Line'
INFO: [SCHED 204-11] Finished scheduling.
INFO: [HLS 200-111] Finished Scheduling: CPU user time: 1 seconds. CPU system time: 0 seconds. Elapsed time: 0.509 seconds; current allocated memory: 585.152 MB.
INFO: [BIND 205-100] Starting micro-architecture generation ...
INFO: [BIND 205-101] Performing variable lifetime analysis.
INFO: [BIND 205-101] Exploring resource sharing.
INFO: [BIND 205-101] Binding ...
INFO: [BIND 205-100] Finished micro-architecture generation.
INFO: [HLS 200-111] Finished Binding: CPU user time: 0 seconds. CPU system time: 0 seconds. Elapsed time: 0.078 seconds; current allocated memory: 585.289 MB.
INFO: [HLS 200-10] ----------------------------------------------------------------
INFO: [HLS 200-42] -- Implementing module 'loadIfMap' 
INFO: [HLS 200-10] ----------------------------------------------------------------
INFO: [SCHED 204-11] Starting scheduling ...
INFO: [SCHED 204-11] Finished scheduling.
INFO: [HLS 200-111] Finished Scheduling: CPU user time: 0 seconds. CPU system time: 0 seconds. Elapsed time: 0.271 seconds; current allocated memory: 585.824 MB.
INFO: [BIND 205-100] Starting micro-architecture generation ...
INFO: [BIND 205-101] Performing variable lifetime analysis.
INFO: [BIND 205-101] Exploring resource sharing.
INFO: [BIND 205-101] Binding ...
INFO: [BIND 205-100] Finished micro-architecture generation.
INFO: [HLS 200-111] Finished Binding: CPU user time: 0 seconds. CPU system time: 0 seconds. Elapsed time: 0.089 seconds; current allocated memory: 586.316 MB.
INFO: [HLS 200-10] ----------------------------------------------------------------
INFO: [HLS 200-42] -- Implementing module 'loadWtMap_Pipeline_WtLoop_Tof_WtLoop_Nif_WtLoop_Nky_WtLoop_Nkx' 
INFO: [HLS 200-10] ----------------------------------------------------------------
INFO: [SCHED 204-11] Starting scheduling ...
INFO: [SCHED 204-61] Pipelining loop 'WtLoop_Tof_WtLoop_Nif_WtLoop_Nky_WtLoop_Nkx'.
INFO: [HLS 200-1470] Pipelining result : Target II = NA, Final II = 1, Depth = 4, loop 'WtLoop_Tof_WtLoop_Nif_WtLoop_Nky_WtLoop_Nkx'
INFO: [SCHED 204-11] Finished scheduling.
INFO: [HLS 200-111] Finished Scheduling: CPU user time: 0 seconds. CPU system time: 0 seconds. Elapsed time: 0.591 seconds; current allocated memory: 587.289 MB.
INFO: [BIND 205-100] Starting micro-architecture generation ...
INFO: [BIND 205-101] Performing variable lifetime analysis.
INFO: [BIND 205-101] Exploring resource sharing.
INFO: [BIND 205-101] Binding ...
INFO: [BIND 205-100] Finished micro-architecture generation.
INFO: [HLS 200-111] Finished Binding: CPU user time: 0 seconds. CPU system time: 0 seconds. Elapsed time: 0.065 seconds; current allocated memory: 587.523 MB.
INFO: [HLS 200-10] ----------------------------------------------------------------
INFO: [HLS 200-42] -- Implementing module 'loadWtMap' 
INFO: [HLS 200-10] ----------------------------------------------------------------
INFO: [SCHED 204-11] Starting scheduling ...
INFO: [SCHED 204-11] Finished scheduling.
INFO: [HLS 200-111] Finished Scheduling: CPU user time: 0 seconds. CPU system time: 0 seconds. Elapsed time: 0.162 seconds; current allocated memory: 587.727 MB.
INFO: [BIND 205-100] Starting micro-architecture generation ...
INFO: [BIND 205-101] Performing variable lifetime analysis.
INFO: [BIND 205-101] Exploring resource sharing.
INFO: [BIND 205-101] Binding ...
INFO: [BIND 205-100] Finished micro-architecture generation.
INFO: [HLS 200-111] Finished Binding: CPU user time: 0 seconds. CPU system time: 0 seconds. Elapsed time: 0.075 seconds; current allocated memory: 587.727 MB.
INFO: [HLS 200-10] ----------------------------------------------------------------
INFO: [HLS 200-42] -- Implementing module 'loadBiasTile_Pipeline_BiasLoop_Tof' 
INFO: [HLS 200-10] ----------------------------------------------------------------
INFO: [SCHED 204-11] Starting scheduling ...
INFO: [SCHED 204-61] Pipelining loop 'BiasLoop_Tof'.
INFO: [HLS 200-1470] Pipelining result : Target II = NA, Final II = 1, Depth = 2, loop 'BiasLoop_Tof'
INFO: [SCHED 204-11] Finished scheduling.
INFO: [HLS 200-111] Finished Scheduling: CPU user time: 5 seconds. CPU system time: 0 seconds. Elapsed time: 4.982 seconds; current allocated memory: 598.492 MB.
INFO: [BIND 205-100] Starting micro-architecture generation ...
INFO: [BIND 205-101] Performing variable lifetime analysis.
INFO: [BIND 205-101] Exploring resource sharing.
INFO: [BIND 205-101] Binding ...
INFO: [BIND 205-100] Finished micro-architecture generation.
INFO: [HLS 200-111] Finished Binding: CPU user time: 0 seconds. CPU system time: 1 seconds. Elapsed time: 0.288 seconds; current allocated memory: 598.590 MB.
INFO: [HLS 200-10] ----------------------------------------------------------------
INFO: [HLS 200-42] -- Implementing module 'loadBiasTile' 
INFO: [HLS 200-10] ----------------------------------------------------------------
INFO: [SCHED 204-11] Starting scheduling ...
INFO: [HLS 200-486] Changing DSP latency (root=add16) to 3 in order to utilize available DSP registers.
INFO: [SCHED 204-11] Finished scheduling.
INFO: [HLS 200-111] Finished Scheduling: CPU user time: 1 seconds. CPU system time: 0 seconds. Elapsed time: 0.335 seconds; current allocated memory: 599.016 MB.
INFO: [BIND 205-100] Starting micro-architecture generation ...
INFO: [BIND 205-101] Performing variable lifetime analysis.
INFO: [BIND 205-101] Exploring resource sharing.
INFO: [BIND 205-101] Binding ...
INFO: [BIND 205-100] Finished micro-architecture generation.
INFO: [HLS 200-111] Finished Binding: CPU user time: 0 seconds. CPU system time: 0 seconds. Elapsed time: 0.091 seconds; current allocated memory: 599.465 MB.
INFO: [HLS 200-10] ----------------------------------------------------------------
INFO: [HLS 200-42] -- Implementing module 'wndClc_ctrl' 
INFO: [HLS 200-10] ----------------------------------------------------------------
INFO: [SCHED 204-11] Starting scheduling ...
INFO: [SCHED 204-11] Finished scheduling.
INFO: [HLS 200-111] Finished Scheduling: CPU user time: 0 seconds. CPU system time: 0 seconds. Elapsed time: 0.165 seconds; current allocated memory: 599.648 MB.
INFO: [BIND 205-100] Starting micro-architecture generation ...
INFO: [BIND 205-101] Performing variable lifetime analysis.
INFO: [BIND 205-101] Exploring resource sharing.
INFO: [BIND 205-101] Binding ...
INFO: [BIND 205-100] Finished micro-architecture generation.
INFO: [HLS 200-111] Finished Binding: CPU user time: 0 seconds. CPU system time: 0 seconds. Elapsed time: 0.052 seconds; current allocated memory: 599.648 MB.
INFO: [HLS 200-10] ----------------------------------------------------------------
INFO: [HLS 200-42] -- Implementing module 'wndClc_Dfl_Pipeline_Region1' 
INFO: [HLS 200-10] ----------------------------------------------------------------
INFO: [SCHED 204-11] Starting scheduling ...
INFO: [SCHED 204-61] Pipelining loop 'Region1'.
INFO: [HLS 200-1470] Pipelining result : Target II = NA, Final II = 1, Depth = 10, loop 'Region1'
INFO: [SCHED 204-11] Finished scheduling.
INFO: [HLS 200-111] Finished Scheduling: CPU user time: 8 seconds. CPU system time: 0 seconds. Elapsed time: 8.286 seconds; current allocated memory: 638.934 MB.
INFO: [BIND 205-100] Starting micro-architecture generation ...
INFO: [BIND 205-101] Performing variable lifetime analysis.
INFO: [BIND 205-101] Exploring resource sharing.
INFO: [BIND 205-101] Binding ...
INFO: [BIND 205-100] Finished micro-architecture generation.
INFO: [HLS 200-111] Finished Binding: CPU user time: 1 seconds. CPU system time: 0 seconds. Elapsed time: 1.925 seconds; current allocated memory: 638.934 MB.
INFO: [HLS 200-10] ----------------------------------------------------------------
INFO: [HLS 200-42] -- Implementing module 'wndClc_Dfl' 
INFO: [HLS 200-10] ----------------------------------------------------------------
INFO: [SCHED 204-11] Starting scheduling ...
INFO: [SCHED 204-11] Finished scheduling.
INFO: [HLS 200-111] Finished Scheduling: CPU user time: 3 seconds. CPU system time: 0 seconds. Elapsed time: 2.737 seconds; current allocated memory: 639.047 MB.
INFO: [BIND 205-100] Starting micro-architecture generation ...
INFO: [BIND 205-101] Performing variable lifetime analysis.
INFO: [BIND 205-101] Exploring resource sharing.
INFO: [BIND 205-101] Binding ...
INFO: [BIND 205-100] Finished micro-architecture generation.
INFO: [HLS 200-111] Finished Binding: CPU user time: 0 seconds. CPU system time: 0 seconds. Elapsed time: 0.767 seconds; current allocated memory: 639.047 MB.
INFO: [HLS 200-10] ----------------------------------------------------------------
INFO: [HLS 200-42] -- Implementing module 'bias_ReLu' 
INFO: [HLS 200-10] ----------------------------------------------------------------
INFO: [SCHED 204-11] Starting scheduling ...
INFO: [SCHED 204-61] Pipelining function 'bias_ReLu'.
INFO: [HLS 200-1470] Pipelining result : Target II = NA, Final II = 1, Depth = 1, function 'bias_ReLu'
INFO: [SCHED 204-11] Finished scheduling.
INFO: [HLS 200-111] Finished Scheduling: CPU user time: 1 seconds. CPU system time: 0 seconds. Elapsed time: 1.108 seconds; current allocated memory: 639.047 MB.
INFO: [BIND 205-100] Starting micro-architecture generation ...
INFO: [BIND 205-101] Performing variable lifetime analysis.
INFO: [BIND 205-101] Exploring resource sharing.
INFO: [BIND 205-101] Binding ...
INFO: [BIND 205-100] Finished micro-architecture generation.
INFO: [HLS 200-111] Finished Binding: CPU user time: 0 seconds. CPU system time: 1 seconds. Elapsed time: 0.249 seconds; current allocated memory: 639.047 MB.
INFO: [HLS 200-10] ----------------------------------------------------------------
INFO: [HLS 200-42] -- Implementing module 'Pe2Buf_Pipeline_loop_Pe2Buf_PofBankStep_loop_Pe2Buf_Poy' 
INFO: [HLS 200-10] ----------------------------------------------------------------
INFO: [SCHED 204-11] Starting scheduling ...
INFO: [HLS 200-486] Changing DSP latency (root=empty_260) to 3 in order to utilize available DSP registers.
INFO: [SCHED 204-61] Pipelining loop 'loop_Pe2Buf_PofBankStep_loop_Pe2Buf_Poy'.
INFO: [HLS 200-1470] Pipelining result : Target II = NA, Final II = 1, Depth = 4, loop 'loop_Pe2Buf_PofBankStep_loop_Pe2Buf_Poy'
INFO: [SCHED 204-11] Finished scheduling.
INFO: [HLS 200-111] Finished Scheduling: CPU user time: 2 seconds. CPU system time: 0 seconds. Elapsed time: 1.307 seconds; current allocated memory: 644.164 MB.
INFO: [BIND 205-100] Starting micro-architecture generation ...
INFO: [BIND 205-101] Performing variable lifetime analysis.
INFO: [BIND 205-101] Exploring resource sharing.
INFO: [BIND 205-101] Binding ...
INFO: [BIND 205-100] Finished micro-architecture generation.
INFO: [HLS 200-111] Finished Binding: CPU user time: 0 seconds. CPU system time: 0 seconds. Elapsed time: 0.547 seconds; current allocated memory: 644.211 MB.
INFO: [HLS 200-10] ----------------------------------------------------------------
INFO: [HLS 200-42] -- Implementing module 'Pe2Buf' 
INFO: [HLS 200-10] ----------------------------------------------------------------
INFO: [SCHED 204-11] Starting scheduling ...
INFO: [SCHED 204-11] Finished scheduling.
INFO: [HLS 200-111] Finished Scheduling: CPU user time: 1 seconds. CPU system time: 0 seconds. Elapsed time: 1.373 seconds; current allocated memory: 647.488 MB.
INFO: [BIND 205-100] Starting micro-architecture generation ...
INFO: [BIND 205-101] Performing variable lifetime analysis.
INFO: [BIND 205-101] Exploring resource sharing.
INFO: [BIND 205-101] Binding ...
INFO: [BIND 205-100] Finished micro-architecture generation.
INFO: [HLS 200-111] Finished Binding: CPU user time: 1 seconds. CPU system time: 0 seconds. Elapsed time: 0.577 seconds; current allocated memory: 650.117 MB.
INFO: [HLS 200-10] ----------------------------------------------------------------
INFO: [HLS 200-42] -- Implementing module 'tileClc' 
INFO: [HLS 200-10] ----------------------------------------------------------------
INFO: [SCHED 204-11] Starting scheduling ...
INFO: [SCHED 204-11] Finished scheduling.
INFO: [HLS 200-111] Finished Scheduling: CPU user time: 1 seconds. CPU system time: 0 seconds. Elapsed time: 1.036 seconds; current allocated memory: 654.371 MB.
INFO: [BIND 205-100] Starting micro-architecture generation ...
INFO: [BIND 205-101] Performing variable lifetime analysis.
INFO: [BIND 205-101] Exploring resource sharing.
INFO: [BIND 205-101] Binding ...
INFO: [BIND 205-100] Finished micro-architecture generation.
INFO: [HLS 200-111] Finished Binding: CPU user time: 0 seconds. CPU system time: 0 seconds. Elapsed time: 0.588 seconds; current allocated memory: 657.016 MB.
INFO: [HLS 200-10] ----------------------------------------------------------------
INFO: [HLS 200-42] -- Implementing module 'storeMap_Pipeline_Loop_Tof_Loop_Toy_Loop_Tox' 
INFO: [HLS 200-10] ----------------------------------------------------------------
INFO: [SCHED 204-11] Starting scheduling ...
INFO: [SCHED 204-61] Pipelining loop 'Loop_Tof_Loop_Toy_Loop_Tox'.
INFO: [HLS 200-1470] Pipelining result : Target II = NA, Final II = 1, Depth = 10, loop 'Loop_Tof_Loop_Toy_Loop_Tox'
INFO: [SCHED 204-11] Finished scheduling.
INFO: [HLS 200-111] Finished Scheduling: CPU user time: 1 seconds. CPU system time: 0 seconds. Elapsed time: 0.923 seconds; current allocated memory: 658.832 MB.
INFO: [BIND 205-100] Starting micro-architecture generation ...
INFO: [BIND 205-101] Performing variable lifetime analysis.
INFO: [BIND 205-101] Exploring resource sharing.
INFO: [BIND 205-101] Binding ...
INFO: [BIND 205-100] Finished micro-architecture generation.
INFO: [HLS 200-111] Finished Binding: CPU user time: 0 seconds. CPU system time: 0 seconds. Elapsed time: 0.143 seconds; current allocated memory: 659.059 MB.
INFO: [HLS 200-10] ----------------------------------------------------------------
INFO: [HLS 200-42] -- Implementing module 'storeMap' 
INFO: [HLS 200-10] ----------------------------------------------------------------
INFO: [SCHED 204-11] Starting scheduling ...
INFO: [SCHED 204-11] Finished scheduling.
INFO: [HLS 200-111] Finished Scheduling: CPU user time: 0 seconds. CPU system time: 0 seconds. Elapsed time: 0.244 seconds; current allocated memory: 659.223 MB.
INFO: [BIND 205-100] Starting micro-architecture generation ...
INFO: [BIND 205-101] Performing variable lifetime analysis.
INFO: [BIND 205-101] Exploring resource sharing.
INFO: [BIND 205-101] Binding ...
INFO: [BIND 205-100] Finished micro-architecture generation.
INFO: [HLS 200-111] Finished Binding: CPU user time: 0 seconds. CPU system time: 0 seconds. Elapsed time: 0.076 seconds; current allocated memory: 659.328 MB.
INFO: [HLS 200-10] ----------------------------------------------------------------
INFO: [HLS 200-42] -- Implementing module 'ConvLayerScdl' 
INFO: [HLS 200-10] ----------------------------------------------------------------
INFO: [SCHED 204-11] Starting scheduling ...
INFO: [SCHED 204-11] Finished scheduling.
INFO: [HLS 200-111] Finished Scheduling: CPU user time: 3 seconds. CPU system time: 0 seconds. Elapsed time: 2.661 seconds; current allocated memory: 713.043 MB.
INFO: [BIND 205-100] Starting micro-architecture generation ...
INFO: [BIND 205-101] Performing variable lifetime analysis.
INFO: [BIND 205-101] Exploring resource sharing.
INFO: [BIND 205-101] Binding ...
INFO: [BIND 205-100] Finished micro-architecture generation.
INFO: [HLS 200-111] Finished Binding: CPU user time: 3 seconds. CPU system time: 0 seconds. Elapsed time: 3.908 seconds; current allocated memory: 713.043 MB.
INFO: [HLS 200-10] ----------------------------------------------------------------
INFO: [HLS 200-42] -- Implementing module 'ConvLayer' 
INFO: [HLS 200-10] ----------------------------------------------------------------
INFO: [SCHED 204-11] Starting scheduling ...
INFO: [SCHED 204-11] Finished scheduling.
INFO: [HLS 200-111] Finished Scheduling: CPU user time: 2 seconds. CPU system time: 0 seconds. Elapsed time: 1.747 seconds; current allocated memory: 713.043 MB.
INFO: [BIND 205-100] Starting micro-architecture generation ...
INFO: [BIND 205-101] Performing variable lifetime analysis.
INFO: [BIND 205-101] Exploring resource sharing.
INFO: [BIND 205-101] Binding ...
INFO: [BIND 205-100] Finished micro-architecture generation.
INFO: [HLS 200-111] Finished Binding: CPU user time: 0 seconds. CPU system time: 0 seconds. Elapsed time: 0.137 seconds; current allocated memory: 713.043 MB.
INFO: [HLS 200-10] ----------------------------------------------------------------
INFO: [HLS 200-10] -- Generating RTL for module 'loadIfMap_Pipeline_If_Nif_If_Tiy_If_Nix' 
INFO: [HLS 200-10] ----------------------------------------------------------------
INFO: [HLS 200-1030] Apply Unified Pipeline Control on module 'loadIfMap_Pipeline_If_Nif_If_Tiy_If_Nix' pipeline 'If_Nif_If_Tiy_If_Nix' pipeline type 'loop pipeline'
INFO: [RTGEN 206-100] Generating core module 'mac_muladd_10ns_8ns_32s_33_4_1': 1 instance(s).
INFO: [RTGEN 206-100] Generating core module 'mul_33s_32ns_62_1_1': 1 instance(s).
INFO: [RTGEN 206-100] Finished creating RTL model for 'loadIfMap_Pipeline_If_Nif_If_Tiy_If_Nix'.
INFO: [HLS 200-111] Finished Creating RTL model: CPU user time: 0 seconds. CPU system time: 0 seconds. Elapsed time: 0.625 seconds; current allocated memory: 713.043 MB.
INFO: [HLS 200-10] ----------------------------------------------------------------
INFO: [HLS 200-10] -- Generating RTL for module 'loadIfMap_Pipeline_NorthPad_Nif_NorthPad_wrd' 
INFO: [HLS 200-10] ----------------------------------------------------------------
INFO: [HLS 200-1030] Apply Unified Pipeline Control on module 'loadIfMap_Pipeline_NorthPad_Nif_NorthPad_wrd' pipeline 'NorthPad_Nif_NorthPad_wrd' pipeline type 'loop pipeline'
INFO: [RTGEN 206-100] Generating core module 'mac_muladd_10ns_8ns_6ns_14_4_1': 1 instance(s).
INFO: [RTGEN 206-100] Finished creating RTL model for 'loadIfMap_Pipeline_NorthPad_Nif_NorthPad_wrd'.
INFO: [HLS 200-111] Finished Creating RTL model: CPU user time: 1 seconds. CPU system time: 1 seconds. Elapsed time: 0.788 seconds; current allocated memory: 713.043 MB.
INFO: [HLS 200-10] ----------------------------------------------------------------
INFO: [HLS 200-10] -- Generating RTL for module 'loadIfMap_Pipeline_SouthPad_Nif_SouthPad_wrd' 
INFO: [HLS 200-10] ----------------------------------------------------------------
INFO: [HLS 200-1030] Apply Unified Pipeline Control on module 'loadIfMap_Pipeline_SouthPad_Nif_SouthPad_wrd' pipeline 'SouthPad_Nif_SouthPad_wrd' pipeline type 'loop pipeline'
INFO: [RTGEN 206-100] Generating core module 'mac_muladd_10ns_8ns_9s_14_4_1': 1 instance(s).
INFO: [RTGEN 206-100] Finished creating RTL model for 'loadIfMap_Pipeline_SouthPad_Nif_SouthPad_wrd'.
INFO: [HLS 200-111] Finished Creating RTL model: CPU user time: 0 seconds. CPU system time: 0 seconds. Elapsed time: 0.364 seconds; current allocated memory: 713.043 MB.
INFO: [HLS 200-10] ----------------------------------------------------------------
INFO: [HLS 200-10] -- Generating RTL for module 'loadIfMap_Pipeline_WestPad_Line' 
INFO: [HLS 200-10] ----------------------------------------------------------------
INFO: [RTGEN 206-100] Finished creating RTL model for 'loadIfMap_Pipeline_WestPad_Line'.
INFO: [HLS 200-111] Finished Creating RTL model: CPU user time: 0 seconds. CPU system time: 0 seconds. Elapsed time: 0.575 seconds; current allocated memory: 713.043 MB.
INFO: [HLS 200-10] ----------------------------------------------------------------
INFO: [HLS 200-10] -- Generating RTL for module 'loadIfMap_Pipeline_EastPad_Line' 
INFO: [HLS 200-10] ----------------------------------------------------------------
INFO: [RTGEN 206-100] Finished creating RTL model for 'loadIfMap_Pipeline_EastPad_Line'.
INFO: [HLS 200-111] Finished Creating RTL model: CPU user time: 1 seconds. CPU system time: 0 seconds. Elapsed time: 0.315 seconds; current allocated memory: 713.043 MB.
INFO: [HLS 200-10] ----------------------------------------------------------------
INFO: [HLS 200-10] -- Generating RTL for module 'loadIfMap' 
INFO: [HLS 200-10] ----------------------------------------------------------------
WARNING: [RTGEN 206-101] Register 'layerCnfg_3' is power-on initialization.
WARNING: [RTGEN 206-101] Register 'layerNo_3' is power-on initialization.
WARNING: [RTGEN 206-101] Register 'Nif_2' is power-on initialization.
WARNING: [RTGEN 206-101] Register 'Niy' is power-on initialization.
WARNING: [RTGEN 206-101] Register 'Noy_step' is power-on initialization.
WARNING: [RTGEN 206-101] Register 'Tiy' is power-on initialization.
WARNING: [RTGEN 206-101] Register 'Tix' is power-on initialization.
WARNING: [RTGEN 206-101] Register 'row_1map_1' is power-on initialization.
WARNING: [RTGEN 206-101] Register 'wrd_1row_1' is power-on initialization.
WARNING: [RTGEN 206-101] Register 'TiyRem' is power-on initialization.
WARNING: [RTGEN 206-101] Register 'TixRem' is power-on initialization.
WARNING: [RTGEN 206-101] Register 'yTileCount' is power-on initialization.
INFO: [RTGEN 206-100] Generating core module 'mul_10ns_13ns_22_1_1': 1 instance(s).
INFO: [RTGEN 206-100] Generating core module 'mul_10ns_6ns_15_1_1': 2 instance(s).
INFO: [RTGEN 206-100] Generating core module 'mul_32ns_32ns_37_1_1': 1 instance(s).
INFO: [RTGEN 206-100] Generating core module 'mul_32s_6s_32_1_1': 1 instance(s).
INFO: [RTGEN 206-100] Generating core module 'mul_3ns_10ns_12_1_1': 1 instance(s).
INFO: [RTGEN 206-100] Generating core module 'mul_3ns_6ns_9_1_1': 1 instance(s).
INFO: [RTGEN 206-100] Generating core module 'mul_5ns_8ns_13_1_1': 1 instance(s).
INFO: [RTGEN 206-100] Generating core module 'urem_5ns_4ns_3_9_seq_1': 1 instance(s).
INFO: [RTGEN 206-100] Generating core module 'urem_8ns_4ns_3_12_seq_1': 1 instance(s).
INFO: [RTGEN 206-100] Finished creating RTL model for 'loadIfMap'.
INFO: [RTMG 210-279] Implementing memory 'ConvLayer_loadIfMap_Nif_rom_ROM_AUTO_1R' using auto ROMs.
INFO: [RTMG 210-279] Implementing memory 'ConvLayer_loadIfMap_niy_rom_ROM_AUTO_1R' using auto ROMs.
INFO: [RTMG 210-279] Implementing memory 'ConvLayer_loadIfMap_noy_step_rom_ROM_AUTO_1R' using auto ROMs.
INFO: [RTMG 210-279] Implementing memory 'ConvLayer_loadIfMap_tiy_rom_ROM_AUTO_1R' using auto ROMs.
INFO: [RTMG 210-279] Implementing memory 'ConvLayer_loadIfMap_tix_rom_ROM_AUTO_1R' using auto ROMs.
INFO: [RTMG 210-279] Implementing memory 'ConvLayer_loadIfMap_row_1map_rom_ROM_AUTO_1R' using auto ROMs.
INFO: [RTMG 210-279] Implementing memory 'ConvLayer_loadIfMap_wrd_1row_rom_ROM_AUTO_1R' using auto ROMs.
INFO: [HLS 200-111] Finished Creating RTL model: CPU user time: 0 seconds. CPU system time: 0 seconds. Elapsed time: 0.805 seconds; current allocated memory: 716.648 MB.
INFO: [HLS 200-10] ----------------------------------------------------------------
INFO: [HLS 200-10] -- Generating RTL for module 'loadWtMap_Pipeline_WtLoop_Tof_WtLoop_Nif_WtLoop_Nky_WtLoop_Nkx' 
INFO: [HLS 200-10] ----------------------------------------------------------------
INFO: [HLS 200-1030] Apply Unified Pipeline Control on module 'loadWtMap_Pipeline_WtLoop_Tof_WtLoop_Nif_WtLoop_Nky_WtLoop_Nkx' pipeline 'WtLoop_Tof_WtLoop_Nif_WtLoop_Nky_WtLoop_Nkx' pipeline type 'loop pipeline'
WARNING: [RTGEN 206-101] Setting dangling out port 'loadWtMap_Pipeline_WtLoop_Tof_WtLoop_Nif_WtLoop_Nky_WtLoop_Nkx/m_axi_WTMAP_0_ARVALID' to 0.
WARNING: [RTGEN 206-101] Setting dangling out port 'loadWtMap_Pipeline_WtLoop_Tof_WtLoop_Nif_WtLoop_Nky_WtLoop_Nkx/m_axi_WTMAP_0_ARADDR' to 0.
WARNING: [RTGEN 206-101] Setting dangling out port 'loadWtMap_Pipeline_WtLoop_Tof_WtLoop_Nif_WtLoop_Nky_WtLoop_Nkx/m_axi_WTMAP_0_ARID' to 0.
WARNING: [RTGEN 206-101] Setting dangling out port 'loadWtMap_Pipeline_WtLoop_Tof_WtLoop_Nif_WtLoop_Nky_WtLoop_Nkx/m_axi_WTMAP_0_ARLEN' to 0.
WARNING: [RTGEN 206-101] Setting dangling out port 'loadWtMap_Pipeline_WtLoop_Tof_WtLoop_Nif_WtLoop_Nky_WtLoop_Nkx/m_axi_WTMAP_0_ARSIZE' to 0.
WARNING: [RTGEN 206-101] Setting dangling out port 'loadWtMap_Pipeline_WtLoop_Tof_WtLoop_Nif_WtLoop_Nky_WtLoop_Nkx/m_axi_WTMAP_0_ARBURST' to 0.
WARNING: [RTGEN 206-101] Setting dangling out port 'loadWtMap_Pipeline_WtLoop_Tof_WtLoop_Nif_WtLoop_Nky_WtLoop_Nkx/m_axi_WTMAP_0_ARLOCK' to 0.
WARNING: [RTGEN 206-101] Setting dangling out port 'loadWtMap_Pipeline_WtLoop_Tof_WtLoop_Nif_WtLoop_Nky_WtLoop_Nkx/m_axi_WTMAP_0_ARCACHE' to 0.
WARNING: [RTGEN 206-101] Setting dangling out port 'loadWtMap_Pipeline_WtLoop_Tof_WtLoop_Nif_WtLoop_Nky_WtLoop_Nkx/m_axi_WTMAP_0_ARPROT' to 0.
WARNING: [RTGEN 206-101] Setting dangling out port 'loadWtMap_Pipeline_WtLoop_Tof_WtLoop_Nif_WtLoop_Nky_WtLoop_Nkx/m_axi_WTMAP_0_ARQOS' to 0.
WARNING: [RTGEN 206-101] Setting dangling out port 'loadWtMap_Pipeline_WtLoop_Tof_WtLoop_Nif_WtLoop_Nky_WtLoop_Nkx/m_axi_WTMAP_0_ARREGION' to 0.
WARNING: [RTGEN 206-101] Setting dangling out port 'loadWtMap_Pipeline_WtLoop_Tof_WtLoop_Nif_WtLoop_Nky_WtLoop_Nkx/m_axi_WTMAP_0_ARUSER' to 0.
INFO: [RTGEN 206-100] Finished creating RTL model for 'loadWtMap_Pipeline_WtLoop_Tof_WtLoop_Nif_WtLoop_Nky_WtLoop_Nkx'.
INFO: [HLS 200-111] Finished Creating RTL model: CPU user time: 0 seconds. CPU system time: 1 seconds. Elapsed time: 0.782 seconds; current allocated memory: 721.801 MB.
INFO: [HLS 200-10] ----------------------------------------------------------------
INFO: [HLS 200-10] -- Generating RTL for module 'loadWtMap' 
INFO: [HLS 200-10] ----------------------------------------------------------------
WARNING: [RTGEN 206-101] Register 'layerCnfg_2' is power-on initialization.
WARNING: [RTGEN 206-101] Register 'layerNo_2' is power-on initialization.
WARNING: [RTGEN 206-101] Register 'Nif_1' is power-on initialization.
WARNING: [RTGEN 206-101] Register 'Nof_step' is power-on initialization.
WARNING: [RTGEN 206-101] Register 'Tof_1' is power-on initialization.
WARNING: [RTGEN 206-101] Register 'fTileCount' is power-on initialization.
INFO: [RTGEN 206-100] Generating core module 'mul_14ns_9ns_21_1_1': 1 instance(s).
INFO: [RTGEN 206-100] Generating core module 'mul_16ns_32s_47_1_1': 1 instance(s).
INFO: [RTGEN 206-100] Generating core module 'mul_9ns_32s_32_1_1': 1 instance(s).
INFO: [RTGEN 206-100] Finished creating RTL model for 'loadWtMap'.
INFO: [RTMG 210-279] Implementing memory 'ConvLayer_loadWtMap_Nof_step_rom_ROM_AUTO_1R' using auto ROMs.
INFO: [RTMG 210-279] Implementing memory 'ConvLayer_loadWtMap_Tof_rom_ROM_AUTO_1R' using auto ROMs.
INFO: [HLS 200-111] Finished Creating RTL model: CPU user time: 1 seconds. CPU system time: 0 seconds. Elapsed time: 1.202 seconds; current allocated memory: 724.160 MB.
INFO: [HLS 200-10] ----------------------------------------------------------------
INFO: [HLS 200-10] -- Generating RTL for module 'loadBiasTile_Pipeline_BiasLoop_Tof' 
INFO: [HLS 200-10] ----------------------------------------------------------------
INFO: [HLS 200-1030] Apply Unified Pipeline Control on module 'loadBiasTile_Pipeline_BiasLoop_Tof' pipeline 'BiasLoop_Tof' pipeline type 'loop pipeline'
INFO: [RTGEN 206-100] Finished creating RTL model for 'loadBiasTile_Pipeline_BiasLoop_Tof'.
INFO: [RTMG 210-279] Implementing memory 'ConvLayer_loadBiasTile_Pipeline_BiasLoop_Tof_bias_ROM_AUTO_1R' using auto ROMs.
INFO: [HLS 200-111] Finished Creating RTL model: CPU user time: 0 seconds. CPU system time: 0 seconds. Elapsed time: 0.554 seconds; current allocated memory: 732.180 MB.
INFO: [HLS 200-10] ----------------------------------------------------------------
INFO: [HLS 200-10] -- Generating RTL for module 'loadBiasTile' 
INFO: [HLS 200-10] ----------------------------------------------------------------
WARNING: [RTGEN 206-101] Register 'layerCnfg_4' is power-on initialization.
WARNING: [RTGEN 206-101] Register 'Nof_step_1' is power-on initialization.
WARNING: [RTGEN 206-101] Register 'addressBase' is power-on initialization.
WARNING: [RTGEN 206-101] Register 'layerNo_4' is power-on initialization.
WARNING: [RTGEN 206-101] Register 'Tof_step_1' is power-on initialization.
WARNING: [RTGEN 206-101] Register 'Nofy_step_2' is power-on initialization.
WARNING: [RTGEN 206-101] Register 'Tof_2' is power-on initialization.
WARNING: [RTGEN 206-101] Register 'Nof_step_i' is power-on initialization.
WARNING: [RTGEN 206-101] Register 'tileCount_2' is power-on initialization.
INFO: [RTGEN 206-100] Generating core module 'mac_muladd_13s_9ns_13ns_13_4_1': 1 instance(s).
INFO: [RTGEN 206-100] Generating core module 'mul_3ns_6ns_8_1_1': 1 instance(s).
INFO: [RTGEN 206-100] Finished creating RTL model for 'loadBiasTile'.
INFO: [RTMG 210-279] Implementing memory 'ConvLayer_loadBiasTile_nofy_step_rom_ROM_AUTO_1R' using auto ROMs.
INFO: [RTMG 210-279] Implementing memory 'ConvLayer_loadBiasTile_tof_step_rom_ROM_AUTO_1R' using auto ROMs.
INFO: [HLS 200-111] Finished Creating RTL model: CPU user time: 1 seconds. CPU system time: 1 seconds. Elapsed time: 2.003 seconds; current allocated memory: 747.023 MB.
INFO: [HLS 200-10] ----------------------------------------------------------------
INFO: [HLS 200-10] -- Generating RTL for module 'wndClc_ctrl' 
INFO: [HLS 200-10] ----------------------------------------------------------------
WARNING: [RTGEN 206-101] Register 'Toy_step_i' is power-on initialization.
WARNING: [RTGEN 206-101] Register 'Tox_step_i' is power-on initialization.
WARNING: [RTGEN 206-101] Register 'Tof_step_i' is power-on initialization.
INFO: [RTGEN 206-100] Generating core module 'mul_32s_6ns_32_1_1': 1 instance(s).
INFO: [RTGEN 206-100] Finished creating RTL model for 'wndClc_ctrl'.
INFO: [HLS 200-111] Finished Creating RTL model: CPU user time: 0 seconds. CPU system time: 0 seconds. Elapsed time: 0.795 seconds; current allocated memory: 754.230 MB.
INFO: [HLS 200-10] ----------------------------------------------------------------
INFO: [HLS 200-10] -- Generating RTL for module 'wndClc_Dfl_Pipeline_Region1' 
INFO: [HLS 200-10] ----------------------------------------------------------------
WARNING: [RTGEN 206-101] Register 'p_ZZ8InBuf2PeiiiiiiPA12800_A7_KiPA7_iPA7_N3hls6streamIiLi4EEEE12Internal_Reg_0_0' is power-on initialization.
WARNING: [RTGEN 206-101] Register 'p_ZZ8InBuf2PeiiiiiiPA12800_A7_KiPA7_iPA7_N3hls6streamIiLi4EEEE12Internal_Reg_0_1' is power-on initialization.
WARNING: [RTGEN 206-101] Register 'p_ZZ8InBuf2PeiiiiiiPA12800_A7_KiPA7_iPA7_N3hls6streamIiLi4EEEE12Internal_Reg_0_2' is power-on initialization.
WARNING: [RTGEN 206-101] Register 'p_ZZ8InBuf2PeiiiiiiPA12800_A7_KiPA7_iPA7_N3hls6streamIiLi4EEEE12Internal_Reg_0_3' is power-on initialization.
WARNING: [RTGEN 206-101] Register 'p_ZZ8InBuf2PeiiiiiiPA12800_A7_KiPA7_iPA7_N3hls6streamIiLi4EEEE12Internal_Reg_0_4' is power-on initialization.
WARNING: [RTGEN 206-101] Register 'p_ZZ8InBuf2PeiiiiiiPA12800_A7_KiPA7_iPA7_N3hls6streamIiLi4EEEE12Internal_Reg_0_5' is power-on initialization.
WARNING: [RTGEN 206-101] Register 'p_ZZ8InBuf2PeiiiiiiPA12800_A7_KiPA7_iPA7_N3hls6streamIiLi4EEEE12Internal_Reg_0_6' is power-on initialization.
WARNING: [RTGEN 206-101] Register 'p_ZZ8InBuf2PeiiiiiiPA12800_A7_KiPA7_iPA7_N3hls6streamIiLi4EEEE12Internal_Reg_1_0' is power-on initialization.
WARNING: [RTGEN 206-101] Register 'p_ZZ8InBuf2PeiiiiiiPA12800_A7_KiPA7_iPA7_N3hls6streamIiLi4EEEE12Internal_Reg_1_1' is power-on initialization.
WARNING: [RTGEN 206-101] Register 'p_ZZ8InBuf2PeiiiiiiPA12800_A7_KiPA7_iPA7_N3hls6streamIiLi4EEEE12Internal_Reg_1_2' is power-on initialization.
WARNING: [RTGEN 206-101] Register 'p_ZZ8InBuf2PeiiiiiiPA12800_A7_KiPA7_iPA7_N3hls6streamIiLi4EEEE12Internal_Reg_1_3' is power-on initialization.
WARNING: [RTGEN 206-101] Register 'p_ZZ8InBuf2PeiiiiiiPA12800_A7_KiPA7_iPA7_N3hls6streamIiLi4EEEE12Internal_Reg_1_4' is power-on initialization.
WARNING: [RTGEN 206-101] Register 'p_ZZ8InBuf2PeiiiiiiPA12800_A7_KiPA7_iPA7_N3hls6streamIiLi4EEEE12Internal_Reg_1_5' is power-on initialization.
WARNING: [RTGEN 206-101] Register 'p_ZZ8InBuf2PeiiiiiiPA12800_A7_KiPA7_iPA7_N3hls6streamIiLi4EEEE12Internal_Reg_1_6' is power-on initialization.
WARNING: [RTGEN 206-101] Register 'p_ZZ8InBuf2PeiiiiiiPA12800_A7_KiPA7_iPA7_N3hls6streamIiLi4EEEE12Internal_Reg_2_0' is power-on initialization.
WARNING: [RTGEN 206-101] Register 'p_ZZ8InBuf2PeiiiiiiPA12800_A7_KiPA7_iPA7_N3hls6streamIiLi4EEEE12Internal_Reg_2_1' is power-on initialization.
WARNING: [RTGEN 206-101] Register 'p_ZZ8InBuf2PeiiiiiiPA12800_A7_KiPA7_iPA7_N3hls6streamIiLi4EEEE12Internal_Reg_2_2' is power-on initialization.
WARNING: [RTGEN 206-101] Register 'p_ZZ8InBuf2PeiiiiiiPA12800_A7_KiPA7_iPA7_N3hls6streamIiLi4EEEE12Internal_Reg_2_3' is power-on initialization.
WARNING: [RTGEN 206-101] Register 'p_ZZ8InBuf2PeiiiiiiPA12800_A7_KiPA7_iPA7_N3hls6streamIiLi4EEEE12Internal_Reg_2_4' is power-on initialization.
WARNING: [RTGEN 206-101] Register 'p_ZZ8InBuf2PeiiiiiiPA12800_A7_KiPA7_iPA7_N3hls6streamIiLi4EEEE12Internal_Reg_2_5' is power-on initialization.
WARNING: [RTGEN 206-101] Register 'p_ZZ8InBuf2PeiiiiiiPA12800_A7_KiPA7_iPA7_N3hls6streamIiLi4EEEE12Internal_Reg_2_6' is power-on initialization.
WARNING: [RTGEN 206-101] Register 'p_ZZ8InBuf2PeiiiiiiPA12800_A7_KiPA7_iPA7_N3hls6streamIiLi4EEEE12Internal_Reg_3_0' is power-on initialization.
WARNING: [RTGEN 206-101] Register 'p_ZZ8InBuf2PeiiiiiiPA12800_A7_KiPA7_iPA7_N3hls6streamIiLi4EEEE12Internal_Reg_3_1' is power-on initialization.
WARNING: [RTGEN 206-101] Register 'p_ZZ8InBuf2PeiiiiiiPA12800_A7_KiPA7_iPA7_N3hls6streamIiLi4EEEE12Internal_Reg_3_2' is power-on initialization.
WARNING: [RTGEN 206-101] Register 'p_ZZ8InBuf2PeiiiiiiPA12800_A7_KiPA7_iPA7_N3hls6streamIiLi4EEEE12Internal_Reg_3_3' is power-on initialization.
WARNING: [RTGEN 206-101] Register 'p_ZZ8InBuf2PeiiiiiiPA12800_A7_KiPA7_iPA7_N3hls6streamIiLi4EEEE12Internal_Reg_3_4' is power-on initialization.
WARNING: [RTGEN 206-101] Register 'p_ZZ8InBuf2PeiiiiiiPA12800_A7_KiPA7_iPA7_N3hls6streamIiLi4EEEE12Internal_Reg_3_5' is power-on initialization.
WARNING: [RTGEN 206-101] Register 'p_ZZ8InBuf2PeiiiiiiPA12800_A7_KiPA7_iPA7_N3hls6streamIiLi4EEEE12Internal_Reg_3_6' is power-on initialization.
WARNING: [RTGEN 206-101] Register 'p_ZZ8InBuf2PeiiiiiiPA12800_A7_KiPA7_iPA7_N3hls6streamIiLi4EEEE12Internal_Reg_4_0' is power-on initialization.
WARNING: [RTGEN 206-101] Register 'p_ZZ8InBuf2PeiiiiiiPA12800_A7_KiPA7_iPA7_N3hls6streamIiLi4EEEE12Internal_Reg_4_1' is power-on initialization.
WARNING: [RTGEN 206-101] Register 'p_ZZ8InBuf2PeiiiiiiPA12800_A7_KiPA7_iPA7_N3hls6streamIiLi4EEEE12Internal_Reg_4_2' is power-on initialization.
WARNING: [RTGEN 206-101] Register 'p_ZZ8InBuf2PeiiiiiiPA12800_A7_KiPA7_iPA7_N3hls6streamIiLi4EEEE12Internal_Reg_4_3' is power-on initialization.
WARNING: [RTGEN 206-101] Register 'p_ZZ8InBuf2PeiiiiiiPA12800_A7_KiPA7_iPA7_N3hls6streamIiLi4EEEE12Internal_Reg_4_4' is power-on initialization.
WARNING: [RTGEN 206-101] Register 'p_ZZ8InBuf2PeiiiiiiPA12800_A7_KiPA7_iPA7_N3hls6streamIiLi4EEEE12Internal_Reg_4_5' is power-on initialization.
WARNING: [RTGEN 206-101] Register 'p_ZZ8InBuf2PeiiiiiiPA12800_A7_KiPA7_iPA7_N3hls6streamIiLi4EEEE12Internal_Reg_4_6' is power-on initialization.
WARNING: [RTGEN 206-101] Register 'p_ZZ8InBuf2PeiiiiiiPA12800_A7_KiPA7_iPA7_N3hls6streamIiLi4EEEE12Internal_Reg_5_0' is power-on initialization.
WARNING: [RTGEN 206-101] Register 'p_ZZ8InBuf2PeiiiiiiPA12800_A7_KiPA7_iPA7_N3hls6streamIiLi4EEEE12Internal_Reg_5_1' is power-on initialization.
WARNING: [RTGEN 206-101] Register 'p_ZZ8InBuf2PeiiiiiiPA12800_A7_KiPA7_iPA7_N3hls6streamIiLi4EEEE12Internal_Reg_5_2' is power-on initialization.
WARNING: [RTGEN 206-101] Register 'p_ZZ8InBuf2PeiiiiiiPA12800_A7_KiPA7_iPA7_N3hls6streamIiLi4EEEE12Internal_Reg_5_3' is power-on initialization.
WARNING: [RTGEN 206-101] Register 'p_ZZ8InBuf2PeiiiiiiPA12800_A7_KiPA7_iPA7_N3hls6streamIiLi4EEEE12Internal_Reg_5_4' is power-on initialization.
WARNING: [RTGEN 206-101] Register 'p_ZZ8InBuf2PeiiiiiiPA12800_A7_KiPA7_iPA7_N3hls6streamIiLi4EEEE12Internal_Reg_5_5' is power-on initialization.
WARNING: [RTGEN 206-101] Register 'p_ZZ8InBuf2PeiiiiiiPA12800_A7_KiPA7_iPA7_N3hls6streamIiLi4EEEE12Internal_Reg_6_0' is power-on initialization.
WARNING: [RTGEN 206-101] Register 'p_ZZ8InBuf2PeiiiiiiPA12800_A7_KiPA7_iPA7_N3hls6streamIiLi4EEEE12Internal_Reg_6_1' is power-on initialization.
WARNING: [RTGEN 206-101] Register 'p_ZZ8InBuf2PeiiiiiiPA12800_A7_KiPA7_iPA7_N3hls6streamIiLi4EEEE12Internal_Reg_6_2' is power-on initialization.
WARNING: [RTGEN 206-101] Register 'p_ZZ8InBuf2PeiiiiiiPA12800_A7_KiPA7_iPA7_N3hls6streamIiLi4EEEE12Internal_Reg_6_3' is power-on initialization.
WARNING: [RTGEN 206-101] Register 'p_ZZ8InBuf2PeiiiiiiPA12800_A7_KiPA7_iPA7_N3hls6streamIiLi4EEEE12Internal_Reg_6_4' is power-on initialization.
WARNING: [RTGEN 206-101] Register 'p_ZZ8InBuf2PeiiiiiiPA12800_A7_KiPA7_iPA7_N3hls6streamIiLi4EEEE12Internal_Reg_6_5' is power-on initialization.
WARNING: [RTGEN 206-101] Register 'guard_mulvariable_for_InBuf2Pe_wrapper_int_int_int_int_int_int_int_const_s' is power-on initialization.
WARNING: [RTGEN 206-101] Register 'Nky_i' is power-on initialization.
WARNING: [RTGEN 206-101] Register 'Nif_i' is power-on initialization.
WARNING: [RTGEN 206-101] Register 'Nkx_i' is power-on initialization.
INFO: [HLS 200-1030] Apply Unified Pipeline Control on module 'wndClc_Dfl_Pipeline_Region1' pipeline 'Region1' pipeline type 'loop pipeline'
INFO: [RTGEN 206-104] Estimated max fanout for 'wndClc_Dfl_Pipeline_Region1' is 12608 from HDL expression: ((ap_loop_init == 1'b1) & (1'b1 == ap_CS_fsm_pp0_stage0))
INFO: [RTGEN 206-100] Generating core module 'mul_32s_32s_32_1_1': 392 instance(s).
INFO: [RTGEN 206-100] Generating core module 'sparsemux_15_3_32_1_1': 28 instance(s).
INFO: [RTGEN 206-100] Generating core module 'sparsemux_9_3_32_1_1': 1 instance(s).
INFO: [RTGEN 206-100] Finished creating RTL model for 'wndClc_Dfl_Pipeline_Region1'.
INFO: [HLS 200-111] Finished Creating RTL model: CPU user time: 4 seconds. CPU system time: 0 seconds. Elapsed time: 4.202 seconds; current allocated memory: 786.188 MB.
INFO: [HLS 200-10] ----------------------------------------------------------------
INFO: [HLS 200-10] -- Generating RTL for module 'wndClc_Dfl' 
INFO: [HLS 200-10] ----------------------------------------------------------------
WARNING: [RTGEN 206-101] Register 'row_wtlocal' is power-on initialization.
WARNING: [RTGEN 206-101] Register 'p_ZZ8InBuf2PeiiiiiiPA12800_A7_KiPA7_iPA7_N3hls6streamIiLi4EEEE12Internal_Reg_5_6' is power-on initialization.
WARNING: [RTGEN 206-101] Register 'p_ZZ8InBuf2PeiiiiiiPA12800_A7_KiPA7_iPA7_N3hls6streamIiLi4EEEE12Internal_Reg_6_6' is power-on initialization.
INFO: [RTGEN 206-104] Estimated max fanout for 'wndClc_Dfl' is 12545 from HDL expression: (1'b1 == ap_CS_fsm_state4)
INFO: [RTGEN 206-100] Generating core module 'mul_3ns_6ns_8_1_1': 1 instance(s).
INFO: [RTGEN 206-100] Finished creating RTL model for 'wndClc_Dfl'.
INFO: [RTMG 210-285] Implementing FIFO 'p_ZZ16InBuf2Pe_wrapperiiiiiiPA12800_A7_KiPA7_iE8FIFO_arr_0_0_U(ConvLayer_fifo_w32_d4_S)' using Shift Registers.
INFO: [RTMG 210-285] Implementing FIFO 'p_ZZ16InBuf2Pe_wrapperiiiiiiPA12800_A7_KiPA7_iE8FIFO_arr_0_1_U(ConvLayer_fifo_w32_d4_S)' using Shift Registers.
INFO: [RTMG 210-285] Implementing FIFO 'p_ZZ16InBuf2Pe_wrapperiiiiiiPA12800_A7_KiPA7_iE8FIFO_arr_0_2_U(ConvLayer_fifo_w32_d4_S)' using Shift Registers.
INFO: [RTMG 210-285] Implementing FIFO 'p_ZZ16InBuf2Pe_wrapperiiiiiiPA12800_A7_KiPA7_iE8FIFO_arr_0_3_U(ConvLayer_fifo_w32_d4_S)' using Shift Registers.
INFO: [RTMG 210-285] Implementing FIFO 'p_ZZ16InBuf2Pe_wrapperiiiiiiPA12800_A7_KiPA7_iE8FIFO_arr_0_4_U(ConvLayer_fifo_w32_d4_S)' using Shift Registers.
INFO: [RTMG 210-285] Implementing FIFO 'p_ZZ16InBuf2Pe_wrapperiiiiiiPA12800_A7_KiPA7_iE8FIFO_arr_0_5_U(ConvLayer_fifo_w32_d4_S)' using Shift Registers.
INFO: [RTMG 210-285] Implementing FIFO 'p_ZZ16InBuf2Pe_wrapperiiiiiiPA12800_A7_KiPA7_iE8FIFO_arr_0_6_U(ConvLayer_fifo_w32_d4_S)' using Shift Registers.
INFO: [RTMG 210-285] Implementing FIFO 'p_ZZ16InBuf2Pe_wrapperiiiiiiPA12800_A7_KiPA7_iE8FIFO_arr_1_0_U(ConvLayer_fifo_w32_d4_S)' using Shift Registers.
INFO: [RTMG 210-285] Implementing FIFO 'p_ZZ16InBuf2Pe_wrapperiiiiiiPA12800_A7_KiPA7_iE8FIFO_arr_1_1_U(ConvLayer_fifo_w32_d4_S)' using Shift Registers.
INFO: [RTMG 210-285] Implementing FIFO 'p_ZZ16InBuf2Pe_wrapperiiiiiiPA12800_A7_KiPA7_iE8FIFO_arr_1_2_U(ConvLayer_fifo_w32_d4_S)' using Shift Registers.
INFO: [RTMG 210-285] Implementing FIFO 'p_ZZ16InBuf2Pe_wrapperiiiiiiPA12800_A7_KiPA7_iE8FIFO_arr_1_3_U(ConvLayer_fifo_w32_d4_S)' using Shift Registers.
INFO: [RTMG 210-285] Implementing FIFO 'p_ZZ16InBuf2Pe_wrapperiiiiiiPA12800_A7_KiPA7_iE8FIFO_arr_1_4_U(ConvLayer_fifo_w32_d4_S)' using Shift Registers.
INFO: [RTMG 210-285] Implementing FIFO 'p_ZZ16InBuf2Pe_wrapperiiiiiiPA12800_A7_KiPA7_iE8FIFO_arr_1_5_U(ConvLayer_fifo_w32_d4_S)' using Shift Registers.
INFO: [RTMG 210-285] Implementing FIFO 'p_ZZ16InBuf2Pe_wrapperiiiiiiPA12800_A7_KiPA7_iE8FIFO_arr_1_6_U(ConvLayer_fifo_w32_d4_S)' using Shift Registers.
INFO: [RTMG 210-285] Implementing FIFO 'p_ZZ16InBuf2Pe_wrapperiiiiiiPA12800_A7_KiPA7_iE8FIFO_arr_2_0_U(ConvLayer_fifo_w32_d4_S)' using Shift Registers.
INFO: [RTMG 210-285] Implementing FIFO 'p_ZZ16InBuf2Pe_wrapperiiiiiiPA12800_A7_KiPA7_iE8FIFO_arr_2_1_U(ConvLayer_fifo_w32_d4_S)' using Shift Registers.
INFO: [RTMG 210-285] Implementing FIFO 'p_ZZ16InBuf2Pe_wrapperiiiiiiPA12800_A7_KiPA7_iE8FIFO_arr_2_2_U(ConvLayer_fifo_w32_d4_S)' using Shift Registers.
INFO: [RTMG 210-285] Implementing FIFO 'p_ZZ16InBuf2Pe_wrapperiiiiiiPA12800_A7_KiPA7_iE8FIFO_arr_2_3_U(ConvLayer_fifo_w32_d4_S)' using Shift Registers.
INFO: [RTMG 210-285] Implementing FIFO 'p_ZZ16InBuf2Pe_wrapperiiiiiiPA12800_A7_KiPA7_iE8FIFO_arr_2_4_U(ConvLayer_fifo_w32_d4_S)' using Shift Registers.
INFO: [RTMG 210-285] Implementing FIFO 'p_ZZ16InBuf2Pe_wrapperiiiiiiPA12800_A7_KiPA7_iE8FIFO_arr_2_5_U(ConvLayer_fifo_w32_d4_S)' using Shift Registers.
INFO: [RTMG 210-285] Implementing FIFO 'p_ZZ16InBuf2Pe_wrapperiiiiiiPA12800_A7_KiPA7_iE8FIFO_arr_2_6_U(ConvLayer_fifo_w32_d4_S)' using Shift Registers.
INFO: [RTMG 210-285] Implementing FIFO 'p_ZZ16InBuf2Pe_wrapperiiiiiiPA12800_A7_KiPA7_iE8FIFO_arr_3_0_U(ConvLayer_fifo_w32_d4_S)' using Shift Registers.
INFO: [RTMG 210-285] Implementing FIFO 'p_ZZ16InBuf2Pe_wrapperiiiiiiPA12800_A7_KiPA7_iE8FIFO_arr_3_1_U(ConvLayer_fifo_w32_d4_S)' using Shift Registers.
INFO: [RTMG 210-285] Implementing FIFO 'p_ZZ16InBuf2Pe_wrapperiiiiiiPA12800_A7_KiPA7_iE8FIFO_arr_3_2_U(ConvLayer_fifo_w32_d4_S)' using Shift Registers.
INFO: [RTMG 210-285] Implementing FIFO 'p_ZZ16InBuf2Pe_wrapperiiiiiiPA12800_A7_KiPA7_iE8FIFO_arr_3_3_U(ConvLayer_fifo_w32_d4_S)' using Shift Registers.
INFO: [RTMG 210-285] Implementing FIFO 'p_ZZ16InBuf2Pe_wrapperiiiiiiPA12800_A7_KiPA7_iE8FIFO_arr_3_4_U(ConvLayer_fifo_w32_d4_S)' using Shift Registers.
INFO: [RTMG 210-285] Implementing FIFO 'p_ZZ16InBuf2Pe_wrapperiiiiiiPA12800_A7_KiPA7_iE8FIFO_arr_3_5_U(ConvLayer_fifo_w32_d4_S)' using Shift Registers.
INFO: [RTMG 210-285] Implementing FIFO 'p_ZZ16InBuf2Pe_wrapperiiiiiiPA12800_A7_KiPA7_iE8FIFO_arr_3_6_U(ConvLayer_fifo_w32_d4_S)' using Shift Registers.
INFO: [RTMG 210-285] Implementing FIFO 'p_ZZ16InBuf2Pe_wrapperiiiiiiPA12800_A7_KiPA7_iE8FIFO_arr_4_0_U(ConvLayer_fifo_w32_d4_S)' using Shift Registers.
INFO: [RTMG 210-285] Implementing FIFO 'p_ZZ16InBuf2Pe_wrapperiiiiiiPA12800_A7_KiPA7_iE8FIFO_arr_4_1_U(ConvLayer_fifo_w32_d4_S)' using Shift Registers.
INFO: [RTMG 210-285] Implementing FIFO 'p_ZZ16InBuf2Pe_wrapperiiiiiiPA12800_A7_KiPA7_iE8FIFO_arr_4_2_U(ConvLayer_fifo_w32_d4_S)' using Shift Registers.
INFO: [RTMG 210-285] Implementing FIFO 'p_ZZ16InBuf2Pe_wrapperiiiiiiPA12800_A7_KiPA7_iE8FIFO_arr_4_3_U(ConvLayer_fifo_w32_d4_S)' using Shift Registers.
INFO: [RTMG 210-285] Implementing FIFO 'p_ZZ16InBuf2Pe_wrapperiiiiiiPA12800_A7_KiPA7_iE8FIFO_arr_4_4_U(ConvLayer_fifo_w32_d4_S)' using Shift Registers.
INFO: [RTMG 210-285] Implementing FIFO 'p_ZZ16InBuf2Pe_wrapperiiiiiiPA12800_A7_KiPA7_iE8FIFO_arr_4_5_U(ConvLayer_fifo_w32_d4_S)' using Shift Registers.
INFO: [RTMG 210-285] Implementing FIFO 'p_ZZ16InBuf2Pe_wrapperiiiiiiPA12800_A7_KiPA7_iE8FIFO_arr_4_6_U(ConvLayer_fifo_w32_d4_S)' using Shift Registers.
INFO: [RTMG 210-285] Implementing FIFO 'p_ZZ16InBuf2Pe_wrapperiiiiiiPA12800_A7_KiPA7_iE8FIFO_arr_5_0_U(ConvLayer_fifo_w32_d4_S)' using Shift Registers.
INFO: [RTMG 210-285] Implementing FIFO 'p_ZZ16InBuf2Pe_wrapperiiiiiiPA12800_A7_KiPA7_iE8FIFO_arr_5_1_U(ConvLayer_fifo_w32_d4_S)' using Shift Registers.
INFO: [RTMG 210-285] Implementing FIFO 'p_ZZ16InBuf2Pe_wrapperiiiiiiPA12800_A7_KiPA7_iE8FIFO_arr_5_2_U(ConvLayer_fifo_w32_d4_S)' using Shift Registers.
INFO: [RTMG 210-285] Implementing FIFO 'p_ZZ16InBuf2Pe_wrapperiiiiiiPA12800_A7_KiPA7_iE8FIFO_arr_5_3_U(ConvLayer_fifo_w32_d4_S)' using Shift Registers.
INFO: [RTMG 210-285] Implementing FIFO 'p_ZZ16InBuf2Pe_wrapperiiiiiiPA12800_A7_KiPA7_iE8FIFO_arr_5_4_U(ConvLayer_fifo_w32_d4_S)' using Shift Registers.
INFO: [RTMG 210-285] Implementing FIFO 'p_ZZ16InBuf2Pe_wrapperiiiiiiPA12800_A7_KiPA7_iE8FIFO_arr_5_5_U(ConvLayer_fifo_w32_d4_S)' using Shift Registers.
INFO: [RTMG 210-285] Implementing FIFO 'p_ZZ16InBuf2Pe_wrapperiiiiiiPA12800_A7_KiPA7_iE8FIFO_arr_5_6_U(ConvLayer_fifo_w32_d4_S)' using Shift Registers.
INFO: [HLS 200-111] Finished Creating RTL model: CPU user time: 49 seconds. CPU system time: 4 seconds. Elapsed time: 56.784 seconds; current allocated memory: 1.350 GB.
INFO: [HLS 200-10] ----------------------------------------------------------------
INFO: [HLS 200-10] -- Generating RTL for module 'bias_ReLu' 
INFO: [HLS 200-10] ----------------------------------------------------------------
WARNING: [RTGEN 206-101] Register 'POFBANK_STEP_i' is power-on initialization.
WARNING: [RTGEN 206-101] Register 'Poy_i' is power-on initialization.
INFO: [RTGEN 206-100] Generating core module 'sparsemux_257_8_2_1_1': 2 instance(s).
INFO: [RTGEN 206-100] Finished creating RTL model for 'bias_ReLu'.
INFO: [HLS 200-111] Finished Creating RTL model: CPU user time: 2 seconds. CPU system time: 1 seconds. Elapsed time: 2.091 seconds; current allocated memory: 1.350 GB.
INFO: [HLS 200-10] ----------------------------------------------------------------
INFO: [HLS 200-10] -- Generating RTL for module 'Pe2Buf_Pipeline_loop_Pe2Buf_PofBankStep_loop_Pe2Buf_Poy' 
INFO: [HLS 200-10] ----------------------------------------------------------------
INFO: [HLS 200-1030] Apply Unified Pipeline Control on module 'Pe2Buf_Pipeline_loop_Pe2Buf_PofBankStep_loop_Pe2Buf_Poy' pipeline 'loop_Pe2Buf_PofBankStep_loop_Pe2Buf_Poy' pipeline type 'loop pipeline'
INFO: [RTGEN 206-100] Generating core module 'mac_muladd_6ns_3ns_15ns_15_4_1': 1 instance(s).
INFO: [RTGEN 206-100] Generating core module 'sparsemux_15_3_32_1_1': 56 instance(s).
INFO: [RTGEN 206-100] Generating core module 'sparsemux_9_2_32_1_1': 14 instance(s).
INFO: [RTGEN 206-100] Finished creating RTL model for 'Pe2Buf_Pipeline_loop_Pe2Buf_PofBankStep_loop_Pe2Buf_Poy'.
INFO: [HLS 200-111] Finished Creating RTL model: CPU user time: 1 seconds. CPU system time: 0 seconds. Elapsed time: 1.77 seconds; current allocated memory: 1.350 GB.
INFO: [HLS 200-10] ----------------------------------------------------------------
INFO: [HLS 200-10] -- Generating RTL for module 'Pe2Buf' 
INFO: [HLS 200-10] ----------------------------------------------------------------
WARNING: [RTGEN 206-101] Register 'Toy_step_i_1' is power-on initialization.
WARNING: [RTGEN 206-101] Register 'Tox_step_i_1' is power-on initialization.
WARNING: [RTGEN 206-101] Register 'Tof_step_i_1' is power-on initialization.
WARNING: [RTGEN 206-101] Register 'rowStep' is power-on initialization.
INFO: [RTGEN 206-100] Generating core module 'mul_6ns_5ns_10_1_1': 1 instance(s).
INFO: [RTGEN 206-100] Finished creating RTL model for 'Pe2Buf'.
INFO: [HLS 200-111] Finished Creating RTL model: CPU user time: 1 seconds. CPU system time: 1 seconds. Elapsed time: 2.118 seconds; current allocated memory: 1.369 GB.
INFO: [HLS 200-10] ----------------------------------------------------------------
INFO: [HLS 200-10] -- Generating RTL for module 'tileClc' 
INFO: [HLS 200-10] ----------------------------------------------------------------
WARNING: [RTGEN 206-101] Register 'layerCnfg' is power-on initialization.
WARNING: [RTGEN 206-101] Register 'layerNo' is power-on initialization.
WARNING: [RTGEN 206-101] Register 'tileclc_loop_limit' is power-on initialization.
WARNING: [RTGEN 206-101] Register 'wndclc_loop_limit' is power-on initialization.
WARNING: [RTGEN 206-101] Register 'wtbuf2pe_loop_limit' is power-on initialization.
WARNING: [RTGEN 206-101] Register 'Nofy_step' is power-on initialization.
WARNING: [RTGEN 206-101] Register 'Nif' is power-on initialization.
WARNING: [RTGEN 206-101] Register 'Toy' is power-on initialization.
WARNING: [RTGEN 206-101] Register 'Toy_step' is power-on initialization.
WARNING: [RTGEN 206-101] Register 'Tox_step' is power-on initialization.
WARNING: [RTGEN 206-101] Register 'Tof_step' is power-on initialization.
WARNING: [RTGEN 206-101] Register 'wrd_1row' is power-on initialization.
WARNING: [RTGEN 206-101] Register 'row_1map' is power-on initialization.
WARNING: [RTGEN 206-101] Register 'pe2buf_addr_offset1' is power-on initialization.
WARNING: [RTGEN 206-101] Register 'pe2buf_addr_offset2' is power-on initialization.
WARNING: [RTGEN 206-101] Register 'pe2buf_addr_offset3' is power-on initialization.
WARNING: [RTGEN 206-101] Register 'bit_shift' is power-on initialization.
WARNING: [RTGEN 206-101] Register 'tileCount' is power-on initialization.
INFO: [RTGEN 206-104] Estimated max fanout for 'tileClc' is 13423 from HDL expression: (1'b1 == ap_CS_fsm_state5)
INFO: [RTGEN 206-100] Finished creating RTL model for 'tileClc'.
INFO: [RTMG 210-279] Implementing memory 'ConvLayer_tileClc_tileclc_loop_limit_rom_ROM_AUTO_1R' using auto ROMs.
INFO: [RTMG 210-279] Implementing memory 'ConvLayer_tileClc_wndclc_loop_limit_rom_ROM_AUTO_1R' using auto ROMs.
INFO: [RTMG 210-279] Implementing memory 'ConvLayer_tileClc_wtbuf2pe_loop_limit_rom_ROM_AUTO_1R' using auto ROMs.
INFO: [RTMG 210-279] Implementing memory 'ConvLayer_tileClc_Toy_rom_ROM_AUTO_1R' using auto ROMs.
INFO: [RTMG 210-279] Implementing memory 'ConvLayer_tileClc_toy_step_rom_ROM_AUTO_1R' using auto ROMs.
INFO: [RTMG 210-279] Implementing memory 'ConvLayer_tileClc_tox_step_rom_ROM_AUTO_1R' using auto ROMs.
INFO: [RTMG 210-279] Implementing memory 'ConvLayer_tileClc_pe2buf_addr_offset1_rom_ROM_AUTO_1R' using auto ROMs.
INFO: [RTMG 210-279] Implementing memory 'ConvLayer_tileClc_pe2buf_addr_offset2_rom_ROM_AUTO_1R' using auto ROMs.
INFO: [RTMG 210-279] Implementing memory 'ConvLayer_tileClc_pe2buf_addr_offset3_rom_ROM_AUTO_1R' using auto ROMs.
INFO: [RTMG 210-279] Implementing memory 'ConvLayer_tileClc_bit_shift_rom_ROM_AUTO_1R' using auto ROMs.
INFO: [HLS 200-111] Finished Creating RTL model: CPU user time: 20 seconds. CPU system time: 0 seconds. Elapsed time: 21.72 seconds; current allocated memory: 1.585 GB.
INFO: [HLS 200-10] ----------------------------------------------------------------
INFO: [HLS 200-10] -- Generating RTL for module 'storeMap_Pipeline_Loop_Tof_Loop_Toy_Loop_Tox' 
INFO: [HLS 200-10] ----------------------------------------------------------------
INFO: [HLS 200-1030] Apply Unified Pipeline Control on module 'storeMap_Pipeline_Loop_Tof_Loop_Toy_Loop_Tox' pipeline 'Loop_Tof_Loop_Toy_Loop_Tox' pipeline type 'loop pipeline'
INFO: [RTGEN 206-100] Generating core module 'mul_33s_8ns_41_1_1': 1 instance(s).
INFO: [RTGEN 206-100] Generating core module 'mul_41s_8ns_49_1_1': 1 instance(s).
INFO: [RTGEN 206-100] Generating core module 'sparsemux_15_3_32_1_1': 2 instance(s).
INFO: [RTGEN 206-100] Finished creating RTL model for 'storeMap_Pipeline_Loop_Tof_Loop_Toy_Loop_Tox'.
INFO: [HLS 200-111] Finished Creating RTL model: CPU user time: 1 seconds. CPU system time: 1 seconds. Elapsed time: 2.004 seconds; current allocated memory: 1.599 GB.
INFO: [HLS 200-10] ----------------------------------------------------------------
INFO: [HLS 200-10] -- Generating RTL for module 'storeMap' 
INFO: [HLS 200-10] ----------------------------------------------------------------
WARNING: [RTGEN 206-101] Register 'layerCnfg_1' is power-on initialization.
WARNING: [RTGEN 206-101] Register 'layerNo_1' is power-on initialization.
WARNING: [RTGEN 206-101] Register 'Nofy_step_1' is power-on initialization.
WARNING: [RTGEN 206-101] Register 'Noy' is power-on initialization.
WARNING: [RTGEN 206-101] Register 'Tof' is power-on initialization.
WARNING: [RTGEN 206-101] Register 'Toy_1' is power-on initialization.
WARNING: [RTGEN 206-101] Register 'Tox' is power-on initialization.
WARNING: [RTGEN 206-101] Register 'wrd_1rowOut' is power-on initialization.
WARNING: [RTGEN 206-101] Register 'tileCount_1' is power-on initialization.
WARNING: [RTGEN 206-101] Register 'NofFirst_r' is power-on initialization.
INFO: [RTGEN 206-100] Generating core module 'mul_5ns_32s_32_1_1': 1 instance(s).
INFO: [RTGEN 206-100] Generating core module 'mul_6ns_5ns_10_1_1': 1 instance(s).
INFO: [RTGEN 206-100] Generating core module 'mul_8ns_5ns_13_1_1': 1 instance(s).
INFO: [RTGEN 206-100] Generating core module 'mul_9ns_13ns_21_1_1': 1 instance(s).
INFO: [RTGEN 206-100] Generating core module 'mul_9ns_32s_32_1_1': 1 instance(s).
INFO: [RTGEN 206-100] Finished creating RTL model for 'storeMap'.
INFO: [RTMG 210-279] Implementing memory 'ConvLayer_storeMap_nofFirst_ROM_AUTO_1R' using auto ROMs.
INFO: [HLS 200-111] Finished Creating RTL model: CPU user time: 1 seconds. CPU system time: 0 seconds. Elapsed time: 0.724 seconds; current allocated memory: 1.599 GB.
INFO: [HLS 200-10] ----------------------------------------------------------------
INFO: [HLS 200-10] -- Generating RTL for module 'ConvLayerScdl' 
INFO: [HLS 200-10] ----------------------------------------------------------------
INFO: [RTGEN 206-100] Finished creating RTL model for 'ConvLayerScdl'.
INFO: [RTMG 210-278] Implementing memory 'ConvLayer_ConvLayerScdl_ConvLayer_int_const_int_const_int_WtBuf_RAM_AUTO_1R1W' using auto RAMs.
INFO: [RTMG 210-278] Implementing memory 'ConvLayer_ConvLayerScdl_p_ZZ9ConvLayerPKiS0_PiE6OutBuf_0_0_RAM_AUTO_1R1W' using auto RAMs.
INFO: [RTMG 210-278] Implementing memory 'ConvLayer_ConvLayerScdl_InBuf_48_RAM_AUTO_1R1W' using auto RAMs.
INFO: [HLS 200-111] Finished Creating RTL model: CPU user time: 3 seconds. CPU system time: 0 seconds. Elapsed time: 4.083 seconds; current allocated memory: 1.610 GB.
INFO: [HLS 200-10] ----------------------------------------------------------------
INFO: [HLS 200-10] -- Generating RTL for module 'ConvLayer' 
INFO: [HLS 200-10] ----------------------------------------------------------------
WARNING: [RTGEN 206-101] Design contains AXI ports. Reset is fixed to synchronous and active low.
INFO: [RTGEN 206-500] Setting interface mode on port 'ConvLayer/IFMAP' to 'm_axi'.
INFO: [RTGEN 206-500] Setting interface mode on port 'ConvLayer/WTMAP' to 'm_axi'.
INFO: [RTGEN 206-500] Setting interface mode on port 'ConvLayer/OFMAP' to 'm_axi'.
INFO: [RTGEN 206-500] Setting interface mode on port 'ConvLayer/IfMap_r' to 's_axilite & ap_none'.
INFO: [RTGEN 206-500] Setting interface mode on port 'ConvLayer/WtMap_r' to 's_axilite & ap_none'.
INFO: [RTGEN 206-500] Setting interface mode on port 'ConvLayer/OfMap_r' to 's_axilite & ap_none'.
INFO: [RTGEN 206-500] Setting interface mode on function 'ConvLayer' to 'ap_ctrl_hs'.
WARNING: [RTGEN 206-101] Register 'layerNo_5' is power-on initialization.
INFO: [RTGEN 206-100] Bundling port 'IfMap_r', 'WtMap_r' and 'OfMap_r' to AXI-Lite port control.
INFO: [RTGEN 206-100] Finished creating RTL model for 'ConvLayer'.
INFO: [HLS 200-111] Finished Creating RTL model: CPU user time: 4 seconds. CPU system time: 1 seconds. Elapsed time: 4.696 seconds; current allocated memory: 1.700 GB.
INFO: [HLS 200-111] Finished Generating all RTL models: CPU user time: 2 seconds. CPU system time: 1 seconds. Elapsed time: 4.88 seconds; current allocated memory: 1.700 GB.
INFO: [HLS 200-1603] Design has inferred MAXI bursts and missed bursts, see Vitis HLS GUI synthesis summary report for detailed information.
INFO: [HLS 200-111] Finished Updating report files: CPU user time: 3 seconds. CPU system time: 1 seconds. Elapsed time: 6.925 seconds; current allocated memory: 1.719 GB.
INFO: [VHDL 208-304] Generating VHDL RTL for ConvLayer.
INFO: [VLOG 209-307] Generating Verilog RTL for ConvLayer.
INFO: [HLS 200-790] **** Loop Constraint Status: All loop constraints were satisfied.
INFO: [HLS 200-789] **** Estimated Fmax: 136.99 MHz
INFO: [HLS 200-112] Total CPU user time: 169 seconds. Total CPU system time: 19 seconds. Total elapsed time: 250.281 seconds; peak allocated memory: 1.719 GB.
INFO: [v++ 60-791] Total elapsed time: 0h 4m 15s
