  **** HLS Build v2025.1 6135595
INFO: [HLS 200-2005] Using work_dir C:/Users/arisi/Documents/VitisWorkspace/VggHLS_new/Tl_ModelNew/Tl_ModelNew 
INFO: [HLS 200-2176] Writing Vitis IDE component file C:/Users/arisi/Documents/VitisWorkspace/VggHLS_new/Tl_ModelNew/Tl_ModelNew/vitis-comp.json
INFO: [HLS 200-10] Creating and opening component 'C:/Users/arisi/Documents/VitisWorkspace/VggHLS_new/Tl_ModelNew/Tl_ModelNew'.
INFO: [HLS 200-1505] Using default flow_target 'vivado'
Resolution: For help on HLS 200-1505 see docs.xilinx.com/access/sources/dita/topic?Doc_Version=2025.1%20English&url=ug1448-hls-guidance&resourceid=200-1505.html
INFO: [HLS 200-2174] Applying component config ini file C:/Users/arisi/Documents/VitisWorkspace/VggHLS_new/Tl_ModelNew/hls_config.cfg
INFO: [HLS 200-1465] Applying config ini 'syn.file=../src_files/src_files/Main_Code.cpp' from C:/Users/arisi/Documents/VitisWorkspace/VggHLS_new/Tl_ModelNew/hls_config.cfg(7)
INFO: [HLS 200-10] Adding design file 'C:/Users/arisi/Documents/VitisWorkspace/VggHLS_new/src_files/src_files/Main_Code.cpp' to the project
INFO: [HLS 200-1465] Applying config ini 'tb.file=../src_files/src_files/Auxiliary_Calculations.cpp' from C:/Users/arisi/Documents/VitisWorkspace/VggHLS_new/Tl_ModelNew/hls_config.cfg(9)
INFO: [HLS 200-10] Adding test bench file 'C:/Users/arisi/Documents/VitisWorkspace/VggHLS_new/src_files/src_files/Auxiliary_Calculations.cpp' to the project
INFO: [HLS 200-1465] Applying config ini 'tb.file=../src_files/src_files/main_tb.cpp' from C:/Users/arisi/Documents/VitisWorkspace/VggHLS_new/Tl_ModelNew/hls_config.cfg(10)
INFO: [HLS 200-10] Adding test bench file 'C:/Users/arisi/Documents/VitisWorkspace/VggHLS_new/src_files/src_files/main_tb.cpp' to the project
INFO: [HLS 200-1465] Applying config ini 'tb.file=../src_files/src_files/tb_Buf2Pe.cpp' from C:/Users/arisi/Documents/VitisWorkspace/VggHLS_new/Tl_ModelNew/hls_config.cfg(11)
INFO: [HLS 200-10] Adding test bench file 'C:/Users/arisi/Documents/VitisWorkspace/VggHLS_new/src_files/src_files/tb_Buf2Pe.cpp' to the project
INFO: [HLS 200-1465] Applying config ini 'tb.file=../src_files/src_files/tb_Dfl_ControlLogic.cpp' from C:/Users/arisi/Documents/VitisWorkspace/VggHLS_new/Tl_ModelNew/hls_config.cfg(12)
INFO: [HLS 200-10] Adding test bench file 'C:/Users/arisi/Documents/VitisWorkspace/VggHLS_new/src_files/src_files/tb_Dfl_ControlLogic.cpp' to the project
INFO: [HLS 200-1465] Applying config ini 'tb.file=../src_files/src_files/tb_fcLayer.cpp' from C:/Users/arisi/Documents/VitisWorkspace/VggHLS_new/Tl_ModelNew/hls_config.cfg(13)
INFO: [HLS 200-10] Adding test bench file 'C:/Users/arisi/Documents/VitisWorkspace/VggHLS_new/src_files/src_files/tb_fcLayer.cpp' to the project
INFO: [HLS 200-1465] Applying config ini 'tb.file=../src_files/src_files/tb_gap.cpp' from C:/Users/arisi/Documents/VitisWorkspace/VggHLS_new/Tl_ModelNew/hls_config.cfg(14)
INFO: [HLS 200-10] Adding test bench file 'C:/Users/arisi/Documents/VitisWorkspace/VggHLS_new/src_files/src_files/tb_gap.cpp' to the project
INFO: [HLS 200-1465] Applying config ini 'tb.file=../src_files/src_files/tb_loadbin.cpp' from C:/Users/arisi/Documents/VitisWorkspace/VggHLS_new/Tl_ModelNew/hls_config.cfg(15)
INFO: [HLS 200-10] Adding test bench file 'C:/Users/arisi/Documents/VitisWorkspace/VggHLS_new/src_files/src_files/tb_loadbin.cpp' to the project
INFO: [HLS 200-1465] Applying config ini 'tb.file=../src_files/src_files/tb_maxPool.cpp' from C:/Users/arisi/Documents/VitisWorkspace/VggHLS_new/Tl_ModelNew/hls_config.cfg(16)
INFO: [HLS 200-10] Adding test bench file 'C:/Users/arisi/Documents/VitisWorkspace/VggHLS_new/src_files/src_files/tb_maxPool.cpp' to the project
INFO: [HLS 200-1465] Applying config ini 'tb.file=../src_files/src_files/tb_Mem2Buf.cpp' from C:/Users/arisi/Documents/VitisWorkspace/VggHLS_new/Tl_ModelNew/hls_config.cfg(17)
INFO: [HLS 200-10] Adding test bench file 'C:/Users/arisi/Documents/VitisWorkspace/VggHLS_new/src_files/src_files/tb_Mem2Buf.cpp' to the project
INFO: [HLS 200-1465] Applying config ini 'tb.file=../src_files/src_files/tb_parameters.cpp' from C:/Users/arisi/Documents/VitisWorkspace/VggHLS_new/Tl_ModelNew/hls_config.cfg(18)
INFO: [HLS 200-10] Adding test bench file 'C:/Users/arisi/Documents/VitisWorkspace/VggHLS_new/src_files/src_files/tb_parameters.cpp' to the project
INFO: [HLS 200-1465] Applying config ini 'tb.file=../src_files/src_files/tb_Top.cpp' from C:/Users/arisi/Documents/VitisWorkspace/VggHLS_new/Tl_ModelNew/hls_config.cfg(19)
INFO: [HLS 200-10] Adding test bench file 'C:/Users/arisi/Documents/VitisWorkspace/VggHLS_new/src_files/src_files/tb_Top.cpp' to the project
INFO: [HLS 200-1465] Applying config ini 'syn.top=tlModelTop' from C:/Users/arisi/Documents/VitisWorkspace/VggHLS_new/Tl_ModelNew/hls_config.cfg(8)
INFO: [HLS 200-1465] Applying config ini 'flow_target=vivado' from C:/Users/arisi/Documents/VitisWorkspace/VggHLS_new/Tl_ModelNew/hls_config.cfg(4)
INFO: [HLS 200-1505] Using flow_target 'vivado'
Resolution: For help on HLS 200-1505 see docs.xilinx.com/access/sources/dita/topic?Doc_Version=2025.1%20English&url=ug1448-hls-guidance&resourceid=200-1505.html
INFO: [HLS 200-1465] Applying config ini 'part=xcvu3p-ffvc1517-3-e' from C:/Users/arisi/Documents/VitisWorkspace/VggHLS_new/Tl_ModelNew/hls_config.cfg(1)
INFO: [HLS 200-1611] Setting target device to 'xcvu3p-ffvc1517-3-e'
INFO: [HLS 200-1465] Applying config ini 'csim.code_analyzer=1' from C:/Users/arisi/Documents/VitisWorkspace/VggHLS_new/Tl_ModelNew/hls_config.cfg(20)
INFO: [HLS 200-1465] Applying config ini 'package.output.format=ip_catalog' from C:/Users/arisi/Documents/VitisWorkspace/VggHLS_new/Tl_ModelNew/hls_config.cfg(5)
INFO: [HLS 200-2176] Writing Vitis IDE component file C:/Users/arisi/Documents/VitisWorkspace/VggHLS_new/Tl_ModelNew/Tl_ModelNew/vitis-comp.json
INFO: [SIM 211-200] Executing Code Analyzer instead of classic HLS C simulation
INFO: [HLS 211-200] Compiling source code ../src_files/src_files/Main_Code.cpp as hardware code with instrumentation
INFO: [HLS 211-200] Compiling source code C:/Users/arisi/Documents/VitisWorkspace/VggHLS_new/src_files/src_files/Auxiliary_Calculations.cpp as test bench code with instrumentation
INFO: [HLS 211-200] Compiling source code C:/Users/arisi/Documents/VitisWorkspace/VggHLS_new/src_files/src_files/main_tb.cpp as test bench code with instrumentation
INFO: [HLS 211-200] Compiling source code C:/Users/arisi/Documents/VitisWorkspace/VggHLS_new/src_files/src_files/tb_Buf2Pe.cpp as test bench code with instrumentation
INFO: [HLS 211-200] Compiling source code C:/Users/arisi/Documents/VitisWorkspace/VggHLS_new/src_files/src_files/tb_Dfl_ControlLogic.cpp as test bench code with instrumentation
INFO: [HLS 211-200] Compiling source code C:/Users/arisi/Documents/VitisWorkspace/VggHLS_new/src_files/src_files/tb_fcLayer.cpp as test bench code with instrumentation
INFO: [HLS 211-200] Compiling source code C:/Users/arisi/Documents/VitisWorkspace/VggHLS_new/src_files/src_files/tb_gap.cpp as test bench code with instrumentation
INFO: [HLS 211-200] Compiling source code C:/Users/arisi/Documents/VitisWorkspace/VggHLS_new/src_files/src_files/tb_loadbin.cpp as test bench code with instrumentation
INFO: [HLS 211-200] Compiling source code C:/Users/arisi/Documents/VitisWorkspace/VggHLS_new/src_files/src_files/tb_maxPool.cpp as test bench code with instrumentation
INFO: [HLS 211-200] Compiling source code C:/Users/arisi/Documents/VitisWorkspace/VggHLS_new/src_files/src_files/tb_Mem2Buf.cpp as test bench code with instrumentation
INFO: [HLS 211-200] Compiling source code C:/Users/arisi/Documents/VitisWorkspace/VggHLS_new/src_files/src_files/tb_parameters.cpp as test bench code with instrumentation
INFO: [HLS 211-200] Compiling source code C:/Users/arisi/Documents/VitisWorkspace/VggHLS_new/src_files/src_files/tb_Top.cpp as test bench code with instrumentation
INFO: [HLS 211-200] Compiling source code ../src_files/src_files/Main_Code.cpp as test bench code with instrumentation
../src_files/src_files/Main_Code.cpp:7:14: warning: unexpected pragma argument '__attribute__', expects identifier [-Winvalid-hls-pragmas]
        #pragma HLS INLINE
                    ^
c:\xilinx\2025.1\vitis\win64\tools\vcxx\data\autopilot/etc/ap_common.h:139:23: note: expanded from macro 'INLINE'
#define INLINE inline __attribute__((always_inline))
                      ^
../src_files/src_files/Main_Code.cpp:82:14: warning: unexpected pragma argument '__attribute__', expects identifier [-Winvalid-hls-pragmas]
        #pragma HLS INLINE
                    ^
c:\xilinx\2025.1\vitis\win64\tools\vcxx\data\autopilot/etc/ap_common.h:139:23: note: expanded from macro 'INLINE'
#define INLINE inline __attribute__((always_inline))
                      ^
../src_files/src_files/Main_Code.cpp:113:14: warning: unexpected pragma argument '__attribute__', expects identifier [-Winvalid-hls-pragmas]
        #pragma HLS INLINE
                    ^
c:\xilinx\2025.1\vitis\win64\tools\vcxx\data\autopilot/etc/ap_common.h:139:23: note: expanded from macro 'INLINE'
#define INLINE inline __attribute__((always_inline))
                      ^
../src_files/src_files/Main_Code.cpp:202:14: warning: unexpected pragma argument '__attribute__', expects identifier [-Winvalid-hls-pragmas]
        #pragma HLS INLINE
                    ^
c:\xilinx\2025.1\vitis\win64\tools\vcxx\data\autopilot/etc/ap_common.h:139:23: note: expanded from macro 'INLINE'
#define INLINE inline __attribute__((always_inline))
                      ^
../src_files/src_files/Main_Code.cpp:221:14: warning: unexpected pragma argument '__attribute__', expects identifier [-Winvalid-hls-pragmas]
        #pragma HLS INLINE
                    ^
c:\xilinx\2025.1\vitis\win64\tools\vcxx\data\autopilot/etc/ap_common.h:139:23: note: expanded from macro 'INLINE'
#define INLINE inline __attribute__((always_inline))
                      ^
../src_files/src_files/Main_Code.cpp:338:14: warning: unexpected pragma argument '__attribute__', expects identifier [-Winvalid-hls-pragmas]
        #pragma HLS INLINE
                    ^
c:\xilinx\2025.1\vitis\win64\tools\vcxx\data\autopilot/etc/ap_common.h:139:23: note: expanded from macro 'INLINE'
#define INLINE inline __attribute__((always_inline))
                      ^
../src_files/src_files/Main_Code.cpp:357:14: warning: unexpected pragma argument '__attribute__', expects identifier [-Winvalid-hls-pragmas]
        #pragma HLS INLINE
                    ^
c:\xilinx\2025.1\vitis\win64\tools\vcxx\data\autopilot/etc/ap_common.h:139:23: note: expanded from macro 'INLINE'
#define INLINE inline __attribute__((always_inline))
                      ^
../src_files/src_files/Main_Code.cpp:375:14: warning: unexpected pragma argument '__attribute__', expects identifier [-Winvalid-hls-pragmas]
        #pragma HLS INLINE
                    ^
c:\xilinx\2025.1\vitis\win64\tools\vcxx\data\autopilot/etc/ap_common.h:139:23: note: expanded from macro 'INLINE'
#define INLINE inline __attribute__((always_inline))
                      ^
../src_files/src_files/Main_Code.cpp:412:14: warning: unexpected pragma argument '__attribute__', expects identifier [-Winvalid-hls-pragmas]
        #pragma HLS INLINE
                    ^
c:\xilinx\2025.1\vitis\win64\tools\vcxx\data\autopilot/etc/ap_common.h:139:23: note: expanded from macro 'INLINE'
#define INLINE inline __attribute__((always_inline))
                      ^
../src_files/src_files/Main_Code.cpp:546:14: warning: unexpected pragma argument '__attribute__', expects identifier [-Winvalid-hls-pragmas]
        #pragma HLS INLINE
                    ^
c:\xilinx\2025.1\vitis\win64\tools\vcxx\data\autopilot/etc/ap_common.h:139:23: note: expanded from macro 'INLINE'
#define INLINE inline __attribute__((always_inline))
                      ^
../src_files/src_files/Main_Code.cpp:768:14: warning: unexpected pragma argument '__attribute__', expects identifier [-Winvalid-hls-pragmas]
        #pragma HLS INLINE
                    ^
c:\xilinx\2025.1\vitis\win64\tools\vcxx\data\autopilot/etc/ap_common.h:139:23: note: expanded from macro 'INLINE'
#define INLINE inline __attribute__((always_inline))
                      ^
../src_files/src_files/Main_Code.cpp:812:14: warning: unexpected pragma argument '__attribute__', expects identifier [-Winvalid-hls-pragmas]
        #pragma HLS INLINE off
                    ^
c:\xilinx\2025.1\vitis\win64\tools\vcxx\data\autopilot/etc/ap_common.h:139:23: note: expanded from macro 'INLINE'
#define INLINE inline __attribute__((always_inline))
                      ^
../src_files/src_files/Main_Code.cpp:875:14: warning: unexpected pragma argument '__attribute__', expects identifier [-Winvalid-hls-pragmas]
        #pragma HLS INLINE off
                    ^
c:\xilinx\2025.1\vitis\win64\tools\vcxx\data\autopilot/etc/ap_common.h:139:23: note: expanded from macro 'INLINE'
#define INLINE inline __attribute__((always_inline))
                      ^
../src_files/src_files/Main_Code.cpp:992:14: warning: unexpected pragma argument '__attribute__', expects identifier [-Winvalid-hls-pragmas]
        #pragma HLS INLINE off
                    ^
c:\xilinx\2025.1\vitis\win64\tools\vcxx\data\autopilot/etc/ap_common.h:139:23: note: expanded from macro 'INLINE'
#define INLINE inline __attribute__((always_inline))
                      ^
../src_files/src_files/Main_Code.cpp:1040:14: warning: unexpected pragma argument '__attribute__', expects identifier [-Winvalid-hls-pragmas]
        #pragma HLS INLINE off
                    ^
c:\xilinx\2025.1\vitis\win64\tools\vcxx\data\autopilot/etc/ap_common.h:139:23: note: expanded from macro 'INLINE'
#define INLINE inline __attribute__((always_inline))
                      ^
../src_files/src_files/Main_Code.cpp:1134:14: warning: unexpected pragma argument '__attribute__', expects identifier [-Winvalid-hls-pragmas]
        #pragma HLS INLINE off
                    ^
c:\xilinx\2025.1\vitis\win64\tools\vcxx\data\autopilot/etc/ap_common.h:139:23: note: expanded from macro 'INLINE'
#define INLINE inline __attribute__((always_inline))
                      ^
../src_files/src_files/Main_Code.cpp:1211:14: warning: unexpected pragma argument '__attribute__', expects identifier [-Winvalid-hls-pragmas]
        #pragma HLS INLINE
                    ^
c:\xilinx\2025.1\vitis\win64\tools\vcxx\data\autopilot/etc/ap_common.h:139:23: note: expanded from macro 'INLINE'
#define INLINE inline __attribute__((always_inline))
                      ^
17 warnings generated.
INFO: [HLS 211-200] Linking hardware code
INFO: [HLS 211-200] Transforming hardware bitcode
INFO: [HLS 211-200] Linking executable
INFO: [HLS 211-200] Computing HLS IR Information
INFO: [HLS 211-200] Determining source code dependencies
INFO: [SIM 211-200] Running executable
*********************************************************************************  Starting Verification. ************************************************************************************
Found hardcoded RM path.
C:/Users/arisi/Documents/VitisWorkspace/VggHLS/src_files/
Loaded block1_conv1 as wt_data_t array of size 1728
Length of binary files per layer verified!0
Loaded block1_conv2 as wt_data_t array of size 36864
Length of binary files per layer verified!1
Loaded block2_conv1 as wt_data_t array of size 73728
Length of binary files per layer verified!2
Loaded block2_conv2 as wt_data_t array of size 147456
Length of binary files per layer verified!3
Loaded block3_conv1 as wt_data_t array of size 294912
Length of binary files per layer verified!4
Loaded block3_conv2 as wt_data_t array of size 589824
Length of binary files per layer verified!5
Loaded block3_conv3 as wt_data_t array of size 589824
Length of binary files per layer verified!6
Loaded block4_conv1 as wt_data_t array of size 1179648
Length of binary files per layer verified!7
Loaded block4_conv2 as wt_data_t array of size 2359296
Length of binary files per layer verified!8
Loaded block4_conv3 as wt_data_t array of size 2359296
Length of binary files per layer verified!9
Loaded block5_conv1 as wt_data_t array of size 2359296
Length of binary files per layer verified!10
Loaded block5_conv2 as wt_data_t array of size 2359296
Length of binary files per layer verified!11
Loaded block5_conv3 as wt_data_t array of size 2359296
Length of binary files per layer verified!12
Loaded dense as wt_data_t array of size 131072
Length of binary files per layer verified!13
Loaded dense_1 as wt_data_t array of size 4352
Length of binary files per layer verified!14
