  **** HLS Build v2025.1 6135595
INFO: [HLS 200-2005] Using work_dir C:/Programming_Files/VGGHLS-TX/Tl_base/Tl_base 
INFO: [HLS 200-2176] Writing Vitis IDE component file C:/Programming_Files/VGGHLS-TX/Tl_base/Tl_base/vitis-comp.json
INFO: [HLS 200-10] Creating and opening component 'C:/Programming_Files/VGGHLS-TX/Tl_base/Tl_base'.
INFO: [HLS 200-1505] Using default flow_target 'vivado'
Resolution: For help on HLS 200-1505 see docs.xilinx.com/access/sources/dita/topic?Doc_Version=2025.1%20English&url=ug1448-hls-guidance&resourceid=200-1505.html
INFO: [HLS 200-2174] Applying component config ini file C:/Programming_Files/VGGHLS-TX/Tl_base/hls_config.cfg
INFO: [HLS 200-1465] Applying config ini 'syn.file=../src_files/Main_Code.cpp' from C:/Programming_Files/VGGHLS-TX/Tl_base/hls_config.cfg(7)
INFO: [HLS 200-10] Adding design file 'C:/Programming_Files/VGGHLS-TX/src_files/Main_Code.cpp' to the project
INFO: [HLS 200-1465] Applying config ini 'tb.file=../src_files/Auxiliary_Calculations.cpp' from C:/Programming_Files/VGGHLS-TX/Tl_base/hls_config.cfg(8)
INFO: [HLS 200-10] Adding test bench file 'C:/Programming_Files/VGGHLS-TX/src_files/Auxiliary_Calculations.cpp' to the project
INFO: [HLS 200-1465] Applying config ini 'tb.file=../src_files/main_tb.cpp' from C:/Programming_Files/VGGHLS-TX/Tl_base/hls_config.cfg(9)
INFO: [HLS 200-10] Adding test bench file 'C:/Programming_Files/VGGHLS-TX/src_files/main_tb.cpp' to the project
INFO: [HLS 200-1465] Applying config ini 'tb.file=../src_files/tb_Buf2Pe.cpp' from C:/Programming_Files/VGGHLS-TX/Tl_base/hls_config.cfg(10)
INFO: [HLS 200-10] Adding test bench file 'C:/Programming_Files/VGGHLS-TX/src_files/tb_Buf2Pe.cpp' to the project
INFO: [HLS 200-1465] Applying config ini 'tb.file=../src_files/tb_Dfl_ControlLogic.cpp' from C:/Programming_Files/VGGHLS-TX/Tl_base/hls_config.cfg(11)
INFO: [HLS 200-10] Adding test bench file 'C:/Programming_Files/VGGHLS-TX/src_files/tb_Dfl_ControlLogic.cpp' to the project
INFO: [HLS 200-1465] Applying config ini 'tb.file=../src_files/tb_fcLayer.cpp' from C:/Programming_Files/VGGHLS-TX/Tl_base/hls_config.cfg(12)
INFO: [HLS 200-10] Adding test bench file 'C:/Programming_Files/VGGHLS-TX/src_files/tb_fcLayer.cpp' to the project
INFO: [HLS 200-1465] Applying config ini 'tb.file=../src_files/tb_gap.cpp' from C:/Programming_Files/VGGHLS-TX/Tl_base/hls_config.cfg(13)
INFO: [HLS 200-10] Adding test bench file 'C:/Programming_Files/VGGHLS-TX/src_files/tb_gap.cpp' to the project
INFO: [HLS 200-1465] Applying config ini 'tb.file=../src_files/tb_loadbin.cpp' from C:/Programming_Files/VGGHLS-TX/Tl_base/hls_config.cfg(14)
INFO: [HLS 200-10] Adding test bench file 'C:/Programming_Files/VGGHLS-TX/src_files/tb_loadbin.cpp' to the project
INFO: [HLS 200-1465] Applying config ini 'tb.file=../src_files/tb_maxPool.cpp' from C:/Programming_Files/VGGHLS-TX/Tl_base/hls_config.cfg(15)
INFO: [HLS 200-10] Adding test bench file 'C:/Programming_Files/VGGHLS-TX/src_files/tb_maxPool.cpp' to the project
INFO: [HLS 200-1465] Applying config ini 'tb.file=../src_files/tb_Mem2Buf.cpp' from C:/Programming_Files/VGGHLS-TX/Tl_base/hls_config.cfg(16)
INFO: [HLS 200-10] Adding test bench file 'C:/Programming_Files/VGGHLS-TX/src_files/tb_Mem2Buf.cpp' to the project
INFO: [HLS 200-1465] Applying config ini 'tb.file=../src_files/tb_parameters.cpp' from C:/Programming_Files/VGGHLS-TX/Tl_base/hls_config.cfg(17)
INFO: [HLS 200-10] Adding test bench file 'C:/Programming_Files/VGGHLS-TX/src_files/tb_parameters.cpp' to the project
INFO: [HLS 200-1465] Applying config ini 'tb.file=../src_files/tb_Top.cpp' from C:/Programming_Files/VGGHLS-TX/Tl_base/hls_config.cfg(18)
INFO: [HLS 200-10] Adding test bench file 'C:/Programming_Files/VGGHLS-TX/src_files/tb_Top.cpp' to the project
INFO: [HLS 200-1465] Applying config ini 'syn.top=ConvLayer' from C:/Programming_Files/VGGHLS-TX/Tl_base/hls_config.cfg(19)
INFO: [HLS 200-1465] Applying config ini 'flow_target=vivado' from C:/Programming_Files/VGGHLS-TX/Tl_base/hls_config.cfg(4)
INFO: [HLS 200-1505] Using flow_target 'vivado'
Resolution: For help on HLS 200-1505 see docs.xilinx.com/access/sources/dita/topic?Doc_Version=2025.1%20English&url=ug1448-hls-guidance&resourceid=200-1505.html
INFO: [HLS 200-1465] Applying config ini 'part=xcvu3p-ffvc1517-3-e' from C:/Programming_Files/VGGHLS-TX/Tl_base/hls_config.cfg(1)
INFO: [HLS 200-1611] Setting target device to 'xcvu3p-ffvc1517-3-e'
INFO: [HLS 200-1465] Applying config ini 'package.output.format=ip_catalog' from C:/Programming_Files/VGGHLS-TX/Tl_base/hls_config.cfg(5)
INFO: [HLS 200-2176] Writing Vitis IDE component file C:/Programming_Files/VGGHLS-TX/Tl_base/Tl_base/vitis-comp.json
INFO: [HLS 200-111] Finished File checks and directory preparation: CPU user time: 1 seconds. CPU system time: 1 seconds. Elapsed time: 4.533 seconds; current allocated memory: 139.883 MB.
INFO: [HLS 200-10] Analyzing design file '../src_files/Main_Code.cpp' ... 
ERROR: [HLS 207-3776] use of undeclared identifier 'WtMapOffsetFC' (../src_files/Main_Code.cpp:1452:11)
ERROR: [HLS 207-3776] use of undeclared identifier 'WtMapOffsetFC' (../src_files/Main_Code.cpp:1475:11)
ERROR: [HLS 207-3776] use of undeclared identifier 'WtMapOffsetFC' (../src_files/Main_Code.cpp:1478:11)
ERROR: [HLS 207-3777] use of undeclared identifier 'bit_shift_fc_rom'; did you mean 'bit_shift_rom'? (../src_files/Main_Code.cpp:1496:31)
INFO: [HLS 207-4436] 'bit_shift_rom' declared here (../src_files/parameters.h:765:12)
ERROR: [HLS 207-3777] use of undeclared identifier 'biasFC'; did you mean 'bias'? (../src_files/Main_Code.cpp:1497:25)
INFO: [HLS 207-4436] 'bias' declared here (../src_files/value_init.h:80:17)
ERROR: [HLS 207-3776] use of undeclared identifier 'WtMapOffsetConv' (../src_files/Main_Code.cpp:1540:11)
ERROR: [HLS 207-3776] use of undeclared identifier 'WtMapOffsetConv' (../src_files/Main_Code.cpp:1542:11)
ERROR: [HLS 207-3776] use of undeclared identifier 'WtMapOffsetConv' (../src_files/Main_Code.cpp:1546:11)
ERROR: [HLS 207-3776] use of undeclared identifier 'WtMapOffsetConv' (../src_files/Main_Code.cpp:1548:11)
ERROR: [HLS 207-3776] use of undeclared identifier 'WtMapOffsetConv' (../src_files/Main_Code.cpp:1552:11)
ERROR: [HLS 207-3776] use of undeclared identifier 'WtMapOffsetConv' (../src_files/Main_Code.cpp:1554:11)
ERROR: [HLS 207-3776] use of undeclared identifier 'WtMapOffsetConv' (../src_files/Main_Code.cpp:1556:11)
ERROR: [HLS 207-3776] use of undeclared identifier 'WtMapOffsetConv' (../src_files/Main_Code.cpp:1560:11)
ERROR: [HLS 207-3776] use of undeclared identifier 'WtMapOffsetConv' (../src_files/Main_Code.cpp:1562:11)
ERROR: [HLS 207-3776] use of undeclared identifier 'WtMapOffsetConv' (../src_files/Main_Code.cpp:1564:11)
ERROR: [HLS 207-3776] use of undeclared identifier 'WtMapOffsetConv' (../src_files/Main_Code.cpp:1568:11)
ERROR: [HLS 207-3776] use of undeclared identifier 'WtMapOffsetConv' (../src_files/Main_Code.cpp:1570:11)
ERROR: [HLS 207-3776] use of undeclared identifier 'WtMapOffsetConv' (../src_files/Main_Code.cpp:1572:11)
ERROR: [HLS 207-3776] use of undeclared identifier 'WtMapOffsetConv' (../src_files/Main_Code.cpp:1597:11)
ERROR: [HLS 207-59] too many errors emitted, stopping now
ERROR:  
INFO: [HLS 200-112] Total CPU user time: 1 seconds. Total CPU system time: 1 seconds. Total elapsed time: 6.246 seconds; peak allocated memory: 141.418 MB.
