  **** HLS Build v2025.1 6135595
INFO: [HLS 200-2005] Using work_dir C:/Programming_Files/VGGHLS-TX/Tl_base/Tl_base 
INFO: [HLS 200-2176] Writing Vitis IDE component file C:/Programming_Files/VGGHLS-TX/Tl_base/Tl_base/vitis-comp.json
INFO: [HLS 200-10] Creating and opening component 'C:/Programming_Files/VGGHLS-TX/Tl_base/Tl_base'.
INFO: [HLS 200-1505] Using default flow_target 'vivado'
Resolution: For help on HLS 200-1505 see docs.xilinx.com/access/sources/dita/topic?Doc_Version=2025.1%20English&url=ug1448-hls-guidance&resourceid=200-1505.html
INFO: [HLS 200-2174] Applying component config ini file C:/Programming_Files/VGGHLS-TX/Tl_base/hls_config.cfg
INFO: [HLS 200-1465] Applying config ini 'syn.file=../src_files/Main_Code.cpp' from C:/Programming_Files/VGGHLS-TX/Tl_base/hls_config.cfg(7)
INFO: [HLS 200-10] Adding design file 'C:/Programming_Files/VGGHLS-TX/src_files/Main_Code.cpp' to the project
INFO: [HLS 200-1465] Applying config ini 'tb.file=../src_files/Auxiliary_Calculations.cpp' from C:/Programming_Files/VGGHLS-TX/Tl_base/hls_config.cfg(8)
INFO: [HLS 200-10] Adding test bench file 'C:/Programming_Files/VGGHLS-TX/src_files/Auxiliary_Calculations.cpp' to the project
INFO: [HLS 200-1465] Applying config ini 'tb.file=../src_files/main_tb.cpp' from C:/Programming_Files/VGGHLS-TX/Tl_base/hls_config.cfg(9)
INFO: [HLS 200-10] Adding test bench file 'C:/Programming_Files/VGGHLS-TX/src_files/main_tb.cpp' to the project
INFO: [HLS 200-1465] Applying config ini 'tb.file=../src_files/tb_Buf2Pe.cpp' from C:/Programming_Files/VGGHLS-TX/Tl_base/hls_config.cfg(10)
INFO: [HLS 200-10] Adding test bench file 'C:/Programming_Files/VGGHLS-TX/src_files/tb_Buf2Pe.cpp' to the project
INFO: [HLS 200-1465] Applying config ini 'tb.file=../src_files/tb_Dfl_ControlLogic.cpp' from C:/Programming_Files/VGGHLS-TX/Tl_base/hls_config.cfg(11)
INFO: [HLS 200-10] Adding test bench file 'C:/Programming_Files/VGGHLS-TX/src_files/tb_Dfl_ControlLogic.cpp' to the project
INFO: [HLS 200-1465] Applying config ini 'tb.file=../src_files/tb_fcLayer.cpp' from C:/Programming_Files/VGGHLS-TX/Tl_base/hls_config.cfg(12)
INFO: [HLS 200-10] Adding test bench file 'C:/Programming_Files/VGGHLS-TX/src_files/tb_fcLayer.cpp' to the project
INFO: [HLS 200-1465] Applying config ini 'tb.file=../src_files/tb_gap.cpp' from C:/Programming_Files/VGGHLS-TX/Tl_base/hls_config.cfg(13)
INFO: [HLS 200-10] Adding test bench file 'C:/Programming_Files/VGGHLS-TX/src_files/tb_gap.cpp' to the project
INFO: [HLS 200-1465] Applying config ini 'tb.file=../src_files/tb_loadbin.cpp' from C:/Programming_Files/VGGHLS-TX/Tl_base/hls_config.cfg(14)
INFO: [HLS 200-10] Adding test bench file 'C:/Programming_Files/VGGHLS-TX/src_files/tb_loadbin.cpp' to the project
INFO: [HLS 200-1465] Applying config ini 'tb.file=../src_files/tb_maxPool.cpp' from C:/Programming_Files/VGGHLS-TX/Tl_base/hls_config.cfg(15)
INFO: [HLS 200-10] Adding test bench file 'C:/Programming_Files/VGGHLS-TX/src_files/tb_maxPool.cpp' to the project
INFO: [HLS 200-1465] Applying config ini 'tb.file=../src_files/tb_Mem2Buf.cpp' from C:/Programming_Files/VGGHLS-TX/Tl_base/hls_config.cfg(16)
INFO: [HLS 200-10] Adding test bench file 'C:/Programming_Files/VGGHLS-TX/src_files/tb_Mem2Buf.cpp' to the project
INFO: [HLS 200-1465] Applying config ini 'tb.file=../src_files/tb_parameters.cpp' from C:/Programming_Files/VGGHLS-TX/Tl_base/hls_config.cfg(17)
INFO: [HLS 200-10] Adding test bench file 'C:/Programming_Files/VGGHLS-TX/src_files/tb_parameters.cpp' to the project
INFO: [HLS 200-1465] Applying config ini 'tb.file=../src_files/tb_Top.cpp' from C:/Programming_Files/VGGHLS-TX/Tl_base/hls_config.cfg(18)
INFO: [HLS 200-10] Adding test bench file 'C:/Programming_Files/VGGHLS-TX/src_files/tb_Top.cpp' to the project
INFO: [HLS 200-1465] Applying config ini 'syn.top=ConvLayer' from C:/Programming_Files/VGGHLS-TX/Tl_base/hls_config.cfg(19)
INFO: [HLS 200-1465] Applying config ini 'flow_target=vivado' from C:/Programming_Files/VGGHLS-TX/Tl_base/hls_config.cfg(4)
INFO: [HLS 200-1505] Using flow_target 'vivado'
Resolution: For help on HLS 200-1505 see docs.xilinx.com/access/sources/dita/topic?Doc_Version=2025.1%20English&url=ug1448-hls-guidance&resourceid=200-1505.html
INFO: [HLS 200-1465] Applying config ini 'part=xcvu3p-ffvc1517-3-e' from C:/Programming_Files/VGGHLS-TX/Tl_base/hls_config.cfg(1)
INFO: [HLS 200-1611] Setting target device to 'xcvu3p-ffvc1517-3-e'
INFO: [HLS 200-1465] Applying config ini 'package.output.format=ip_catalog' from C:/Programming_Files/VGGHLS-TX/Tl_base/hls_config.cfg(5)
INFO: [HLS 200-2176] Writing Vitis IDE component file C:/Programming_Files/VGGHLS-TX/Tl_base/Tl_base/vitis-comp.json
INFO: [HLS 200-111] Finished File checks and directory preparation: CPU user time: 1 seconds. CPU system time: 2 seconds. Elapsed time: 9.212 seconds; current allocated memory: 137.504 MB.
INFO: [HLS 200-10] Analyzing design file '../src_files/Main_Code.cpp' ... 
WARNING: [HLS 207-5292] unused parameter 'loop_limit' (../src_files/Main_Code.cpp:1220:7)
WARNING: [HLS 207-5292] unused parameter 'OfMap' (../src_files/Main_Code.cpp:1337:14)
INFO: [HLS 200-111] Finished Source Code Analysis and Preprocessing: CPU user time: 1 seconds. CPU system time: 0 seconds. Elapsed time: 11.335 seconds; current allocated memory: 142.082 MB.
INFO: [HLS 200-777] Using interface defaults for 'Vivado' flow target.
INFO: [HLS 200-1995] There were 6,443 instructions in the design after the 'Compile/Link' phase of compilation. See the Design Size Report for more details (C:/Programming_Files/VGGHLS-TX/Tl_base/Tl_base/hls/syn/report/csynth_design_size.rpt:2)
INFO: [HLS 200-1995] There were 17,815 instructions in the design after the 'Unroll/Inline (step 1)' phase of compilation. See the Design Size Report for more details (C:/Programming_Files/VGGHLS-TX/Tl_base/Tl_base/hls/syn/report/csynth_design_size.rpt:2)
INFO: [HLS 200-1995] There were 12,421 instructions in the design after the 'Unroll/Inline (step 2)' phase of compilation. See the Design Size Report for more details (C:/Programming_Files/VGGHLS-TX/Tl_base/Tl_base/hls/syn/report/csynth_design_size.rpt:2)
INFO: [HLS 200-1995] There were 12,334 instructions in the design after the 'Unroll/Inline (step 3)' phase of compilation. See the Design Size Report for more details (C:/Programming_Files/VGGHLS-TX/Tl_base/Tl_base/hls/syn/report/csynth_design_size.rpt:2)
INFO: [HLS 200-1995] There were 12,184 instructions in the design after the 'Unroll/Inline (step 4)' phase of compilation. See the Design Size Report for more details (C:/Programming_Files/VGGHLS-TX/Tl_base/Tl_base/hls/syn/report/csynth_design_size.rpt:2)
INFO: [HLS 200-1995] There were 40,483 instructions in the design after the 'Array/Struct' phase of compilation. See the Design Size Report for more details (C:/Programming_Files/VGGHLS-TX/Tl_base/Tl_base/hls/syn/report/csynth_design_size.rpt:2)
INFO: [HLS 200-1995] There were 17,793 instructions in the design after the 'Array/Struct (step 2)' phase of compilation. See the Design Size Report for more details (C:/Programming_Files/VGGHLS-TX/Tl_base/Tl_base/hls/syn/report/csynth_design_size.rpt:2)
INFO: [HLS 200-1995] There were 17,793 instructions in the design after the 'Array/Struct (step 3)' phase of compilation. See the Design Size Report for more details (C:/Programming_Files/VGGHLS-TX/Tl_base/Tl_base/hls/syn/report/csynth_design_size.rpt:2)
INFO: [HLS 200-1995] There were 17,793 instructions in the design after the 'Array/Struct (step 4)' phase of compilation. See the Design Size Report for more details (C:/Programming_Files/VGGHLS-TX/Tl_base/Tl_base/hls/syn/report/csynth_design_size.rpt:2)
INFO: [HLS 200-1995] There were 18,852 instructions in the design after the 'Array/Struct (step 5)' phase of compilation. See the Design Size Report for more details (C:/Programming_Files/VGGHLS-TX/Tl_base/Tl_base/hls/syn/report/csynth_design_size.rpt:2)
INFO: [HLS 200-1995] There were 18,734 instructions in the design after the 'Performance' phase of compilation. See the Design Size Report for more details (C:/Programming_Files/VGGHLS-TX/Tl_base/Tl_base/hls/syn/report/csynth_design_size.rpt:2)
INFO: [HLS 200-1995] There were 17,887 instructions in the design after the 'Performance (step 2)' phase of compilation. See the Design Size Report for more details (C:/Programming_Files/VGGHLS-TX/Tl_base/Tl_base/hls/syn/report/csynth_design_size.rpt:2)
INFO: [HLS 200-1995] There were 17,825 instructions in the design after the 'Performance (step 3)' phase of compilation. See the Design Size Report for more details (C:/Programming_Files/VGGHLS-TX/Tl_base/Tl_base/hls/syn/report/csynth_design_size.rpt:2)
INFO: [HLS 200-1995] There were 17,804 instructions in the design after the 'Performance (step 4)' phase of compilation. See the Design Size Report for more details (C:/Programming_Files/VGGHLS-TX/Tl_base/Tl_base/hls/syn/report/csynth_design_size.rpt:2)
INFO: [HLS 200-1995] There were 17,887 instructions in the design after the 'HW Transforms (step 1)' phase of compilation. See the Design Size Report for more details (C:/Programming_Files/VGGHLS-TX/Tl_base/Tl_base/hls/syn/report/csynth_design_size.rpt:2)
INFO: [HLS 200-1995] There were 17,224 instructions in the design after the 'HW Transforms (step 2)' phase of compilation. See the Design Size Report for more details (C:/Programming_Files/VGGHLS-TX/Tl_base/Tl_base/hls/syn/report/csynth_design_size.rpt:2)
INFO: [HLS 214-131] Inlining function 'InBuf2Pe(int, int, int, int, int, int, ap_int<32> (*) [12800][7], ap_int<32> (*) [7], hls::stream<ap_int<32>, 4> (*) [7])' into 'InBuf2Pe_wrapper(int, int, int, int, int, int, ap_int<32> (*) [12800][7], ap_int<32> (*) [7])' (../src_files/Main_Code.cpp:211:2)
INFO: [HLS 214-131] Inlining function 'Pe(ap_int<32> (*) [7], ap_int<32>*, ap_int<32> (*) [7][7])' into 'wndClc_Dfl(int, int, int, int, int, int, ap_int<32> (*) [12800][7], ap_int<32> (*) [8], ap_int<32> (*) [7][7])' (../src_files/Main_Code.cpp:494:3)
INFO: [HLS 214-131] Inlining function 'WtBuf2Pe(ap_int<32> (*) [8], int, ap_int<32>*)' into 'wndClc_Dfl(int, int, int, int, int, int, ap_int<32> (*) [12800][7], ap_int<32> (*) [8], ap_int<32> (*) [7][7])' (../src_files/Main_Code.cpp:493:3)
INFO: [HLS 214-131] Inlining function 'InBuf2Pe_wrapper(int, int, int, int, int, int, ap_int<32> (*) [12800][7], ap_int<32> (*) [7])' into 'wndClc_Dfl(int, int, int, int, int, int, ap_int<32> (*) [12800][7], ap_int<32> (*) [8], ap_int<32> (*) [7][7])' (../src_files/Main_Code.cpp:485:3)
INFO: [HLS 214-131] Inlining function 'WtBuf2Pe_ctrl(int, int*)' into 'wndClc_Dfl(int, int, int, int, int, int, ap_int<32> (*) [12800][7], ap_int<32> (*) [8], ap_int<32> (*) [7][7])' (../src_files/Main_Code.cpp:484:3)
INFO: [HLS 214-131] Inlining function 'InBuf2Pe_ctrl(int, int, int, int*, int*, int*, int*, int*, int*)' into 'wndClc_Dfl(int, int, int, int, int, int, ap_int<32> (*) [12800][7], ap_int<32> (*) [8], ap_int<32> (*) [7][7])' (../src_files/Main_Code.cpp:477:2)
INFO: [HLS 214-131] Inlining function 'ReLu(ap_int<32>, ap_int<32>*)' into 'bias_ReLu(int, int, ap_int<32>*, ap_int<32> (*) [7], ap_int<32> (*) [7])' (../src_files/Main_Code.cpp:44:4)
INFO: [HLS 214-131] Inlining function 'wndClc_ctrl(int, int, int, int, int*)' into 'tileClc_Dfl(int, int, int, int, int, int, int, int, int, int, int, int, int, int, ap_int<32> (*) [12800][7], ap_int<32> (*) [8], ap_int<32>*, ap_int<32> (*) [28672][7])' (../src_files/Main_Code.cpp:819:3)
INFO: [HLS 214-131] Inlining function 'Pe2Buf(int, int, int, int, int, int, int, int, ap_int<32> (*) [7][7], ap_int<32>*, ap_int<32> (*) [28672][7])' into 'tileClc_Dfl(int, int, int, int, int, int, int, int, int, int, int, int, int, int, ap_int<32> (*) [12800][7], ap_int<32> (*) [8], ap_int<32>*, ap_int<32> (*) [28672][7])' (../src_files/Main_Code.cpp:823:3)
INFO: [HLS 214-131] Inlining function 'wndClc_Dfl(int, int, int, int, int, int, ap_int<32> (*) [12800][7], ap_int<32> (*) [8], ap_int<32> (*) [7][7])' into 'tileClc_Dfl(int, int, int, int, int, int, int, int, int, int, int, int, int, int, ap_int<32> (*) [12800][7], ap_int<32> (*) [8], ap_int<32>*, ap_int<32> (*) [28672][7])' (../src_files/Main_Code.cpp:820:3)
INFO: [HLS 214-131] Inlining function 'tileClc_Dfl(int, int, int, int, int, int, int, int, int, int, int, int, int, int, ap_int<32> (*) [12800][7], ap_int<32> (*) [8], ap_int<32>*, ap_int<32> (*) [28672][7])' into 'tileClc(int, ap_int<32> (*) [12800][7], ap_int<32> (*) [8], ap_int<32>*, ap_int<32> (*) [28672][7])' (../src_files/Main_Code.cpp:759:3)
INFO: [HLS 214-291] Loop 'loop_InBuf2Pe_rdPx_Poy_2' is marked as complete unroll implied by the pipeline pragma (../src_files/Main_Code.cpp:253:29)
INFO: [HLS 214-291] Loop 'loop_InBuf2Pe_rdPx_Poy' is marked as complete unroll implied by the pipeline pragma (../src_files/Main_Code.cpp:244:27)
INFO: [HLS 214-291] Loop 'loop_InBuf2Pe_rdPx_Pox' is marked as complete unroll implied by the pipeline pragma (../src_files/Main_Code.cpp:246:26)
INFO: [HLS 214-291] Loop 'loop_InBuf2Pe_wrReg_Poy_3' is marked as complete unroll implied by the pipeline pragma (../src_files/Main_Code.cpp:283:30)
INFO: [HLS 214-291] Loop 'loop_InBuf2Pe_wrReg_Pox_3' is marked as complete unroll implied by the pipeline pragma (../src_files/Main_Code.cpp:285:29)
INFO: [HLS 214-291] Loop 'loop_InBuf2Pe_wrReg_Poy_2' is marked as complete unroll implied by the pipeline pragma (../src_files/Main_Code.cpp:272:31)
INFO: [HLS 214-291] Loop 'loop_InBuf2Pe_wrReg_Pox_2' is marked as complete unroll implied by the pipeline pragma (../src_files/Main_Code.cpp:274:29)
INFO: [HLS 214-291] Loop 'loop_InBuf2Pe_wrReg_Poy' is marked as complete unroll implied by the pipeline pragma (../src_files/Main_Code.cpp:263:29)
INFO: [HLS 214-291] Loop 'loop_InBuf2Pe_wrReg_Pox' is marked as complete unroll implied by the pipeline pragma (../src_files/Main_Code.cpp:265:27)
INFO: [HLS 214-291] Loop 'loop_InBuf2Pe_wrReg_Pox_5' is marked as complete unroll implied by the pipeline pragma (../src_files/Main_Code.cpp:300:30)
INFO: [HLS 214-291] Loop 'loop_InBuf2Pe_wrReg_Pox_4' is marked as complete unroll implied by the pipeline pragma (../src_files/Main_Code.cpp:294:30)
INFO: [HLS 214-291] Loop 'loop_InBuf2Pe_out_Poy' is marked as complete unroll implied by the pipeline pragma (../src_files/Main_Code.cpp:308:25)
INFO: [HLS 214-291] Loop 'loop_InBuf2Pe_out_Pox' is marked as complete unroll implied by the pipeline pragma (../src_files/Main_Code.cpp:310:25)
INFO: [HLS 214-291] Loop 'loop_InBuf2Pe_wrFIFO_Poy' is marked as complete unroll implied by the pipeline pragma (../src_files/Main_Code.cpp:328:28)
INFO: [HLS 214-291] Loop 'loop_InBuf2Pe_wrFIFO_Pox' is marked as complete unroll implied by the pipeline pragma (../src_files/Main_Code.cpp:330:28)
INFO: [HLS 214-291] Loop 'loop_WtBuf2Pe' is marked as complete unroll implied by the pipeline pragma (../src_files/Main_Code.cpp:367:17)
INFO: [HLS 214-291] Loop 'loop_Pe_Pof_MAC' is marked as complete unroll implied by the pipeline pragma (../src_files/Main_Code.cpp:92:19)
INFO: [HLS 214-291] Loop 'loop_Pe_Poy_MAC' is marked as complete unroll implied by the pipeline pragma (../src_files/Main_Code.cpp:94:19)
INFO: [HLS 214-291] Loop 'loop_Pe_Pox_MAC' is marked as complete unroll implied by the pipeline pragma (../src_files/Main_Code.cpp:96:19)
INFO: [HLS 214-291] Loop 'loop_Pe2Buf_OutBufNum_Load' is marked as complete unroll implied by the pipeline pragma (../src_files/Main_Code.cpp:654:30)
INFO: [HLS 214-291] Loop 'loop_Pe2Buf_Pox_Load' is marked as complete unroll implied by the pipeline pragma (../src_files/Main_Code.cpp:656:24)
INFO: [HLS 214-291] Loop 'loop_Pe2Buf_OutBufNum_Store' is marked as complete unroll implied by the pipeline pragma (../src_files/Main_Code.cpp:668:33)
INFO: [HLS 214-291] Loop 'loop_Pe2Buf_Pox_Store' is marked as complete unroll implied by the pipeline pragma (../src_files/Main_Code.cpp:670:25)
INFO: [HLS 214-291] Loop 'VITIS_LOOP_35_1' is marked as complete unroll implied by the pipeline pragma (../src_files/Main_Code.cpp:35:19)
INFO: [HLS 214-291] Loop 'VITIS_LOOP_37_2' is marked as complete unroll implied by the pipeline pragma (../src_files/Main_Code.cpp:37:19)
INFO: [HLS 214-186] Unrolling loop 'loop_init_Pof_MAC' (../src_files/Main_Code.cpp:438:21) in function 'tileClc' completely with a factor of 8 (../src_files/Main_Code.cpp:716:0)
INFO: [HLS 214-186] Unrolling loop 'loop_init_Poy_MAC' (../src_files/Main_Code.cpp:440:21) in function 'tileClc' completely with a factor of 7 (../src_files/Main_Code.cpp:716:0)
INFO: [HLS 214-186] Unrolling loop 'loop_init_Pox_MAC' (../src_files/Main_Code.cpp:442:21) in function 'tileClc' completely with a factor of 7 (../src_files/Main_Code.cpp:716:0)
INFO: [HLS 214-186] Unrolling loop 'loop_InBuf2Pe_rdPx_Poy_2' (../src_files/Main_Code.cpp:253:29) in function 'tileClc' completely with a factor of 7 (../src_files/Main_Code.cpp:716:0)
INFO: [HLS 214-186] Unrolling loop 'loop_InBuf2Pe_rdPx_Poy' (../src_files/Main_Code.cpp:244:27) in function 'tileClc' completely with a factor of 7 (../src_files/Main_Code.cpp:716:0)
INFO: [HLS 214-186] Unrolling loop 'loop_InBuf2Pe_rdPx_Pox' (../src_files/Main_Code.cpp:246:26) in function 'tileClc' completely with a factor of 7 (../src_files/Main_Code.cpp:716:0)
INFO: [HLS 214-186] Unrolling loop 'loop_InBuf2Pe_wrReg_Poy_3' (../src_files/Main_Code.cpp:283:30) in function 'tileClc' completely with a factor of 6 (../src_files/Main_Code.cpp:716:0)
INFO: [HLS 214-186] Unrolling loop 'loop_InBuf2Pe_wrReg_Pox_3' (../src_files/Main_Code.cpp:285:29) in function 'tileClc' completely with a factor of 7 (../src_files/Main_Code.cpp:716:0)
INFO: [HLS 214-186] Unrolling loop 'loop_InBuf2Pe_wrReg_Poy_2' (../src_files/Main_Code.cpp:272:31) in function 'tileClc' completely with a factor of 6 (../src_files/Main_Code.cpp:716:0)
INFO: [HLS 214-186] Unrolling loop 'loop_InBuf2Pe_wrReg_Pox_2' (../src_files/Main_Code.cpp:274:29) in function 'tileClc' completely with a factor of 6 (../src_files/Main_Code.cpp:716:0)
INFO: [HLS 214-186] Unrolling loop 'loop_InBuf2Pe_wrReg_Poy' (../src_files/Main_Code.cpp:263:29) in function 'tileClc' completely with a factor of 6 (../src_files/Main_Code.cpp:716:0)
INFO: [HLS 214-186] Unrolling loop 'loop_InBuf2Pe_wrReg_Pox' (../src_files/Main_Code.cpp:265:27) in function 'tileClc' completely with a factor of 7 (../src_files/Main_Code.cpp:716:0)
INFO: [HLS 214-186] Unrolling loop 'loop_InBuf2Pe_wrReg_Pox_5' (../src_files/Main_Code.cpp:300:30) in function 'tileClc' completely with a factor of 6 (../src_files/Main_Code.cpp:716:0)
INFO: [HLS 214-186] Unrolling loop 'loop_InBuf2Pe_wrReg_Pox_4' (../src_files/Main_Code.cpp:294:30) in function 'tileClc' completely with a factor of 7 (../src_files/Main_Code.cpp:716:0)
INFO: [HLS 214-186] Unrolling loop 'loop_InBuf2Pe_out_Poy' (../src_files/Main_Code.cpp:308:25) in function 'tileClc' completely with a factor of 7 (../src_files/Main_Code.cpp:716:0)
INFO: [HLS 214-186] Unrolling loop 'loop_InBuf2Pe_out_Pox' (../src_files/Main_Code.cpp:310:25) in function 'tileClc' completely with a factor of 7 (../src_files/Main_Code.cpp:716:0)
INFO: [HLS 214-186] Unrolling loop 'loop_InBuf2Pe_wrFIFO_Poy' (../src_files/Main_Code.cpp:328:28) in function 'tileClc' completely with a factor of 6 (../src_files/Main_Code.cpp:716:0)
INFO: [HLS 214-186] Unrolling loop 'loop_InBuf2Pe_wrFIFO_Pox' (../src_files/Main_Code.cpp:330:28) in function 'tileClc' completely with a factor of 7 (../src_files/Main_Code.cpp:716:0)
INFO: [HLS 214-186] Unrolling loop 'loop_WtBuf2Pe' (../src_files/Main_Code.cpp:367:17) in function 'tileClc' completely with a factor of 8 (../src_files/Main_Code.cpp:716:0)
INFO: [HLS 214-186] Unrolling loop 'loop_Pe_Pof_MAC' (../src_files/Main_Code.cpp:92:19) in function 'tileClc' completely with a factor of 8 (../src_files/Main_Code.cpp:716:0)
INFO: [HLS 214-186] Unrolling loop 'loop_Pe_Poy_MAC' (../src_files/Main_Code.cpp:94:19) in function 'tileClc' completely with a factor of 7 (../src_files/Main_Code.cpp:716:0)
INFO: [HLS 214-186] Unrolling loop 'loop_Pe_Pox_MAC' (../src_files/Main_Code.cpp:96:19) in function 'tileClc' completely with a factor of 7 (../src_files/Main_Code.cpp:716:0)
INFO: [HLS 214-186] Unrolling loop 'loop_read_Pof_MAC' (../src_files/Main_Code.cpp:496:21) in function 'tileClc' completely with a factor of 8 (../src_files/Main_Code.cpp:716:0)
INFO: [HLS 214-186] Unrolling loop 'loop_read_Poy_MAC' (../src_files/Main_Code.cpp:498:21) in function 'tileClc' completely with a factor of 7 (../src_files/Main_Code.cpp:716:0)
INFO: [HLS 214-186] Unrolling loop 'loop_read_Pox_MAC' (../src_files/Main_Code.cpp:500:21) in function 'tileClc' completely with a factor of 7 (../src_files/Main_Code.cpp:716:0)
INFO: [HLS 214-186] Unrolling loop 'loop_Pe2Buf_OutBufNum_Load' (../src_files/Main_Code.cpp:654:30) in function 'tileClc' completely with a factor of 2 (../src_files/Main_Code.cpp:716:0)
INFO: [HLS 214-186] Unrolling loop 'loop_Pe2Buf_Pox_Load' (../src_files/Main_Code.cpp:656:24) in function 'tileClc' completely with a factor of 7 (../src_files/Main_Code.cpp:716:0)
INFO: [HLS 214-186] Unrolling loop 'loop_Pe2Buf_OutBufNum_Store' (../src_files/Main_Code.cpp:668:33) in function 'tileClc' completely with a factor of 2 (../src_files/Main_Code.cpp:716:0)
INFO: [HLS 214-186] Unrolling loop 'loop_Pe2Buf_Pox_Store' (../src_files/Main_Code.cpp:670:25) in function 'tileClc' completely with a factor of 7 (../src_files/Main_Code.cpp:716:0)
INFO: [HLS 214-186] Unrolling loop 'VITIS_LOOP_35_1' (../src_files/Main_Code.cpp:35:19) in function 'bias_ReLu' completely with a factor of 2 (../src_files/Main_Code.cpp:25:0)
INFO: [HLS 214-186] Unrolling loop 'VITIS_LOOP_37_2' (../src_files/Main_Code.cpp:37:19) in function 'bias_ReLu' completely with a factor of 7 (../src_files/Main_Code.cpp:25:0)
INFO: [HLS 214-186] Unrolling loop 'EastPad_Poy' (../src_files/Main_Code.cpp:998:17) in function 'loadIfMap' completely with a factor of 7 (../src_files/Main_Code.cpp:893:0)
INFO: [HLS 214-186] Unrolling loop 'WestPad_Poy' (../src_files/Main_Code.cpp:990:17) in function 'loadIfMap' completely with a factor of 7 (../src_files/Main_Code.cpp:893:0)
INFO: [HLS 214-186] Unrolling loop 'NorthPad_Pox' (../src_files/Main_Code.cpp:970:20) in function 'loadIfMap' completely with a factor of 7 (../src_files/Main_Code.cpp:893:0)
INFO: [HLS 214-248] Applying array_partition to '_ZZ8InBuf2PeiiiiiiPA12800_A7_6ap_intILi32EEPS1_PA7_N3hls6streamIS0_Li4EEEE12Internal_Reg': Complete partitioning on dimension 1. Complete partitioning on dimension 2. (../src_files/Main_Code.cpp:234:0)
INFO: [HLS 214-248] Applying array_partition to '_ZZ16InBuf2Pe_wrapperiiiiiiPA12800_A7_6ap_intILi32EEPS1_E8FIFO_arr': Complete partitioning on dimension 1. Complete partitioning on dimension 2. (../src_files/Main_Code.cpp:207:0)
INFO: [HLS 214-248] Applying array_partition to '_ZZ9ConvLayerP6ap_intILi32EES1_S1_E6OutBuf': Complete partitioning on dimension 1. Complete partitioning on dimension 3. (../src_files/Main_Code.cpp:1267:0)
INFO: [HLS 214-248] Applying array_partition to '_ZZ9ConvLayerP6ap_intILi32EES1_S1_E5WtBuf': Complete partitioning on dimension 2. (../src_files/Main_Code.cpp:1265:0)
INFO: [HLS 214-248] Applying array_partition to '_ZZ9ConvLayerP6ap_intILi32EES1_S1_E5InBuf': Complete partitioning on dimension 1. Complete partitioning on dimension 3. (../src_files/Main_Code.cpp:1262:0)
INFO: [HLS 214-248] Applying array_partition to 'Buff_read.i.i.i.i': Complete partitioning on dimension 1. Complete partitioning on dimension 2. (../src_files/Main_Code.cpp:239:12)
INFO: [HLS 214-248] Applying array_partition to 'rslt_stream.i.i': Complete partitioning on dimension 1. Complete partitioning on dimension 2. Complete partitioning on dimension 3. (../src_files/Main_Code.cpp:433:13)
INFO: [HLS 214-248] Applying array_partition to 'pxSerial.i.i': Complete partitioning on dimension 1. Complete partitioning on dimension 2. (../src_files/Main_Code.cpp:581:12)
INFO: [HLS 214-248] Applying array_partition to 'ReLuOut.i.i': Complete partitioning on dimension 1. Complete partitioning on dimension 2. (../src_files/Main_Code.cpp:584:12)
INFO: [HLS 214-248] Applying array_partition to 'px_toBuf.i': Complete partitioning on dimension 1. Complete partitioning on dimension 2. Complete partitioning on dimension 3. (../src_files/Main_Code.cpp:813:13)
INFO: [HLS 214-248] Applying array_partition to 'BiasBuf': Complete partitioning on dimension 1. (../src_files/Main_Code.cpp:1270:11)
INFO: [HLS 214-376] automatically set the pipeline for Loop< Loop_Tox> at ../src_files/Main_Code.cpp:1111:15 
INFO: [HLS 214-376] automatically set the pipeline for Loop< BiasLoop_Tof> at ../src_files/Main_Code.cpp:870:17 
INFO: [HLS 214-376] automatically set the pipeline for Loop< WtLoop_Nkx> at ../src_files/Main_Code.cpp:1037:14 
INFO: [HLS 214-376] automatically set the pipeline for Loop< If_Nix> at ../src_files/Main_Code.cpp:942:13 
INFO: [HLS 214-376] automatically set the pipeline for Loop< NorthPad_wrd> at ../src_files/Main_Code.cpp:968:19 
INFO: [HLS 214-376] automatically set the pipeline for Loop< SouthPad_Pox> at ../src_files/Main_Code.cpp:981:20 
INFO: [HLS 214-376] automatically set the pipeline for Loop< WestPad_Line> at ../src_files/Main_Code.cpp:988:17 
INFO: [HLS 214-376] automatically set the pipeline for Loop< EastPad_Line> at ../src_files/Main_Code.cpp:996:17 
INFO: [HLS 214-115] Multiple burst reads of variable length and bit width 32 has been inferred on bundle 'gmem'. These burst requests might be further partitioned into multiple requests during RTL generation, based on max_read_burst_length or max_write_burst_length settings. (../src_files/Main_Code.cpp:939:12)
INFO: [HLS 214-115] Multiple burst reads of variable length and bit width 32 has been inferred on bundle 'gmem'. These burst requests might be further partitioned into multiple requests during RTL generation, based on max_read_burst_length or max_write_burst_length settings. (../src_files/Main_Code.cpp:1031:15)
INFO: [HLS 214-115] Multiple burst writes of variable length and bit width 32 has been inferred on bundle 'gmem'. These burst requests might be further partitioned into multiple requests during RTL generation, based on max_read_burst_length or max_write_burst_length settings. (../src_files/Main_Code.cpp:1108:14)
INFO: [HLS 200-111] Finished Compiling Optimization and Transform: CPU user time: 4 seconds. CPU system time: 1 seconds. Elapsed time: 63.513 seconds; current allocated memory: 148.852 MB.
INFO: [HLS 200-111] Finished Checking Pragmas: CPU user time: 0 seconds. CPU system time: 0 seconds. Elapsed time: 0.013 seconds; current allocated memory: 148.852 MB.
INFO: [HLS 200-10] Starting code transformations ...
INFO: [HLS 200-111] Finished Standard Transforms: CPU user time: 2 seconds. CPU system time: 0 seconds. Elapsed time: 2.519 seconds; current allocated memory: 164.551 MB.
INFO: [HLS 200-10] Checking synthesizability ...
INFO: [HLS 200-111] Finished Checking Synthesizability: CPU user time: 3 seconds. CPU system time: 0 seconds. Elapsed time: 2.837 seconds; current allocated memory: 174.566 MB.
WARNING: [XFORM 203-561] Updating loop lower bound from 1 to 2 for loop 'VITIS_LOOP_1293_1' (../src_files/Main_Code.cpp:1294:9) in function 'ConvLayer'.
INFO: [XFORM 203-401] Performing if-conversion on hyperblock from (../src_files/Main_Code.cpp:464:9) to (../src_files/Main_Code.cpp:173:6) in function 'tileClc'... converting 8 basic blocks.
INFO: [XFORM 203-401] Performing if-conversion on hyperblock from (../src_files/Main_Code.cpp:217:18) to (../src_files/Main_Code.cpp:261:5) in function 'tileClc'... converting 3 basic blocks.
INFO: [XFORM 203-401] Performing if-conversion on hyperblock from (../src_files/Main_Code.cpp:433:13) to (../src_files/Main_Code.cpp:650:27) in function 'tileClc'... converting 7 basic blocks.
INFO: [XFORM 203-401] Performing if-conversion on hyperblock from (../src_files/Main_Code.cpp:1179:6) to (../src_files/Main_Code.cpp:1202:7) in function 'mem2Buf'... converting 3 basic blocks.
INFO: [XFORM 203-401] Performing if-conversion on hyperblock from (../src_files/Main_Code.cpp:850:6) to (../src_files/Main_Code.cpp:868:2) in function 'loadBiasTile'... converting 3 basic blocks.
INFO: [XFORM 203-11] Balancing expressions in function 'loadWtMap' (../src_files/Main_Code.cpp:1019:53)...3 expression(s) balanced.
INFO: [HLS 200-111] Finished Loop, function and other optimizations: CPU user time: 10 seconds. CPU system time: 0 seconds. Elapsed time: 10.954 seconds; current allocated memory: 205.219 MB.
INFO: [HLS 200-2061] Successfully converted nested loops 'loop_Pe2Buf_PofBankStep'(../src_files/Main_Code.cpp:650:27) and 'loop_Pe2Buf_Poy'(../src_files/Main_Code.cpp:651:20) in function 'tileClc' into perfectly nested loops.
INFO: [HLS 200-2061] Successfully converted nested loops 'Loop_Toy'(../src_files/Main_Code.cpp:1108:14) and 'Loop_Tox'(../src_files/Main_Code.cpp:1111:15) in function 'storeMap' into perfectly nested loops.
INFO: [HLS 200-2061] Successfully converted nested loops 'Loop_Tof'(../src_files/Main_Code.cpp:1105:13) and 'Loop_Toy'(../src_files/Main_Code.cpp:1108:14) in function 'storeMap' into perfectly nested loops.
INFO: [HLS 200-2061] Successfully converted nested loops 'WtLoop_Nky'(../src_files/Main_Code.cpp:1035:14) and 'WtLoop_Nkx'(../src_files/Main_Code.cpp:1037:14) in function 'loadWtMap' into perfectly nested loops.
INFO: [HLS 200-2061] Successfully converted nested loops 'WtLoop_Nif'(../src_files/Main_Code.cpp:1033:14) and 'WtLoop_Nky'(../src_files/Main_Code.cpp:1035:14) in function 'loadWtMap' into perfectly nested loops.
INFO: [HLS 200-2061] Successfully converted nested loops 'WtLoop_Tof'(../src_files/Main_Code.cpp:1031:15) and 'WtLoop_Nif'(../src_files/Main_Code.cpp:1033:14) in function 'loadWtMap' into perfectly nested loops.
INFO: [HLS 200-2061] Successfully converted nested loops 'If_Niy'(../src_files/Main_Code.cpp:939:12) and 'If_Nix'(../src_files/Main_Code.cpp:942:13) in function 'loadIfMap' into perfectly nested loops.
INFO: [HLS 200-2061] Successfully converted nested loops 'If_Nif'(../src_files/Main_Code.cpp:936:11) and 'If_Niy'(../src_files/Main_Code.cpp:939:12) in function 'loadIfMap' into perfectly nested loops.
INFO: [HLS 200-2061] Successfully converted nested loops 'NorthPad_Nif'(../src_files/Main_Code.cpp:967:18) and 'NorthPad_wrd'(../src_files/Main_Code.cpp:968:19) in function 'loadIfMap' into perfectly nested loops.
INFO: [HLS 200-2061] Successfully converted nested loops 'SouthPad_wrd'(../src_files/Main_Code.cpp:980:19) and 'SouthPad_Pox'(../src_files/Main_Code.cpp:981:20) in function 'loadIfMap' into perfectly nested loops.
INFO: [HLS 200-2061] Successfully converted nested loops 'SouthPad_Nif'(../src_files/Main_Code.cpp:979:18) and 'SouthPad_wrd'(../src_files/Main_Code.cpp:980:19) in function 'loadIfMap' into perfectly nested loops.
INFO: [XFORM 203-541] Flattening a loop nest 'loop_Pe2Buf_PofBankStep' (../src_files/Main_Code.cpp:650:27) in function 'tileClc'.
INFO: [XFORM 203-541] Flattening a loop nest 'Loop_Toy' (../src_files/Main_Code.cpp:1108:14) in function 'storeMap'.
INFO: [XFORM 203-541] Flattening a loop nest 'Loop_Tof' (../src_files/Main_Code.cpp:1105:13) in function 'storeMap'.
INFO: [XFORM 203-541] Flattening a loop nest 'WtLoop_Nky' (../src_files/Main_Code.cpp:1035:14) in function 'loadWtMap'.
INFO: [XFORM 203-541] Flattening a loop nest 'WtLoop_Nif' (../src_files/Main_Code.cpp:1033:14) in function 'loadWtMap'.
INFO: [XFORM 203-541] Flattening a loop nest 'WtLoop_Tof' (../src_files/Main_Code.cpp:1031:15) in function 'loadWtMap'.
INFO: [XFORM 203-541] Flattening a loop nest 'If_Niy' (../src_files/Main_Code.cpp:939:12) in function 'loadIfMap'.
INFO: [XFORM 203-541] Flattening a loop nest 'If_Nif' (../src_files/Main_Code.cpp:936:11) in function 'loadIfMap'.
INFO: [XFORM 203-541] Flattening a loop nest 'NorthPad_Nif' (../src_files/Main_Code.cpp:967:18) in function 'loadIfMap'.
INFO: [XFORM 203-541] Flattening a loop nest 'SouthPad_wrd' (../src_files/Main_Code.cpp:980:19) in function 'loadIfMap'.
INFO: [XFORM 203-541] Flattening a loop nest 'SouthPad_Nif' (../src_files/Main_Code.cpp:979:18) in function 'loadIfMap'.
INFO: [HLS 200-111] Finished Architecture Synthesis: CPU user time: 10 seconds. CPU system time: 0 seconds. Elapsed time: 11.055 seconds; current allocated memory: 423.773 MB.
INFO: [HLS 200-10] Starting hardware synthesis ...
INFO: [HLS 200-10] Synthesizing 'ConvLayer' ...
INFO: [SYN 201-201] Setting up clock 'default' with a period of 10ns.
WARNING: [SYN 201-107] Renaming port name 'ConvLayer/NofFirst' to 'ConvLayer/NofFirst_r' to avoid the conflict with HDL keywords or other object names.
INFO: [HLS 200-10] ----------------------------------------------------------------
INFO: [HLS 200-42] -- Implementing module 'loadWtMap_Pipeline_WtLoop_Tof_WtLoop_Nif_WtLoop_Nky_WtLoop_Nkx' 
INFO: [HLS 200-10] ----------------------------------------------------------------
INFO: [SCHED 204-11] Starting scheduling ...
INFO: [SCHED 204-61] Pipelining loop 'WtLoop_Tof_WtLoop_Nif_WtLoop_Nky_WtLoop_Nkx'.
INFO: [HLS 200-1470] Pipelining result : Target II = NA, Final II = 1, Depth = 4, loop 'WtLoop_Tof_WtLoop_Nif_WtLoop_Nky_WtLoop_Nkx'
INFO: [SCHED 204-11] Finished scheduling.
INFO: [HLS 200-111] Finished Scheduling: CPU user time: 9 seconds. CPU system time: 1 seconds. Elapsed time: 9.953 seconds; current allocated memory: 432.336 MB.
INFO: [BIND 205-100] Starting micro-architecture generation ...
INFO: [BIND 205-101] Performing variable lifetime analysis.
INFO: [BIND 205-101] Exploring resource sharing.
INFO: [BIND 205-101] Binding ...
INFO: [BIND 205-100] Finished micro-architecture generation.
INFO: [HLS 200-111] Finished Binding: CPU user time: 0 seconds. CPU system time: 0 seconds. Elapsed time: 0.14 seconds; current allocated memory: 433.621 MB.
INFO: [HLS 200-10] ----------------------------------------------------------------
INFO: [HLS 200-42] -- Implementing module 'loadWtMap' 
INFO: [HLS 200-10] ----------------------------------------------------------------
INFO: [SCHED 204-11] Starting scheduling ...
INFO: [SCHED 204-11] Finished scheduling.
INFO: [HLS 200-111] Finished Scheduling: CPU user time: 0 seconds. CPU system time: 0 seconds. Elapsed time: 0.217 seconds; current allocated memory: 433.887 MB.
INFO: [BIND 205-100] Starting micro-architecture generation ...
INFO: [BIND 205-101] Performing variable lifetime analysis.
INFO: [BIND 205-101] Exploring resource sharing.
INFO: [BIND 205-101] Binding ...
INFO: [BIND 205-100] Finished micro-architecture generation.
INFO: [HLS 200-111] Finished Binding: CPU user time: 1 seconds. CPU system time: 0 seconds. Elapsed time: 0.077 seconds; current allocated memory: 433.953 MB.
INFO: [HLS 200-10] ----------------------------------------------------------------
INFO: [HLS 200-42] -- Implementing module 'loadIfMap_Pipeline_If_Nif_If_Niy_If_Nix' 
INFO: [HLS 200-10] ----------------------------------------------------------------
INFO: [SCHED 204-11] Starting scheduling ...
INFO: [HLS 200-486] Changing DSP latency (root=add_ln936_2) to 3 in order to utilize available DSP registers.
INFO: [SCHED 204-61] Pipelining loop 'If_Nif_If_Niy_If_Nix'.
INFO: [HLS 200-1470] Pipelining result : Target II = NA, Final II = 1, Depth = 15, loop 'If_Nif_If_Niy_If_Nix'
INFO: [SCHED 204-11] Finished scheduling.
INFO: [HLS 200-111] Finished Scheduling: CPU user time: 0 seconds. CPU system time: 0 seconds. Elapsed time: 0.534 seconds; current allocated memory: 437.711 MB.
INFO: [BIND 205-100] Starting micro-architecture generation ...
INFO: [BIND 205-101] Performing variable lifetime analysis.
INFO: [BIND 205-101] Exploring resource sharing.
INFO: [BIND 205-101] Binding ...
INFO: [BIND 205-100] Finished micro-architecture generation.
INFO: [HLS 200-111] Finished Binding: CPU user time: 0 seconds. CPU system time: 0 seconds. Elapsed time: 0.247 seconds; current allocated memory: 437.719 MB.
INFO: [HLS 200-10] ----------------------------------------------------------------
INFO: [HLS 200-42] -- Implementing module 'loadIfMap_Pipeline_NorthPad_Nif_NorthPad_wrd' 
INFO: [HLS 200-10] ----------------------------------------------------------------
INFO: [SCHED 204-11] Starting scheduling ...
INFO: [HLS 200-486] Changing DSP latency (root=empty) to 3 in order to utilize available DSP registers.
INFO: [SCHED 204-61] Pipelining loop 'NorthPad_Nif_NorthPad_wrd'.
INFO: [HLS 200-1470] Pipelining result : Target II = NA, Final II = 1, Depth = 4, loop 'NorthPad_Nif_NorthPad_wrd'
INFO: [SCHED 204-11] Finished scheduling.
INFO: [HLS 200-111] Finished Scheduling: CPU user time: 1 seconds. CPU system time: 0 seconds. Elapsed time: 0.363 seconds; current allocated memory: 437.832 MB.
INFO: [BIND 205-100] Starting micro-architecture generation ...
INFO: [BIND 205-101] Performing variable lifetime analysis.
INFO: [BIND 205-101] Exploring resource sharing.
INFO: [BIND 205-101] Binding ...
INFO: [BIND 205-100] Finished micro-architecture generation.
INFO: [HLS 200-111] Finished Binding: CPU user time: 0 seconds. CPU system time: 0 seconds. Elapsed time: 0.088 seconds; current allocated memory: 437.832 MB.
INFO: [HLS 200-10] ----------------------------------------------------------------
INFO: [HLS 200-42] -- Implementing module 'loadIfMap_Pipeline_SouthPad_Nif_SouthPad_wrd_SouthPad_Pox' 
INFO: [HLS 200-10] ----------------------------------------------------------------
INFO: [SCHED 204-11] Starting scheduling ...
INFO: [HLS 200-486] Changing DSP latency (root=empty_74) to 3 in order to utilize available DSP registers.
INFO: [SCHED 204-61] Pipelining loop 'SouthPad_Nif_SouthPad_wrd_SouthPad_Pox'.
INFO: [HLS 200-1470] Pipelining result : Target II = NA, Final II = 1, Depth = 5, loop 'SouthPad_Nif_SouthPad_wrd_SouthPad_Pox'
INFO: [SCHED 204-11] Finished scheduling.
INFO: [HLS 200-111] Finished Scheduling: CPU user time: 0 seconds. CPU system time: 0 seconds. Elapsed time: 0.361 seconds; current allocated memory: 438.840 MB.
INFO: [BIND 205-100] Starting micro-architecture generation ...
INFO: [BIND 205-101] Performing variable lifetime analysis.
INFO: [BIND 205-101] Exploring resource sharing.
INFO: [BIND 205-101] Binding ...
INFO: [BIND 205-100] Finished micro-architecture generation.
INFO: [HLS 200-111] Finished Binding: CPU user time: 0 seconds. CPU system time: 0 seconds. Elapsed time: 0.183 seconds; current allocated memory: 439.008 MB.
INFO: [HLS 200-10] ----------------------------------------------------------------
INFO: [HLS 200-42] -- Implementing module 'loadIfMap_Pipeline_WestPad_Line' 
INFO: [HLS 200-10] ----------------------------------------------------------------
INFO: [SCHED 204-11] Starting scheduling ...
INFO: [SCHED 204-61] Pipelining loop 'WestPad_Line'.
INFO: [HLS 200-1470] Pipelining result : Target II = NA, Final II = 1, Depth = 1, loop 'WestPad_Line'
INFO: [SCHED 204-11] Finished scheduling.
INFO: [HLS 200-111] Finished Scheduling: CPU user time: 0 seconds. CPU system time: 0 seconds. Elapsed time: 0.264 seconds; current allocated memory: 439.438 MB.
INFO: [BIND 205-100] Starting micro-architecture generation ...
INFO: [BIND 205-101] Performing variable lifetime analysis.
INFO: [BIND 205-101] Exploring resource sharing.
INFO: [BIND 205-101] Binding ...
INFO: [BIND 205-100] Finished micro-architecture generation.
INFO: [HLS 200-111] Finished Binding: CPU user time: 0 seconds. CPU system time: 0 seconds. Elapsed time: 0.274 seconds; current allocated memory: 439.457 MB.
INFO: [HLS 200-10] ----------------------------------------------------------------
INFO: [HLS 200-42] -- Implementing module 'loadIfMap_Pipeline_EastPad_Line' 
INFO: [HLS 200-10] ----------------------------------------------------------------
INFO: [SCHED 204-11] Starting scheduling ...
INFO: [SCHED 204-61] Pipelining loop 'EastPad_Line'.
INFO: [HLS 200-1470] Pipelining result : Target II = NA, Final II = 1, Depth = 1, loop 'EastPad_Line'
INFO: [SCHED 204-11] Finished scheduling.
INFO: [HLS 200-111] Finished Scheduling: CPU user time: 0 seconds. CPU system time: 0 seconds. Elapsed time: 0.208 seconds; current allocated memory: 440.082 MB.
INFO: [BIND 205-100] Starting micro-architecture generation ...
INFO: [BIND 205-101] Performing variable lifetime analysis.
INFO: [BIND 205-101] Exploring resource sharing.
INFO: [BIND 205-101] Binding ...
INFO: [BIND 205-100] Finished micro-architecture generation.
INFO: [HLS 200-111] Finished Binding: CPU user time: 1 seconds. CPU system time: 0 seconds. Elapsed time: 0.097 seconds; current allocated memory: 440.141 MB.
INFO: [HLS 200-10] ----------------------------------------------------------------
INFO: [HLS 200-42] -- Implementing module 'loadIfMap' 
INFO: [HLS 200-10] ----------------------------------------------------------------
INFO: [SCHED 204-11] Starting scheduling ...
INFO: [SCHED 204-11] Finished scheduling.
INFO: [HLS 200-111] Finished Scheduling: CPU user time: 0 seconds. CPU system time: 0 seconds. Elapsed time: 0.255 seconds; current allocated memory: 440.625 MB.
INFO: [BIND 205-100] Starting micro-architecture generation ...
INFO: [BIND 205-101] Performing variable lifetime analysis.
INFO: [BIND 205-101] Exploring resource sharing.
INFO: [BIND 205-101] Binding ...
INFO: [BIND 205-100] Finished micro-architecture generation.
INFO: [HLS 200-111] Finished Binding: CPU user time: 0 seconds. CPU system time: 0 seconds. Elapsed time: 0.134 seconds; current allocated memory: 441.145 MB.
INFO: [HLS 200-10] ----------------------------------------------------------------
INFO: [HLS 200-42] -- Implementing module 'mem2Buf' 
INFO: [HLS 200-10] ----------------------------------------------------------------
INFO: [SCHED 204-11] Starting scheduling ...
INFO: [SCHED 204-11] Finished scheduling.
INFO: [HLS 200-111] Finished Scheduling: CPU user time: 0 seconds. CPU system time: 0 seconds. Elapsed time: 0.207 seconds; current allocated memory: 441.352 MB.
INFO: [BIND 205-100] Starting micro-architecture generation ...
INFO: [BIND 205-101] Performing variable lifetime analysis.
INFO: [BIND 205-101] Exploring resource sharing.
INFO: [BIND 205-101] Binding ...
INFO: [BIND 205-100] Finished micro-architecture generation.
INFO: [HLS 200-111] Finished Binding: CPU user time: 0 seconds. CPU system time: 0 seconds. Elapsed time: 0.073 seconds; current allocated memory: 441.418 MB.
INFO: [HLS 200-10] ----------------------------------------------------------------
INFO: [HLS 200-42] -- Implementing module 'loadBiasTile_Pipeline_BiasLoop_Tof' 
INFO: [HLS 200-10] ----------------------------------------------------------------
INFO: [SCHED 204-11] Starting scheduling ...
INFO: [SCHED 204-61] Pipelining loop 'BiasLoop_Tof'.
INFO: [HLS 200-1470] Pipelining result : Target II = NA, Final II = 1, Depth = 2, loop 'BiasLoop_Tof'
INFO: [SCHED 204-11] Finished scheduling.
INFO: [HLS 200-111] Finished Scheduling: CPU user time: 5 seconds. CPU system time: 0 seconds. Elapsed time: 5.63 seconds; current allocated memory: 452.977 MB.
INFO: [BIND 205-100] Starting micro-architecture generation ...
INFO: [BIND 205-101] Performing variable lifetime analysis.
INFO: [BIND 205-101] Exploring resource sharing.
INFO: [BIND 205-101] Binding ...
INFO: [BIND 205-100] Finished micro-architecture generation.
INFO: [HLS 200-111] Finished Binding: CPU user time: 1 seconds. CPU system time: 0 seconds. Elapsed time: 0.16 seconds; current allocated memory: 453.398 MB.
INFO: [HLS 200-10] ----------------------------------------------------------------
INFO: [HLS 200-42] -- Implementing module 'loadBiasTile' 
INFO: [HLS 200-10] ----------------------------------------------------------------
INFO: [SCHED 204-11] Starting scheduling ...
INFO: [HLS 200-486] Changing DSP latency (root=add14) to 3 in order to utilize available DSP registers.
INFO: [SCHED 204-11] Finished scheduling.
INFO: [HLS 200-111] Finished Scheduling: CPU user time: 0 seconds. CPU system time: 0 seconds. Elapsed time: 0.208 seconds; current allocated memory: 453.512 MB.
INFO: [BIND 205-100] Starting micro-architecture generation ...
INFO: [BIND 205-101] Performing variable lifetime analysis.
INFO: [BIND 205-101] Exploring resource sharing.
INFO: [BIND 205-101] Binding ...
INFO: [BIND 205-100] Finished micro-architecture generation.
INFO: [HLS 200-111] Finished Binding: CPU user time: 0 seconds. CPU system time: 0 seconds. Elapsed time: 0.05 seconds; current allocated memory: 453.598 MB.
INFO: [HLS 200-10] ----------------------------------------------------------------
INFO: [HLS 200-42] -- Implementing module 'tileClc_Pipeline_Region1' 
INFO: [HLS 200-10] ----------------------------------------------------------------
INFO: [SCHED 204-11] Starting scheduling ...
INFO: [SCHED 204-61] Pipelining loop 'Region1'.
INFO: [HLS 200-1470] Pipelining result : Target II = NA, Final II = 1, Depth = 10, loop 'Region1'
INFO: [SCHED 204-11] Finished scheduling.
INFO: [HLS 200-111] Finished Scheduling: CPU user time: 4 seconds. CPU system time: 0 seconds. Elapsed time: 4.88 seconds; current allocated memory: 492.676 MB.
INFO: [BIND 205-100] Starting micro-architecture generation ...
INFO: [BIND 205-101] Performing variable lifetime analysis.
INFO: [BIND 205-101] Exploring resource sharing.
INFO: [BIND 205-101] Binding ...
INFO: [BIND 205-100] Finished micro-architecture generation.
INFO: [HLS 200-111] Finished Binding: CPU user time: 1 seconds. CPU system time: 0 seconds. Elapsed time: 0.998 seconds; current allocated memory: 492.676 MB.
INFO: [HLS 200-10] ----------------------------------------------------------------
INFO: [HLS 200-42] -- Implementing module 'bias_ReLu' 
INFO: [HLS 200-10] ----------------------------------------------------------------
INFO: [SCHED 204-11] Starting scheduling ...
INFO: [SCHED 204-61] Pipelining function 'bias_ReLu'.
INFO: [HLS 200-1470] Pipelining result : Target II = NA, Final II = 1, Depth = 1, function 'bias_ReLu'
INFO: [SCHED 204-11] Finished scheduling.
INFO: [HLS 200-111] Finished Scheduling: CPU user time: 1 seconds. CPU system time: 0 seconds. Elapsed time: 1.023 seconds; current allocated memory: 492.676 MB.
INFO: [BIND 205-100] Starting micro-architecture generation ...
INFO: [BIND 205-101] Performing variable lifetime analysis.
INFO: [BIND 205-101] Exploring resource sharing.
INFO: [BIND 205-101] Binding ...
INFO: [BIND 205-100] Finished micro-architecture generation.
INFO: [HLS 200-111] Finished Binding: CPU user time: 0 seconds. CPU system time: 0 seconds. Elapsed time: 0.107 seconds; current allocated memory: 492.676 MB.
INFO: [HLS 200-10] ----------------------------------------------------------------
INFO: [HLS 200-42] -- Implementing module 'tileClc_Pipeline_loop_Pe2Buf_PofBankStep_loop_Pe2Buf_Poy' 
INFO: [HLS 200-10] ----------------------------------------------------------------
INFO: [SCHED 204-11] Starting scheduling ...
INFO: [HLS 200-486] Changing DSP latency (root=empty_24) to 3 in order to utilize available DSP registers.
INFO: [SCHED 204-61] Pipelining loop 'loop_Pe2Buf_PofBankStep_loop_Pe2Buf_Poy'.
INFO: [HLS 200-1470] Pipelining result : Target II = NA, Final II = 1, Depth = 4, loop 'loop_Pe2Buf_PofBankStep_loop_Pe2Buf_Poy'
INFO: [SCHED 204-11] Finished scheduling.
INFO: [HLS 200-111] Finished Scheduling: CPU user time: 0 seconds. CPU system time: 0 seconds. Elapsed time: 0.561 seconds; current allocated memory: 492.676 MB.
INFO: [BIND 205-100] Starting micro-architecture generation ...
INFO: [BIND 205-101] Performing variable lifetime analysis.
INFO: [BIND 205-101] Exploring resource sharing.
INFO: [BIND 205-101] Binding ...
INFO: [BIND 205-100] Finished micro-architecture generation.
INFO: [HLS 200-111] Finished Binding: CPU user time: 1 seconds. CPU system time: 0 seconds. Elapsed time: 0.205 seconds; current allocated memory: 492.676 MB.
INFO: [HLS 200-10] ----------------------------------------------------------------
INFO: [HLS 200-42] -- Implementing module 'tileClc' 
INFO: [HLS 200-10] ----------------------------------------------------------------
INFO: [SCHED 204-11] Starting scheduling ...
INFO: [SCHED 204-11] Finished scheduling.
INFO: [HLS 200-111] Finished Scheduling: CPU user time: 0 seconds. CPU system time: 0 seconds. Elapsed time: 0.754 seconds; current allocated memory: 500.535 MB.
INFO: [BIND 205-100] Starting micro-architecture generation ...
INFO: [BIND 205-101] Performing variable lifetime analysis.
INFO: [BIND 205-101] Exploring resource sharing.
INFO: [BIND 205-101] Binding ...
INFO: [BIND 205-100] Finished micro-architecture generation.
INFO: [HLS 200-111] Finished Binding: CPU user time: 1 seconds. CPU system time: 0 seconds. Elapsed time: 0.444 seconds; current allocated memory: 501.270 MB.
INFO: [HLS 200-10] ----------------------------------------------------------------
INFO: [HLS 200-42] -- Implementing module 'storeMap_Pipeline_Loop_Tof_Loop_Toy_Loop_Tox' 
INFO: [HLS 200-10] ----------------------------------------------------------------
INFO: [SCHED 204-11] Starting scheduling ...
INFO: [SCHED 204-61] Pipelining loop 'Loop_Tof_Loop_Toy_Loop_Tox'.
INFO: [HLS 200-1470] Pipelining result : Target II = NA, Final II = 1, Depth = 10, loop 'Loop_Tof_Loop_Toy_Loop_Tox'
INFO: [SCHED 204-11] Finished scheduling.
INFO: [HLS 200-111] Finished Scheduling: CPU user time: 0 seconds. CPU system time: 0 seconds. Elapsed time: 0.422 seconds; current allocated memory: 502.434 MB.
INFO: [BIND 205-100] Starting micro-architecture generation ...
INFO: [BIND 205-101] Performing variable lifetime analysis.
INFO: [BIND 205-101] Exploring resource sharing.
INFO: [BIND 205-101] Binding ...
INFO: [BIND 205-100] Finished micro-architecture generation.
INFO: [HLS 200-111] Finished Binding: CPU user time: 0 seconds. CPU system time: 0 seconds. Elapsed time: 0.058 seconds; current allocated memory: 502.434 MB.
INFO: [HLS 200-10] ----------------------------------------------------------------
INFO: [HLS 200-42] -- Implementing module 'storeMap' 
INFO: [HLS 200-10] ----------------------------------------------------------------
INFO: [SCHED 204-11] Starting scheduling ...
INFO: [SCHED 204-11] Finished scheduling.
INFO: [HLS 200-111] Finished Scheduling: CPU user time: 0 seconds. CPU system time: 0 seconds. Elapsed time: 0.081 seconds; current allocated memory: 502.559 MB.
INFO: [BIND 205-100] Starting micro-architecture generation ...
INFO: [BIND 205-101] Performing variable lifetime analysis.
INFO: [BIND 205-101] Exploring resource sharing.
INFO: [BIND 205-101] Binding ...
INFO: [BIND 205-100] Finished micro-architecture generation.
INFO: [HLS 200-111] Finished Binding: CPU user time: 0 seconds. CPU system time: 0 seconds. Elapsed time: 0.03 seconds; current allocated memory: 502.559 MB.
INFO: [HLS 200-10] ----------------------------------------------------------------
INFO: [HLS 200-42] -- Implementing module 'ConvLayer' 
INFO: [HLS 200-10] ----------------------------------------------------------------
INFO: [SCHED 204-11] Starting scheduling ...
INFO: [SCHED 204-11] Finished scheduling.
INFO: [HLS 200-111] Finished Scheduling: CPU user time: 0 seconds. CPU system time: 0 seconds. Elapsed time: 0.214 seconds; current allocated memory: 509.102 MB.
INFO: [BIND 205-100] Starting micro-architecture generation ...
INFO: [BIND 205-101] Performing variable lifetime analysis.
INFO: [BIND 205-101] Exploring resource sharing.
INFO: [BIND 205-101] Binding ...
INFO: [BIND 205-100] Finished micro-architecture generation.
INFO: [HLS 200-111] Finished Binding: CPU user time: 1 seconds. CPU system time: 0 seconds. Elapsed time: 0.273 seconds; current allocated memory: 510.367 MB.
INFO: [HLS 200-10] ----------------------------------------------------------------
INFO: [HLS 200-10] -- Generating RTL for module 'loadWtMap_Pipeline_WtLoop_Tof_WtLoop_Nif_WtLoop_Nky_WtLoop_Nkx' 
INFO: [HLS 200-10] ----------------------------------------------------------------
INFO: [HLS 200-1030] Apply Unified Pipeline Control on module 'loadWtMap_Pipeline_WtLoop_Tof_WtLoop_Nif_WtLoop_Nky_WtLoop_Nkx' pipeline 'WtLoop_Tof_WtLoop_Nif_WtLoop_Nky_WtLoop_Nkx' pipeline type 'loop pipeline'
WARNING: [RTGEN 206-101] Setting dangling out port 'loadWtMap_Pipeline_WtLoop_Tof_WtLoop_Nif_WtLoop_Nky_WtLoop_Nkx/m_axi_gmem_0_ARVALID' to 0.
WARNING: [RTGEN 206-101] Setting dangling out port 'loadWtMap_Pipeline_WtLoop_Tof_WtLoop_Nif_WtLoop_Nky_WtLoop_Nkx/m_axi_gmem_0_ARADDR' to 0.
WARNING: [RTGEN 206-101] Setting dangling out port 'loadWtMap_Pipeline_WtLoop_Tof_WtLoop_Nif_WtLoop_Nky_WtLoop_Nkx/m_axi_gmem_0_ARID' to 0.
WARNING: [RTGEN 206-101] Setting dangling out port 'loadWtMap_Pipeline_WtLoop_Tof_WtLoop_Nif_WtLoop_Nky_WtLoop_Nkx/m_axi_gmem_0_ARLEN' to 0.
WARNING: [RTGEN 206-101] Setting dangling out port 'loadWtMap_Pipeline_WtLoop_Tof_WtLoop_Nif_WtLoop_Nky_WtLoop_Nkx/m_axi_gmem_0_ARSIZE' to 0.
WARNING: [RTGEN 206-101] Setting dangling out port 'loadWtMap_Pipeline_WtLoop_Tof_WtLoop_Nif_WtLoop_Nky_WtLoop_Nkx/m_axi_gmem_0_ARBURST' to 0.
WARNING: [RTGEN 206-101] Setting dangling out port 'loadWtMap_Pipeline_WtLoop_Tof_WtLoop_Nif_WtLoop_Nky_WtLoop_Nkx/m_axi_gmem_0_ARLOCK' to 0.
WARNING: [RTGEN 206-101] Setting dangling out port 'loadWtMap_Pipeline_WtLoop_Tof_WtLoop_Nif_WtLoop_Nky_WtLoop_Nkx/m_axi_gmem_0_ARCACHE' to 0.
WARNING: [RTGEN 206-101] Setting dangling out port 'loadWtMap_Pipeline_WtLoop_Tof_WtLoop_Nif_WtLoop_Nky_WtLoop_Nkx/m_axi_gmem_0_ARPROT' to 0.
WARNING: [RTGEN 206-101] Setting dangling out port 'loadWtMap_Pipeline_WtLoop_Tof_WtLoop_Nif_WtLoop_Nky_WtLoop_Nkx/m_axi_gmem_0_ARQOS' to 0.
WARNING: [RTGEN 206-101] Setting dangling out port 'loadWtMap_Pipeline_WtLoop_Tof_WtLoop_Nif_WtLoop_Nky_WtLoop_Nkx/m_axi_gmem_0_ARREGION' to 0.
WARNING: [RTGEN 206-101] Setting dangling out port 'loadWtMap_Pipeline_WtLoop_Tof_WtLoop_Nif_WtLoop_Nky_WtLoop_Nkx/m_axi_gmem_0_ARUSER' to 0.
INFO: [RTGEN 206-100] Finished creating RTL model for 'loadWtMap_Pipeline_WtLoop_Tof_WtLoop_Nif_WtLoop_Nky_WtLoop_Nkx'.
INFO: [HLS 200-111] Finished Creating RTL model: CPU user time: 0 seconds. CPU system time: 0 seconds. Elapsed time: 1.018 seconds; current allocated memory: 512.742 MB.
INFO: [HLS 200-10] ----------------------------------------------------------------
INFO: [HLS 200-10] -- Generating RTL for module 'loadWtMap' 
INFO: [HLS 200-10] ----------------------------------------------------------------
WARNING: [RTGEN 206-101] Register 'layerNo_3' is power-on initialization.
WARNING: [RTGEN 206-101] Register 'Nif_1' is power-on initialization.
WARNING: [RTGEN 206-101] Register 'Tof_1' is power-on initialization.
INFO: [RTGEN 206-100] Generating core module 'mul_14ns_9ns_21_1_1': 1 instance(s).
INFO: [RTGEN 206-100] Generating core module 'mul_16ns_32s_47_1_1': 1 instance(s).
INFO: [RTGEN 206-100] Generating core module 'mul_9ns_32s_32_1_1': 1 instance(s).
INFO: [RTGEN 206-100] Finished creating RTL model for 'loadWtMap'.
INFO: [RTMG 210-279] Implementing memory 'ConvLayer_loadWtMap_Nif_rom_ROM_AUTO_1R' using auto ROMs.
INFO: [RTMG 210-279] Implementing memory 'ConvLayer_loadWtMap_Tof_rom_ROM_AUTO_1R' using auto ROMs.
INFO: [HLS 200-111] Finished Creating RTL model: CPU user time: 0 seconds. CPU system time: 1 seconds. Elapsed time: 0.309 seconds; current allocated memory: 516.996 MB.
INFO: [HLS 200-10] ----------------------------------------------------------------
INFO: [HLS 200-10] -- Generating RTL for module 'loadIfMap_Pipeline_If_Nif_If_Niy_If_Nix' 
INFO: [HLS 200-10] ----------------------------------------------------------------
INFO: [HLS 200-1030] Apply Unified Pipeline Control on module 'loadIfMap_Pipeline_If_Nif_If_Niy_If_Nix' pipeline 'If_Nif_If_Niy_If_Nix' pipeline type 'loop pipeline'
INFO: [RTGEN 206-100] Generating core module 'mac_muladd_10ns_8ns_32s_33_4_1': 1 instance(s).
INFO: [RTGEN 206-100] Generating core module 'mul_33s_32ns_62_1_1': 1 instance(s).
INFO: [RTGEN 206-100] Finished creating RTL model for 'loadIfMap_Pipeline_If_Nif_If_Niy_If_Nix'.
INFO: [HLS 200-111] Finished Creating RTL model: CPU user time: 0 seconds. CPU system time: 0 seconds. Elapsed time: 0.299 seconds; current allocated memory: 520.562 MB.
INFO: [HLS 200-10] ----------------------------------------------------------------
INFO: [HLS 200-10] -- Generating RTL for module 'loadIfMap_Pipeline_NorthPad_Nif_NorthPad_wrd' 
INFO: [HLS 200-10] ----------------------------------------------------------------
INFO: [HLS 200-1030] Apply Unified Pipeline Control on module 'loadIfMap_Pipeline_NorthPad_Nif_NorthPad_wrd' pipeline 'NorthPad_Nif_NorthPad_wrd' pipeline type 'loop pipeline'
INFO: [RTGEN 206-100] Generating core module 'mac_muladd_10ns_8ns_6ns_14_4_1': 1 instance(s).
INFO: [RTGEN 206-100] Finished creating RTL model for 'loadIfMap_Pipeline_NorthPad_Nif_NorthPad_wrd'.
INFO: [HLS 200-111] Finished Creating RTL model: CPU user time: 0 seconds. CPU system time: 0 seconds. Elapsed time: 0.437 seconds; current allocated memory: 528.590 MB.
INFO: [HLS 200-10] ----------------------------------------------------------------
INFO: [HLS 200-10] -- Generating RTL for module 'loadIfMap_Pipeline_SouthPad_Nif_SouthPad_wrd_SouthPad_Pox' 
INFO: [HLS 200-10] ----------------------------------------------------------------
INFO: [HLS 200-1030] Apply Unified Pipeline Control on module 'loadIfMap_Pipeline_SouthPad_Nif_SouthPad_wrd_SouthPad_Pox' pipeline 'SouthPad_Nif_SouthPad_wrd_SouthPad_Pox' pipeline type 'loop pipeline'
INFO: [RTGEN 206-100] Generating core module 'mac_muladd_10ns_8ns_9s_14_4_1': 1 instance(s).
INFO: [RTGEN 206-100] Finished creating RTL model for 'loadIfMap_Pipeline_SouthPad_Nif_SouthPad_wrd_SouthPad_Pox'.
INFO: [HLS 200-111] Finished Creating RTL model: CPU user time: 1 seconds. CPU system time: 0 seconds. Elapsed time: 0.206 seconds; current allocated memory: 528.680 MB.
INFO: [HLS 200-10] ----------------------------------------------------------------
INFO: [HLS 200-10] -- Generating RTL for module 'loadIfMap_Pipeline_WestPad_Line' 
INFO: [HLS 200-10] ----------------------------------------------------------------
INFO: [RTGEN 206-100] Finished creating RTL model for 'loadIfMap_Pipeline_WestPad_Line'.
INFO: [HLS 200-111] Finished Creating RTL model: CPU user time: 0 seconds. CPU system time: 0 seconds. Elapsed time: 0.763 seconds; current allocated memory: 535.062 MB.
INFO: [HLS 200-10] ----------------------------------------------------------------
INFO: [HLS 200-10] -- Generating RTL for module 'loadIfMap_Pipeline_EastPad_Line' 
INFO: [HLS 200-10] ----------------------------------------------------------------
INFO: [RTGEN 206-100] Finished creating RTL model for 'loadIfMap_Pipeline_EastPad_Line'.
INFO: [HLS 200-111] Finished Creating RTL model: CPU user time: 0 seconds. CPU system time: 0 seconds. Elapsed time: 0.175 seconds; current allocated memory: 535.062 MB.
INFO: [HLS 200-10] ----------------------------------------------------------------
INFO: [HLS 200-10] -- Generating RTL for module 'loadIfMap' 
INFO: [HLS 200-10] ----------------------------------------------------------------
WARNING: [RTGEN 206-101] Register 'layerNo_4' is power-on initialization.
WARNING: [RTGEN 206-101] Register 'Nif_2' is power-on initialization.
WARNING: [RTGEN 206-101] Register 'Niy' is power-on initialization.
WARNING: [RTGEN 206-101] Register 'Tiy_1' is power-on initialization.
WARNING: [RTGEN 206-101] Register 'Tix' is power-on initialization.
WARNING: [RTGEN 206-101] Register 'row_1map_1' is power-on initialization.
WARNING: [RTGEN 206-101] Register 'wrd_1row_1' is power-on initialization.
WARNING: [RTGEN 206-101] Register 'TiyRem' is power-on initialization.
WARNING: [RTGEN 206-101] Register 'TixRem' is power-on initialization.
INFO: [RTGEN 206-100] Generating core module 'mul_10ns_13ns_22_1_1': 1 instance(s).
INFO: [RTGEN 206-100] Generating core module 'mul_10ns_6ns_15_1_1': 1 instance(s).
INFO: [RTGEN 206-100] Generating core module 'mul_10ns_9ns_17_1_1': 1 instance(s).
INFO: [RTGEN 206-100] Generating core module 'mul_32ns_32ns_37_1_1': 1 instance(s).
INFO: [RTGEN 206-100] Generating core module 'mul_3ns_10ns_12_1_1': 1 instance(s).
INFO: [RTGEN 206-100] Generating core module 'mul_3ns_6ns_9_1_1': 1 instance(s).
INFO: [RTGEN 206-100] Generating core module 'mul_5ns_8ns_13_1_1': 1 instance(s).
INFO: [RTGEN 206-100] Generating core module 'urem_5ns_4ns_3_9_seq_1': 1 instance(s).
INFO: [RTGEN 206-100] Generating core module 'urem_8ns_4ns_3_12_seq_1': 1 instance(s).
INFO: [RTGEN 206-100] Finished creating RTL model for 'loadIfMap'.
INFO: [RTMG 210-279] Implementing memory 'ConvLayer_loadIfMap_niy_rom_ROM_AUTO_1R' using auto ROMs.
INFO: [RTMG 210-279] Implementing memory 'ConvLayer_loadIfMap_tiy_rom_ROM_AUTO_1R' using auto ROMs.
INFO: [RTMG 210-279] Implementing memory 'ConvLayer_loadIfMap_tix_rom_ROM_AUTO_1R' using auto ROMs.
INFO: [RTMG 210-279] Implementing memory 'ConvLayer_loadIfMap_row_1map_rom_ROM_AUTO_1R' using auto ROMs.
INFO: [RTMG 210-279] Implementing memory 'ConvLayer_loadIfMap_wrd_1row_rom_ROM_AUTO_1R' using auto ROMs.
INFO: [HLS 200-111] Finished Creating RTL model: CPU user time: 0 seconds. CPU system time: 0 seconds. Elapsed time: 0.42 seconds; current allocated memory: 543.539 MB.
INFO: [HLS 200-10] ----------------------------------------------------------------
INFO: [HLS 200-10] -- Generating RTL for module 'mem2Buf' 
INFO: [HLS 200-10] ----------------------------------------------------------------
WARNING: [RTGEN 206-101] Register 'tileCount_1' is power-on initialization.
WARNING: [RTGEN 206-101] Register 'layerNo_2' is power-on initialization.
WARNING: [RTGEN 206-101] Register 'NofFirst_1' is power-on initialization.
WARNING: [RTGEN 206-101] Register 'Noy_step' is power-on initialization.
WARNING: [RTGEN 206-101] Register 'Tiy' is power-on initialization.
INFO: [RTGEN 206-100] Generating core module 'mul_32s_6s_32_1_1': 1 instance(s).
INFO: [RTGEN 206-100] Finished creating RTL model for 'mem2Buf'.
INFO: [RTMG 210-279] Implementing memory 'ConvLayer_mem2Buf_noy_step_rom_ROM_AUTO_1R' using auto ROMs.
INFO: [HLS 200-111] Finished Creating RTL model: CPU user time: 0 seconds. CPU system time: 0 seconds. Elapsed time: 0.418 seconds; current allocated memory: 549.520 MB.
INFO: [HLS 200-10] ----------------------------------------------------------------
INFO: [HLS 200-10] -- Generating RTL for module 'loadBiasTile_Pipeline_BiasLoop_Tof' 
INFO: [HLS 200-10] ----------------------------------------------------------------
INFO: [HLS 200-1030] Apply Unified Pipeline Control on module 'loadBiasTile_Pipeline_BiasLoop_Tof' pipeline 'BiasLoop_Tof' pipeline type 'loop pipeline'
INFO: [RTGEN 206-100] Finished creating RTL model for 'loadBiasTile_Pipeline_BiasLoop_Tof'.
INFO: [RTMG 210-279] Implementing memory 'ConvLayer_loadBiasTile_Pipeline_BiasLoop_Tof_bias_ROM_AUTO_1R' using auto ROMs.
INFO: [HLS 200-111] Finished Creating RTL model: CPU user time: 1 seconds. CPU system time: 0 seconds. Elapsed time: 0.391 seconds; current allocated memory: 558.414 MB.
INFO: [HLS 200-10] ----------------------------------------------------------------
INFO: [HLS 200-10] -- Generating RTL for module 'loadBiasTile' 
INFO: [HLS 200-10] ----------------------------------------------------------------
WARNING: [RTGEN 206-101] Register 'Nof_step' is power-on initialization.
WARNING: [RTGEN 206-101] Register 'addressBase' is power-on initialization.
WARNING: [RTGEN 206-101] Register 'layerNo_5' is power-on initialization.
WARNING: [RTGEN 206-101] Register 'Tof_step_1' is power-on initialization.
WARNING: [RTGEN 206-101] Register 'Tof_2' is power-on initialization.
WARNING: [RTGEN 206-101] Register 'Nof_step_i' is power-on initialization.
INFO: [RTGEN 206-100] Generating core module 'mac_muladd_13s_9ns_13ns_13_4_1': 1 instance(s).
INFO: [RTGEN 206-100] Generating core module 'mul_3ns_6ns_8_1_1': 1 instance(s).
INFO: [RTGEN 206-100] Finished creating RTL model for 'loadBiasTile'.
INFO: [RTMG 210-279] Implementing memory 'ConvLayer_loadBiasTile_Nof_step_rom_ROM_AUTO_1R' using auto ROMs.
INFO: [HLS 200-111] Finished Creating RTL model: CPU user time: 0 seconds. CPU system time: 1 seconds. Elapsed time: 0.878 seconds; current allocated memory: 573.250 MB.
INFO: [HLS 200-10] ----------------------------------------------------------------
INFO: [HLS 200-10] -- Generating RTL for module 'tileClc_Pipeline_Region1' 
INFO: [HLS 200-10] ----------------------------------------------------------------
WARNING: [RTGEN 206-101] Register 'p_ZZ8InBuf2PeiiiiiiPA12800_A7_6ap_intILi32EEPS1_PA7_N3hls6streamIS0_Li4EEEE12Inte_48' is power-on initialization.
WARNING: [RTGEN 206-101] Register 'p_ZZ8InBuf2PeiiiiiiPA12800_A7_6ap_intILi32EEPS1_PA7_N3hls6streamIS0_Li4EEEE12Inte_47' is power-on initialization.
WARNING: [RTGEN 206-101] Register 'p_ZZ8InBuf2PeiiiiiiPA12800_A7_6ap_intILi32EEPS1_PA7_N3hls6streamIS0_Li4EEEE12Inte_46' is power-on initialization.
WARNING: [RTGEN 206-101] Register 'p_ZZ8InBuf2PeiiiiiiPA12800_A7_6ap_intILi32EEPS1_PA7_N3hls6streamIS0_Li4EEEE12Inte_45' is power-on initialization.
WARNING: [RTGEN 206-101] Register 'p_ZZ8InBuf2PeiiiiiiPA12800_A7_6ap_intILi32EEPS1_PA7_N3hls6streamIS0_Li4EEEE12Inte_44' is power-on initialization.
WARNING: [RTGEN 206-101] Register 'p_ZZ8InBuf2PeiiiiiiPA12800_A7_6ap_intILi32EEPS1_PA7_N3hls6streamIS0_Li4EEEE12Inte_43' is power-on initialization.
WARNING: [RTGEN 206-101] Register 'p_ZZ8InBuf2PeiiiiiiPA12800_A7_6ap_intILi32EEPS1_PA7_N3hls6streamIS0_Li4EEEE12Inte_42' is power-on initialization.
WARNING: [RTGEN 206-101] Register 'p_ZZ8InBuf2PeiiiiiiPA12800_A7_6ap_intILi32EEPS1_PA7_N3hls6streamIS0_Li4EEEE12Inte_41' is power-on initialization.
WARNING: [RTGEN 206-101] Register 'p_ZZ8InBuf2PeiiiiiiPA12800_A7_6ap_intILi32EEPS1_PA7_N3hls6streamIS0_Li4EEEE12Inte_40' is power-on initialization.
WARNING: [RTGEN 206-101] Register 'p_ZZ8InBuf2PeiiiiiiPA12800_A7_6ap_intILi32EEPS1_PA7_N3hls6streamIS0_Li4EEEE12Inte_39' is power-on initialization.
WARNING: [RTGEN 206-101] Register 'p_ZZ8InBuf2PeiiiiiiPA12800_A7_6ap_intILi32EEPS1_PA7_N3hls6streamIS0_Li4EEEE12Inte_38' is power-on initialization.
WARNING: [RTGEN 206-101] Register 'p_ZZ8InBuf2PeiiiiiiPA12800_A7_6ap_intILi32EEPS1_PA7_N3hls6streamIS0_Li4EEEE12Inte_37' is power-on initialization.
WARNING: [RTGEN 206-101] Register 'p_ZZ8InBuf2PeiiiiiiPA12800_A7_6ap_intILi32EEPS1_PA7_N3hls6streamIS0_Li4EEEE12Inte_36' is power-on initialization.
WARNING: [RTGEN 206-101] Register 'p_ZZ8InBuf2PeiiiiiiPA12800_A7_6ap_intILi32EEPS1_PA7_N3hls6streamIS0_Li4EEEE12Inte_35' is power-on initialization.
WARNING: [RTGEN 206-101] Register 'p_ZZ8InBuf2PeiiiiiiPA12800_A7_6ap_intILi32EEPS1_PA7_N3hls6streamIS0_Li4EEEE12Inte_34' is power-on initialization.
WARNING: [RTGEN 206-101] Register 'p_ZZ8InBuf2PeiiiiiiPA12800_A7_6ap_intILi32EEPS1_PA7_N3hls6streamIS0_Li4EEEE12Inte_33' is power-on initialization.
WARNING: [RTGEN 206-101] Register 'p_ZZ8InBuf2PeiiiiiiPA12800_A7_6ap_intILi32EEPS1_PA7_N3hls6streamIS0_Li4EEEE12Inte_32' is power-on initialization.
WARNING: [RTGEN 206-101] Register 'p_ZZ8InBuf2PeiiiiiiPA12800_A7_6ap_intILi32EEPS1_PA7_N3hls6streamIS0_Li4EEEE12Inte_31' is power-on initialization.
WARNING: [RTGEN 206-101] Register 'p_ZZ8InBuf2PeiiiiiiPA12800_A7_6ap_intILi32EEPS1_PA7_N3hls6streamIS0_Li4EEEE12Inte_30' is power-on initialization.
WARNING: [RTGEN 206-101] Register 'p_ZZ8InBuf2PeiiiiiiPA12800_A7_6ap_intILi32EEPS1_PA7_N3hls6streamIS0_Li4EEEE12Inte_29' is power-on initialization.
WARNING: [RTGEN 206-101] Register 'p_ZZ8InBuf2PeiiiiiiPA12800_A7_6ap_intILi32EEPS1_PA7_N3hls6streamIS0_Li4EEEE12Inte_28' is power-on initialization.
WARNING: [RTGEN 206-101] Register 'p_ZZ8InBuf2PeiiiiiiPA12800_A7_6ap_intILi32EEPS1_PA7_N3hls6streamIS0_Li4EEEE12Inte_27' is power-on initialization.
WARNING: [RTGEN 206-101] Register 'p_ZZ8InBuf2PeiiiiiiPA12800_A7_6ap_intILi32EEPS1_PA7_N3hls6streamIS0_Li4EEEE12Inte_26' is power-on initialization.
WARNING: [RTGEN 206-101] Register 'p_ZZ8InBuf2PeiiiiiiPA12800_A7_6ap_intILi32EEPS1_PA7_N3hls6streamIS0_Li4EEEE12Inte_25' is power-on initialization.
WARNING: [RTGEN 206-101] Register 'p_ZZ8InBuf2PeiiiiiiPA12800_A7_6ap_intILi32EEPS1_PA7_N3hls6streamIS0_Li4EEEE12Inte_24' is power-on initialization.
WARNING: [RTGEN 206-101] Register 'p_ZZ8InBuf2PeiiiiiiPA12800_A7_6ap_intILi32EEPS1_PA7_N3hls6streamIS0_Li4EEEE12Inte_23' is power-on initialization.
WARNING: [RTGEN 206-101] Register 'p_ZZ8InBuf2PeiiiiiiPA12800_A7_6ap_intILi32EEPS1_PA7_N3hls6streamIS0_Li4EEEE12Inte_22' is power-on initialization.
WARNING: [RTGEN 206-101] Register 'p_ZZ8InBuf2PeiiiiiiPA12800_A7_6ap_intILi32EEPS1_PA7_N3hls6streamIS0_Li4EEEE12Inte_21' is power-on initialization.
WARNING: [RTGEN 206-101] Register 'p_ZZ8InBuf2PeiiiiiiPA12800_A7_6ap_intILi32EEPS1_PA7_N3hls6streamIS0_Li4EEEE12Inte_20' is power-on initialization.
WARNING: [RTGEN 206-101] Register 'p_ZZ8InBuf2PeiiiiiiPA12800_A7_6ap_intILi32EEPS1_PA7_N3hls6streamIS0_Li4EEEE12Inte_19' is power-on initialization.
WARNING: [RTGEN 206-101] Register 'p_ZZ8InBuf2PeiiiiiiPA12800_A7_6ap_intILi32EEPS1_PA7_N3hls6streamIS0_Li4EEEE12Inte_18' is power-on initialization.
WARNING: [RTGEN 206-101] Register 'p_ZZ8InBuf2PeiiiiiiPA12800_A7_6ap_intILi32EEPS1_PA7_N3hls6streamIS0_Li4EEEE12Inte_17' is power-on initialization.
WARNING: [RTGEN 206-101] Register 'p_ZZ8InBuf2PeiiiiiiPA12800_A7_6ap_intILi32EEPS1_PA7_N3hls6streamIS0_Li4EEEE12Inte_16' is power-on initialization.
WARNING: [RTGEN 206-101] Register 'p_ZZ8InBuf2PeiiiiiiPA12800_A7_6ap_intILi32EEPS1_PA7_N3hls6streamIS0_Li4EEEE12Inte_15' is power-on initialization.
WARNING: [RTGEN 206-101] Register 'p_ZZ8InBuf2PeiiiiiiPA12800_A7_6ap_intILi32EEPS1_PA7_N3hls6streamIS0_Li4EEEE12Inte_14' is power-on initialization.
WARNING: [RTGEN 206-101] Register 'p_ZZ8InBuf2PeiiiiiiPA12800_A7_6ap_intILi32EEPS1_PA7_N3hls6streamIS0_Li4EEEE12Inte_13' is power-on initialization.
WARNING: [RTGEN 206-101] Register 'p_ZZ8InBuf2PeiiiiiiPA12800_A7_6ap_intILi32EEPS1_PA7_N3hls6streamIS0_Li4EEEE12Inte_12' is power-on initialization.
WARNING: [RTGEN 206-101] Register 'p_ZZ8InBuf2PeiiiiiiPA12800_A7_6ap_intILi32EEPS1_PA7_N3hls6streamIS0_Li4EEEE12Inte_11' is power-on initialization.
WARNING: [RTGEN 206-101] Register 'p_ZZ8InBuf2PeiiiiiiPA12800_A7_6ap_intILi32EEPS1_PA7_N3hls6streamIS0_Li4EEEE12Inte_10' is power-on initialization.
WARNING: [RTGEN 206-101] Register 'p_ZZ8InBuf2PeiiiiiiPA12800_A7_6ap_intILi32EEPS1_PA7_N3hls6streamIS0_Li4EEEE12Inte_9' is power-on initialization.
WARNING: [RTGEN 206-101] Register 'p_ZZ8InBuf2PeiiiiiiPA12800_A7_6ap_intILi32EEPS1_PA7_N3hls6streamIS0_Li4EEEE12Inte_8' is power-on initialization.
WARNING: [RTGEN 206-101] Register 'p_ZZ8InBuf2PeiiiiiiPA12800_A7_6ap_intILi32EEPS1_PA7_N3hls6streamIS0_Li4EEEE12Inte_6' is power-on initialization.
WARNING: [RTGEN 206-101] Register 'p_ZZ8InBuf2PeiiiiiiPA12800_A7_6ap_intILi32EEPS1_PA7_N3hls6streamIS0_Li4EEEE12Inte_5' is power-on initialization.
WARNING: [RTGEN 206-101] Register 'p_ZZ8InBuf2PeiiiiiiPA12800_A7_6ap_intILi32EEPS1_PA7_N3hls6streamIS0_Li4EEEE12Inte_4' is power-on initialization.
WARNING: [RTGEN 206-101] Register 'p_ZZ8InBuf2PeiiiiiiPA12800_A7_6ap_intILi32EEPS1_PA7_N3hls6streamIS0_Li4EEEE12Inte_3' is power-on initialization.
WARNING: [RTGEN 206-101] Register 'p_ZZ8InBuf2PeiiiiiiPA12800_A7_6ap_intILi32EEPS1_PA7_N3hls6streamIS0_Li4EEEE12Inte_2' is power-on initialization.
WARNING: [RTGEN 206-101] Register 'p_ZZ8InBuf2PeiiiiiiPA12800_A7_6ap_intILi32EEPS1_PA7_N3hls6streamIS0_Li4EEEE12Inte_1' is power-on initialization.
WARNING: [RTGEN 206-101] Register 'guard_variable_for_InBuf2Pe_wrapper_int_int_int_int_int_int_ap_int_12800_7' is power-on initialization.
WARNING: [RTGEN 206-101] Register 'Nky_i' is power-on initialization.
WARNING: [RTGEN 206-101] Register 'Nif_i' is power-on initialization.
WARNING: [RTGEN 206-101] Register 'Nkx_i' is power-on initialization.
INFO: [HLS 200-1030] Apply Unified Pipeline Control on module 'tileClc_Pipeline_Region1' pipeline 'Region1' pipeline type 'loop pipeline'
INFO: [RTGEN 206-104] Estimated max fanout for 'tileClc_Pipeline_Region1' is 12608 from HDL expression: ((ap_loop_init == 1'b1) & (1'b1 == ap_CS_fsm_pp0_stage0))
INFO: [RTGEN 206-100] Generating core module 'mul_32s_32s_32_1_1': 392 instance(s).
INFO: [RTGEN 206-100] Generating core module 'sparsemux_15_3_32_1_1': 28 instance(s).
INFO: [RTGEN 206-100] Generating core module 'sparsemux_9_3_32_1_1': 1 instance(s).
INFO: [RTGEN 206-100] Finished creating RTL model for 'tileClc_Pipeline_Region1'.
INFO: [HLS 200-111] Finished Creating RTL model: CPU user time: 2 seconds. CPU system time: 0 seconds. Elapsed time: 2.656 seconds; current allocated memory: 610.012 MB.
INFO: [HLS 200-10] ----------------------------------------------------------------
INFO: [HLS 200-10] -- Generating RTL for module 'bias_ReLu' 
INFO: [HLS 200-10] ----------------------------------------------------------------
WARNING: [RTGEN 206-101] Register 'POFBANK_STEP_i' is power-on initialization.
WARNING: [RTGEN 206-101] Register 'Poy_i' is power-on initialization.
INFO: [RTGEN 206-100] Generating core module 'sparsemux_257_8_2_1_1': 2 instance(s).
INFO: [RTGEN 206-100] Finished creating RTL model for 'bias_ReLu'.
INFO: [HLS 200-111] Finished Creating RTL model: CPU user time: 2 seconds. CPU system time: 1 seconds. Elapsed time: 3.906 seconds; current allocated memory: 690.523 MB.
INFO: [HLS 200-10] ----------------------------------------------------------------
INFO: [HLS 200-10] -- Generating RTL for module 'tileClc_Pipeline_loop_Pe2Buf_PofBankStep_loop_Pe2Buf_Poy' 
INFO: [HLS 200-10] ----------------------------------------------------------------
INFO: [HLS 200-1030] Apply Unified Pipeline Control on module 'tileClc_Pipeline_loop_Pe2Buf_PofBankStep_loop_Pe2Buf_Poy' pipeline 'loop_Pe2Buf_PofBankStep_loop_Pe2Buf_Poy' pipeline type 'loop pipeline'
INFO: [RTGEN 206-100] Generating core module 'mac_muladd_6ns_3ns_15ns_15_4_1': 1 instance(s).
INFO: [RTGEN 206-100] Generating core module 'sparsemux_15_3_32_1_1': 56 instance(s).
INFO: [RTGEN 206-100] Generating core module 'sparsemux_9_2_32_1_1': 14 instance(s).
INFO: [RTGEN 206-100] Finished creating RTL model for 'tileClc_Pipeline_loop_Pe2Buf_PofBankStep_loop_Pe2Buf_Poy'.
INFO: [HLS 200-111] Finished Creating RTL model: CPU user time: 1 seconds. CPU system time: 0 seconds. Elapsed time: 1.055 seconds; current allocated memory: 690.523 MB.
INFO: [HLS 200-10] ----------------------------------------------------------------
INFO: [HLS 200-10] -- Generating RTL for module 'tileClc' 
INFO: [HLS 200-10] ----------------------------------------------------------------
WARNING: [RTGEN 206-101] Register 'layerNo' is power-on initialization.
WARNING: [RTGEN 206-101] Register 'tileclc_loop_limit' is power-on initialization.
WARNING: [RTGEN 206-101] Register 'wndclc_loop_limit' is power-on initialization.
WARNING: [RTGEN 206-101] Register 'wtbuf2pe_loop_limit' is power-on initialization.
WARNING: [RTGEN 206-101] Register 'Nif' is power-on initialization.
WARNING: [RTGEN 206-101] Register 'Toy' is power-on initialization.
WARNING: [RTGEN 206-101] Register 'Toy_step' is power-on initialization.
WARNING: [RTGEN 206-101] Register 'Tox_step' is power-on initialization.
WARNING: [RTGEN 206-101] Register 'Tof_step' is power-on initialization.
WARNING: [RTGEN 206-101] Register 'wrd_1row' is power-on initialization.
WARNING: [RTGEN 206-101] Register 'row_1map' is power-on initialization.
WARNING: [RTGEN 206-101] Register 'pe2buf_addr_offset1' is power-on initialization.
WARNING: [RTGEN 206-101] Register 'pe2buf_addr_offset2' is power-on initialization.
WARNING: [RTGEN 206-101] Register 'pe2buf_addr_offset3' is power-on initialization.
WARNING: [RTGEN 206-101] Register 'bit_shift' is power-on initialization.
WARNING: [RTGEN 206-101] Register 'Toy_step_i' is power-on initialization.
WARNING: [RTGEN 206-101] Register 'Tox_step_i' is power-on initialization.
WARNING: [RTGEN 206-101] Register 'Tof_step_i' is power-on initialization.
WARNING: [RTGEN 206-101] Register 'row_wtlocal' is power-on initialization.
WARNING: [RTGEN 206-101] Register 'p_ZZ8InBuf2PeiiiiiiPA12800_A7_6ap_intILi32EEPS1_PA7_N3hls6streamIS0_Li4EEEE12Inte_7' is power-on initialization.
WARNING: [RTGEN 206-101] Register 'p_ZZ8InBuf2PeiiiiiiPA12800_A7_6ap_intILi32EEPS1_PA7_N3hls6streamIS0_Li4EEEE12Inte' is power-on initialization.
WARNING: [RTGEN 206-101] Register 'Toy_step_i_1' is power-on initialization.
WARNING: [RTGEN 206-101] Register 'Tox_step_i_1' is power-on initialization.
WARNING: [RTGEN 206-101] Register 'Tof_step_i_1' is power-on initialization.
WARNING: [RTGEN 206-101] Register 'rowStep' is power-on initialization.
INFO: [RTGEN 206-100] Generating core module 'mul_32s_6ns_32_1_1': 1 instance(s).
INFO: [RTGEN 206-100] Generating core module 'mul_3ns_6ns_8_1_1': 1 instance(s).
INFO: [RTGEN 206-100] Generating core module 'mul_6ns_5ns_10_1_1': 1 instance(s).
INFO: [RTGEN 206-100] Generating core module 'sparsemux_9_3_32_1_1': 1 instance(s).
INFO: [RTGEN 206-100] Finished creating RTL model for 'tileClc'.
INFO: [RTMG 210-279] Implementing memory 'ConvLayer_tileClc_tileclc_loop_limit_rom_ROM_AUTO_1R' using auto ROMs.
INFO: [RTMG 210-279] Implementing memory 'ConvLayer_tileClc_wndclc_loop_limit_rom_ROM_AUTO_1R' using auto ROMs.
INFO: [RTMG 210-279] Implementing memory 'ConvLayer_tileClc_wtbuf2pe_loop_limit_rom_ROM_AUTO_1R' using auto ROMs.
INFO: [RTMG 210-279] Implementing memory 'ConvLayer_tileClc_toy_step_rom_ROM_AUTO_1R' using auto ROMs.
INFO: [RTMG 210-279] Implementing memory 'ConvLayer_tileClc_pe2buf_addr_offset1_rom_ROM_AUTO_1R' using auto ROMs.
INFO: [RTMG 210-279] Implementing memory 'ConvLayer_tileClc_pe2buf_addr_offset2_rom_ROM_AUTO_1R' using auto ROMs.
INFO: [RTMG 210-279] Implementing memory 'ConvLayer_tileClc_pe2buf_addr_offset3_rom_ROM_AUTO_1R' using auto ROMs.
INFO: [RTMG 210-279] Implementing memory 'ConvLayer_tileClc_bit_shift_rom_ROM_AUTO_1R' using auto ROMs.
INFO: [RTMG 210-285] Implementing FIFO 'p_ZZ16InBuf2Pe_wrapperiiiiiiPA12800_A7_6ap_intILi32EEPS1_E8FIFO_arr_0_0_U(ConvLayer_fifo_w32_d4_S)' using Shift Registers.
INFO: [RTMG 210-285] Implementing FIFO 'p_ZZ16InBuf2Pe_wrapperiiiiiiPA12800_A7_6ap_intILi32EEPS1_E8FIFO_arr_0_1_U(ConvLayer_fifo_w32_d4_S)' using Shift Registers.
INFO: [RTMG 210-285] Implementing FIFO 'p_ZZ16InBuf2Pe_wrapperiiiiiiPA12800_A7_6ap_intILi32EEPS1_E8FIFO_arr_0_2_U(ConvLayer_fifo_w32_d4_S)' using Shift Registers.
INFO: [RTMG 210-285] Implementing FIFO 'p_ZZ16InBuf2Pe_wrapperiiiiiiPA12800_A7_6ap_intILi32EEPS1_E8FIFO_arr_0_3_U(ConvLayer_fifo_w32_d4_S)' using Shift Registers.
INFO: [RTMG 210-285] Implementing FIFO 'p_ZZ16InBuf2Pe_wrapperiiiiiiPA12800_A7_6ap_intILi32EEPS1_E8FIFO_arr_0_4_U(ConvLayer_fifo_w32_d4_S)' using Shift Registers.
INFO: [RTMG 210-285] Implementing FIFO 'p_ZZ16InBuf2Pe_wrapperiiiiiiPA12800_A7_6ap_intILi32EEPS1_E8FIFO_arr_0_5_U(ConvLayer_fifo_w32_d4_S)' using Shift Registers.
INFO: [RTMG 210-285] Implementing FIFO 'p_ZZ16InBuf2Pe_wrapperiiiiiiPA12800_A7_6ap_intILi32EEPS1_E8FIFO_arr_0_6_U(ConvLayer_fifo_w32_d4_S)' using Shift Registers.
INFO: [RTMG 210-285] Implementing FIFO 'p_ZZ16InBuf2Pe_wrapperiiiiiiPA12800_A7_6ap_intILi32EEPS1_E8FIFO_arr_1_0_U(ConvLayer_fifo_w32_d4_S)' using Shift Registers.
INFO: [RTMG 210-285] Implementing FIFO 'p_ZZ16InBuf2Pe_wrapperiiiiiiPA12800_A7_6ap_intILi32EEPS1_E8FIFO_arr_1_1_U(ConvLayer_fifo_w32_d4_S)' using Shift Registers.
INFO: [RTMG 210-285] Implementing FIFO 'p_ZZ16InBuf2Pe_wrapperiiiiiiPA12800_A7_6ap_intILi32EEPS1_E8FIFO_arr_1_2_U(ConvLayer_fifo_w32_d4_S)' using Shift Registers.
INFO: [RTMG 210-285] Implementing FIFO 'p_ZZ16InBuf2Pe_wrapperiiiiiiPA12800_A7_6ap_intILi32EEPS1_E8FIFO_arr_1_3_U(ConvLayer_fifo_w32_d4_S)' using Shift Registers.
INFO: [RTMG 210-285] Implementing FIFO 'p_ZZ16InBuf2Pe_wrapperiiiiiiPA12800_A7_6ap_intILi32EEPS1_E8FIFO_arr_1_4_U(ConvLayer_fifo_w32_d4_S)' using Shift Registers.
INFO: [RTMG 210-285] Implementing FIFO 'p_ZZ16InBuf2Pe_wrapperiiiiiiPA12800_A7_6ap_intILi32EEPS1_E8FIFO_arr_1_5_U(ConvLayer_fifo_w32_d4_S)' using Shift Registers.
INFO: [RTMG 210-285] Implementing FIFO 'p_ZZ16InBuf2Pe_wrapperiiiiiiPA12800_A7_6ap_intILi32EEPS1_E8FIFO_arr_1_6_U(ConvLayer_fifo_w32_d4_S)' using Shift Registers.
INFO: [RTMG 210-285] Implementing FIFO 'p_ZZ16InBuf2Pe_wrapperiiiiiiPA12800_A7_6ap_intILi32EEPS1_E8FIFO_arr_2_0_U(ConvLayer_fifo_w32_d4_S)' using Shift Registers.
INFO: [RTMG 210-285] Implementing FIFO 'p_ZZ16InBuf2Pe_wrapperiiiiiiPA12800_A7_6ap_intILi32EEPS1_E8FIFO_arr_2_1_U(ConvLayer_fifo_w32_d4_S)' using Shift Registers.
INFO: [RTMG 210-285] Implementing FIFO 'p_ZZ16InBuf2Pe_wrapperiiiiiiPA12800_A7_6ap_intILi32EEPS1_E8FIFO_arr_2_2_U(ConvLayer_fifo_w32_d4_S)' using Shift Registers.
INFO: [RTMG 210-285] Implementing FIFO 'p_ZZ16InBuf2Pe_wrapperiiiiiiPA12800_A7_6ap_intILi32EEPS1_E8FIFO_arr_2_3_U(ConvLayer_fifo_w32_d4_S)' using Shift Registers.
INFO: [RTMG 210-285] Implementing FIFO 'p_ZZ16InBuf2Pe_wrapperiiiiiiPA12800_A7_6ap_intILi32EEPS1_E8FIFO_arr_2_4_U(ConvLayer_fifo_w32_d4_S)' using Shift Registers.
INFO: [RTMG 210-285] Implementing FIFO 'p_ZZ16InBuf2Pe_wrapperiiiiiiPA12800_A7_6ap_intILi32EEPS1_E8FIFO_arr_2_5_U(ConvLayer_fifo_w32_d4_S)' using Shift Registers.
INFO: [RTMG 210-285] Implementing FIFO 'p_ZZ16InBuf2Pe_wrapperiiiiiiPA12800_A7_6ap_intILi32EEPS1_E8FIFO_arr_2_6_U(ConvLayer_fifo_w32_d4_S)' using Shift Registers.
INFO: [RTMG 210-285] Implementing FIFO 'p_ZZ16InBuf2Pe_wrapperiiiiiiPA12800_A7_6ap_intILi32EEPS1_E8FIFO_arr_3_0_U(ConvLayer_fifo_w32_d4_S)' using Shift Registers.
INFO: [RTMG 210-285] Implementing FIFO 'p_ZZ16InBuf2Pe_wrapperiiiiiiPA12800_A7_6ap_intILi32EEPS1_E8FIFO_arr_3_1_U(ConvLayer_fifo_w32_d4_S)' using Shift Registers.
INFO: [RTMG 210-285] Implementing FIFO 'p_ZZ16InBuf2Pe_wrapperiiiiiiPA12800_A7_6ap_intILi32EEPS1_E8FIFO_arr_3_2_U(ConvLayer_fifo_w32_d4_S)' using Shift Registers.
INFO: [RTMG 210-285] Implementing FIFO 'p_ZZ16InBuf2Pe_wrapperiiiiiiPA12800_A7_6ap_intILi32EEPS1_E8FIFO_arr_3_3_U(ConvLayer_fifo_w32_d4_S)' using Shift Registers.
INFO: [RTMG 210-285] Implementing FIFO 'p_ZZ16InBuf2Pe_wrapperiiiiiiPA12800_A7_6ap_intILi32EEPS1_E8FIFO_arr_3_4_U(ConvLayer_fifo_w32_d4_S)' using Shift Registers.
INFO: [RTMG 210-285] Implementing FIFO 'p_ZZ16InBuf2Pe_wrapperiiiiiiPA12800_A7_6ap_intILi32EEPS1_E8FIFO_arr_3_5_U(ConvLayer_fifo_w32_d4_S)' using Shift Registers.
INFO: [RTMG 210-285] Implementing FIFO 'p_ZZ16InBuf2Pe_wrapperiiiiiiPA12800_A7_6ap_intILi32EEPS1_E8FIFO_arr_3_6_U(ConvLayer_fifo_w32_d4_S)' using Shift Registers.
INFO: [RTMG 210-285] Implementing FIFO 'p_ZZ16InBuf2Pe_wrapperiiiiiiPA12800_A7_6ap_intILi32EEPS1_E8FIFO_arr_4_0_U(ConvLayer_fifo_w32_d4_S)' using Shift Registers.
INFO: [RTMG 210-285] Implementing FIFO 'p_ZZ16InBuf2Pe_wrapperiiiiiiPA12800_A7_6ap_intILi32EEPS1_E8FIFO_arr_4_1_U(ConvLayer_fifo_w32_d4_S)' using Shift Registers.
INFO: [RTMG 210-285] Implementing FIFO 'p_ZZ16InBuf2Pe_wrapperiiiiiiPA12800_A7_6ap_intILi32EEPS1_E8FIFO_arr_4_2_U(ConvLayer_fifo_w32_d4_S)' using Shift Registers.
INFO: [RTMG 210-285] Implementing FIFO 'p_ZZ16InBuf2Pe_wrapperiiiiiiPA12800_A7_6ap_intILi32EEPS1_E8FIFO_arr_4_3_U(ConvLayer_fifo_w32_d4_S)' using Shift Registers.
INFO: [RTMG 210-285] Implementing FIFO 'p_ZZ16InBuf2Pe_wrapperiiiiiiPA12800_A7_6ap_intILi32EEPS1_E8FIFO_arr_4_4_U(ConvLayer_fifo_w32_d4_S)' using Shift Registers.
INFO: [RTMG 210-285] Implementing FIFO 'p_ZZ16InBuf2Pe_wrapperiiiiiiPA12800_A7_6ap_intILi32EEPS1_E8FIFO_arr_4_5_U(ConvLayer_fifo_w32_d4_S)' using Shift Registers.
INFO: [RTMG 210-285] Implementing FIFO 'p_ZZ16InBuf2Pe_wrapperiiiiiiPA12800_A7_6ap_intILi32EEPS1_E8FIFO_arr_4_6_U(ConvLayer_fifo_w32_d4_S)' using Shift Registers.
INFO: [RTMG 210-285] Implementing FIFO 'p_ZZ16InBuf2Pe_wrapperiiiiiiPA12800_A7_6ap_intILi32EEPS1_E8FIFO_arr_5_0_U(ConvLayer_fifo_w32_d4_S)' using Shift Registers.
INFO: [RTMG 210-285] Implementing FIFO 'p_ZZ16InBuf2Pe_wrapperiiiiiiPA12800_A7_6ap_intILi32EEPS1_E8FIFO_arr_5_1_U(ConvLayer_fifo_w32_d4_S)' using Shift Registers.
INFO: [RTMG 210-285] Implementing FIFO 'p_ZZ16InBuf2Pe_wrapperiiiiiiPA12800_A7_6ap_intILi32EEPS1_E8FIFO_arr_5_2_U(ConvLayer_fifo_w32_d4_S)' using Shift Registers.
INFO: [RTMG 210-285] Implementing FIFO 'p_ZZ16InBuf2Pe_wrapperiiiiiiPA12800_A7_6ap_intILi32EEPS1_E8FIFO_arr_5_3_U(ConvLayer_fifo_w32_d4_S)' using Shift Registers.
INFO: [RTMG 210-285] Implementing FIFO 'p_ZZ16InBuf2Pe_wrapperiiiiiiPA12800_A7_6ap_intILi32EEPS1_E8FIFO_arr_5_4_U(ConvLayer_fifo_w32_d4_S)' using Shift Registers.
INFO: [RTMG 210-285] Implementing FIFO 'p_ZZ16InBuf2Pe_wrapperiiiiiiPA12800_A7_6ap_intILi32EEPS1_E8FIFO_arr_5_5_U(ConvLayer_fifo_w32_d4_S)' using Shift Registers.
INFO: [RTMG 210-285] Implementing FIFO 'p_ZZ16InBuf2Pe_wrapperiiiiiiPA12800_A7_6ap_intILi32EEPS1_E8FIFO_arr_5_6_U(ConvLayer_fifo_w32_d4_S)' using Shift Registers.
INFO: [HLS 200-111] Finished Creating RTL model: CPU user time: 1 seconds. CPU system time: 1 seconds. Elapsed time: 3.269 seconds; current allocated memory: 718.059 MB.
INFO: [HLS 200-10] ----------------------------------------------------------------
INFO: [HLS 200-10] -- Generating RTL for module 'storeMap_Pipeline_Loop_Tof_Loop_Toy_Loop_Tox' 
INFO: [HLS 200-10] ----------------------------------------------------------------
INFO: [HLS 200-1030] Apply Unified Pipeline Control on module 'storeMap_Pipeline_Loop_Tof_Loop_Toy_Loop_Tox' pipeline 'Loop_Tof_Loop_Toy_Loop_Tox' pipeline type 'loop pipeline'
INFO: [RTGEN 206-100] Generating core module 'mul_33s_8ns_41_1_1': 1 instance(s).
INFO: [RTGEN 206-100] Generating core module 'mul_41s_8ns_49_1_1': 1 instance(s).
INFO: [RTGEN 206-100] Generating core module 'sparsemux_15_3_32_1_1': 2 instance(s).
INFO: [RTGEN 206-100] Finished creating RTL model for 'storeMap_Pipeline_Loop_Tof_Loop_Toy_Loop_Tox'.
INFO: [HLS 200-111] Finished Creating RTL model: CPU user time: 1 seconds. CPU system time: 0 seconds. Elapsed time: 2.002 seconds; current allocated memory: 742.777 MB.
INFO: [HLS 200-10] ----------------------------------------------------------------
INFO: [HLS 200-10] -- Generating RTL for module 'storeMap' 
INFO: [HLS 200-10] ----------------------------------------------------------------
WARNING: [RTGEN 206-101] Register 'layerNo_1' is power-on initialization.
WARNING: [RTGEN 206-101] Register 'Noy' is power-on initialization.
WARNING: [RTGEN 206-101] Register 'Tof' is power-on initialization.
WARNING: [RTGEN 206-101] Register 'Toy_1' is power-on initialization.
WARNING: [RTGEN 206-101] Register 'Tox' is power-on initialization.
WARNING: [RTGEN 206-101] Register 'wrd_1rowOut' is power-on initialization.
WARNING: [RTGEN 206-101] Register 'tileCount' is power-on initialization.
WARNING: [RTGEN 206-101] Register 'NofFirst_r' is power-on initialization.
INFO: [RTGEN 206-100] Generating core module 'mul_5ns_32s_32_1_1': 1 instance(s).
INFO: [RTGEN 206-100] Generating core module 'mul_6ns_5ns_10_1_1': 1 instance(s).
INFO: [RTGEN 206-100] Generating core module 'mul_8ns_5ns_13_1_1': 1 instance(s).
INFO: [RTGEN 206-100] Generating core module 'mul_9ns_13ns_21_1_1': 1 instance(s).
INFO: [RTGEN 206-100] Generating core module 'mul_9ns_32s_32_1_1': 1 instance(s).
INFO: [RTGEN 206-100] Finished creating RTL model for 'storeMap'.
INFO: [HLS 200-111] Finished Creating RTL model: CPU user time: 0 seconds. CPU system time: 0 seconds. Elapsed time: 0.453 seconds; current allocated memory: 748.094 MB.
INFO: [HLS 200-10] ----------------------------------------------------------------
INFO: [HLS 200-10] -- Generating RTL for module 'ConvLayer' 
INFO: [HLS 200-10] ----------------------------------------------------------------
WARNING: [RTGEN 206-101] Design contains AXI ports. Reset is fixed to synchronous and active low.
INFO: [RTGEN 206-500] Setting interface mode on port 'ConvLayer/gmem' to 'm_axi'.
INFO: [RTGEN 206-500] Setting interface mode on port 'ConvLayer/IfMap' to 's_axilite & ap_none'.
INFO: [RTGEN 206-500] Setting interface mode on port 'ConvLayer/WtMap' to 's_axilite & ap_none'.
INFO: [RTGEN 206-500] Setting interface mode on port 'ConvLayer/OfMap' to 's_axilite & ap_none'.
INFO: [RTGEN 206-500] Setting interface mode on function 'ConvLayer' to 'ap_ctrl_hs'.
WARNING: [RTGEN 206-101] Register 'layerNo_6' is power-on initialization.
INFO: [RTGEN 206-100] Bundling port 'IfMap', 'WtMap' and 'OfMap' to AXI-Lite port control.
INFO: [RTGEN 206-100] Finished creating RTL model for 'ConvLayer'.
INFO: [RTMG 210-279] Implementing memory 'ConvLayer_nofFirst_ROM_AUTO_1R' using auto ROMs.
INFO: [RTMG 210-278] Implementing memory 'ConvLayer_p_ZZ9ConvLayerP6ap_intILi32EES1_S1_E5InBuf_0_0_RAM_AUTO_1R1W' using auto RAMs.
INFO: [RTMG 210-278] Implementing memory 'ConvLayer_ConvLayer_ap_int_32_ap_int_32_ap_int_32_WtBuf_RAM_AUTO_1R1W' using auto RAMs.
INFO: [RTMG 210-279] Implementing memory 'ConvLayer_tof_step_rom_ROM_AUTO_1R' using auto ROMs.
INFO: [RTMG 210-279] Implementing memory 'ConvLayer_Toy_rom_ROM_AUTO_1R' using auto ROMs.
INFO: [RTMG 210-279] Implementing memory 'ConvLayer_tox_step_rom_ROM_AUTO_1R' using auto ROMs.
INFO: [RTMG 210-278] Implementing memory 'ConvLayer_p_ZZ9ConvLayerP6ap_intILi32EES1_S1_E6OutBuf_0_0_RAM_AUTO_1R1W' using auto RAMs.
INFO: [RTMG 210-279] Implementing memory 'ConvLayer_nofy_step_rom_ROM_AUTO_1R' using auto ROMs.
INFO: [HLS 200-111] Finished Creating RTL model: CPU user time: 1 seconds. CPU system time: 0 seconds. Elapsed time: 0.87 seconds; current allocated memory: 756.809 MB.
INFO: [HLS 200-111] Finished Generating all RTL models: CPU user time: 1 seconds. CPU system time: 1 seconds. Elapsed time: 5.206 seconds; current allocated memory: 784.730 MB.
INFO: [HLS 200-1603] Design has inferred MAXI bursts and missed bursts, see Vitis HLS GUI synthesis summary report for detailed information.
INFO: [HLS 200-111] Finished Updating report files: CPU user time: 1 seconds. CPU system time: 0 seconds. Elapsed time: 3.866 seconds; current allocated memory: 815.207 MB.
INFO: [VHDL 208-304] Generating VHDL RTL for ConvLayer.
INFO: [VLOG 209-307] Generating Verilog RTL for ConvLayer.
INFO: [HLS 200-790] **** Loop Constraint Status: All loop constraints were satisfied.
INFO: [HLS 200-789] **** Estimated Fmax: 136.99 MHz
INFO: [HLS 200-112] Total CPU user time: 70 seconds. Total CPU system time: 9 seconds. Total elapsed time: 171.622 seconds; peak allocated memory: 815.207 MB.
INFO: [v++ 60-791] Total elapsed time: 0h 2m 58s
